/home/clock/Mestrado/2Sem/TF/Lab2/lin-kv.py:8: DeprecationWarning: the imp module is deprecated in favour of importlib; see the module's documentation for alternative uses
  import imp
DEBUG:root:received {"id":1,"src":"c1","dest":"n0","body":{"type":"init","node_id":"n0","node_ids":["n0","n1"],"msg_id":1}}
INFO:root:node n0 initialized
DEBUG:root:sending {"dest": "c1", "src": "n0", "body": {"msg_id": 1, "in_reply_to": 1, "type": "init_ok"}}
DEBUG:root:received {"id":4,"src":"c4","dest":"n0","body":{"key":0,"type":"read","msg_id":1}}
INFO:root:node c4 reading from 0
DEBUG:root:sending {"dest": "n1", "src": "n0", "body": {"msg_id": 2, "type": "read", "key": 0}}
DEBUG:root:sending {"dest": "n0", "src": "n0", "body": {"msg_id": 3, "type": "read", "key": 0}}
DEBUG:root:received {"id":6,"src":"n0","dest":"n0","body":{"msg_id":3,"type":"read","key":0}}
INFO:root:server n0 reading from 0
DEBUG:root:sending {"dest": "n0", "src": "n0", "body": {"msg_id": 4, "in_reply_to": 3, "type": "error", "code": 20, "text": "not found"}}
DEBUG:root:received {"id":7,"src":"n1","dest":"n0","body":{"msg_id":2,"in_reply_to":2,"type":"error","code":20,"text":"not found"}}
DEBUG:root:received {"id":8,"src":"n0","dest":"n0","body":{"msg_id":4,"in_reply_to":3,"type":"error","code":20,"text":"not found"}}
WARNING:root:unknown message type error
WARNING:root:unknown message type error
DEBUG:root:sending {"dest": "c4", "src": "n0", "body": {"msg_id": 5, "in_reply_to": 1, "type": "error", "code": 20, "text": "not found"}}
INFO:root:server n0 reading from 0
DEBUG:root:sending {"dest": "n0", "src": "n0", "body": {"msg_id": 6, "in_reply_to": 3, "type": "error", "code": 20, "text": "not found"}}
DEBUG:root:received {"id":10,"src":"n0","dest":"n0","body":{"msg_id":6,"in_reply_to":3,"type":"error","code":20,"text":"not found"}}
WARNING:root:unknown message type error
DEBUG:root:received {"id":11,"src":"c4","dest":"n0","body":{"key":0,"type":"read","msg_id":2}}
INFO:root:node c4 reading from 0
DEBUG:root:sending {"dest": "n0", "src": "n0", "body": {"msg_id": 7, "type": "read", "key": 0}}
DEBUG:root:sending {"dest": "n1", "src": "n0", "body": {"msg_id": 8, "type": "read", "key": 0}}
DEBUG:root:received {"id":12,"src":"n0","dest":"n0","body":{"msg_id":7,"type":"read","key":0}}
INFO:root:server n0 reading from 0
DEBUG:root:sending {"dest": "n0", "src": "n0", "body": {"msg_id": 9, "in_reply_to": 7, "type": "error", "code": 20, "text": "not found"}}
DEBUG:root:received {"id":14,"src":"n0","dest":"n0","body":{"msg_id":9,"in_reply_to":7,"type":"error","code":20,"text":"not found"}}
WARNING:root:unknown message type error
DEBUG:root:received {"id":15,"src":"n1","dest":"n0","body":{"msg_id":3,"in_reply_to":8,"type":"error","code":20,"text":"not found"}}
WARNING:root:unknown message type error
DEBUG:root:sending {"dest": "c4", "src": "n0", "body": {"msg_id": 10, "in_reply_to": 2, "type": "error", "code": 20, "text": "not found"}}
INFO:root:server n0 reading from 0
DEBUG:root:sending {"dest": "n0", "src": "n0", "body": {"msg_id": 11, "in_reply_to": 7, "type": "error", "code": 20, "text": "not found"}}
DEBUG:root:received {"id":17,"src":"n0","dest":"n0","body":{"msg_id":11,"in_reply_to":7,"type":"error","code":20,"text":"not found"}}
WARNING:root:unknown message type error
DEBUG:root:received {"id":18,"src":"c4","dest":"n0","body":{"key":0,"type":"read","msg_id":3}}
INFO:root:node c4 reading from 0
DEBUG:root:sending {"dest": "n0", "src": "n0", "body": {"msg_id": 12, "type": "read", "key": 0}}
DEBUG:root:sending {"dest": "n1", "src": "n0", "body": {"msg_id": 13, "type": "read", "key": 0}}
DEBUG:root:received {"id":19,"src":"n0","dest":"n0","body":{"msg_id":12,"type":"read","key":0}}
INFO:root:server n0 reading from 0
DEBUG:root:sending {"dest": "n0", "src": "n0", "body": {"msg_id": 14, "in_reply_to": 12, "type": "error", "code": 20, "text": "not found"}}
DEBUG:root:received {"id":21,"src":"n0","dest":"n0","body":{"msg_id":14,"in_reply_to":12,"type":"error","code":20,"text":"not found"}}
WARNING:root:unknown message type error
DEBUG:root:received {"id":22,"src":"n1","dest":"n0","body":{"msg_id":4,"in_reply_to":13,"type":"error","code":20,"text":"not found"}}
WARNING:root:unknown message type error
DEBUG:root:sending {"dest": "c4", "src": "n0", "body": {"msg_id": 15, "in_reply_to": 3, "type": "error", "code": 20, "text": "not found"}}
INFO:root:server n0 reading from 0
DEBUG:root:sending {"dest": "n0", "src": "n0", "body": {"msg_id": 16, "in_reply_to": 12, "type": "error", "code": 20, "text": "not found"}}
DEBUG:root:received {"id":24,"src":"n0","dest":"n0","body":{"msg_id":16,"in_reply_to":12,"type":"error","code":20,"text":"not found"}}
WARNING:root:unknown message type error
DEBUG:root:received {"id":25,"src":"c4","dest":"n0","body":{"key":0,"type":"read","msg_id":4}}
INFO:root:node c4 reading from 0
DEBUG:root:sending {"dest": "n1", "src": "n0", "body": {"msg_id": 17, "type": "read", "key": 0}}
DEBUG:root:sending {"dest": "n0", "src": "n0", "body": {"msg_id": 18, "type": "read", "key": 0}}
DEBUG:root:received {"id":27,"src":"n0","dest":"n0","body":{"msg_id":18,"type":"read","key":0}}
INFO:root:server n0 reading from 0
DEBUG:root:sending {"dest": "n0", "src": "n0", "body": {"msg_id": 19, "in_reply_to": 18, "type": "error", "code": 20, "text": "not found"}}
DEBUG:root:received {"id":28,"src":"n1","dest":"n0","body":{"msg_id":5,"in_reply_to":17,"type":"error","code":20,"text":"not found"}}
WARNING:root:unknown message type error
DEBUG:root:received {"id":29,"src":"n0","dest":"n0","body":{"msg_id":19,"in_reply_to":18,"type":"error","code":20,"text":"not found"}}
WARNING:root:unknown message type error
DEBUG:root:sending {"dest": "c4", "src": "n0", "body": {"msg_id": 20, "in_reply_to": 4, "type": "error", "code": 20, "text": "not found"}}
INFO:root:server n0 reading from 0
DEBUG:root:sending {"dest": "n0", "src": "n0", "body": {"msg_id": 21, "in_reply_to": 18, "type": "error", "code": 20, "text": "not found"}}
DEBUG:root:received {"id":31,"src":"n0","dest":"n0","body":{"msg_id":21,"in_reply_to":18,"type":"error","code":20,"text":"not found"}}
WARNING:root:unknown message type error
DEBUG:root:received {"id":34,"src":"c6","dest":"n0","body":{"key":0,"from":4,"to":2,"type":"cas","msg_id":1}}
INFO:root:node c6 comparing and set
DEBUG:root:sending {"dest": "c6", "src": "n0", "body": {"msg_id": 22, "in_reply_to": 1, "type": "error", "code": 20, "text": "not found"}}
DEBUG:root:received {"id":36,"src":"c4","dest":"n0","body":{"key":0,"type":"read","msg_id":5}}
INFO:root:node c4 reading from 0
DEBUG:root:sending {"dest": "n0", "src": "n0", "body": {"msg_id": 23, "type": "read", "key": 0}}
DEBUG:root:sending {"dest": "n1", "src": "n0", "body": {"msg_id": 24, "type": "read", "key": 0}}
DEBUG:root:received {"id":37,"src":"n0","dest":"n0","body":{"msg_id":23,"type":"read","key":0}}
INFO:root:server n0 reading from 0
DEBUG:root:sending {"dest": "n0", "src": "n0", "body": {"msg_id": 25, "in_reply_to": 23, "type": "error", "code": 20, "text": "not found"}}
DEBUG:root:received {"id":39,"src":"n0","dest":"n0","body":{"msg_id":25,"in_reply_to":23,"type":"error","code":20,"text":"not found"}}
WARNING:root:unknown message type error
DEBUG:root:received {"id":40,"src":"n1","dest":"n0","body":{"msg_id":7,"in_reply_to":24,"type":"error","code":20,"text":"not found"}}
WARNING:root:unknown message type error
DEBUG:root:sending {"dest": "c4", "src": "n0", "body": {"msg_id": 26, "in_reply_to": 5, "type": "error", "code": 20, "text": "not found"}}
INFO:root:server n0 reading from 0
DEBUG:root:sending {"dest": "n0", "src": "n0", "body": {"msg_id": 27, "in_reply_to": 23, "type": "error", "code": 20, "text": "not found"}}
DEBUG:root:received {"id":42,"src":"n0","dest":"n0","body":{"msg_id":27,"in_reply_to":23,"type":"error","code":20,"text":"not found"}}
WARNING:root:unknown message type error
DEBUG:root:received {"id":43,"src":"c6","dest":"n0","body":{"key":0,"from":0,"to":1,"type":"cas","msg_id":2}}
INFO:root:node c6 comparing and set
DEBUG:root:sending {"dest": "c6", "src": "n0", "body": {"msg_id": 28, "in_reply_to": 2, "type": "error", "code": 20, "text": "not found"}}
DEBUG:root:received {"id":45,"src":"c4","dest":"n0","body":{"key":0,"type":"read","msg_id":6}}
INFO:root:node c4 reading from 0
DEBUG:root:sending {"dest": "n0", "src": "n0", "body": {"msg_id": 29, "type": "read", "key": 0}}
DEBUG:root:sending {"dest": "n1", "src": "n0", "body": {"msg_id": 30, "type": "read", "key": 0}}
DEBUG:root:received {"id":46,"src":"n0","dest":"n0","body":{"msg_id":29,"type":"read","key":0}}
INFO:root:server n0 reading from 0
DEBUG:root:sending {"dest": "n0", "src": "n0", "body": {"msg_id": 31, "in_reply_to": 29, "type": "error", "code": 20, "text": "not found"}}
DEBUG:root:received {"id":48,"src":"n0","dest":"n0","body":{"msg_id":31,"in_reply_to":29,"type":"error","code":20,"text":"not found"}}
DEBUG:root:received {"id":49,"src":"n1","dest":"n0","body":{"msg_id":8,"in_reply_to":30,"type":"error","code":20,"text":"not found"}}
WARNING:root:unknown message type error
WARNING:root:unknown message type error
DEBUG:root:sending {"dest": "c4", "src": "n0", "body": {"msg_id": 32, "in_reply_to": 6, "type": "error", "code": 20, "text": "not found"}}
INFO:root:server n0 reading from 0
DEBUG:root:sending {"dest": "n0", "src": "n0", "body": {"msg_id": 33, "in_reply_to": 29, "type": "error", "code": 20, "text": "not found"}}
DEBUG:root:received {"id":51,"src":"n0","dest":"n0","body":{"msg_id":33,"in_reply_to":29,"type":"error","code":20,"text":"not found"}}
WARNING:root:unknown message type error
DEBUG:root:received {"id":52,"src":"c6","dest":"n0","body":{"key":0,"value":1,"type":"write","msg_id":3}}
INFO:root:node c6 writing to 0
DEBUG:root:sending {"dest": "n0", "src": "n0", "body": {"msg_id": 34, "type": "read_lock", "key": 0, "value": 1}}
DEBUG:root:sending {"dest": "n1", "src": "n0", "body": {"msg_id": 35, "type": "read_lock", "key": 0, "value": 1}}
DEBUG:root:received {"id":53,"src":"n0","dest":"n0","body":{"msg_id":34,"type":"read_lock","key":0,"value":1}}
DEBUG:root:sending {"dest": "n0", "src": "n0", "body": {"msg_id": 36, "in_reply_to": 34, "type": "noKey", "text": "not found"}}
DEBUG:root:received {"id":55,"src":"n0","dest":"n0","body":{"msg_id":36,"in_reply_to":34,"type":"noKey","text":"not found"}}
DEBUG:root:received {"id":56,"src":"n1","dest":"n0","body":{"msg_id":9,"in_reply_to":35,"type":"noKey","text":"not found"}}
INFO:root:QUEUELOCK - [(None, -1, 'n0'), (None, -1, 'n1')]
DEBUG:root:sending {"dest": "n0", "src": "n0", "body": {"msg_id": 37, "type": "write_server", "key": 0, "value": 1, "timestamp": 0}}
DEBUG:root:sending {"dest": "n1", "src": "n0", "body": {"msg_id": 38, "type": "write_server", "key": 0, "value": 1, "timestamp": 0}}
DEBUG:root:received {"id":57,"src":"n0","dest":"n0","body":{"msg_id":37,"type":"write_server","key":0,"value":1,"timestamp":0}}
DEBUG:root:sending {"dest": "n0", "src": "n0", "body": {"msg_id": 39, "in_reply_to": 37, "type": "write_server_ok"}}
DEBUG:root:received {"id":59,"src":"n0","dest":"n0","body":{"msg_id":39,"in_reply_to":37,"type":"write_server_ok"}}
DEBUG:root:received {"id":60,"src":"n1","dest":"n0","body":{"msg_id":10,"in_reply_to":38,"type":"write_server_ok"}}
DEBUG:root:sending {"dest": "c6", "src": "n0", "body": {"msg_id": 40, "in_reply_to": 3, "type": "write_ok"}}
DEBUG:root:received {"id":63,"src":"n1","dest":"n0","body":{"msg_id":11,"type":"read_lock","key":0,"value":2}}
DEBUG:root:sending {"dest": "n1", "src": "n0", "body": {"msg_id": 41, "in_reply_to": 11, "type": "lock_ok", "value": {"value": 1, "timestamp": 0}}}
DEBUG:root:received {"id":67,"src":"n1","dest":"n0","body":{"msg_id":14,"type":"write_server","key":0,"value":2,"timestamp":1}}
DEBUG:root:sending {"dest": "n1", "src": "n0", "body": {"msg_id": 42, "in_reply_to": 14, "type": "write_server_ok"}}
DEBUG:root:received {"id":75,"src":"n1","dest":"n0","body":{"msg_id":19,"type":"read","key":0}}
INFO:root:server n1 reading from 0
DEBUG:root:sending {"dest": "n1", "src": "n0", "body": {"msg_id": 43, "in_reply_to": 19, "type": "read_ok", "value": {"value": 2, "timestamp": 1}}}
DEBUG:root:received {"id":85,"src":"c6","dest":"n0","body":{"key":0,"from":0,"to":4,"type":"cas","msg_id":4}}
INFO:root:node c6 comparing and set
DEBUG:root:sending {"dest": "c6", "src": "n0", "body": {"msg_id": 44, "in_reply_to": 4, "type": "error", "code": 22, "text": "does not match"}}
DEBUG:root:received {"id":90,"src":"n1","dest":"n0","body":{"msg_id":27,"type":"read","key":0}}
INFO:root:server n1 reading from 0
DEBUG:root:sending {"dest": "n1", "src": "n0", "body": {"msg_id": 45, "in_reply_to": 27, "type": "read_ok", "value": {"value": 2, "timestamp": 1}}}
DEBUG:root:received {"id":98,"src":"c4","dest":"n0","body":{"key":0,"type":"read","msg_id":7}}
INFO:root:node c4 reading from 0
DEBUG:root:sending {"dest": "n0", "src": "n0", "body": {"msg_id": 46, "type": "read", "key": 0}}
DEBUG:root:sending {"dest": "n1", "src": "n0", "body": {"msg_id": 47, "type": "read", "key": 0}}
DEBUG:root:received {"id":99,"src":"n0","dest":"n0","body":{"msg_id":46,"type":"read","key":0}}
INFO:root:server n0 reading from 0
DEBUG:root:sending {"dest": "n0", "src": "n0", "body": {"msg_id": 48, "in_reply_to": 46, "type": "read_ok", "value": {"value": 2, "timestamp": 1}}}
DEBUG:root:received {"id":101,"src":"n0","dest":"n0","body":{"msg_id":48,"in_reply_to":46,"type":"read_ok","value":{"value":2,"timestamp":1}}}
WARNING:root:unknown message type read_ok
DEBUG:root:received {"id":102,"src":"n1","dest":"n0","body":{"msg_id":33,"in_reply_to":47,"type":"read_ok","value":{"value":0,"timestamp":3}}}
WARNING:root:unknown message type read_ok
DEBUG:root:sending {"dest": "c4", "src": "n0", "body": {"msg_id": 49, "in_reply_to": 7, "type": "read_ok", "value": 0}}
INFO:root:server n0 reading from 0
DEBUG:root:sending {"dest": "n0", "src": "n0", "body": {"msg_id": 50, "in_reply_to": 46, "type": "read_ok", "value": {"value": 2, "timestamp": 1}}}
DEBUG:root:received {"id":104,"src":"n0","dest":"n0","body":{"msg_id":50,"in_reply_to":46,"type":"read_ok","value":{"value":2,"timestamp":1}}}
WARNING:root:unknown message type read_ok
DEBUG:root:received {"id":107,"src":"c4","dest":"n0","body":{"key":0,"type":"read","msg_id":8}}
INFO:root:node c4 reading from 0
DEBUG:root:sending {"dest": "n0", "src": "n0", "body": {"msg_id": 51, "type": "read", "key": 0}}
DEBUG:root:sending {"dest": "n1", "src": "n0", "body": {"msg_id": 52, "type": "read", "key": 0}}
DEBUG:root:received {"id":108,"src":"n0","dest":"n0","body":{"msg_id":51,"type":"read","key":0}}
INFO:root:server n0 reading from 0
DEBUG:root:sending {"dest": "n0", "src": "n0", "body": {"msg_id": 53, "in_reply_to": 51, "type": "read_ok", "value": {"value": 2, "timestamp": 1}}}
DEBUG:root:received {"id":110,"src":"n0","dest":"n0","body":{"msg_id":53,"in_reply_to":51,"type":"read_ok","value":{"value":2,"timestamp":1}}}
WARNING:root:unknown message type read_ok
DEBUG:root:received {"id":111,"src":"n1","dest":"n0","body":{"msg_id":35,"in_reply_to":52,"type":"read_ok","value":{"value":0,"timestamp":3}}}
WARNING:root:unknown message type read_ok
DEBUG:root:sending {"dest": "c4", "src": "n0", "body": {"msg_id": 54, "in_reply_to": 8, "type": "read_ok", "value": 0}}
INFO:root:server n0 reading from 0
DEBUG:root:sending {"dest": "n0", "src": "n0", "body": {"msg_id": 55, "in_reply_to": 51, "type": "read_ok", "value": {"value": 2, "timestamp": 1}}}
DEBUG:root:received {"id":113,"src":"n0","dest":"n0","body":{"msg_id":55,"in_reply_to":51,"type":"read_ok","value":{"value":2,"timestamp":1}}}
WARNING:root:unknown message type read_ok
DEBUG:root:received {"id":117,"src":"n1","dest":"n0","body":{"msg_id":37,"type":"read","key":0}}
INFO:root:server n1 reading from 0
DEBUG:root:sending {"dest": "n1", "src": "n0", "body": {"msg_id": 56, "in_reply_to": 37, "type": "read_ok", "value": {"value": 2, "timestamp": 1}}}
DEBUG:root:received {"id":123,"src":"c4","dest":"n0","body":{"key":0,"type":"read","msg_id":9}}
INFO:root:node c4 reading from 0
DEBUG:root:sending {"dest": "n1", "src": "n0", "body": {"msg_id": 57, "type": "read", "key": 0}}
DEBUG:root:sending {"dest": "n0", "src": "n0", "body": {"msg_id": 58, "type": "read", "key": 0}}
DEBUG:root:received {"id":125,"src":"n0","dest":"n0","body":{"msg_id":58,"type":"read","key":0}}
INFO:root:server n0 reading from 0
DEBUG:root:sending {"dest": "n0", "src": "n0", "body": {"msg_id": 59, "in_reply_to": 58, "type": "read_ok", "value": {"value": 2, "timestamp": 1}}}
DEBUG:root:received {"id":126,"src":"n1","dest":"n0","body":{"msg_id":42,"in_reply_to":57,"type":"read_ok","value":{"value":0,"timestamp":3}}}
DEBUG:root:received {"id":127,"src":"n0","dest":"n0","body":{"msg_id":59,"in_reply_to":58,"type":"read_ok","value":{"value":2,"timestamp":1}}}
WARNING:root:unknown message type read_ok
WARNING:root:unknown message type read_ok
DEBUG:root:sending {"dest": "c4", "src": "n0", "body": {"msg_id": 60, "in_reply_to": 9, "type": "read_ok", "value": 0}}
INFO:root:server n0 reading from 0
DEBUG:root:sending {"dest": "n0", "src": "n0", "body": {"msg_id": 61, "in_reply_to": 58, "type": "read_ok", "value": {"value": 2, "timestamp": 1}}}
DEBUG:root:received {"id":129,"src":"n0","dest":"n0","body":{"msg_id":61,"in_reply_to":58,"type":"read_ok","value":{"value":2,"timestamp":1}}}
WARNING:root:unknown message type read_ok
DEBUG:root:received {"id":132,"src":"n1","dest":"n0","body":{"msg_id":44,"type":"read","key":0}}
INFO:root:server n1 reading from 0
DEBUG:root:sending {"dest": "n1", "src": "n0", "body": {"msg_id": 62, "in_reply_to": 44, "type": "read_ok", "value": {"value": 2, "timestamp": 1}}}
DEBUG:root:received {"id":137,"src":"c4","dest":"n0","body":{"key":0,"type":"read","msg_id":10}}
INFO:root:node c4 reading from 0
DEBUG:root:sending {"dest": "n0", "src": "n0", "body": {"msg_id": 63, "type": "read", "key": 0}}
DEBUG:root:sending {"dest": "n1", "src": "n0", "body": {"msg_id": 64, "type": "read", "key": 0}}
DEBUG:root:received {"id":138,"src":"n0","dest":"n0","body":{"msg_id":63,"type":"read","key":0}}
INFO:root:server n0 reading from 0
DEBUG:root:sending {"dest": "n0", "src": "n0", "body": {"msg_id": 65, "in_reply_to": 63, "type": "read_ok", "value": {"value": 2, "timestamp": 1}}}
DEBUG:root:received {"id":140,"src":"n0","dest":"n0","body":{"msg_id":65,"in_reply_to":63,"type":"read_ok","value":{"value":2,"timestamp":1}}}
WARNING:root:unknown message type read_ok
DEBUG:root:received {"id":141,"src":"n1","dest":"n0","body":{"msg_id":48,"in_reply_to":64,"type":"read_ok","value":{"value":0,"timestamp":3}}}
WARNING:root:unknown message type read_ok
DEBUG:root:sending {"dest": "c4", "src": "n0", "body": {"msg_id": 66, "in_reply_to": 10, "type": "read_ok", "value": 0}}
INFO:root:server n0 reading from 0
DEBUG:root:sending {"dest": "n0", "src": "n0", "body": {"msg_id": 67, "in_reply_to": 63, "type": "read_ok", "value": {"value": 2, "timestamp": 1}}}
DEBUG:root:received {"id":143,"src":"n0","dest":"n0","body":{"msg_id":67,"in_reply_to":63,"type":"read_ok","value":{"value":2,"timestamp":1}}}
WARNING:root:unknown message type read_ok
DEBUG:root:received {"id":144,"src":"c4","dest":"n0","body":{"key":0,"type":"read","msg_id":11}}
INFO:root:node c4 reading from 0
DEBUG:root:sending {"dest": "n1", "src": "n0", "body": {"msg_id": 68, "type": "read", "key": 0}}
DEBUG:root:sending {"dest": "n0", "src": "n0", "body": {"msg_id": 69, "type": "read", "key": 0}}
DEBUG:root:received {"id":146,"src":"n0","dest":"n0","body":{"msg_id":69,"type":"read","key":0}}
INFO:root:server n0 reading from 0
DEBUG:root:sending {"dest": "n0", "src": "n0", "body": {"msg_id": 70, "in_reply_to": 69, "type": "read_ok", "value": {"value": 2, "timestamp": 1}}}
DEBUG:root:received {"id":147,"src":"n1","dest":"n0","body":{"msg_id":49,"in_reply_to":68,"type":"read_ok","value":{"value":0,"timestamp":3}}}
DEBUG:root:received {"id":148,"src":"n0","dest":"n0","body":{"msg_id":70,"in_reply_to":69,"type":"read_ok","value":{"value":2,"timestamp":1}}}
WARNING:root:unknown message type read_ok
WARNING:root:unknown message type read_ok
DEBUG:root:sending {"dest": "c4", "src": "n0", "body": {"msg_id": 71, "in_reply_to": 11, "type": "read_ok", "value": 0}}
INFO:root:server n0 reading from 0
DEBUG:root:sending {"dest": "n0", "src": "n0", "body": {"msg_id": 72, "in_reply_to": 69, "type": "read_ok", "value": {"value": 2, "timestamp": 1}}}
DEBUG:root:received {"id":150,"src":"n0","dest":"n0","body":{"msg_id":72,"in_reply_to":69,"type":"read_ok","value":{"value":2,"timestamp":1}}}
WARNING:root:unknown message type read_ok
DEBUG:root:received {"id":151,"src":"c6","dest":"n0","body":{"key":0,"from":4,"to":2,"type":"cas","msg_id":5}}
INFO:root:node c6 comparing and set
DEBUG:root:sending {"dest": "c6", "src": "n0", "body": {"msg_id": 73, "in_reply_to": 5, "type": "error", "code": 22, "text": "does not match"}}
DEBUG:root:received {"id":155,"src":"n1","dest":"n0","body":{"msg_id":51,"type":"read","key":0}}
INFO:root:server n1 reading from 0
DEBUG:root:sending {"dest": "n1", "src": "n0", "body": {"msg_id": 74, "in_reply_to": 51, "type": "read_ok", "value": {"value": 2, "timestamp": 1}}}
DEBUG:root:received {"id":160,"src":"c6","dest":"n0","body":{"key":0,"from":2,"to":4,"type":"cas","msg_id":6}}
INFO:root:node c6 comparing and set
DEBUG:root:sending {"dest": "c6", "src": "n0", "body": {"msg_id": 75, "in_reply_to": 6, "type": "cas_ok"}}
DEBUG:root:received {"id":164,"src":"n1","dest":"n0","body":{"msg_id":56,"type":"read","key":0}}
INFO:root:server n1 reading from 0
DEBUG:root:sending {"dest": "n1", "src": "n0", "body": {"msg_id": 76, "in_reply_to": 56, "type": "read_ok", "value": {"value": 4, "timestamp": 2}}}
DEBUG:root:received {"id":169,"src":"c4","dest":"n0","body":{"key":0,"type":"read","msg_id":12}}
INFO:root:node c4 reading from 0
DEBUG:root:sending {"dest": "n0", "src": "n0", "body": {"msg_id": 77, "type": "read", "key": 0}}
DEBUG:root:sending {"dest": "n1", "src": "n0", "body": {"msg_id": 78, "type": "read", "key": 0}}
DEBUG:root:received {"id":170,"src":"n0","dest":"n0","body":{"msg_id":77,"type":"read","key":0}}
INFO:root:server n0 reading from 0
DEBUG:root:received {"id":172,"src":"n1","dest":"n0","body":{"msg_id":60,"in_reply_to":78,"type":"read_ok","value":{"value":0,"timestamp":3}}}
DEBUG:root:sending {"dest": "n0", "src": "n0", "body": {"msg_id": 79, "in_reply_to": 77, "type": "read_ok", "value": {"value": 4, "timestamp": 2}}}
WARNING:root:unknown message type read_ok
DEBUG:root:received {"id":173,"src":"n0","dest":"n0","body":{"msg_id":79,"in_reply_to":77,"type":"read_ok","value":{"value":4,"timestamp":2}}}
WARNING:root:unknown message type read_ok
DEBUG:root:sending {"dest": "c4", "src": "n0", "body": {"msg_id": 80, "in_reply_to": 12, "type": "read_ok", "value": 0}}
INFO:root:server n0 reading from 0
DEBUG:root:sending {"dest": "n0", "src": "n0", "body": {"msg_id": 81, "in_reply_to": 77, "type": "read_ok", "value": {"value": 4, "timestamp": 2}}}
DEBUG:root:received {"id":175,"src":"n0","dest":"n0","body":{"msg_id":81,"in_reply_to":77,"type":"read_ok","value":{"value":4,"timestamp":2}}}
WARNING:root:unknown message type read_ok
DEBUG:root:received {"id":176,"src":"c4","dest":"n0","body":{"key":0,"type":"read","msg_id":13}}
INFO:root:node c4 reading from 0
DEBUG:root:sending {"dest": "n1", "src": "n0", "body": {"msg_id": 82, "type": "read", "key": 0}}
DEBUG:root:sending {"dest": "n0", "src": "n0", "body": {"msg_id": 83, "type": "read", "key": 0}}
DEBUG:root:received {"id":178,"src":"n0","dest":"n0","body":{"msg_id":83,"type":"read","key":0}}
INFO:root:server n0 reading from 0
DEBUG:root:sending {"dest": "n0", "src": "n0", "body": {"msg_id": 84, "in_reply_to": 83, "type": "read_ok", "value": {"value": 4, "timestamp": 2}}}
DEBUG:root:received {"id":179,"src":"n1","dest":"n0","body":{"msg_id":61,"in_reply_to":82,"type":"read_ok","value":{"value":0,"timestamp":3}}}
WARNING:root:unknown message type read_ok
DEBUG:root:received {"id":180,"src":"n0","dest":"n0","body":{"msg_id":84,"in_reply_to":83,"type":"read_ok","value":{"value":4,"timestamp":2}}}
WARNING:root:unknown message type read_ok
DEBUG:root:sending {"dest": "c4", "src": "n0", "body": {"msg_id": 85, "in_reply_to": 13, "type": "read_ok", "value": 0}}
INFO:root:server n0 reading from 0
DEBUG:root:sending {"dest": "n0", "src": "n0", "body": {"msg_id": 86, "in_reply_to": 83, "type": "read_ok", "value": {"value": 4, "timestamp": 2}}}
DEBUG:root:received {"id":182,"src":"n0","dest":"n0","body":{"msg_id":86,"in_reply_to":83,"type":"read_ok","value":{"value":4,"timestamp":2}}}
WARNING:root:unknown message type read_ok
DEBUG:root:received {"id":183,"src":"c4","dest":"n0","body":{"key":0,"type":"read","msg_id":14}}
INFO:root:node c4 reading from 0
DEBUG:root:sending {"dest": "n0", "src": "n0", "body": {"msg_id": 87, "type": "read", "key": 0}}
DEBUG:root:sending {"dest": "n1", "src": "n0", "body": {"msg_id": 88, "type": "read", "key": 0}}
DEBUG:root:received {"id":184,"src":"n0","dest":"n0","body":{"msg_id":87,"type":"read","key":0}}
INFO:root:server n0 reading from 0
DEBUG:root:sending {"dest": "n0", "src": "n0", "body": {"msg_id": 89, "in_reply_to": 87, "type": "read_ok", "value": {"value": 4, "timestamp": 2}}}
DEBUG:root:received {"id":186,"src":"n0","dest":"n0","body":{"msg_id":89,"in_reply_to":87,"type":"read_ok","value":{"value":4,"timestamp":2}}}
WARNING:root:unknown message type read_ok
DEBUG:root:received {"id":187,"src":"n1","dest":"n0","body":{"msg_id":62,"in_reply_to":88,"type":"read_ok","value":{"value":0,"timestamp":3}}}
WARNING:root:unknown message type read_ok
DEBUG:root:sending {"dest": "c4", "src": "n0", "body": {"msg_id": 90, "in_reply_to": 14, "type": "read_ok", "value": 0}}
INFO:root:server n0 reading from 0
DEBUG:root:sending {"dest": "n0", "src": "n0", "body": {"msg_id": 91, "in_reply_to": 87, "type": "read_ok", "value": {"value": 4, "timestamp": 2}}}
DEBUG:root:received {"id":189,"src":"n0","dest":"n0","body":{"msg_id":91,"in_reply_to":87,"type":"read_ok","value":{"value":4,"timestamp":2}}}
WARNING:root:unknown message type read_ok
DEBUG:root:received {"id":190,"src":"c4","dest":"n0","body":{"key":0,"type":"read","msg_id":15}}
INFO:root:node c4 reading from 0
DEBUG:root:sending {"dest": "n0", "src": "n0", "body": {"msg_id": 92, "type": "read", "key": 0}}
DEBUG:root:sending {"dest": "n1", "src": "n0", "body": {"msg_id": 93, "type": "read", "key": 0}}
DEBUG:root:received {"id":191,"src":"n0","dest":"n0","body":{"msg_id":92,"type":"read","key":0}}
INFO:root:server n0 reading from 0
DEBUG:root:sending {"dest": "n0", "src": "n0", "body": {"msg_id": 94, "in_reply_to": 92, "type": "read_ok", "value": {"value": 4, "timestamp": 2}}}
DEBUG:root:received {"id":193,"src":"n0","dest":"n0","body":{"msg_id":94,"in_reply_to":92,"type":"read_ok","value":{"value":4,"timestamp":2}}}
WARNING:root:unknown message type read_ok
DEBUG:root:received {"id":194,"src":"n1","dest":"n0","body":{"msg_id":63,"in_reply_to":93,"type":"read_ok","value":{"value":0,"timestamp":3}}}
WARNING:root:unknown message type read_ok
DEBUG:root:sending {"dest": "c4", "src": "n0", "body": {"msg_id": 95, "in_reply_to": 15, "type": "read_ok", "value": 0}}
INFO:root:server n0 reading from 0
DEBUG:root:sending {"dest": "n0", "src": "n0", "body": {"msg_id": 96, "in_reply_to": 92, "type": "read_ok", "value": {"value": 4, "timestamp": 2}}}
DEBUG:root:received {"id":196,"src":"n0","dest":"n0","body":{"msg_id":96,"in_reply_to":92,"type":"read_ok","value":{"value":4,"timestamp":2}}}
WARNING:root:unknown message type read_ok
DEBUG:root:received {"id":199,"src":"n1","dest":"n0","body":{"msg_id":65,"type":"read_lock","key":0,"value":3}}
DEBUG:root:sending {"dest": "n1", "src": "n0", "body": {"msg_id": 97, "in_reply_to": 65, "type": "lock_ok", "value": {"value": 4, "timestamp": 2}}}
DEBUG:root:received {"id":203,"src":"n1","dest":"n0","body":{"msg_id":68,"type":"write_server","key":0,"value":3,"timestamp":4}}
DEBUG:root:sending {"dest": "n1", "src": "n0", "body": {"msg_id": 98, "in_reply_to": 68, "type": "write_server_ok"}}
DEBUG:root:received {"id":207,"src":"c6","dest":"n0","body":{"key":0,"from":1,"to":3,"type":"cas","msg_id":7}}
INFO:root:node c6 comparing and set
DEBUG:root:sending {"dest": "c6", "src": "n0", "body": {"msg_id": 99, "in_reply_to": 7, "type": "error", "code": 22, "text": "does not match"}}
DEBUG:root:received {"id":211,"src":"c6","dest":"n0","body":{"key":0,"from":0,"to":4,"type":"cas","msg_id":8}}
INFO:root:node c6 comparing and set
DEBUG:root:sending {"dest": "c6", "src": "n0", "body": {"msg_id": 100, "in_reply_to": 8, "type": "error", "code": 22, "text": "does not match"}}
DEBUG:root:received {"id":213,"src":"c6","dest":"n0","body":{"key":0,"value":3,"type":"write","msg_id":9}}
INFO:root:node c6 writing to 0
DEBUG:root:sending {"dest": "n0", "src": "n0", "body": {"msg_id": 101, "type": "read_lock", "key": 0, "value": 3}}
DEBUG:root:sending {"dest": "n1", "src": "n0", "body": {"msg_id": 102, "type": "read_lock", "key": 0, "value": 3}}
DEBUG:root:received {"id":214,"src":"n0","dest":"n0","body":{"msg_id":101,"type":"read_lock","key":0,"value":3}}
DEBUG:root:sending {"dest": "n0", "src": "n0", "body": {"msg_id": 103, "in_reply_to": 101, "type": "lock_ok", "value": {"value": 3, "timestamp": 4}}}
DEBUG:root:received {"id":216,"src":"n0","dest":"n0","body":{"msg_id":103,"in_reply_to":101,"type":"lock_ok","value":{"value":3,"timestamp":4}}}
DEBUG:root:received {"id":217,"src":"n1","dest":"n0","body":{"msg_id":72,"in_reply_to":102,"type":"lock_ok","value":{"value":3,"timestamp":4}}}
INFO:root:QUEUELOCK - [(3, 4, 'n0'), (3, 4, 'n1')]
DEBUG:root:sending {"dest": "n0", "src": "n0", "body": {"msg_id": 104, "type": "write_server", "key": 0, "value": 3, "timestamp": 5}}
DEBUG:root:sending {"dest": "n1", "src": "n0", "body": {"msg_id": 105, "type": "write_server", "key": 0, "value": 3, "timestamp": 5}}
DEBUG:root:received {"id":218,"src":"n0","dest":"n0","body":{"msg_id":104,"type":"write_server","key":0,"value":3,"timestamp":5}}
DEBUG:root:sending {"dest": "n0", "src": "n0", "body": {"msg_id": 106, "in_reply_to": 104, "type": "write_server_ok"}}
DEBUG:root:received {"id":220,"src":"n0","dest":"n0","body":{"msg_id":106,"in_reply_to":104,"type":"write_server_ok"}}
DEBUG:root:received {"id":221,"src":"n1","dest":"n0","body":{"msg_id":73,"in_reply_to":105,"type":"write_server_ok"}}
DEBUG:root:sending {"dest": "c6", "src": "n0", "body": {"msg_id": 107, "in_reply_to": 9, "type": "write_ok"}}
DEBUG:root:received {"id":225,"src":"n1","dest":"n0","body":{"msg_id":75,"type":"read_lock","key":0,"value":0}}
DEBUG:root:sending {"dest": "n1", "src": "n0", "body": {"msg_id": 108, "in_reply_to": 75, "type": "lock_ok", "value": {"value": 3, "timestamp": 5}}}
DEBUG:root:received {"id":229,"src":"n1","dest":"n0","body":{"msg_id":78,"type":"write_server","key":0,"value":0,"timestamp":6}}
DEBUG:root:sending {"dest": "n1", "src": "n0", "body": {"msg_id": 109, "in_reply_to": 78, "type": "write_server_ok"}}
DEBUG:root:received {"id":233,"src":"c4","dest":"n0","body":{"key":0,"type":"read","msg_id":16}}
INFO:root:node c4 reading from 0
DEBUG:root:sending {"dest": "n0", "src": "n0", "body": {"msg_id": 110, "type": "read", "key": 0}}
DEBUG:root:sending {"dest": "n1", "src": "n0", "body": {"msg_id": 111, "type": "read", "key": 0}}
DEBUG:root:received {"id":234,"src":"n0","dest":"n0","body":{"msg_id":110,"type":"read","key":0}}
INFO:root:server n0 reading from 0
DEBUG:root:sending {"dest": "n0", "src": "n0", "body": {"msg_id": 112, "in_reply_to": 110, "type": "read_ok", "value": {"value": 0, "timestamp": 6}}}
DEBUG:root:received {"id":236,"src":"n0","dest":"n0","body":{"msg_id":112,"in_reply_to":110,"type":"read_ok","value":{"value":0,"timestamp":6}}}
DEBUG:root:received {"id":237,"src":"n1","dest":"n0","body":{"msg_id":81,"in_reply_to":111,"type":"read_ok","value":{"value":0,"timestamp":6}}}
WARNING:root:unknown message type read_ok
WARNING:root:unknown message type read_ok
DEBUG:root:sending {"dest": "c4", "src": "n0", "body": {"msg_id": 113, "in_reply_to": 16, "type": "read_ok", "value": 0}}
INFO:root:server n0 reading from 0
DEBUG:root:sending {"dest": "n0", "src": "n0", "body": {"msg_id": 114, "in_reply_to": 110, "type": "read_ok", "value": {"value": 0, "timestamp": 6}}}
DEBUG:root:received {"id":239,"src":"n0","dest":"n0","body":{"msg_id":114,"in_reply_to":110,"type":"read_ok","value":{"value":0,"timestamp":6}}}
WARNING:root:unknown message type read_ok
DEBUG:root:received {"id":240,"src":"c4","dest":"n0","body":{"key":0,"type":"read","msg_id":17}}
INFO:root:node c4 reading from 0
DEBUG:root:sending {"dest": "n1", "src": "n0", "body": {"msg_id": 115, "type": "read", "key": 0}}
DEBUG:root:sending {"dest": "n0", "src": "n0", "body": {"msg_id": 116, "type": "read", "key": 0}}
DEBUG:root:received {"id":242,"src":"n0","dest":"n0","body":{"msg_id":116,"type":"read","key":0}}
INFO:root:server n0 reading from 0
DEBUG:root:sending {"dest": "n0", "src": "n0", "body": {"msg_id": 117, "in_reply_to": 116, "type": "read_ok", "value": {"value": 0, "timestamp": 6}}}
DEBUG:root:received {"id":243,"src":"n1","dest":"n0","body":{"msg_id":82,"in_reply_to":115,"type":"read_ok","value":{"value":0,"timestamp":6}}}
DEBUG:root:received {"id":244,"src":"n0","dest":"n0","body":{"msg_id":117,"in_reply_to":116,"type":"read_ok","value":{"value":0,"timestamp":6}}}
WARNING:root:unknown message type read_ok
WARNING:root:unknown message type read_ok
DEBUG:root:sending {"dest": "c4", "src": "n0", "body": {"msg_id": 118, "in_reply_to": 17, "type": "read_ok", "value": 0}}
INFO:root:server n0 reading from 0
DEBUG:root:sending {"dest": "n0", "src": "n0", "body": {"msg_id": 119, "in_reply_to": 116, "type": "read_ok", "value": {"value": 0, "timestamp": 6}}}
DEBUG:root:received {"id":246,"src":"n0","dest":"n0","body":{"msg_id":119,"in_reply_to":116,"type":"read_ok","value":{"value":0,"timestamp":6}}}
WARNING:root:unknown message type read_ok
DEBUG:root:received {"id":248,"src":"n1","dest":"n0","body":{"msg_id":83,"type":"read","key":0}}
INFO:root:server n1 reading from 0
DEBUG:root:sending {"dest": "n1", "src": "n0", "body": {"msg_id": 120, "in_reply_to": 83, "type": "read_ok", "value": {"value": 0, "timestamp": 6}}}
DEBUG:root:received {"id":256,"src":"n1","dest":"n0","body":{"msg_id":89,"type":"read","key":0}}
INFO:root:server n1 reading from 0
DEBUG:root:sending {"dest": "n1", "src": "n0", "body": {"msg_id": 121, "in_reply_to": 89, "type": "read_ok", "value": {"value": 0, "timestamp": 6}}}
DEBUG:root:received {"id":262,"src":"n1","dest":"n0","body":{"msg_id":93,"type":"read_lock","key":0,"value":2}}
DEBUG:root:sending {"dest": "n1", "src": "n0", "body": {"msg_id": 122, "in_reply_to": 93, "type": "lock_ok", "value": {"value": 0, "timestamp": 6}}}
DEBUG:root:received {"id":266,"src":"n1","dest":"n0","body":{"msg_id":96,"type":"write_server","key":0,"value":2,"timestamp":7}}
DEBUG:root:sending {"dest": "n1", "src": "n0", "body": {"msg_id": 123, "in_reply_to": 96, "type": "write_server_ok"}}
DEBUG:root:received {"id":271,"src":"c4","dest":"n0","body":{"key":0,"type":"read","msg_id":18}}
INFO:root:node c4 reading from 0
DEBUG:root:sending {"dest": "n1", "src": "n0", "body": {"msg_id": 124, "type": "read", "key": 0}}
DEBUG:root:sending {"dest": "n0", "src": "n0", "body": {"msg_id": 125, "type": "read", "key": 0}}
DEBUG:root:received {"id":273,"src":"n0","dest":"n0","body":{"msg_id":125,"type":"read","key":0}}
INFO:root:server n0 reading from 0
DEBUG:root:sending {"dest": "n0", "src": "n0", "body": {"msg_id": 126, "in_reply_to": 125, "type": "read_ok", "value": {"value": 2, "timestamp": 7}}}
DEBUG:root:received {"id":274,"src":"n1","dest":"n0","body":{"msg_id":100,"in_reply_to":124,"type":"read_ok","value":{"value":2,"timestamp":7}}}
DEBUG:root:received {"id":275,"src":"n0","dest":"n0","body":{"msg_id":126,"in_reply_to":125,"type":"read_ok","value":{"value":2,"timestamp":7}}}
WARNING:root:unknown message type read_ok
WARNING:root:unknown message type read_ok
DEBUG:root:sending {"dest": "c4", "src": "n0", "body": {"msg_id": 127, "in_reply_to": 18, "type": "read_ok", "value": 2}}
INFO:root:server n0 reading from 0
DEBUG:root:sending {"dest": "n0", "src": "n0", "body": {"msg_id": 128, "in_reply_to": 125, "type": "read_ok", "value": {"value": 2, "timestamp": 7}}}
DEBUG:root:received {"id":277,"src":"n0","dest":"n0","body":{"msg_id":128,"in_reply_to":125,"type":"read_ok","value":{"value":2,"timestamp":7}}}
WARNING:root:unknown message type read_ok
