/home/clock/Mestrado/2Sem/TF/Lab2/lin-kv.py:8: DeprecationWarning: the imp module is deprecated in favour of importlib; see the module's documentation for alternative uses
  import imp
DEBUG:root:received {"id":0,"src":"c0","dest":"n1","body":{"type":"init","node_id":"n1","node_ids":["n0","n1"],"msg_id":1}}
INFO:root:node n1 initialized
DEBUG:root:sending {"dest": "c0", "src": "n1", "body": {"msg_id": 1, "in_reply_to": 1, "type": "init_ok"}}
DEBUG:root:received {"id":5,"src":"n0","dest":"n1","body":{"msg_id":2,"type":"read","key":0}}
INFO:root:server n0 reading from 0
DEBUG:root:sending {"dest": "n0", "src": "n1", "body": {"msg_id": 2, "in_reply_to": 2, "type": "error", "code": 20, "text": "not found"}}
DEBUG:root:received {"id":13,"src":"n0","dest":"n1","body":{"msg_id":8,"type":"read","key":0}}
INFO:root:server n0 reading from 0
DEBUG:root:sending {"dest": "n0", "src": "n1", "body": {"msg_id": 3, "in_reply_to": 8, "type": "error", "code": 20, "text": "not found"}}
DEBUG:root:received {"id":20,"src":"n0","dest":"n1","body":{"msg_id":13,"type":"read","key":0}}
INFO:root:server n0 reading from 0
DEBUG:root:sending {"dest": "n0", "src": "n1", "body": {"msg_id": 4, "in_reply_to": 13, "type": "error", "code": 20, "text": "not found"}}
DEBUG:root:received {"id":26,"src":"n0","dest":"n1","body":{"msg_id":17,"type":"read","key":0}}
INFO:root:server n0 reading from 0
DEBUG:root:sending {"dest": "n0", "src": "n1", "body": {"msg_id": 5, "in_reply_to": 17, "type": "error", "code": 20, "text": "not found"}}
DEBUG:root:received {"id":32,"src":"c5","dest":"n1","body":{"key":0,"from":1,"to":2,"type":"cas","msg_id":1}}
INFO:root:node c5 comparing and set
DEBUG:root:sending {"dest": "c5", "src": "n1", "body": {"msg_id": 6, "in_reply_to": 1, "type": "error", "code": 20, "text": "not found"}}
DEBUG:root:received {"id":38,"src":"n0","dest":"n1","body":{"msg_id":24,"type":"read","key":0}}
INFO:root:server n0 reading from 0
DEBUG:root:sending {"dest": "n0", "src": "n1", "body": {"msg_id": 7, "in_reply_to": 24, "type": "error", "code": 20, "text": "not found"}}
DEBUG:root:received {"id":47,"src":"n0","dest":"n1","body":{"msg_id":30,"type":"read","key":0}}
INFO:root:server n0 reading from 0
DEBUG:root:sending {"dest": "n0", "src": "n1", "body": {"msg_id": 8, "in_reply_to": 30, "type": "error", "code": 20, "text": "not found"}}
DEBUG:root:received {"id":54,"src":"n0","dest":"n1","body":{"msg_id":35,"type":"read_lock","key":0,"value":1}}
DEBUG:root:sending {"dest": "n0", "src": "n1", "body": {"msg_id": 9, "in_reply_to": 35, "type": "noKey", "text": "not found"}}
DEBUG:root:received {"id":58,"src":"n0","dest":"n1","body":{"msg_id":38,"type":"write_server","key":0,"value":1,"timestamp":0}}
DEBUG:root:sending {"dest": "n0", "src": "n1", "body": {"msg_id": 10, "in_reply_to": 38, "type": "write_server_ok"}}
DEBUG:root:received {"id":62,"src":"c5","dest":"n1","body":{"key":0,"value":2,"type":"write","msg_id":2}}
INFO:root:node c5 writing to 0
DEBUG:root:sending {"dest": "n0", "src": "n1", "body": {"msg_id": 11, "type": "read_lock", "key": 0, "value": 2}}
DEBUG:root:sending {"dest": "n1", "src": "n1", "body": {"msg_id": 12, "type": "read_lock", "key": 0, "value": 2}}
DEBUG:root:received {"id":64,"src":"n1","dest":"n1","body":{"msg_id":12,"type":"read_lock","key":0,"value":2}}
DEBUG:root:sending {"dest": "n1", "src": "n1", "body": {"msg_id": 13, "in_reply_to": 12, "type": "lock_ok", "value": {"value": 1, "timestamp": 0}}}
DEBUG:root:received {"id":65,"src":"n0","dest":"n1","body":{"msg_id":41,"in_reply_to":11,"type":"lock_ok","value":{"value":1,"timestamp":0}}}
DEBUG:root:received {"id":66,"src":"n1","dest":"n1","body":{"msg_id":13,"in_reply_to":12,"type":"lock_ok","value":{"value":1,"timestamp":0}}}
INFO:root:QUEUELOCK - [(1, 0, 'n0'), (1, 0, 'n1')]
DEBUG:root:sending {"dest": "n0", "src": "n1", "body": {"msg_id": 14, "type": "write_server", "key": 0, "value": 2, "timestamp": 1}}
DEBUG:root:sending {"dest": "n1", "src": "n1", "body": {"msg_id": 15, "type": "write_server", "key": 0, "value": 2, "timestamp": 1}}
DEBUG:root:received {"id":68,"src":"n1","dest":"n1","body":{"msg_id":15,"type":"write_server","key":0,"value":2,"timestamp":1}}
DEBUG:root:sending {"dest": "n1", "src": "n1", "body": {"msg_id": 16, "in_reply_to": 15, "type": "write_server_ok"}}
DEBUG:root:received {"id":69,"src":"n0","dest":"n1","body":{"msg_id":42,"in_reply_to":14,"type":"write_server_ok"}}
DEBUG:root:received {"id":70,"src":"n1","dest":"n1","body":{"msg_id":16,"in_reply_to":15,"type":"write_server_ok"}}
DEBUG:root:sending {"dest": "c5", "src": "n1", "body": {"msg_id": 17, "in_reply_to": 2, "type": "write_ok"}}
DEBUG:root:received {"id":72,"src":"c5","dest":"n1","body":{"key":0,"from":0,"to":2,"type":"cas","msg_id":3}}
INFO:root:node c5 comparing and set
DEBUG:root:sending {"dest": "c5", "src": "n1", "body": {"msg_id": 18, "in_reply_to": 3, "type": "error", "code": 22, "text": "does not match"}}
DEBUG:root:received {"id":74,"src":"c7","dest":"n1","body":{"key":0,"type":"read","msg_id":1}}
INFO:root:node c7 reading from 0
DEBUG:root:sending {"dest": "n0", "src": "n1", "body": {"msg_id": 19, "type": "read", "key": 0}}
DEBUG:root:sending {"dest": "n1", "src": "n1", "body": {"msg_id": 20, "type": "read", "key": 0}}
DEBUG:root:received {"id":76,"src":"n1","dest":"n1","body":{"msg_id":20,"type":"read","key":0}}
INFO:root:server n1 reading from 0
DEBUG:root:sending {"dest": "n1", "src": "n1", "body": {"msg_id": 21, "in_reply_to": 20, "type": "read_ok", "value": {"value": 2, "timestamp": 1}}}
DEBUG:root:received {"id":77,"src":"n0","dest":"n1","body":{"msg_id":43,"in_reply_to":19,"type":"read_ok","value":{"value":2,"timestamp":1}}}
DEBUG:root:received {"id":78,"src":"n1","dest":"n1","body":{"msg_id":21,"in_reply_to":20,"type":"read_ok","value":{"value":2,"timestamp":1}}}
WARNING:root:unknown message type read_ok
WARNING:root:unknown message type read_ok
DEBUG:root:sending {"dest": "c7", "src": "n1", "body": {"msg_id": 22, "in_reply_to": 1, "type": "read_ok", "value": 2}}
INFO:root:server n1 reading from 0
DEBUG:root:sending {"dest": "n1", "src": "n1", "body": {"msg_id": 23, "in_reply_to": 20, "type": "read_ok", "value": {"value": 2, "timestamp": 1}}}
DEBUG:root:received {"id":80,"src":"n1","dest":"n1","body":{"msg_id":23,"in_reply_to":20,"type":"read_ok","value":{"value":2,"timestamp":1}}}
WARNING:root:unknown message type read_ok
DEBUG:root:received {"id":81,"src":"c5","dest":"n1","body":{"key":0,"from":0,"to":0,"type":"cas","msg_id":4}}
INFO:root:node c5 comparing and set
DEBUG:root:sending {"dest": "c5", "src": "n1", "body": {"msg_id": 24, "in_reply_to": 4, "type": "error", "code": 22, "text": "does not match"}}
DEBUG:root:received {"id":83,"src":"c5","dest":"n1","body":{"key":0,"from":2,"to":3,"type":"cas","msg_id":5}}
INFO:root:node c5 comparing and set
DEBUG:root:sending {"dest": "c5", "src": "n1", "body": {"msg_id": 25, "in_reply_to": 5, "type": "cas_ok"}}
DEBUG:root:received {"id":87,"src":"c5","dest":"n1","body":{"key":0,"from":3,"to":0,"type":"cas","msg_id":6}}
INFO:root:node c5 comparing and set
DEBUG:root:sending {"dest": "c5", "src": "n1", "body": {"msg_id": 26, "in_reply_to": 6, "type": "cas_ok"}}
DEBUG:root:received {"id":89,"src":"c7","dest":"n1","body":{"key":0,"type":"read","msg_id":2}}
INFO:root:node c7 reading from 0
DEBUG:root:sending {"dest": "n0", "src": "n1", "body": {"msg_id": 27, "type": "read", "key": 0}}
DEBUG:root:sending {"dest": "n1", "src": "n1", "body": {"msg_id": 28, "type": "read", "key": 0}}
DEBUG:root:received {"id":91,"src":"n1","dest":"n1","body":{"msg_id":28,"type":"read","key":0}}
INFO:root:server n1 reading from 0
DEBUG:root:sending {"dest": "n1", "src": "n1", "body": {"msg_id": 29, "in_reply_to": 28, "type": "read_ok", "value": {"value": 0, "timestamp": 3}}}
DEBUG:root:received {"id":92,"src":"n1","dest":"n1","body":{"msg_id":29,"in_reply_to":28,"type":"read_ok","value":{"value":0,"timestamp":3}}}
DEBUG:root:received {"id":93,"src":"n0","dest":"n1","body":{"msg_id":45,"in_reply_to":27,"type":"read_ok","value":{"value":2,"timestamp":1}}}
WARNING:root:unknown message type read_ok
WARNING:root:unknown message type read_ok
DEBUG:root:sending {"dest": "c7", "src": "n1", "body": {"msg_id": 30, "in_reply_to": 2, "type": "read_ok", "value": 0}}
INFO:root:server n1 reading from 0
DEBUG:root:sending {"dest": "n1", "src": "n1", "body": {"msg_id": 31, "in_reply_to": 28, "type": "read_ok", "value": {"value": 0, "timestamp": 3}}}
DEBUG:root:received {"id":95,"src":"n1","dest":"n1","body":{"msg_id":31,"in_reply_to":28,"type":"read_ok","value":{"value":0,"timestamp":3}}}
WARNING:root:unknown message type read_ok
DEBUG:root:received {"id":96,"src":"c5","dest":"n1","body":{"key":0,"from":1,"to":4,"type":"cas","msg_id":7}}
INFO:root:node c5 comparing and set
DEBUG:root:sending {"dest": "c5", "src": "n1", "body": {"msg_id": 32, "in_reply_to": 7, "type": "error", "code": 22, "text": "does not match"}}
DEBUG:root:received {"id":100,"src":"n0","dest":"n1","body":{"msg_id":47,"type":"read","key":0}}
INFO:root:server n0 reading from 0
DEBUG:root:sending {"dest": "n0", "src": "n1", "body": {"msg_id": 33, "in_reply_to": 47, "type": "read_ok", "value": {"value": 0, "timestamp": 3}}}
DEBUG:root:received {"id":105,"src":"c5","dest":"n1","body":{"key":0,"from":2,"to":1,"type":"cas","msg_id":8}}
INFO:root:node c5 comparing and set
DEBUG:root:sending {"dest": "c5", "src": "n1", "body": {"msg_id": 34, "in_reply_to": 8, "type": "error", "code": 22, "text": "does not match"}}
DEBUG:root:received {"id":109,"src":"n0","dest":"n1","body":{"msg_id":52,"type":"read","key":0}}
INFO:root:server n0 reading from 0
DEBUG:root:sending {"dest": "n0", "src": "n1", "body": {"msg_id": 35, "in_reply_to": 52, "type": "read_ok", "value": {"value": 0, "timestamp": 3}}}
DEBUG:root:received {"id":114,"src":"c5","dest":"n1","body":{"key":0,"from":4,"to":1,"type":"cas","msg_id":9}}
INFO:root:node c5 comparing and set
DEBUG:root:sending {"dest": "c5", "src": "n1", "body": {"msg_id": 36, "in_reply_to": 9, "type": "error", "code": 22, "text": "does not match"}}
DEBUG:root:received {"id":116,"src":"c7","dest":"n1","body":{"key":0,"type":"read","msg_id":3}}
INFO:root:node c7 reading from 0
DEBUG:root:sending {"dest": "n0", "src": "n1", "body": {"msg_id": 37, "type": "read", "key": 0}}
DEBUG:root:sending {"dest": "n1", "src": "n1", "body": {"msg_id": 38, "type": "read", "key": 0}}
DEBUG:root:received {"id":118,"src":"n1","dest":"n1","body":{"msg_id":38,"type":"read","key":0}}
INFO:root:server n1 reading from 0
DEBUG:root:sending {"dest": "n1", "src": "n1", "body": {"msg_id": 39, "in_reply_to": 38, "type": "read_ok", "value": {"value": 0, "timestamp": 3}}}
DEBUG:root:received {"id":119,"src":"n0","dest":"n1","body":{"msg_id":56,"in_reply_to":37,"type":"read_ok","value":{"value":2,"timestamp":1}}}
DEBUG:root:received {"id":120,"src":"n1","dest":"n1","body":{"msg_id":39,"in_reply_to":38,"type":"read_ok","value":{"value":0,"timestamp":3}}}
WARNING:root:unknown message type read_ok
WARNING:root:unknown message type read_ok
DEBUG:root:sending {"dest": "c7", "src": "n1", "body": {"msg_id": 40, "in_reply_to": 3, "type": "read_ok", "value": 0}}
INFO:root:server n1 reading from 0
DEBUG:root:sending {"dest": "n1", "src": "n1", "body": {"msg_id": 41, "in_reply_to": 38, "type": "read_ok", "value": {"value": 0, "timestamp": 3}}}
DEBUG:root:received {"id":122,"src":"n1","dest":"n1","body":{"msg_id":41,"in_reply_to":38,"type":"read_ok","value":{"value":0,"timestamp":3}}}
WARNING:root:unknown message type read_ok
DEBUG:root:received {"id":124,"src":"n0","dest":"n1","body":{"msg_id":57,"type":"read","key":0}}
INFO:root:server n0 reading from 0
DEBUG:root:sending {"dest": "n0", "src": "n1", "body": {"msg_id": 42, "in_reply_to": 57, "type": "read_ok", "value": {"value": 0, "timestamp": 3}}}
DEBUG:root:received {"id":130,"src":"c7","dest":"n1","body":{"key":0,"type":"read","msg_id":4}}
INFO:root:node c7 reading from 0
DEBUG:root:sending {"dest": "n1", "src": "n1", "body": {"msg_id": 43, "type": "read", "key": 0}}
DEBUG:root:sending {"dest": "n0", "src": "n1", "body": {"msg_id": 44, "type": "read", "key": 0}}
DEBUG:root:received {"id":131,"src":"n1","dest":"n1","body":{"msg_id":43,"type":"read","key":0}}
INFO:root:server n1 reading from 0
DEBUG:root:sending {"dest": "n1", "src": "n1", "body": {"msg_id": 45, "in_reply_to": 43, "type": "read_ok", "value": {"value": 0, "timestamp": 3}}}
DEBUG:root:received {"id":133,"src":"n1","dest":"n1","body":{"msg_id":45,"in_reply_to":43,"type":"read_ok","value":{"value":0,"timestamp":3}}}
WARNING:root:unknown message type read_ok
DEBUG:root:received {"id":134,"src":"n0","dest":"n1","body":{"msg_id":62,"in_reply_to":44,"type":"read_ok","value":{"value":2,"timestamp":1}}}
WARNING:root:unknown message type read_ok
DEBUG:root:sending {"dest": "c7", "src": "n1", "body": {"msg_id": 46, "in_reply_to": 4, "type": "read_ok", "value": 0}}
INFO:root:server n1 reading from 0
DEBUG:root:sending {"dest": "n1", "src": "n1", "body": {"msg_id": 47, "in_reply_to": 43, "type": "read_ok", "value": {"value": 0, "timestamp": 3}}}
DEBUG:root:received {"id":136,"src":"n1","dest":"n1","body":{"msg_id":47,"in_reply_to":43,"type":"read_ok","value":{"value":0,"timestamp":3}}}
WARNING:root:unknown message type read_ok
DEBUG:root:received {"id":139,"src":"n0","dest":"n1","body":{"msg_id":64,"type":"read","key":0}}
INFO:root:server n0 reading from 0
DEBUG:root:sending {"dest": "n0", "src": "n1", "body": {"msg_id": 48, "in_reply_to": 64, "type": "read_ok", "value": {"value": 0, "timestamp": 3}}}
DEBUG:root:received {"id":145,"src":"n0","dest":"n1","body":{"msg_id":68,"type":"read","key":0}}
INFO:root:server n0 reading from 0
DEBUG:root:sending {"dest": "n0", "src": "n1", "body": {"msg_id": 49, "in_reply_to": 68, "type": "read_ok", "value": {"value": 0, "timestamp": 3}}}
DEBUG:root:received {"id":153,"src":"c7","dest":"n1","body":{"key":0,"type":"read","msg_id":5}}
INFO:root:node c7 reading from 0
DEBUG:root:sending {"dest": "n1", "src": "n1", "body": {"msg_id": 50, "type": "read", "key": 0}}
DEBUG:root:sending {"dest": "n0", "src": "n1", "body": {"msg_id": 51, "type": "read", "key": 0}}
DEBUG:root:received {"id":154,"src":"n1","dest":"n1","body":{"msg_id":50,"type":"read","key":0}}
INFO:root:server n1 reading from 0
DEBUG:root:sending {"dest": "n1", "src": "n1", "body": {"msg_id": 52, "in_reply_to": 50, "type": "read_ok", "value": {"value": 0, "timestamp": 3}}}
DEBUG:root:received {"id":156,"src":"n1","dest":"n1","body":{"msg_id":52,"in_reply_to":50,"type":"read_ok","value":{"value":0,"timestamp":3}}}
DEBUG:root:received {"id":157,"src":"n0","dest":"n1","body":{"msg_id":74,"in_reply_to":51,"type":"read_ok","value":{"value":2,"timestamp":1}}}
WARNING:root:unknown message type read_ok
WARNING:root:unknown message type read_ok
DEBUG:root:sending {"dest": "c7", "src": "n1", "body": {"msg_id": 53, "in_reply_to": 5, "type": "read_ok", "value": 0}}
INFO:root:server n1 reading from 0
DEBUG:root:sending {"dest": "n1", "src": "n1", "body": {"msg_id": 54, "in_reply_to": 50, "type": "read_ok", "value": {"value": 0, "timestamp": 3}}}
DEBUG:root:received {"id":159,"src":"n1","dest":"n1","body":{"msg_id":54,"in_reply_to":50,"type":"read_ok","value":{"value":0,"timestamp":3}}}
WARNING:root:unknown message type read_ok
DEBUG:root:received {"id":162,"src":"c7","dest":"n1","body":{"key":0,"type":"read","msg_id":6}}
INFO:root:node c7 reading from 0
DEBUG:root:sending {"dest": "n1", "src": "n1", "body": {"msg_id": 55, "type": "read", "key": 0}}
DEBUG:root:sending {"dest": "n0", "src": "n1", "body": {"msg_id": 56, "type": "read", "key": 0}}
DEBUG:root:received {"id":163,"src":"n1","dest":"n1","body":{"msg_id":55,"type":"read","key":0}}
INFO:root:server n1 reading from 0
DEBUG:root:sending {"dest": "n1", "src": "n1", "body": {"msg_id": 57, "in_reply_to": 55, "type": "read_ok", "value": {"value": 0, "timestamp": 3}}}
DEBUG:root:received {"id":165,"src":"n1","dest":"n1","body":{"msg_id":57,"in_reply_to":55,"type":"read_ok","value":{"value":0,"timestamp":3}}}
DEBUG:root:received {"id":166,"src":"n0","dest":"n1","body":{"msg_id":76,"in_reply_to":56,"type":"read_ok","value":{"value":4,"timestamp":2}}}
WARNING:root:unknown message type read_ok
WARNING:root:unknown message type read_ok
DEBUG:root:sending {"dest": "c7", "src": "n1", "body": {"msg_id": 58, "in_reply_to": 6, "type": "read_ok", "value": 0}}
INFO:root:server n1 reading from 0
DEBUG:root:sending {"dest": "n1", "src": "n1", "body": {"msg_id": 59, "in_reply_to": 55, "type": "read_ok", "value": {"value": 0, "timestamp": 3}}}
DEBUG:root:received {"id":168,"src":"n1","dest":"n1","body":{"msg_id":59,"in_reply_to":55,"type":"read_ok","value":{"value":0,"timestamp":3}}}
WARNING:root:unknown message type read_ok
DEBUG:root:received {"id":171,"src":"n0","dest":"n1","body":{"msg_id":78,"type":"read","key":0}}
INFO:root:server n0 reading from 0
DEBUG:root:sending {"dest": "n0", "src": "n1", "body": {"msg_id": 60, "in_reply_to": 78, "type": "read_ok", "value": {"value": 0, "timestamp": 3}}}
DEBUG:root:received {"id":177,"src":"n0","dest":"n1","body":{"msg_id":82,"type":"read","key":0}}
INFO:root:server n0 reading from 0
DEBUG:root:sending {"dest": "n0", "src": "n1", "body": {"msg_id": 61, "in_reply_to": 82, "type": "read_ok", "value": {"value": 0, "timestamp": 3}}}
DEBUG:root:received {"id":185,"src":"n0","dest":"n1","body":{"msg_id":88,"type":"read","key":0}}
INFO:root:server n0 reading from 0
DEBUG:root:sending {"dest": "n0", "src": "n1", "body": {"msg_id": 62, "in_reply_to": 88, "type": "read_ok", "value": {"value": 0, "timestamp": 3}}}
DEBUG:root:received {"id":192,"src":"n0","dest":"n1","body":{"msg_id":93,"type":"read","key":0}}
INFO:root:server n0 reading from 0
DEBUG:root:sending {"dest": "n0", "src": "n1", "body": {"msg_id": 63, "in_reply_to": 93, "type": "read_ok", "value": {"value": 0, "timestamp": 3}}}
DEBUG:root:received {"id":197,"src":"c5","dest":"n1","body":{"key":0,"value":3,"type":"write","msg_id":10}}
INFO:root:node c5 writing to 0
DEBUG:root:sending {"dest": "n1", "src": "n1", "body": {"msg_id": 64, "type": "read_lock", "key": 0, "value": 3}}
DEBUG:root:sending {"dest": "n0", "src": "n1", "body": {"msg_id": 65, "type": "read_lock", "key": 0, "value": 3}}
DEBUG:root:received {"id":198,"src":"n1","dest":"n1","body":{"msg_id":64,"type":"read_lock","key":0,"value":3}}
DEBUG:root:sending {"dest": "n1", "src": "n1", "body": {"msg_id": 66, "in_reply_to": 64, "type": "lock_ok", "value": {"value": 0, "timestamp": 3}}}
DEBUG:root:received {"id":200,"src":"n1","dest":"n1","body":{"msg_id":66,"in_reply_to":64,"type":"lock_ok","value":{"value":0,"timestamp":3}}}
DEBUG:root:received {"id":201,"src":"n0","dest":"n1","body":{"msg_id":97,"in_reply_to":65,"type":"lock_ok","value":{"value":4,"timestamp":2}}}
INFO:root:QUEUELOCK - [(0, 3, 'n1'), (4, 2, 'n0')]
DEBUG:root:sending {"dest": "n1", "src": "n1", "body": {"msg_id": 67, "type": "write_server", "key": 0, "value": 3, "timestamp": 4}}
DEBUG:root:sending {"dest": "n0", "src": "n1", "body": {"msg_id": 68, "type": "write_server", "key": 0, "value": 3, "timestamp": 4}}
DEBUG:root:received {"id":202,"src":"n1","dest":"n1","body":{"msg_id":67,"type":"write_server","key":0,"value":3,"timestamp":4}}
DEBUG:root:sending {"dest": "n1", "src": "n1", "body": {"msg_id": 69, "in_reply_to": 67, "type": "write_server_ok"}}
DEBUG:root:received {"id":204,"src":"n1","dest":"n1","body":{"msg_id":69,"in_reply_to":67,"type":"write_server_ok"}}
DEBUG:root:received {"id":205,"src":"n0","dest":"n1","body":{"msg_id":98,"in_reply_to":68,"type":"write_server_ok"}}
DEBUG:root:sending {"dest": "c5", "src": "n1", "body": {"msg_id": 70, "in_reply_to": 10, "type": "write_ok"}}
DEBUG:root:received {"id":209,"src":"c5","dest":"n1","body":{"key":0,"from":0,"to":4,"type":"cas","msg_id":11}}
INFO:root:node c5 comparing and set
DEBUG:root:sending {"dest": "c5", "src": "n1", "body": {"msg_id": 71, "in_reply_to": 11, "type": "error", "code": 22, "text": "does not match"}}
DEBUG:root:received {"id":215,"src":"n0","dest":"n1","body":{"msg_id":102,"type":"read_lock","key":0,"value":3}}
DEBUG:root:sending {"dest": "n0", "src": "n1", "body": {"msg_id": 72, "in_reply_to": 102, "type": "lock_ok", "value": {"value": 3, "timestamp": 4}}}
DEBUG:root:received {"id":219,"src":"n0","dest":"n1","body":{"msg_id":105,"type":"write_server","key":0,"value":3,"timestamp":5}}
DEBUG:root:sending {"dest": "n0", "src": "n1", "body": {"msg_id": 73, "in_reply_to": 105, "type": "write_server_ok"}}
DEBUG:root:received {"id":223,"src":"c5","dest":"n1","body":{"key":0,"value":0,"type":"write","msg_id":12}}
INFO:root:node c5 writing to 0
DEBUG:root:sending {"dest": "n1", "src": "n1", "body": {"msg_id": 74, "type": "read_lock", "key": 0, "value": 0}}
DEBUG:root:sending {"dest": "n0", "src": "n1", "body": {"msg_id": 75, "type": "read_lock", "key": 0, "value": 0}}
DEBUG:root:received {"id":224,"src":"n1","dest":"n1","body":{"msg_id":74,"type":"read_lock","key":0,"value":0}}
DEBUG:root:sending {"dest": "n1", "src": "n1", "body": {"msg_id": 76, "in_reply_to": 74, "type": "lock_ok", "value": {"value": 3, "timestamp": 5}}}
DEBUG:root:received {"id":226,"src":"n1","dest":"n1","body":{"msg_id":76,"in_reply_to":74,"type":"lock_ok","value":{"value":3,"timestamp":5}}}
DEBUG:root:received {"id":227,"src":"n0","dest":"n1","body":{"msg_id":108,"in_reply_to":75,"type":"lock_ok","value":{"value":3,"timestamp":5}}}
INFO:root:QUEUELOCK - [(3, 5, 'n1'), (3, 5, 'n0')]
DEBUG:root:sending {"dest": "n1", "src": "n1", "body": {"msg_id": 77, "type": "write_server", "key": 0, "value": 0, "timestamp": 6}}
DEBUG:root:sending {"dest": "n0", "src": "n1", "body": {"msg_id": 78, "type": "write_server", "key": 0, "value": 0, "timestamp": 6}}
DEBUG:root:received {"id":228,"src":"n1","dest":"n1","body":{"msg_id":77,"type":"write_server","key":0,"value":0,"timestamp":6}}
DEBUG:root:sending {"dest": "n1", "src": "n1", "body": {"msg_id": 79, "in_reply_to": 77, "type": "write_server_ok"}}
DEBUG:root:received {"id":230,"src":"n0","dest":"n1","body":{"msg_id":109,"in_reply_to":78,"type":"write_server_ok"}}
DEBUG:root:received {"id":231,"src":"n1","dest":"n1","body":{"msg_id":79,"in_reply_to":77,"type":"write_server_ok"}}
DEBUG:root:sending {"dest": "c5", "src": "n1", "body": {"msg_id": 80, "in_reply_to": 12, "type": "write_ok"}}
DEBUG:root:received {"id":235,"src":"n0","dest":"n1","body":{"msg_id":111,"type":"read","key":0}}
INFO:root:server n0 reading from 0
DEBUG:root:sending {"dest": "n0", "src": "n1", "body": {"msg_id": 81, "in_reply_to": 111, "type": "read_ok", "value": {"value": 0, "timestamp": 6}}}
DEBUG:root:received {"id":241,"src":"n0","dest":"n1","body":{"msg_id":115,"type":"read","key":0}}
INFO:root:server n0 reading from 0
DEBUG:root:sending {"dest": "n0", "src": "n1", "body": {"msg_id": 82, "in_reply_to": 115, "type": "read_ok", "value": {"value": 0, "timestamp": 6}}}
DEBUG:root:received {"id":247,"src":"c7","dest":"n1","body":{"key":0,"type":"read","msg_id":7}}
INFO:root:node c7 reading from 0
DEBUG:root:sending {"dest": "n0", "src": "n1", "body": {"msg_id": 83, "type": "read", "key": 0}}
DEBUG:root:sending {"dest": "n1", "src": "n1", "body": {"msg_id": 84, "type": "read", "key": 0}}
DEBUG:root:received {"id":249,"src":"n1","dest":"n1","body":{"msg_id":84,"type":"read","key":0}}
INFO:root:server n1 reading from 0
DEBUG:root:sending {"dest": "n1", "src": "n1", "body": {"msg_id": 85, "in_reply_to": 84, "type": "read_ok", "value": {"value": 0, "timestamp": 6}}}
DEBUG:root:received {"id":250,"src":"n0","dest":"n1","body":{"msg_id":120,"in_reply_to":83,"type":"read_ok","value":{"value":0,"timestamp":6}}}
WARNING:root:unknown message type read_ok
DEBUG:root:received {"id":251,"src":"n1","dest":"n1","body":{"msg_id":85,"in_reply_to":84,"type":"read_ok","value":{"value":0,"timestamp":6}}}
WARNING:root:unknown message type read_ok
DEBUG:root:sending {"dest": "c7", "src": "n1", "body": {"msg_id": 86, "in_reply_to": 7, "type": "read_ok", "value": 0}}
INFO:root:server n1 reading from 0
DEBUG:root:sending {"dest": "n1", "src": "n1", "body": {"msg_id": 87, "in_reply_to": 84, "type": "read_ok", "value": {"value": 0, "timestamp": 6}}}
DEBUG:root:received {"id":253,"src":"n1","dest":"n1","body":{"msg_id":87,"in_reply_to":84,"type":"read_ok","value":{"value":0,"timestamp":6}}}
WARNING:root:unknown message type read_ok
DEBUG:root:received {"id":254,"src":"c7","dest":"n1","body":{"key":0,"type":"read","msg_id":8}}
INFO:root:node c7 reading from 0
DEBUG:root:sending {"dest": "n1", "src": "n1", "body": {"msg_id": 88, "type": "read", "key": 0}}
DEBUG:root:sending {"dest": "n0", "src": "n1", "body": {"msg_id": 89, "type": "read", "key": 0}}
DEBUG:root:received {"id":255,"src":"n1","dest":"n1","body":{"msg_id":88,"type":"read","key":0}}
INFO:root:server n1 reading from 0
DEBUG:root:sending {"dest": "n1", "src": "n1", "body": {"msg_id": 90, "in_reply_to": 88, "type": "read_ok", "value": {"value": 0, "timestamp": 6}}}
DEBUG:root:received {"id":257,"src":"n1","dest":"n1","body":{"msg_id":90,"in_reply_to":88,"type":"read_ok","value":{"value":0,"timestamp":6}}}
DEBUG:root:received {"id":258,"src":"n0","dest":"n1","body":{"msg_id":121,"in_reply_to":89,"type":"read_ok","value":{"value":0,"timestamp":6}}}
WARNING:root:unknown message type read_ok
WARNING:root:unknown message type read_ok
DEBUG:root:sending {"dest": "c7", "src": "n1", "body": {"msg_id": 91, "in_reply_to": 8, "type": "read_ok", "value": 0}}
INFO:root:server n1 reading from 0
DEBUG:root:sending {"dest": "n1", "src": "n1", "body": {"msg_id": 92, "in_reply_to": 88, "type": "read_ok", "value": {"value": 0, "timestamp": 6}}}
DEBUG:root:received {"id":260,"src":"n1","dest":"n1","body":{"msg_id":92,"in_reply_to":88,"type":"read_ok","value":{"value":0,"timestamp":6}}}
WARNING:root:unknown message type read_ok
DEBUG:root:received {"id":261,"src":"c5","dest":"n1","body":{"key":0,"value":2,"type":"write","msg_id":13}}
INFO:root:node c5 writing to 0
DEBUG:root:sending {"dest": "n0", "src": "n1", "body": {"msg_id": 93, "type": "read_lock", "key": 0, "value": 2}}
DEBUG:root:sending {"dest": "n1", "src": "n1", "body": {"msg_id": 94, "type": "read_lock", "key": 0, "value": 2}}
DEBUG:root:received {"id":263,"src":"n1","dest":"n1","body":{"msg_id":94,"type":"read_lock","key":0,"value":2}}
DEBUG:root:sending {"dest": "n1", "src": "n1", "body": {"msg_id": 95, "in_reply_to": 94, "type": "lock_ok", "value": {"value": 0, "timestamp": 6}}}
DEBUG:root:received {"id":264,"src":"n0","dest":"n1","body":{"msg_id":122,"in_reply_to":93,"type":"lock_ok","value":{"value":0,"timestamp":6}}}
DEBUG:root:received {"id":265,"src":"n1","dest":"n1","body":{"msg_id":95,"in_reply_to":94,"type":"lock_ok","value":{"value":0,"timestamp":6}}}
INFO:root:QUEUELOCK - [(0, 6, 'n0'), (0, 6, 'n1')]
DEBUG:root:sending {"dest": "n0", "src": "n1", "body": {"msg_id": 96, "type": "write_server", "key": 0, "value": 2, "timestamp": 7}}
DEBUG:root:sending {"dest": "n1", "src": "n1", "body": {"msg_id": 97, "type": "write_server", "key": 0, "value": 2, "timestamp": 7}}
DEBUG:root:received {"id":267,"src":"n1","dest":"n1","body":{"msg_id":97,"type":"write_server","key":0,"value":2,"timestamp":7}}
DEBUG:root:sending {"dest": "n1", "src": "n1", "body": {"msg_id": 98, "in_reply_to": 97, "type": "write_server_ok"}}
DEBUG:root:received {"id":268,"src":"n0","dest":"n1","body":{"msg_id":123,"in_reply_to":96,"type":"write_server_ok"}}
DEBUG:root:received {"id":269,"src":"n1","dest":"n1","body":{"msg_id":98,"in_reply_to":97,"type":"write_server_ok"}}
DEBUG:root:sending {"dest": "c5", "src": "n1", "body": {"msg_id": 99, "in_reply_to": 13, "type": "write_ok"}}
DEBUG:root:received {"id":272,"src":"n0","dest":"n1","body":{"msg_id":124,"type":"read","key":0}}
INFO:root:server n0 reading from 0
DEBUG:root:sending {"dest": "n0", "src": "n1", "body": {"msg_id": 100, "in_reply_to": 124, "type": "read_ok", "value": {"value": 2, "timestamp": 7}}}
