/home/clock/Mestrado/2Sem/TF/TP/TP1/lin-kv.py:9: DeprecationWarning: the imp module is deprecated in favour of importlib; see the module's documentation for alternative uses
  import imp
DEBUG:root:received {"id":2,"src":"c2","dest":"n0","body":{"type":"init","node_id":"n0","node_ids":["n0","n1","n2"],"msg_id":1}}
INFO:root:node n0 initialized
DEBUG:root:sending {"dest": "c2", "src": "n0", "body": {"msg_id": 1, "in_reply_to": 1, "type": "init_ok"}}
DEBUG:root:received {"id":6,"src":"c6","dest":"n0","body":{"key":0,"from":2,"to":1,"type":"cas","msg_id":1}}
DEBUG:root:received {"id":8,"src":"n2","dest":"n0","body":{"msg_id":2,"type":"cas_lock","key":0,"from":2,"to":2}}
INFO:root:node c6 comparing and setting
DEBUG:root:sending {"dest": "n1", "src": "n0", "body": {"msg_id": 2, "type": "cas_lock", "key": 0, "from": 2, "to": 1}}
DEBUG:root:sending {"dest": "n2", "src": "n0", "body": {"msg_id": 3, "type": "cas_lock", "key": 0, "from": 2, "to": 1}}
DEBUG:root:sending {"dest": "n2", "src": "n0", "body": {"msg_id": 4, "in_reply_to": 2, "type": "noKeyCas"}}
DEBUG:root:received {"id":14,"src":"n2","dest":"n0","body":{"msg_id":5,"in_reply_to":3,"type":"error_cas_lock","text":"already locked"}}
DEBUG:root:received {"id":16,"src":"n2","dest":"n0","body":{"msg_id":7,"type":"unlock_cas","code":20}}
DEBUG:root:sending {"dest": "n2", "src": "n0", "body": {"msg_id": 5, "in_reply_to": 7, "type": "unlock_cas_ok", "code": 20}}
DEBUG:root:received {"id":18,"src":"n1","dest":"n0","body":{"msg_id":2,"in_reply_to":2,"type":"noKeyCas"}}
DEBUG:root:sending {"dest": "n2", "src": "n0", "body": {"msg_id": 6, "type": "unlock"}}
DEBUG:root:sending {"dest": "n1", "src": "n0", "body": {"msg_id": 7, "type": "unlock"}}
DEBUG:root:sending {"dest": "c6", "src": "n0", "body": {"msg_id": 8, "in_reply_to": 1, "type": "error", "code": 11, "text": "locked state"}}
DEBUG:root:received {"id":26,"src":"n1","dest":"n0","body":{"msg_id":4,"type":"cas_lock","key":0,"from":2,"to":1}}
DEBUG:root:sending {"dest": "n1", "src": "n0", "body": {"msg_id": 9, "in_reply_to": 4, "type": "noKeyCas"}}
DEBUG:root:received {"id":30,"src":"n1","dest":"n0","body":{"msg_id":6,"type":"unlock_cas","code":20}}
DEBUG:root:sending {"dest": "n1", "src": "n0", "body": {"msg_id": 10, "in_reply_to": 6, "type": "unlock_cas_ok", "code": 20}}
DEBUG:root:received {"id":34,"src":"c9","dest":"n0","body":{"key":0,"type":"read","msg_id":1}}
INFO:root:node c9 reading from 0
DEBUG:root:sending {"dest": "n1", "src": "n0", "body": {"msg_id": 11, "type": "read_server", "key": 0}}
DEBUG:root:sending {"dest": "n2", "src": "n0", "body": {"msg_id": 12, "type": "read_server", "key": 0}}
DEBUG:root:received {"id":37,"src":"n1","dest":"n0","body":{"msg_id":8,"in_reply_to":11,"type":"error_read","code":20,"text":"not found"}}
DEBUG:root:received {"id":38,"src":"n2","dest":"n0","body":{"msg_id":12,"in_reply_to":12,"type":"error_read","code":20,"text":"not found"}}
DEBUG:root:sending {"dest": "n1", "src": "n0", "body": {"msg_id": 13, "type": "unlock_read", "code": 20}}
DEBUG:root:sending {"dest": "n2", "src": "n0", "body": {"msg_id": 14, "type": "unlock_read", "code": 20}}
DEBUG:root:received {"id":41,"src":"n1","dest":"n0","body":{"msg_id":9,"in_reply_to":13,"type":"unlock_read_ok","code":20}}
DEBUG:root:received {"id":42,"src":"n2","dest":"n0","body":{"msg_id":13,"in_reply_to":14,"type":"unlock_read_ok","code":20}}
DEBUG:root:sending {"dest": "c9", "src": "n0", "body": {"msg_id": 15, "in_reply_to": 1, "type": "error", "code": 20, "text": "not found"}}
DEBUG:root:received {"id":55,"src":"n1","dest":"n0","body":{"msg_id":17,"type":"read_lock","key":0,"value":3}}
DEBUG:root:sending {"dest": "n1", "src": "n0", "body": {"msg_id": 16, "in_reply_to": 17, "type": "noKey", "text": "not found"}}
DEBUG:root:received {"id":59,"src":"n1","dest":"n0","body":{"msg_id":20,"type":"write_server","key":0,"value":3,"timestamp":0}}
DEBUG:root:sending {"dest": "n1", "src": "n0", "body": {"msg_id": 17, "in_reply_to": 20, "type": "write_server_ok"}}
DEBUG:root:received {"id":63,"src":"c6","dest":"n0","body":{"key":0,"from":1,"to":2,"type":"cas","msg_id":2}}
INFO:root:node c6 comparing and setting
DEBUG:root:sending {"dest": "n2", "src": "n0", "body": {"msg_id": 18, "type": "cas_lock", "key": 0, "from": 1, "to": 2}}
DEBUG:root:sending {"dest": "n0", "src": "n0", "body": {"msg_id": 19, "type": "cas_lock", "key": 0, "from": 1, "to": 2}}
DEBUG:root:received {"id":66,"src":"n0","dest":"n0","body":{"msg_id":19,"type":"cas_lock","key":0,"from":1,"to":2}}
DEBUG:root:sending {"dest": "n0", "src": "n0", "body": {"msg_id": 20, "in_reply_to": 19, "type": "noMatch"}}
DEBUG:root:received {"id":67,"src":"n2","dest":"n0","body":{"msg_id":16,"in_reply_to":18,"type":"noKeyCas"}}
DEBUG:root:received {"id":68,"src":"n0","dest":"n0","body":{"msg_id":20,"in_reply_to":19,"type":"noMatch"}}
DEBUG:root:sending {"dest": "n2", "src": "n0", "body": {"msg_id": 21, "type": "unlock_cas", "code": 20}}
DEBUG:root:sending {"dest": "n0", "src": "n0", "body": {"msg_id": 22, "type": "unlock_cas", "code": 20}}
DEBUG:root:received {"id":70,"src":"n0","dest":"n0","body":{"msg_id":22,"type":"unlock_cas","code":20}}
DEBUG:root:sending {"dest": "n0", "src": "n0", "body": {"msg_id": 23, "in_reply_to": 22, "type": "unlock_cas_ok", "code": 20}}
DEBUG:root:received {"id":71,"src":"n2","dest":"n0","body":{"msg_id":17,"in_reply_to":21,"type":"unlock_cas_ok","code":20}}
DEBUG:root:received {"id":72,"src":"n0","dest":"n0","body":{"msg_id":23,"in_reply_to":22,"type":"unlock_cas_ok","code":20}}
DEBUG:root:sending {"dest": "c6", "src": "n0", "body": {"msg_id": 24, "in_reply_to": 2, "type": "error", "code": 20, "text": "not found"}}
DEBUG:root:received {"id":76,"src":"n2","dest":"n0","body":{"msg_id":19,"type":"cas_lock","key":0,"from":0,"to":3}}
DEBUG:root:sending {"dest": "n2", "src": "n0", "body": {"msg_id": 25, "in_reply_to": 19, "type": "noMatch"}}
DEBUG:root:received {"id":80,"src":"n2","dest":"n0","body":{"msg_id":22,"type":"unlock_cas","code":20}}
DEBUG:root:sending {"dest": "n2", "src": "n0", "body": {"msg_id": 26, "in_reply_to": 22, "type": "unlock_cas_ok", "code": 20}}
DEBUG:root:received {"id":84,"src":"c9","dest":"n0","body":{"key":0,"type":"read","msg_id":2}}
INFO:root:node c9 reading from 0
DEBUG:root:sending {"dest": "n1", "src": "n0", "body": {"msg_id": 27, "type": "read_server", "key": 0}}
DEBUG:root:sending {"dest": "n0", "src": "n0", "body": {"msg_id": 28, "type": "read_server", "key": 0}}
DEBUG:root:received {"id":86,"src":"n0","dest":"n0","body":{"msg_id":28,"type":"read_server","key":0}}
INFO:root:server n0 reading from 0
DEBUG:root:sending {"dest": "n0", "src": "n0", "body": {"msg_id": 29, "in_reply_to": 28, "type": "read_server_ok", "value": {"value": 3, "timestamp": 0}}}
DEBUG:root:received {"id":87,"src":"n1","dest":"n0","body":{"msg_id":24,"in_reply_to":27,"type":"read_server_ok","value":{"value":3,"timestamp":0}}}
DEBUG:root:received {"id":88,"src":"n0","dest":"n0","body":{"msg_id":29,"in_reply_to":28,"type":"read_server_ok","value":{"value":3,"timestamp":0}}}
DEBUG:root:sending {"dest": "n1", "src": "n0", "body": {"msg_id": 30, "type": "unlock_read", "code": 0, "value": 3}}
DEBUG:root:sending {"dest": "n0", "src": "n0", "body": {"msg_id": 31, "type": "unlock_read", "code": 0, "value": 3}}
DEBUG:root:received {"id":90,"src":"n0","dest":"n0","body":{"msg_id":31,"type":"unlock_read","code":0,"value":3}}
DEBUG:root:sending {"dest": "n0", "src": "n0", "body": {"msg_id": 32, "in_reply_to": 31, "type": "unlock_read_ok", "code": 0, "value": 3}}
DEBUG:root:received {"id":91,"src":"n1","dest":"n0","body":{"msg_id":25,"in_reply_to":30,"type":"unlock_read_ok","code":0,"value":3}}
DEBUG:root:received {"id":92,"src":"n0","dest":"n0","body":{"msg_id":32,"in_reply_to":31,"type":"unlock_read_ok","code":0,"value":3}}
DEBUG:root:sending {"dest": "c9", "src": "n0", "body": {"msg_id": 33, "in_reply_to": 2, "type": "read_ok", "value": 3}}
DEBUG:root:received {"id":96,"src":"n2","dest":"n0","body":{"msg_id":26,"type":"cas_lock","key":0,"from":4,"to":3}}
DEBUG:root:sending {"dest": "n2", "src": "n0", "body": {"msg_id": 34, "in_reply_to": 26, "type": "noMatch"}}
DEBUG:root:received {"id":100,"src":"n2","dest":"n0","body":{"msg_id":28,"type":"unlock_cas","code":22}}
DEBUG:root:sending {"dest": "n2", "src": "n0", "body": {"msg_id": 35, "in_reply_to": 28, "type": "unlock_cas_ok", "code": 22}}
DEBUG:root:received {"id":105,"src":"n1","dest":"n0","body":{"msg_id":28,"type":"cas_lock","key":0,"from":4,"to":1}}
DEBUG:root:sending {"dest": "n1", "src": "n0", "body": {"msg_id": 36, "in_reply_to": 28, "type": "noMatch"}}
DEBUG:root:received {"id":109,"src":"n1","dest":"n0","body":{"msg_id":30,"type":"unlock_cas","code":20}}
DEBUG:root:sending {"dest": "n1", "src": "n0", "body": {"msg_id": 37, "in_reply_to": 30, "type": "unlock_cas_ok", "code": 20}}
DEBUG:root:received {"id":124,"src":"c9","dest":"n0","body":{"key":0,"type":"read","msg_id":3}}
INFO:root:node c9 reading from 0
DEBUG:root:sending {"dest": "n2", "src": "n0", "body": {"msg_id": 38, "type": "read_server", "key": 0}}
DEBUG:root:sending {"dest": "n0", "src": "n0", "body": {"msg_id": 39, "type": "read_server", "key": 0}}
DEBUG:root:received {"id":126,"src":"n0","dest":"n0","body":{"msg_id":39,"type":"read_server","key":0}}
INFO:root:server n0 reading from 0
DEBUG:root:sending {"dest": "n0", "src": "n0", "body": {"msg_id": 40, "in_reply_to": 39, "type": "read_server_ok", "value": {"value": 3, "timestamp": 0}}}
DEBUG:root:received {"id":127,"src":"n2","dest":"n0","body":{"msg_id":39,"in_reply_to":38,"type":"error_read","code":20,"text":"not found"}}
DEBUG:root:received {"id":128,"src":"n0","dest":"n0","body":{"msg_id":40,"in_reply_to":39,"type":"read_server_ok","value":{"value":3,"timestamp":0}}}
DEBUG:root:sending {"dest": "n2", "src": "n0", "body": {"msg_id": 41, "type": "unlock_read", "code": 0, "value": 3}}
DEBUG:root:sending {"dest": "n0", "src": "n0", "body": {"msg_id": 42, "type": "unlock_read", "code": 0, "value": 3}}
DEBUG:root:received {"id":130,"src":"n0","dest":"n0","body":{"msg_id":42,"type":"unlock_read","code":0,"value":3}}
DEBUG:root:sending {"dest": "n0", "src": "n0", "body": {"msg_id": 43, "in_reply_to": 42, "type": "unlock_read_ok", "code": 0, "value": 3}}
DEBUG:root:received {"id":131,"src":"n2","dest":"n0","body":{"msg_id":40,"in_reply_to":41,"type":"unlock_read_ok","code":0,"value":3}}
DEBUG:root:received {"id":132,"src":"n0","dest":"n0","body":{"msg_id":43,"in_reply_to":42,"type":"unlock_read_ok","code":0,"value":3}}
DEBUG:root:sending {"dest": "c9", "src": "n0", "body": {"msg_id": 44, "in_reply_to": 3, "type": "read_ok", "value": 3}}
DEBUG:root:received {"id":134,"src":"c6","dest":"n0","body":{"key":0,"from":1,"to":0,"type":"cas","msg_id":3}}
INFO:root:node c6 comparing and setting
DEBUG:root:sending {"dest": "n1", "src": "n0", "body": {"msg_id": 45, "type": "cas_lock", "key": 0, "from": 1, "to": 0}}
DEBUG:root:sending {"dest": "n0", "src": "n0", "body": {"msg_id": 46, "type": "cas_lock", "key": 0, "from": 1, "to": 0}}
DEBUG:root:received {"id":136,"src":"n0","dest":"n0","body":{"msg_id":46,"type":"cas_lock","key":0,"from":1,"to":0}}
DEBUG:root:sending {"dest": "n0", "src": "n0", "body": {"msg_id": 47, "in_reply_to": 46, "type": "noMatch"}}
DEBUG:root:received {"id":137,"src":"n1","dest":"n0","body":{"msg_id":35,"in_reply_to":45,"type":"noMatch"}}
DEBUG:root:received {"id":138,"src":"n0","dest":"n0","body":{"msg_id":47,"in_reply_to":46,"type":"noMatch"}}
DEBUG:root:sending {"dest": "n1", "src": "n0", "body": {"msg_id": 48, "type": "unlock_cas", "code": 22}}
DEBUG:root:sending {"dest": "n0", "src": "n0", "body": {"msg_id": 49, "type": "unlock_cas", "code": 22}}
DEBUG:root:received {"id":140,"src":"n0","dest":"n0","body":{"msg_id":49,"type":"unlock_cas","code":22}}
DEBUG:root:sending {"dest": "n0", "src": "n0", "body": {"msg_id": 50, "in_reply_to": 49, "type": "unlock_cas_ok", "code": 22}}
DEBUG:root:received {"id":141,"src":"n1","dest":"n0","body":{"msg_id":36,"in_reply_to":48,"type":"unlock_cas_ok","code":22}}
DEBUG:root:received {"id":142,"src":"n0","dest":"n0","body":{"msg_id":50,"in_reply_to":49,"type":"unlock_cas_ok","code":22}}
DEBUG:root:sending {"dest": "c6", "src": "n0", "body": {"msg_id": 51, "in_reply_to": 3, "type": "error", "code": 22, "text": "does not match"}}
DEBUG:root:received {"id":145,"src":"n2","dest":"n0","body":{"msg_id":41,"type":"cas_lock","key":0,"from":2,"to":1}}
DEBUG:root:sending {"dest": "n2", "src": "n0", "body": {"msg_id": 52, "in_reply_to": 41, "type": "noMatch"}}
DEBUG:root:received {"id":149,"src":"n2","dest":"n0","body":{"msg_id":43,"type":"unlock_cas","code":22}}
DEBUG:root:sending {"dest": "n2", "src": "n0", "body": {"msg_id": 53, "in_reply_to": 43, "type": "unlock_cas_ok", "code": 22}}
DEBUG:root:received {"id":154,"src":"c9","dest":"n0","body":{"key":0,"type":"read","msg_id":4}}
INFO:root:node c9 reading from 0
DEBUG:root:sending {"dest": "n2", "src": "n0", "body": {"msg_id": 54, "type": "read_server", "key": 0}}
DEBUG:root:sending {"dest": "n0", "src": "n0", "body": {"msg_id": 55, "type": "read_server", "key": 0}}
DEBUG:root:received {"id":156,"src":"n0","dest":"n0","body":{"msg_id":55,"type":"read_server","key":0}}
INFO:root:server n0 reading from 0
DEBUG:root:sending {"dest": "n0", "src": "n0", "body": {"msg_id": 56, "in_reply_to": 55, "type": "read_server_ok", "value": {"value": 3, "timestamp": 0}}}
DEBUG:root:received {"id":157,"src":"n0","dest":"n0","body":{"msg_id":56,"in_reply_to":55,"type":"read_server_ok","value":{"value":3,"timestamp":0}}}
DEBUG:root:received {"id":158,"src":"n2","dest":"n0","body":{"msg_id":46,"in_reply_to":54,"type":"error_read","code":20,"text":"not found"}}
DEBUG:root:sending {"dest": "n0", "src": "n0", "body": {"msg_id": 57, "type": "unlock_read", "code": 0, "value": 3}}
DEBUG:root:sending {"dest": "n2", "src": "n0", "body": {"msg_id": 58, "type": "unlock_read", "code": 0, "value": 3}}
DEBUG:root:received {"id":159,"src":"n0","dest":"n0","body":{"msg_id":57,"type":"unlock_read","code":0,"value":3}}
DEBUG:root:sending {"dest": "n0", "src": "n0", "body": {"msg_id": 59, "in_reply_to": 57, "type": "unlock_read_ok", "code": 0, "value": 3}}
DEBUG:root:received {"id":161,"src":"n0","dest":"n0","body":{"msg_id":59,"in_reply_to":57,"type":"unlock_read_ok","code":0,"value":3}}
DEBUG:root:received {"id":162,"src":"n2","dest":"n0","body":{"msg_id":47,"in_reply_to":58,"type":"unlock_read_ok","code":0,"value":3}}
DEBUG:root:sending {"dest": "c9", "src": "n0", "body": {"msg_id": 60, "in_reply_to": 4, "type": "read_ok", "value": 3}}
DEBUG:root:received {"id":166,"src":"n1","dest":"n0","body":{"msg_id":40,"type":"cas_lock","key":0,"from":2,"to":1}}
DEBUG:root:sending {"dest": "n1", "src": "n0", "body": {"msg_id": 61, "in_reply_to": 40, "type": "noMatch"}}
DEBUG:root:received {"id":170,"src":"n1","dest":"n0","body":{"msg_id":42,"type":"unlock_cas","code":20}}
DEBUG:root:sending {"dest": "n1", "src": "n0", "body": {"msg_id": 62, "in_reply_to": 42, "type": "unlock_cas_ok", "code": 20}}
DEBUG:root:received {"id":176,"src":"n1","dest":"n0","body":{"msg_id":45,"type":"read_server","key":0}}
INFO:root:server n1 reading from 0
DEBUG:root:sending {"dest": "n1", "src": "n0", "body": {"msg_id": 63, "in_reply_to": 45, "type": "read_server_ok", "value": {"value": 3, "timestamp": 0}}}
DEBUG:root:received {"id":180,"src":"n1","dest":"n0","body":{"msg_id":48,"type":"unlock_read","code":0,"value":3}}
DEBUG:root:sending {"dest": "n1", "src": "n0", "body": {"msg_id": 64, "in_reply_to": 48, "type": "unlock_read_ok", "code": 0, "value": 3}}
DEBUG:root:received {"id":185,"src":"n1","dest":"n0","body":{"msg_id":51,"type":"read_server","key":0}}
INFO:root:server n1 reading from 0
DEBUG:root:sending {"dest": "n1", "src": "n0", "body": {"msg_id": 65, "in_reply_to": 51, "type": "read_server_ok", "value": {"value": 3, "timestamp": 0}}}
DEBUG:root:received {"id":189,"src":"n1","dest":"n0","body":{"msg_id":53,"type":"unlock_read","code":0,"value":3}}
DEBUG:root:sending {"dest": "n1", "src": "n0", "body": {"msg_id": 66, "in_reply_to": 53, "type": "unlock_read_ok", "code": 0, "value": 3}}
DEBUG:root:received {"id":194,"src":"c9","dest":"n0","body":{"key":0,"type":"read","msg_id":5}}
INFO:root:node c9 reading from 0
DEBUG:root:sending {"dest": "n0", "src": "n0", "body": {"msg_id": 67, "type": "read_server", "key": 0}}
DEBUG:root:sending {"dest": "n1", "src": "n0", "body": {"msg_id": 68, "type": "read_server", "key": 0}}
DEBUG:root:received {"id":195,"src":"n0","dest":"n0","body":{"msg_id":67,"type":"read_server","key":0}}
INFO:root:server n0 reading from 0
DEBUG:root:sending {"dest": "n0", "src": "n0", "body": {"msg_id": 69, "in_reply_to": 67, "type": "read_server_ok", "value": {"value": 3, "timestamp": 0}}}
DEBUG:root:received {"id":197,"src":"n0","dest":"n0","body":{"msg_id":69,"in_reply_to":67,"type":"read_server_ok","value":{"value":3,"timestamp":0}}}
DEBUG:root:received {"id":198,"src":"n1","dest":"n0","body":{"msg_id":56,"in_reply_to":68,"type":"read_server_ok","value":{"value":3,"timestamp":0}}}
DEBUG:root:sending {"dest": "n0", "src": "n0", "body": {"msg_id": 70, "type": "unlock_read", "code": 0, "value": 3}}
DEBUG:root:sending {"dest": "n1", "src": "n0", "body": {"msg_id": 71, "type": "unlock_read", "code": 0, "value": 3}}
DEBUG:root:received {"id":199,"src":"n0","dest":"n0","body":{"msg_id":70,"type":"unlock_read","code":0,"value":3}}
DEBUG:root:sending {"dest": "n0", "src": "n0", "body": {"msg_id": 72, "in_reply_to": 70, "type": "unlock_read_ok", "code": 0, "value": 3}}
DEBUG:root:received {"id":201,"src":"n0","dest":"n0","body":{"msg_id":72,"in_reply_to":70,"type":"unlock_read_ok","code":0,"value":3}}
DEBUG:root:received {"id":202,"src":"n1","dest":"n0","body":{"msg_id":57,"in_reply_to":71,"type":"unlock_read_ok","code":0,"value":3}}
DEBUG:root:sending {"dest": "c9", "src": "n0", "body": {"msg_id": 73, "in_reply_to": 5, "type": "read_ok", "value": 3}}
DEBUG:root:received {"id":206,"src":"n1","dest":"n0","body":{"msg_id":59,"type":"read_server","key":0}}
INFO:root:server n1 reading from 0
DEBUG:root:sending {"dest": "n1", "src": "n0", "body": {"msg_id": 74, "in_reply_to": 59, "type": "read_server_ok", "value": {"value": 3, "timestamp": 0}}}
DEBUG:root:received {"id":210,"src":"n1","dest":"n0","body":{"msg_id":61,"type":"unlock_read","code":0,"value":3}}
DEBUG:root:sending {"dest": "n1", "src": "n0", "body": {"msg_id": 75, "in_reply_to": 61, "type": "unlock_read_ok", "code": 0, "value": 3}}
DEBUG:root:received {"id":216,"src":"n2","dest":"n0","body":{"msg_id":55,"type":"cas_lock","key":0,"from":2,"to":0}}
DEBUG:root:sending {"dest": "n2", "src": "n0", "body": {"msg_id": 76, "in_reply_to": 55, "type": "noMatch"}}
DEBUG:root:received {"id":220,"src":"n2","dest":"n0","body":{"msg_id":58,"type":"unlock_cas","code":20}}
DEBUG:root:sending {"dest": "n2", "src": "n0", "body": {"msg_id": 77, "in_reply_to": 58, "type": "unlock_cas_ok", "code": 20}}
DEBUG:root:received {"id":224,"src":"c9","dest":"n0","body":{"key":0,"type":"read","msg_id":6}}
INFO:root:node c9 reading from 0
DEBUG:root:sending {"dest": "n1", "src": "n0", "body": {"msg_id": 78, "type": "read_server", "key": 0}}
DEBUG:root:sending {"dest": "n2", "src": "n0", "body": {"msg_id": 79, "type": "read_server", "key": 0}}
DEBUG:root:received {"id":227,"src":"n1","dest":"n0","body":{"msg_id":63,"in_reply_to":78,"type":"read_server_ok","value":{"value":3,"timestamp":0}}}
DEBUG:root:received {"id":228,"src":"n2","dest":"n0","body":{"msg_id":61,"in_reply_to":79,"type":"error_read","code":20,"text":"not found"}}
DEBUG:root:sending {"dest": "n1", "src": "n0", "body": {"msg_id": 80, "type": "unlock_read", "code": 0, "value": 3}}
DEBUG:root:sending {"dest": "n2", "src": "n0", "body": {"msg_id": 81, "type": "unlock_read", "code": 0, "value": 3}}
DEBUG:root:received {"id":231,"src":"n1","dest":"n0","body":{"msg_id":64,"in_reply_to":80,"type":"unlock_read_ok","code":0,"value":3}}
DEBUG:root:received {"id":232,"src":"n2","dest":"n0","body":{"msg_id":62,"in_reply_to":81,"type":"unlock_read_ok","code":0,"value":3}}
DEBUG:root:sending {"dest": "c9", "src": "n0", "body": {"msg_id": 82, "in_reply_to": 6, "type": "read_ok", "value": 3}}
DEBUG:root:received {"id":236,"src":"n2","dest":"n0","body":{"msg_id":64,"type":"read_lock","key":0,"value":4}}
DEBUG:root:sending {"dest": "n2", "src": "n0", "body": {"msg_id": 83, "in_reply_to": 64, "type": "lock_ok", "value": {"value": 3, "timestamp": 0}}}
DEBUG:root:received {"id":240,"src":"n2","dest":"n0","body":{"msg_id":66,"type":"write_server","key":0,"value":4,"timestamp":1}}
DEBUG:root:sending {"dest": "n2", "src": "n0", "body": {"msg_id": 84, "in_reply_to": 66, "type": "write_server_ok"}}
DEBUG:root:received {"id":244,"src":"c6","dest":"n0","body":{"key":0,"from":0,"to":3,"type":"cas","msg_id":4}}
INFO:root:node c6 comparing and setting
DEBUG:root:sending {"dest": "n2", "src": "n0", "body": {"msg_id": 85, "type": "cas_lock", "key": 0, "from": 0, "to": 3}}
DEBUG:root:sending {"dest": "n0", "src": "n0", "body": {"msg_id": 86, "type": "cas_lock", "key": 0, "from": 0, "to": 3}}
DEBUG:root:received {"id":246,"src":"n0","dest":"n0","body":{"msg_id":86,"type":"cas_lock","key":0,"from":0,"to":3}}
DEBUG:root:sending {"dest": "n0", "src": "n0", "body": {"msg_id": 87, "in_reply_to": 86, "type": "noMatch"}}
DEBUG:root:received {"id":247,"src":"n2","dest":"n0","body":{"msg_id":68,"in_reply_to":85,"type":"noKeyCas"}}
DEBUG:root:received {"id":248,"src":"n0","dest":"n0","body":{"msg_id":87,"in_reply_to":86,"type":"noMatch"}}
DEBUG:root:sending {"dest": "n2", "src": "n0", "body": {"msg_id": 88, "type": "unlock_cas", "code": 20}}
DEBUG:root:sending {"dest": "n0", "src": "n0", "body": {"msg_id": 89, "type": "unlock_cas", "code": 20}}
DEBUG:root:received {"id":250,"src":"n0","dest":"n0","body":{"msg_id":89,"type":"unlock_cas","code":20}}
DEBUG:root:sending {"dest": "n0", "src": "n0", "body": {"msg_id": 90, "in_reply_to": 89, "type": "unlock_cas_ok", "code": 20}}
DEBUG:root:received {"id":251,"src":"n2","dest":"n0","body":{"msg_id":69,"in_reply_to":88,"type":"unlock_cas_ok","code":20}}
DEBUG:root:received {"id":252,"src":"n0","dest":"n0","body":{"msg_id":90,"in_reply_to":89,"type":"unlock_cas_ok","code":20}}
DEBUG:root:sending {"dest": "c6", "src": "n0", "body": {"msg_id": 91, "in_reply_to": 4, "type": "error", "code": 20, "text": "not found"}}
DEBUG:root:received {"id":254,"src":"c9","dest":"n0","body":{"key":0,"type":"read","msg_id":7}}
INFO:root:node c9 reading from 0
DEBUG:root:sending {"dest": "n2", "src": "n0", "body": {"msg_id": 92, "type": "read_server", "key": 0}}
DEBUG:root:sending {"dest": "n1", "src": "n0", "body": {"msg_id": 93, "type": "read_server", "key": 0}}
DEBUG:root:received {"id":257,"src":"n2","dest":"n0","body":{"msg_id":70,"in_reply_to":92,"type":"error_read","code":20,"text":"not found"}}
DEBUG:root:received {"id":258,"src":"n1","dest":"n0","body":{"msg_id":67,"in_reply_to":93,"type":"read_server_ok","value":{"value":4,"timestamp":1}}}
DEBUG:root:sending {"dest": "n2", "src": "n0", "body": {"msg_id": 94, "type": "unlock_read", "code": 0, "value": 4}}
DEBUG:root:sending {"dest": "n1", "src": "n0", "body": {"msg_id": 95, "type": "unlock_read", "code": 0, "value": 4}}
DEBUG:root:received {"id":261,"src":"n2","dest":"n0","body":{"msg_id":71,"in_reply_to":94,"type":"unlock_read_ok","code":0,"value":4}}
DEBUG:root:received {"id":262,"src":"n1","dest":"n0","body":{"msg_id":68,"in_reply_to":95,"type":"unlock_read_ok","code":0,"value":4}}
DEBUG:root:sending {"dest": "c9", "src": "n0", "body": {"msg_id": 96, "in_reply_to": 7, "type": "read_ok", "value": 4}}
DEBUG:root:received {"id":265,"src":"n1","dest":"n0","body":{"msg_id":69,"type":"read_server","key":0}}
INFO:root:server n1 reading from 0
DEBUG:root:sending {"dest": "n1", "src": "n0", "body": {"msg_id": 97, "in_reply_to": 69, "type": "read_server_ok", "value": {"value": 4, "timestamp": 1}}}
DEBUG:root:received {"id":269,"src":"n1","dest":"n0","body":{"msg_id":72,"type":"unlock_read","code":0,"value":4}}
DEBUG:root:sending {"dest": "n1", "src": "n0", "body": {"msg_id": 98, "in_reply_to": 72, "type": "unlock_read_ok", "code": 0, "value": 4}}
DEBUG:root:received {"id":284,"src":"c9","dest":"n0","body":{"key":0,"type":"read","msg_id":8}}
INFO:root:node c9 reading from 0
DEBUG:root:sending {"dest": "n1", "src": "n0", "body": {"msg_id": 99, "type": "read_server", "key": 0}}
DEBUG:root:sending {"dest": "n0", "src": "n0", "body": {"msg_id": 100, "type": "read_server", "key": 0}}
DEBUG:root:received {"id":286,"src":"n0","dest":"n0","body":{"msg_id":100,"type":"read_server","key":0}}
INFO:root:server n0 reading from 0
DEBUG:root:sending {"dest": "n0", "src": "n0", "body": {"msg_id": 101, "in_reply_to": 100, "type": "read_server_ok", "value": {"value": 4, "timestamp": 1}}}
DEBUG:root:received {"id":287,"src":"n1","dest":"n0","body":{"msg_id":83,"in_reply_to":99,"type":"read_server_ok","value":{"value":4,"timestamp":1}}}
DEBUG:root:received {"id":288,"src":"n0","dest":"n0","body":{"msg_id":101,"in_reply_to":100,"type":"read_server_ok","value":{"value":4,"timestamp":1}}}
DEBUG:root:sending {"dest": "n1", "src": "n0", "body": {"msg_id": 102, "type": "unlock_read", "code": 0, "value": 4}}
DEBUG:root:sending {"dest": "n0", "src": "n0", "body": {"msg_id": 103, "type": "unlock_read", "code": 0, "value": 4}}
DEBUG:root:received {"id":290,"src":"n0","dest":"n0","body":{"msg_id":103,"type":"unlock_read","code":0,"value":4}}
DEBUG:root:sending {"dest": "n0", "src": "n0", "body": {"msg_id": 104, "in_reply_to": 103, "type": "unlock_read_ok", "code": 0, "value": 4}}
DEBUG:root:received {"id":291,"src":"n1","dest":"n0","body":{"msg_id":84,"in_reply_to":102,"type":"unlock_read_ok","code":0,"value":4}}
DEBUG:root:received {"id":292,"src":"n0","dest":"n0","body":{"msg_id":104,"in_reply_to":103,"type":"unlock_read_ok","code":0,"value":4}}
DEBUG:root:sending {"dest": "c9", "src": "n0", "body": {"msg_id": 105, "in_reply_to": 8, "type": "read_ok", "value": 4}}
DEBUG:root:received {"id":294,"src":"c6","dest":"n0","body":{"key":0,"from":4,"to":1,"type":"cas","msg_id":5}}
INFO:root:node c6 comparing and setting
DEBUG:root:sending {"dest": "n0", "src": "n0", "body": {"msg_id": 106, "type": "cas_lock", "key": 0, "from": 4, "to": 1}}
DEBUG:root:sending {"dest": "n1", "src": "n0", "body": {"msg_id": 107, "type": "cas_lock", "key": 0, "from": 4, "to": 1}}
DEBUG:root:received {"id":295,"src":"n0","dest":"n0","body":{"msg_id":106,"type":"cas_lock","key":0,"from":4,"to":1}}
DEBUG:root:sending {"dest": "n0", "src": "n0", "body": {"msg_id": 108, "in_reply_to": 106, "type": "lock_ok_cas", "value": {"value": 4, "timestamp": 1}}}
DEBUG:root:received {"id":297,"src":"n0","dest":"n0","body":{"msg_id":108,"in_reply_to":106,"type":"lock_ok_cas","value":{"value":4,"timestamp":1}}}
DEBUG:root:received {"id":298,"src":"n1","dest":"n0","body":{"msg_id":85,"in_reply_to":107,"type":"lock_ok_cas","value":{"value":4,"timestamp":1}}}
DEBUG:root:sending {"dest": "n0", "src": "n0", "body": {"msg_id": 109, "type": "cas_server", "key": 0, "from": 4, "to": 1, "timestamp": 2}}
DEBUG:root:sending {"dest": "n1", "src": "n0", "body": {"msg_id": 110, "type": "cas_server", "key": 0, "from": 4, "to": 1, "timestamp": 2}}
DEBUG:root:received {"id":299,"src":"n0","dest":"n0","body":{"msg_id":109,"type":"cas_server","key":0,"from":4,"to":1,"timestamp":2}}
DEBUG:root:sending {"dest": "n0", "src": "n0", "body": {"msg_id": 111, "in_reply_to": 109, "type": "cas_server_ok"}}
DEBUG:root:received {"id":301,"src":"n0","dest":"n0","body":{"msg_id":111,"in_reply_to":109,"type":"cas_server_ok"}}
DEBUG:root:received {"id":302,"src":"n1","dest":"n0","body":{"msg_id":86,"in_reply_to":110,"type":"cas_server_ok"}}
DEBUG:root:sending {"dest": "c6", "src": "n0", "body": {"msg_id": 112, "in_reply_to": 5, "type": "cas_ok"}}
DEBUG:root:received {"id":316,"src":"n1","dest":"n0","body":{"msg_id":95,"type":"cas_lock","key":0,"from":4,"to":0}}
DEBUG:root:sending {"dest": "n1", "src": "n0", "body": {"msg_id": 113, "in_reply_to": 95, "type": "noMatch"}}
DEBUG:root:received {"id":320,"src":"n1","dest":"n0","body":{"msg_id":98,"type":"unlock_cas","code":22}}
DEBUG:root:sending {"dest": "n1", "src": "n0", "body": {"msg_id": 114, "in_reply_to": 98, "type": "unlock_cas_ok", "code": 22}}
DEBUG:root:received {"id":325,"src":"n2","dest":"n0","body":{"msg_id":76,"type":"read_server","key":0}}
INFO:root:server n2 reading from 0
DEBUG:root:sending {"dest": "n2", "src": "n0", "body": {"msg_id": 115, "in_reply_to": 76, "type": "read_server_ok", "value": {"value": 1, "timestamp": 2}}}
DEBUG:root:received {"id":329,"src":"n2","dest":"n0","body":{"msg_id":78,"type":"unlock_read","code":0,"value":1}}
DEBUG:root:sending {"dest": "n2", "src": "n0", "body": {"msg_id": 116, "in_reply_to": 78, "type": "unlock_read_ok", "code": 0, "value": 1}}
DEBUG:root:received {"id":334,"src":"c9","dest":"n0","body":{"key":0,"type":"read","msg_id":9}}
INFO:root:node c9 reading from 0
DEBUG:root:sending {"dest": "n1", "src": "n0", "body": {"msg_id": 117, "type": "read_server", "key": 0}}
DEBUG:root:sending {"dest": "n0", "src": "n0", "body": {"msg_id": 118, "type": "read_server", "key": 0}}
DEBUG:root:received {"id":336,"src":"n0","dest":"n0","body":{"msg_id":118,"type":"read_server","key":0}}
INFO:root:server n0 reading from 0
DEBUG:root:sending {"dest": "n0", "src": "n0", "body": {"msg_id": 119, "in_reply_to": 118, "type": "read_server_ok", "value": {"value": 1, "timestamp": 2}}}
DEBUG:root:received {"id":337,"src":"n0","dest":"n0","body":{"msg_id":119,"in_reply_to":118,"type":"read_server_ok","value":{"value":1,"timestamp":2}}}
DEBUG:root:received {"id":338,"src":"n1","dest":"n0","body":{"msg_id":103,"in_reply_to":117,"type":"read_server_ok","value":{"value":1,"timestamp":2}}}
DEBUG:root:sending {"dest": "n0", "src": "n0", "body": {"msg_id": 120, "type": "unlock_read", "code": 0, "value": 1}}
DEBUG:root:sending {"dest": "n1", "src": "n0", "body": {"msg_id": 121, "type": "unlock_read", "code": 0, "value": 1}}
DEBUG:root:received {"id":339,"src":"n0","dest":"n0","body":{"msg_id":120,"type":"unlock_read","code":0,"value":1}}
DEBUG:root:sending {"dest": "n0", "src": "n0", "body": {"msg_id": 122, "in_reply_to": 120, "type": "unlock_read_ok", "code": 0, "value": 1}}
DEBUG:root:received {"id":341,"src":"n0","dest":"n0","body":{"msg_id":122,"in_reply_to":120,"type":"unlock_read_ok","code":0,"value":1}}
DEBUG:root:received {"id":342,"src":"n1","dest":"n0","body":{"msg_id":104,"in_reply_to":121,"type":"unlock_read_ok","code":0,"value":1}}
DEBUG:root:sending {"dest": "c9", "src": "n0", "body": {"msg_id": 123, "in_reply_to": 9, "type": "read_ok", "value": 1}}
DEBUG:root:received {"id":354,"src":"c6","dest":"n0","body":{"key":0,"value":0,"type":"write","msg_id":6}}
INFO:root:node c6 writing to 0
DEBUG:root:sending {"dest": "n1", "src": "n0", "body": {"msg_id": 124, "type": "read_lock", "key": 0, "value": 0}}
DEBUG:root:sending {"dest": "n0", "src": "n0", "body": {"msg_id": 125, "type": "read_lock", "key": 0, "value": 0}}
DEBUG:root:received {"id":356,"src":"n0","dest":"n0","body":{"msg_id":125,"type":"read_lock","key":0,"value":0}}
DEBUG:root:sending {"dest": "n0", "src": "n0", "body": {"msg_id": 126, "in_reply_to": 125, "type": "lock_ok", "value": {"value": 1, "timestamp": 2}}}
DEBUG:root:received {"id":357,"src":"n1","dest":"n0","body":{"msg_id":112,"in_reply_to":124,"type":"lock_ok","value":{"value":1,"timestamp":2}}}
DEBUG:root:received {"id":358,"src":"n0","dest":"n0","body":{"msg_id":126,"in_reply_to":125,"type":"lock_ok","value":{"value":1,"timestamp":2}}}
DEBUG:root:sending {"dest": "n1", "src": "n0", "body": {"msg_id": 127, "type": "write_server", "key": 0, "value": 0, "timestamp": 3}}
DEBUG:root:sending {"dest": "n0", "src": "n0", "body": {"msg_id": 128, "type": "write_server", "key": 0, "value": 0, "timestamp": 3}}
DEBUG:root:received {"id":360,"src":"n0","dest":"n0","body":{"msg_id":128,"type":"write_server","key":0,"value":0,"timestamp":3}}
DEBUG:root:sending {"dest": "n0", "src": "n0", "body": {"msg_id": 129, "in_reply_to": 128, "type": "write_server_ok"}}
DEBUG:root:received {"id":361,"src":"n0","dest":"n0","body":{"msg_id":129,"in_reply_to":128,"type":"write_server_ok"}}
DEBUG:root:received {"id":362,"src":"n1","dest":"n0","body":{"msg_id":113,"in_reply_to":127,"type":"write_server_ok"}}
DEBUG:root:sending {"dest": "c6", "src": "n0", "body": {"msg_id": 130, "in_reply_to": 6, "type": "write_ok"}}
DEBUG:root:received {"id":376,"src":"n2","dest":"n0","body":{"msg_id":86,"type":"read_server","key":0}}
INFO:root:server n2 reading from 0
DEBUG:root:sending {"dest": "n2", "src": "n0", "body": {"msg_id": 131, "in_reply_to": 86, "type": "read_server_ok", "value": {"value": 0, "timestamp": 3}}}
DEBUG:root:received {"id":380,"src":"n2","dest":"n0","body":{"msg_id":89,"type":"unlock_read","code":0,"value":0}}
DEBUG:root:sending {"dest": "n2", "src": "n0", "body": {"msg_id": 132, "in_reply_to": 89, "type": "unlock_read_ok", "code": 0, "value": 0}}
DEBUG:root:received {"id":386,"src":"n2","dest":"n0","body":{"msg_id":93,"type":"cas_lock","key":0,"from":3,"to":3}}
DEBUG:root:sending {"dest": "n2", "src": "n0", "body": {"msg_id": 133, "in_reply_to": 93, "type": "noMatch"}}
DEBUG:root:received {"id":391,"src":"n2","dest":"n0","body":{"msg_id":95,"type":"unlock_cas","code":22}}
DEBUG:root:received {"id":393,"src":"n1","dest":"n0","body":{"msg_id":123,"type":"read_server","key":0}}
DEBUG:root:sending {"dest": "n2", "src": "n0", "body": {"msg_id": 134, "in_reply_to": 95, "type": "unlock_cas_ok", "code": 22}}
INFO:root:server n1 reading from 0
DEBUG:root:sending {"dest": "n1", "src": "n0", "body": {"msg_id": 135, "in_reply_to": 123, "type": "read_server_ok", "value": {"value": 0, "timestamp": 3}}}
DEBUG:root:received {"id":400,"src":"n1","dest":"n0","body":{"msg_id":126,"type":"unlock_read","code":0,"value":0}}
DEBUG:root:sending {"dest": "n1", "src": "n0", "body": {"msg_id": 136, "in_reply_to": 126, "type": "unlock_read_ok", "code": 0, "value": 0}}
DEBUG:root:received {"id":405,"src":"n2","dest":"n0","body":{"msg_id":99,"type":"read_server","key":1}}
INFO:root:server n2 reading from 1
DEBUG:root:sending {"dest": "n2", "src": "n0", "body": {"msg_id": 137, "in_reply_to": 99, "type": "error_read", "code": 20, "text": "not found"}}
DEBUG:root:received {"id":410,"src":"n2","dest":"n0","body":{"msg_id":103,"type":"unlock_read","code":20}}
DEBUG:root:sending {"dest": "n2", "src": "n0", "body": {"msg_id": 138, "in_reply_to": 103, "type": "unlock_read_ok", "code": 20}}
DEBUG:root:received {"id":414,"src":"c9","dest":"n0","body":{"key":1,"type":"read","msg_id":10}}
INFO:root:node c9 reading from 1
DEBUG:root:sending {"dest": "n2", "src": "n0", "body": {"msg_id": 139, "type": "read_server", "key": 1}}
DEBUG:root:sending {"dest": "n0", "src": "n0", "body": {"msg_id": 140, "type": "read_server", "key": 1}}
DEBUG:root:received {"id":416,"src":"n0","dest":"n0","body":{"msg_id":140,"type":"read_server","key":1}}
INFO:root:server n0 reading from 1
DEBUG:root:sending {"dest": "n0", "src": "n0", "body": {"msg_id": 141, "in_reply_to": 140, "type": "error_read", "code": 20, "text": "not found"}}
DEBUG:root:received {"id":417,"src":"n0","dest":"n0","body":{"msg_id":141,"in_reply_to":140,"type":"error_read","code":20,"text":"not found"}}
DEBUG:root:received {"id":418,"src":"n2","dest":"n0","body":{"msg_id":106,"in_reply_to":139,"type":"error_read","code":20,"text":"not found"}}
DEBUG:root:sending {"dest": "n0", "src": "n0", "body": {"msg_id": 142, "type": "unlock_read", "code": 20}}
DEBUG:root:sending {"dest": "n2", "src": "n0", "body": {"msg_id": 143, "type": "unlock_read", "code": 20}}
DEBUG:root:received {"id":419,"src":"n0","dest":"n0","body":{"msg_id":142,"type":"unlock_read","code":20}}
DEBUG:root:sending {"dest": "n0", "src": "n0", "body": {"msg_id": 144, "in_reply_to": 142, "type": "unlock_read_ok", "code": 20}}
DEBUG:root:received {"id":421,"src":"n0","dest":"n0","body":{"msg_id":144,"in_reply_to":142,"type":"unlock_read_ok","code":20}}
DEBUG:root:received {"id":422,"src":"n2","dest":"n0","body":{"msg_id":107,"in_reply_to":143,"type":"unlock_read_ok","code":20}}
DEBUG:root:sending {"dest": "c9", "src": "n0", "body": {"msg_id": 145, "in_reply_to": 10, "type": "error", "code": 20, "text": "not found"}}
DEBUG:root:received {"id":425,"src":"n1","dest":"n0","body":{"msg_id":128,"type":"read_server","key":1}}
INFO:root:server n1 reading from 1
DEBUG:root:sending {"dest": "n1", "src": "n0", "body": {"msg_id": 146, "in_reply_to": 128, "type": "error_read", "code": 20, "text": "not found"}}
DEBUG:root:received {"id":429,"src":"n1","dest":"n0","body":{"msg_id":131,"type":"unlock_read","code":20}}
DEBUG:root:sending {"dest": "n1", "src": "n0", "body": {"msg_id": 147, "in_reply_to": 131, "type": "unlock_read_ok", "code": 20}}
DEBUG:root:received {"id":444,"src":"c6","dest":"n0","body":{"key":1,"value":1,"type":"write","msg_id":7}}
INFO:root:node c6 writing to 1
DEBUG:root:sending {"dest": "n2", "src": "n0", "body": {"msg_id": 148, "type": "read_lock", "key": 1, "value": 1}}
DEBUG:root:sending {"dest": "n0", "src": "n0", "body": {"msg_id": 149, "type": "read_lock", "key": 1, "value": 1}}
DEBUG:root:received {"id":446,"src":"n0","dest":"n0","body":{"msg_id":149,"type":"read_lock","key":1,"value":1}}
DEBUG:root:sending {"dest": "n0", "src": "n0", "body": {"msg_id": 150, "in_reply_to": 149, "type": "noKey", "text": "not found"}}
DEBUG:root:received {"id":447,"src":"n2","dest":"n0","body":{"msg_id":115,"in_reply_to":148,"type":"lock_ok","value":{"value":1,"timestamp":0}}}
DEBUG:root:received {"id":448,"src":"n0","dest":"n0","body":{"msg_id":150,"in_reply_to":149,"type":"noKey","text":"not found"}}
DEBUG:root:sending {"dest": "n2", "src": "n0", "body": {"msg_id": 151, "type": "write_server", "key": 1, "value": 1, "timestamp": 1}}
DEBUG:root:sending {"dest": "n0", "src": "n0", "body": {"msg_id": 152, "type": "write_server", "key": 1, "value": 1, "timestamp": 1}}
DEBUG:root:received {"id":450,"src":"n0","dest":"n0","body":{"msg_id":152,"type":"write_server","key":1,"value":1,"timestamp":1}}
DEBUG:root:sending {"dest": "n0", "src": "n0", "body": {"msg_id": 153, "in_reply_to": 152, "type": "write_server_ok"}}
DEBUG:root:received {"id":451,"src":"n2","dest":"n0","body":{"msg_id":116,"in_reply_to":151,"type":"write_server_ok"}}
DEBUG:root:received {"id":452,"src":"n0","dest":"n0","body":{"msg_id":153,"in_reply_to":152,"type":"write_server_ok"}}
DEBUG:root:sending {"dest": "c6", "src": "n0", "body": {"msg_id": 154, "in_reply_to": 7, "type": "write_ok"}}
