/home/clock/Mestrado/2Sem/TF/TP/TP1/lin-kv.py:9: DeprecationWarning: the imp module is deprecated in favour of importlib; see the module's documentation for alternative uses
  import imp
DEBUG:root:received {"id":1,"src":"c1","dest":"n1","body":{"type":"init","node_id":"n1","node_ids":["n0","n1","n2"],"msg_id":1}}
INFO:root:node n1 initialized
DEBUG:root:sending {"dest": "c1", "src": "n1", "body": {"msg_id": 1, "in_reply_to": 1, "type": "init_ok"}}
DEBUG:root:received {"id":11,"src":"n0","dest":"n1","body":{"msg_id":2,"type":"cas_lock","key":0,"from":2,"to":1}}
DEBUG:root:sending {"dest": "n0", "src": "n1", "body": {"msg_id": 2, "in_reply_to": 2, "type": "noKeyCas"}}
DEBUG:root:received {"id":21,"src":"n0","dest":"n1","body":{"msg_id":7,"type":"unlock"}}
DEBUG:root:received {"id":24,"src":"c8","dest":"n1","body":{"key":0,"from":2,"to":1,"type":"cas","msg_id":1}}
INFO:root:node c8 comparing and setting
DEBUG:root:sending {"dest": "n2", "src": "n1", "body": {"msg_id": 3, "type": "cas_lock", "key": 0, "from": 2, "to": 1}}
DEBUG:root:sending {"dest": "n0", "src": "n1", "body": {"msg_id": 4, "type": "cas_lock", "key": 0, "from": 2, "to": 1}}
DEBUG:root:received {"id":27,"src":"n2","dest":"n1","body":{"msg_id":10,"in_reply_to":3,"type":"noKeyCas"}}
DEBUG:root:received {"id":28,"src":"n0","dest":"n1","body":{"msg_id":9,"in_reply_to":4,"type":"noKeyCas"}}
DEBUG:root:sending {"dest": "n2", "src": "n1", "body": {"msg_id": 5, "type": "unlock_cas", "code": 20}}
DEBUG:root:sending {"dest": "n0", "src": "n1", "body": {"msg_id": 6, "type": "unlock_cas", "code": 20}}
DEBUG:root:received {"id":31,"src":"n2","dest":"n1","body":{"msg_id":11,"in_reply_to":5,"type":"unlock_cas_ok","code":20}}
DEBUG:root:received {"id":32,"src":"n0","dest":"n1","body":{"msg_id":10,"in_reply_to":6,"type":"unlock_cas_ok","code":20}}
DEBUG:root:sending {"dest": "c8", "src": "n1", "body": {"msg_id": 7, "in_reply_to": 1, "type": "error", "code": 20, "text": "not found"}}
DEBUG:root:received {"id":35,"src":"n0","dest":"n1","body":{"msg_id":11,"type":"read_server","key":0}}
INFO:root:server n0 reading from 0
DEBUG:root:sending {"dest": "n0", "src": "n1", "body": {"msg_id": 8, "in_reply_to": 11, "type": "error_read", "code": 20, "text": "not found"}}
DEBUG:root:received {"id":39,"src":"n0","dest":"n1","body":{"msg_id":13,"type":"unlock_read","code":20}}
DEBUG:root:sending {"dest": "n0", "src": "n1", "body": {"msg_id": 9, "in_reply_to": 13, "type": "unlock_read_ok", "code": 20}}
DEBUG:root:received {"id":44,"src":"c10","dest":"n1","body":{"key":0,"type":"read","msg_id":1}}
INFO:root:node c10 reading from 0
DEBUG:root:sending {"dest": "n2", "src": "n1", "body": {"msg_id": 10, "type": "read_server", "key": 0}}
DEBUG:root:sending {"dest": "n1", "src": "n1", "body": {"msg_id": 11, "type": "read_server", "key": 0}}
DEBUG:root:received {"id":46,"src":"n1","dest":"n1","body":{"msg_id":11,"type":"read_server","key":0}}
INFO:root:server n1 reading from 0
DEBUG:root:sending {"dest": "n1", "src": "n1", "body": {"msg_id": 12, "in_reply_to": 11, "type": "error_read", "code": 20, "text": "not found"}}
DEBUG:root:received {"id":47,"src":"n2","dest":"n1","body":{"msg_id":14,"in_reply_to":10,"type":"error_read","code":20,"text":"not found"}}
DEBUG:root:received {"id":48,"src":"n1","dest":"n1","body":{"msg_id":12,"in_reply_to":11,"type":"error_read","code":20,"text":"not found"}}
DEBUG:root:sending {"dest": "n2", "src": "n1", "body": {"msg_id": 13, "type": "unlock_read", "code": 20}}
DEBUG:root:sending {"dest": "n1", "src": "n1", "body": {"msg_id": 14, "type": "unlock_read", "code": 20}}
DEBUG:root:received {"id":50,"src":"n1","dest":"n1","body":{"msg_id":14,"type":"unlock_read","code":20}}
DEBUG:root:sending {"dest": "n1", "src": "n1", "body": {"msg_id": 15, "in_reply_to": 14, "type": "unlock_read_ok", "code": 20}}
DEBUG:root:received {"id":51,"src":"n1","dest":"n1","body":{"msg_id":15,"in_reply_to":14,"type":"unlock_read_ok","code":20}}
DEBUG:root:received {"id":52,"src":"n2","dest":"n1","body":{"msg_id":15,"in_reply_to":13,"type":"unlock_read_ok","code":20}}
DEBUG:root:sending {"dest": "c10", "src": "n1", "body": {"msg_id": 16, "in_reply_to": 1, "type": "error", "code": 20, "text": "not found"}}
DEBUG:root:received {"id":54,"src":"c8","dest":"n1","body":{"key":0,"value":3,"type":"write","msg_id":2}}
INFO:root:node c8 writing to 0
DEBUG:root:sending {"dest": "n0", "src": "n1", "body": {"msg_id": 17, "type": "read_lock", "key": 0, "value": 3}}
DEBUG:root:sending {"dest": "n1", "src": "n1", "body": {"msg_id": 18, "type": "read_lock", "key": 0, "value": 3}}
DEBUG:root:received {"id":56,"src":"n1","dest":"n1","body":{"msg_id":18,"type":"read_lock","key":0,"value":3}}
DEBUG:root:sending {"dest": "n1", "src": "n1", "body": {"msg_id": 19, "in_reply_to": 18, "type": "noKey", "text": "not found"}}
DEBUG:root:received {"id":57,"src":"n0","dest":"n1","body":{"msg_id":16,"in_reply_to":17,"type":"noKey","text":"not found"}}
DEBUG:root:received {"id":58,"src":"n1","dest":"n1","body":{"msg_id":19,"in_reply_to":18,"type":"noKey","text":"not found"}}
DEBUG:root:sending {"dest": "n0", "src": "n1", "body": {"msg_id": 20, "type": "write_server", "key": 0, "value": 3, "timestamp": 0}}
DEBUG:root:sending {"dest": "n1", "src": "n1", "body": {"msg_id": 21, "type": "write_server", "key": 0, "value": 3, "timestamp": 0}}
DEBUG:root:received {"id":60,"src":"n1","dest":"n1","body":{"msg_id":21,"type":"write_server","key":0,"value":3,"timestamp":0}}
DEBUG:root:sending {"dest": "n1", "src": "n1", "body": {"msg_id": 22, "in_reply_to": 21, "type": "write_server_ok"}}
DEBUG:root:received {"id":61,"src":"n0","dest":"n1","body":{"msg_id":17,"in_reply_to":20,"type":"write_server_ok"}}
DEBUG:root:received {"id":62,"src":"n1","dest":"n1","body":{"msg_id":22,"in_reply_to":21,"type":"write_server_ok"}}
DEBUG:root:sending {"dest": "c8", "src": "n1", "body": {"msg_id": 23, "in_reply_to": 2, "type": "write_ok"}}
DEBUG:root:received {"id":85,"src":"n0","dest":"n1","body":{"msg_id":27,"type":"read_server","key":0}}
INFO:root:server n0 reading from 0
DEBUG:root:sending {"dest": "n0", "src": "n1", "body": {"msg_id": 24, "in_reply_to": 27, "type": "read_server_ok", "value": {"value": 3, "timestamp": 0}}}
DEBUG:root:received {"id":89,"src":"n0","dest":"n1","body":{"msg_id":30,"type":"unlock_read","code":0,"value":3}}
DEBUG:root:sending {"dest": "n0", "src": "n1", "body": {"msg_id": 25, "in_reply_to": 30, "type": "unlock_read_ok", "code": 0, "value": 3}}
DEBUG:root:received {"id":95,"src":"n2","dest":"n1","body":{"msg_id":25,"type":"cas_lock","key":0,"from":4,"to":3}}
DEBUG:root:sending {"dest": "n2", "src": "n1", "body": {"msg_id": 26, "in_reply_to": 25, "type": "noMatch"}}
DEBUG:root:received {"id":99,"src":"n2","dest":"n1","body":{"msg_id":27,"type":"unlock_cas","code":22}}
DEBUG:root:sending {"dest": "n2", "src": "n1", "body": {"msg_id": 27, "in_reply_to": 27, "type": "unlock_cas_ok", "code": 22}}
DEBUG:root:received {"id":104,"src":"c8","dest":"n1","body":{"key":0,"from":4,"to":1,"type":"cas","msg_id":3}}
INFO:root:node c8 comparing and setting
DEBUG:root:sending {"dest": "n0", "src": "n1", "body": {"msg_id": 28, "type": "cas_lock", "key": 0, "from": 4, "to": 1}}
DEBUG:root:sending {"dest": "n2", "src": "n1", "body": {"msg_id": 29, "type": "cas_lock", "key": 0, "from": 4, "to": 1}}
DEBUG:root:received {"id":107,"src":"n0","dest":"n1","body":{"msg_id":36,"in_reply_to":28,"type":"noMatch"}}
DEBUG:root:received {"id":108,"src":"n2","dest":"n1","body":{"msg_id":30,"in_reply_to":29,"type":"noKeyCas"}}
DEBUG:root:sending {"dest": "n0", "src": "n1", "body": {"msg_id": 30, "type": "unlock_cas", "code": 20}}
DEBUG:root:sending {"dest": "n2", "src": "n1", "body": {"msg_id": 31, "type": "unlock_cas", "code": 20}}
DEBUG:root:received {"id":111,"src":"n0","dest":"n1","body":{"msg_id":37,"in_reply_to":30,"type":"unlock_cas_ok","code":20}}
DEBUG:root:received {"id":112,"src":"n2","dest":"n1","body":{"msg_id":31,"in_reply_to":31,"type":"unlock_cas_ok","code":20}}
DEBUG:root:sending {"dest": "c8", "src": "n1", "body": {"msg_id": 32, "in_reply_to": 3, "type": "error", "code": 20, "text": "not found"}}
DEBUG:root:received {"id":116,"src":"n2","dest":"n1","body":{"msg_id":33,"type":"read_server","key":0}}
INFO:root:server n2 reading from 0
DEBUG:root:sending {"dest": "n2", "src": "n1", "body": {"msg_id": 33, "in_reply_to": 33, "type": "read_server_ok", "value": {"value": 3, "timestamp": 0}}}
DEBUG:root:received {"id":120,"src":"n2","dest":"n1","body":{"msg_id":36,"type":"unlock_read","code":0,"value":3}}
DEBUG:root:sending {"dest": "n2", "src": "n1", "body": {"msg_id": 34, "in_reply_to": 36, "type": "unlock_read_ok", "code": 0, "value": 3}}
DEBUG:root:received {"id":135,"src":"n0","dest":"n1","body":{"msg_id":45,"type":"cas_lock","key":0,"from":1,"to":0}}
DEBUG:root:sending {"dest": "n0", "src": "n1", "body": {"msg_id": 35, "in_reply_to": 45, "type": "noMatch"}}
DEBUG:root:received {"id":139,"src":"n0","dest":"n1","body":{"msg_id":48,"type":"unlock_cas","code":22}}
DEBUG:root:sending {"dest": "n0", "src": "n1", "body": {"msg_id": 36, "in_reply_to": 48, "type": "unlock_cas_ok", "code": 22}}
DEBUG:root:received {"id":146,"src":"n2","dest":"n1","body":{"msg_id":42,"type":"cas_lock","key":0,"from":2,"to":1}}
DEBUG:root:sending {"dest": "n2", "src": "n1", "body": {"msg_id": 37, "in_reply_to": 42, "type": "noMatch"}}
DEBUG:root:received {"id":150,"src":"n2","dest":"n1","body":{"msg_id":44,"type":"unlock_cas","code":22}}
DEBUG:root:sending {"dest": "n2", "src": "n1", "body": {"msg_id": 38, "in_reply_to": 44, "type": "unlock_cas_ok", "code": 22}}
DEBUG:root:received {"id":164,"src":"c8","dest":"n1","body":{"key":0,"from":2,"to":1,"type":"cas","msg_id":4}}
INFO:root:node c8 comparing and setting
DEBUG:root:sending {"dest": "n2", "src": "n1", "body": {"msg_id": 39, "type": "cas_lock", "key": 0, "from": 2, "to": 1}}
DEBUG:root:sending {"dest": "n0", "src": "n1", "body": {"msg_id": 40, "type": "cas_lock", "key": 0, "from": 2, "to": 1}}
DEBUG:root:received {"id":167,"src":"n2","dest":"n1","body":{"msg_id":48,"in_reply_to":39,"type":"noKeyCas"}}
DEBUG:root:received {"id":168,"src":"n0","dest":"n1","body":{"msg_id":61,"in_reply_to":40,"type":"noMatch"}}
DEBUG:root:sending {"dest": "n2", "src": "n1", "body": {"msg_id": 41, "type": "unlock_cas", "code": 20}}
DEBUG:root:sending {"dest": "n0", "src": "n1", "body": {"msg_id": 42, "type": "unlock_cas", "code": 20}}
DEBUG:root:received {"id":171,"src":"n2","dest":"n1","body":{"msg_id":49,"in_reply_to":41,"type":"unlock_cas_ok","code":20}}
DEBUG:root:received {"id":172,"src":"n0","dest":"n1","body":{"msg_id":62,"in_reply_to":42,"type":"unlock_cas_ok","code":20}}
DEBUG:root:sending {"dest": "c8", "src": "n1", "body": {"msg_id": 43, "in_reply_to": 4, "type": "error", "code": 20, "text": "not found"}}
DEBUG:root:received {"id":174,"src":"c10","dest":"n1","body":{"key":0,"type":"read","msg_id":2}}
INFO:root:node c10 reading from 0
DEBUG:root:sending {"dest": "n1", "src": "n1", "body": {"msg_id": 44, "type": "read_server", "key": 0}}
DEBUG:root:sending {"dest": "n0", "src": "n1", "body": {"msg_id": 45, "type": "read_server", "key": 0}}
DEBUG:root:received {"id":175,"src":"n1","dest":"n1","body":{"msg_id":44,"type":"read_server","key":0}}
INFO:root:server n1 reading from 0
DEBUG:root:sending {"dest": "n1", "src": "n1", "body": {"msg_id": 46, "in_reply_to": 44, "type": "read_server_ok", "value": {"value": 3, "timestamp": 0}}}
DEBUG:root:received {"id":177,"src":"n1","dest":"n1","body":{"msg_id":46,"in_reply_to":44,"type":"read_server_ok","value":{"value":3,"timestamp":0}}}
DEBUG:root:received {"id":178,"src":"n0","dest":"n1","body":{"msg_id":63,"in_reply_to":45,"type":"read_server_ok","value":{"value":3,"timestamp":0}}}
DEBUG:root:sending {"dest": "n1", "src": "n1", "body": {"msg_id": 47, "type": "unlock_read", "code": 0, "value": 3}}
DEBUG:root:sending {"dest": "n0", "src": "n1", "body": {"msg_id": 48, "type": "unlock_read", "code": 0, "value": 3}}
DEBUG:root:received {"id":179,"src":"n1","dest":"n1","body":{"msg_id":47,"type":"unlock_read","code":0,"value":3}}
DEBUG:root:sending {"dest": "n1", "src": "n1", "body": {"msg_id": 49, "in_reply_to": 47, "type": "unlock_read_ok", "code": 0, "value": 3}}
DEBUG:root:received {"id":181,"src":"n1","dest":"n1","body":{"msg_id":49,"in_reply_to":47,"type":"unlock_read_ok","code":0,"value":3}}
DEBUG:root:received {"id":182,"src":"n0","dest":"n1","body":{"msg_id":64,"in_reply_to":48,"type":"unlock_read_ok","code":0,"value":3}}
DEBUG:root:sending {"dest": "c10", "src": "n1", "body": {"msg_id": 50, "in_reply_to": 2, "type": "read_ok", "value": 3}}
DEBUG:root:received {"id":184,"src":"c10","dest":"n1","body":{"key":0,"type":"read","msg_id":3}}
INFO:root:node c10 reading from 0
DEBUG:root:sending {"dest": "n0", "src": "n1", "body": {"msg_id": 51, "type": "read_server", "key": 0}}
DEBUG:root:sending {"dest": "n2", "src": "n1", "body": {"msg_id": 52, "type": "read_server", "key": 0}}
DEBUG:root:received {"id":187,"src":"n0","dest":"n1","body":{"msg_id":65,"in_reply_to":51,"type":"read_server_ok","value":{"value":3,"timestamp":0}}}
DEBUG:root:received {"id":188,"src":"n2","dest":"n1","body":{"msg_id":50,"in_reply_to":52,"type":"error_read","code":20,"text":"not found"}}
DEBUG:root:sending {"dest": "n0", "src": "n1", "body": {"msg_id": 53, "type": "unlock_read", "code": 0, "value": 3}}
DEBUG:root:sending {"dest": "n2", "src": "n1", "body": {"msg_id": 54, "type": "unlock_read", "code": 0, "value": 3}}
DEBUG:root:received {"id":191,"src":"n0","dest":"n1","body":{"msg_id":66,"in_reply_to":53,"type":"unlock_read_ok","code":0,"value":3}}
DEBUG:root:received {"id":192,"src":"n2","dest":"n1","body":{"msg_id":51,"in_reply_to":54,"type":"unlock_read_ok","code":0,"value":3}}
DEBUG:root:sending {"dest": "c10", "src": "n1", "body": {"msg_id": 55, "in_reply_to": 3, "type": "read_ok", "value": 3}}
DEBUG:root:received {"id":196,"src":"n0","dest":"n1","body":{"msg_id":68,"type":"read_server","key":0}}
INFO:root:server n0 reading from 0
DEBUG:root:sending {"dest": "n0", "src": "n1", "body": {"msg_id": 56, "in_reply_to": 68, "type": "read_server_ok", "value": {"value": 3, "timestamp": 0}}}
DEBUG:root:received {"id":200,"src":"n0","dest":"n1","body":{"msg_id":71,"type":"unlock_read","code":0,"value":3}}
DEBUG:root:sending {"dest": "n0", "src": "n1", "body": {"msg_id": 57, "in_reply_to": 71, "type": "unlock_read_ok", "code": 0, "value": 3}}
DEBUG:root:received {"id":204,"src":"c10","dest":"n1","body":{"key":0,"type":"read","msg_id":4}}
INFO:root:node c10 reading from 0
DEBUG:root:sending {"dest": "n2", "src": "n1", "body": {"msg_id": 58, "type": "read_server", "key": 0}}
DEBUG:root:sending {"dest": "n0", "src": "n1", "body": {"msg_id": 59, "type": "read_server", "key": 0}}
DEBUG:root:received {"id":207,"src":"n2","dest":"n1","body":{"msg_id":52,"in_reply_to":58,"type":"error_read","code":20,"text":"not found"}}
DEBUG:root:received {"id":208,"src":"n0","dest":"n1","body":{"msg_id":74,"in_reply_to":59,"type":"read_server_ok","value":{"value":3,"timestamp":0}}}
DEBUG:root:sending {"dest": "n2", "src": "n1", "body": {"msg_id": 60, "type": "unlock_read", "code": 0, "value": 3}}
DEBUG:root:sending {"dest": "n0", "src": "n1", "body": {"msg_id": 61, "type": "unlock_read", "code": 0, "value": 3}}
DEBUG:root:received {"id":211,"src":"n2","dest":"n1","body":{"msg_id":53,"in_reply_to":60,"type":"unlock_read_ok","code":0,"value":3}}
DEBUG:root:received {"id":212,"src":"n0","dest":"n1","body":{"msg_id":75,"in_reply_to":61,"type":"unlock_read_ok","code":0,"value":3}}
DEBUG:root:sending {"dest": "c10", "src": "n1", "body": {"msg_id": 62, "in_reply_to": 4, "type": "read_ok", "value": 3}}
DEBUG:root:received {"id":225,"src":"n0","dest":"n1","body":{"msg_id":78,"type":"read_server","key":0}}
INFO:root:server n0 reading from 0
DEBUG:root:sending {"dest": "n0", "src": "n1", "body": {"msg_id": 63, "in_reply_to": 78, "type": "read_server_ok", "value": {"value": 3, "timestamp": 0}}}
DEBUG:root:received {"id":229,"src":"n0","dest":"n1","body":{"msg_id":80,"type":"unlock_read","code":0,"value":3}}
DEBUG:root:sending {"dest": "n0", "src": "n1", "body": {"msg_id": 64, "in_reply_to": 80, "type": "unlock_read_ok", "code": 0, "value": 3}}
DEBUG:root:received {"id":235,"src":"n2","dest":"n1","body":{"msg_id":63,"type":"read_lock","key":0,"value":4}}
DEBUG:root:sending {"dest": "n2", "src": "n1", "body": {"msg_id": 65, "in_reply_to": 63, "type": "lock_ok", "value": {"value": 3, "timestamp": 0}}}
DEBUG:root:received {"id":239,"src":"n2","dest":"n1","body":{"msg_id":65,"type":"write_server","key":0,"value":4,"timestamp":1}}
DEBUG:root:sending {"dest": "n2", "src": "n1", "body": {"msg_id": 66, "in_reply_to": 65, "type": "write_server_ok"}}
DEBUG:root:received {"id":256,"src":"n0","dest":"n1","body":{"msg_id":93,"type":"read_server","key":0}}
INFO:root:server n0 reading from 0
DEBUG:root:sending {"dest": "n0", "src": "n1", "body": {"msg_id": 67, "in_reply_to": 93, "type": "read_server_ok", "value": {"value": 4, "timestamp": 1}}}
DEBUG:root:received {"id":260,"src":"n0","dest":"n1","body":{"msg_id":95,"type":"unlock_read","code":0,"value":4}}
DEBUG:root:sending {"dest": "n0", "src": "n1", "body": {"msg_id": 68, "in_reply_to": 95, "type": "unlock_read_ok", "code": 0, "value": 4}}
DEBUG:root:received {"id":264,"src":"c10","dest":"n1","body":{"key":0,"type":"read","msg_id":5}}
INFO:root:node c10 reading from 0
DEBUG:root:sending {"dest": "n0", "src": "n1", "body": {"msg_id": 69, "type": "read_server", "key": 0}}
DEBUG:root:sending {"dest": "n1", "src": "n1", "body": {"msg_id": 70, "type": "read_server", "key": 0}}
DEBUG:root:received {"id":266,"src":"n1","dest":"n1","body":{"msg_id":70,"type":"read_server","key":0}}
INFO:root:server n1 reading from 0
DEBUG:root:sending {"dest": "n1", "src": "n1", "body": {"msg_id": 71, "in_reply_to": 70, "type": "read_server_ok", "value": {"value": 4, "timestamp": 1}}}
DEBUG:root:received {"id":267,"src":"n0","dest":"n1","body":{"msg_id":97,"in_reply_to":69,"type":"read_server_ok","value":{"value":4,"timestamp":1}}}
DEBUG:root:received {"id":268,"src":"n1","dest":"n1","body":{"msg_id":71,"in_reply_to":70,"type":"read_server_ok","value":{"value":4,"timestamp":1}}}
DEBUG:root:sending {"dest": "n0", "src": "n1", "body": {"msg_id": 72, "type": "unlock_read", "code": 0, "value": 4}}
DEBUG:root:sending {"dest": "n1", "src": "n1", "body": {"msg_id": 73, "type": "unlock_read", "code": 0, "value": 4}}
DEBUG:root:received {"id":270,"src":"n1","dest":"n1","body":{"msg_id":73,"type":"unlock_read","code":0,"value":4}}
DEBUG:root:sending {"dest": "n1", "src": "n1", "body": {"msg_id": 74, "in_reply_to": 73, "type": "unlock_read_ok", "code": 0, "value": 4}}
DEBUG:root:received {"id":271,"src":"n0","dest":"n1","body":{"msg_id":98,"in_reply_to":72,"type":"unlock_read_ok","code":0,"value":4}}
DEBUG:root:received {"id":272,"src":"n1","dest":"n1","body":{"msg_id":74,"in_reply_to":73,"type":"unlock_read_ok","code":0,"value":4}}
DEBUG:root:sending {"dest": "c10", "src": "n1", "body": {"msg_id": 75, "in_reply_to": 5, "type": "read_ok", "value": 4}}
DEBUG:root:received {"id":274,"src":"c8","dest":"n1","body":{"key":0,"from":3,"to":2,"type":"cas","msg_id":5}}
INFO:root:node c8 comparing and setting
DEBUG:root:sending {"dest": "n2", "src": "n1", "body": {"msg_id": 76, "type": "cas_lock", "key": 0, "from": 3, "to": 2}}
DEBUG:root:sending {"dest": "n1", "src": "n1", "body": {"msg_id": 77, "type": "cas_lock", "key": 0, "from": 3, "to": 2}}
DEBUG:root:received {"id":276,"src":"n1","dest":"n1","body":{"msg_id":77,"type":"cas_lock","key":0,"from":3,"to":2}}
DEBUG:root:sending {"dest": "n1", "src": "n1", "body": {"msg_id": 78, "in_reply_to": 77, "type": "noMatch"}}
DEBUG:root:received {"id":277,"src":"n2","dest":"n1","body":{"msg_id":72,"in_reply_to":76,"type":"noKeyCas"}}
DEBUG:root:received {"id":278,"src":"n1","dest":"n1","body":{"msg_id":78,"in_reply_to":77,"type":"noMatch"}}
DEBUG:root:sending {"dest": "n2", "src": "n1", "body": {"msg_id": 79, "type": "unlock_cas", "code": 20}}
DEBUG:root:sending {"dest": "n1", "src": "n1", "body": {"msg_id": 80, "type": "unlock_cas", "code": 20}}
DEBUG:root:received {"id":280,"src":"n1","dest":"n1","body":{"msg_id":80,"type":"unlock_cas","code":20}}
DEBUG:root:sending {"dest": "n1", "src": "n1", "body": {"msg_id": 81, "in_reply_to": 80, "type": "unlock_cas_ok", "code": 20}}
DEBUG:root:received {"id":281,"src":"n2","dest":"n1","body":{"msg_id":73,"in_reply_to":79,"type":"unlock_cas_ok","code":20}}
DEBUG:root:received {"id":282,"src":"n1","dest":"n1","body":{"msg_id":81,"in_reply_to":80,"type":"unlock_cas_ok","code":20}}
DEBUG:root:sending {"dest": "c8", "src": "n1", "body": {"msg_id": 82, "in_reply_to": 5, "type": "error", "code": 20, "text": "not found"}}
DEBUG:root:received {"id":285,"src":"n0","dest":"n1","body":{"msg_id":99,"type":"read_server","key":0}}
INFO:root:server n0 reading from 0
DEBUG:root:sending {"dest": "n0", "src": "n1", "body": {"msg_id": 83, "in_reply_to": 99, "type": "read_server_ok", "value": {"value": 4, "timestamp": 1}}}
DEBUG:root:received {"id":289,"src":"n0","dest":"n1","body":{"msg_id":102,"type":"unlock_read","code":0,"value":4}}
DEBUG:root:sending {"dest": "n0", "src": "n1", "body": {"msg_id": 84, "in_reply_to": 102, "type": "unlock_read_ok", "code": 0, "value": 4}}
DEBUG:root:received {"id":296,"src":"n0","dest":"n1","body":{"msg_id":107,"type":"cas_lock","key":0,"from":4,"to":1}}
DEBUG:root:sending {"dest": "n0", "src": "n1", "body": {"msg_id": 85, "in_reply_to": 107, "type": "lock_ok_cas", "value": {"value": 4, "timestamp": 1}}}
DEBUG:root:received {"id":300,"src":"n0","dest":"n1","body":{"msg_id":110,"type":"cas_server","key":0,"from":4,"to":1,"timestamp":2}}
DEBUG:root:sending {"dest": "n0", "src": "n1", "body": {"msg_id": 86, "in_reply_to": 110, "type": "cas_server_ok"}}
DEBUG:root:received {"id":304,"src":"c10","dest":"n1","body":{"key":0,"type":"read","msg_id":6}}
INFO:root:node c10 reading from 0
DEBUG:root:sending {"dest": "n1", "src": "n1", "body": {"msg_id": 87, "type": "read_server", "key": 0}}
DEBUG:root:sending {"dest": "n2", "src": "n1", "body": {"msg_id": 88, "type": "read_server", "key": 0}}
DEBUG:root:received {"id":305,"src":"n1","dest":"n1","body":{"msg_id":87,"type":"read_server","key":0}}
INFO:root:server n1 reading from 0
DEBUG:root:sending {"dest": "n1", "src": "n1", "body": {"msg_id": 89, "in_reply_to": 87, "type": "read_server_ok", "value": {"value": 1, "timestamp": 2}}}
DEBUG:root:received {"id":307,"src":"n1","dest":"n1","body":{"msg_id":89,"in_reply_to":87,"type":"read_server_ok","value":{"value":1,"timestamp":2}}}
DEBUG:root:received {"id":308,"src":"n2","dest":"n1","body":{"msg_id":74,"in_reply_to":88,"type":"error_read","code":20,"text":"not found"}}
DEBUG:root:sending {"dest": "n1", "src": "n1", "body": {"msg_id": 90, "type": "unlock_read", "code": 0, "value": 1}}
DEBUG:root:sending {"dest": "n2", "src": "n1", "body": {"msg_id": 91, "type": "unlock_read", "code": 0, "value": 1}}
DEBUG:root:received {"id":309,"src":"n1","dest":"n1","body":{"msg_id":90,"type":"unlock_read","code":0,"value":1}}
DEBUG:root:sending {"dest": "n1", "src": "n1", "body": {"msg_id": 92, "in_reply_to": 90, "type": "unlock_read_ok", "code": 0, "value": 1}}
DEBUG:root:received {"id":311,"src":"n1","dest":"n1","body":{"msg_id":92,"in_reply_to":90,"type":"unlock_read_ok","code":0,"value":1}}
DEBUG:root:received {"id":312,"src":"n2","dest":"n1","body":{"msg_id":75,"in_reply_to":91,"type":"unlock_read_ok","code":0,"value":1}}
DEBUG:root:sending {"dest": "c10", "src": "n1", "body": {"msg_id": 93, "in_reply_to": 6, "type": "read_ok", "value": 1}}
DEBUG:root:received {"id":313,"src":"c8","dest":"n1","body":{"key":0,"from":4,"to":0,"type":"cas","msg_id":6}}
INFO:root:node c8 comparing and setting
DEBUG:root:sending {"dest": "n1", "src": "n1", "body": {"msg_id": 94, "type": "cas_lock", "key": 0, "from": 4, "to": 0}}
DEBUG:root:sending {"dest": "n0", "src": "n1", "body": {"msg_id": 95, "type": "cas_lock", "key": 0, "from": 4, "to": 0}}
DEBUG:root:received {"id":315,"src":"n1","dest":"n1","body":{"msg_id":94,"type":"cas_lock","key":0,"from":4,"to":0}}
DEBUG:root:sending {"dest": "n1", "src": "n1", "body": {"msg_id": 96, "in_reply_to": 94, "type": "noMatch"}}
DEBUG:root:received {"id":317,"src":"n1","dest":"n1","body":{"msg_id":96,"in_reply_to":94,"type":"noMatch"}}
DEBUG:root:received {"id":318,"src":"n0","dest":"n1","body":{"msg_id":113,"in_reply_to":95,"type":"noMatch"}}
DEBUG:root:sending {"dest": "n1", "src": "n1", "body": {"msg_id": 97, "type": "unlock_cas", "code": 22}}
DEBUG:root:sending {"dest": "n0", "src": "n1", "body": {"msg_id": 98, "type": "unlock_cas", "code": 22}}
DEBUG:root:received {"id":319,"src":"n1","dest":"n1","body":{"msg_id":97,"type":"unlock_cas","code":22}}
DEBUG:root:sending {"dest": "n1", "src": "n1", "body": {"msg_id": 99, "in_reply_to": 97, "type": "unlock_cas_ok", "code": 22}}
DEBUG:root:received {"id":321,"src":"n1","dest":"n1","body":{"msg_id":99,"in_reply_to":97,"type":"unlock_cas_ok","code":22}}
DEBUG:root:received {"id":322,"src":"n0","dest":"n1","body":{"msg_id":114,"in_reply_to":98,"type":"unlock_cas_ok","code":22}}
DEBUG:root:sending {"dest": "c8", "src": "n1", "body": {"msg_id": 100, "in_reply_to": 6, "type": "error", "code": 22, "text": "does not match"}}
DEBUG:root:received {"id":326,"src":"n2","dest":"n1","body":{"msg_id":77,"type":"read_server","key":0}}
INFO:root:server n2 reading from 0
DEBUG:root:sending {"dest": "n2", "src": "n1", "body": {"msg_id": 101, "in_reply_to": 77, "type": "read_server_ok", "value": {"value": 1, "timestamp": 2}}}
DEBUG:root:received {"id":330,"src":"n2","dest":"n1","body":{"msg_id":79,"type":"unlock_read","code":0,"value":1}}
DEBUG:root:sending {"dest": "n2", "src": "n1", "body": {"msg_id": 102, "in_reply_to": 79, "type": "unlock_read_ok", "code": 0, "value": 1}}
DEBUG:root:received {"id":335,"src":"n0","dest":"n1","body":{"msg_id":117,"type":"read_server","key":0}}
INFO:root:server n0 reading from 0
DEBUG:root:sending {"dest": "n0", "src": "n1", "body": {"msg_id": 103, "in_reply_to": 117, "type": "read_server_ok", "value": {"value": 1, "timestamp": 2}}}
DEBUG:root:received {"id":340,"src":"n0","dest":"n1","body":{"msg_id":121,"type":"unlock_read","code":0,"value":1}}
DEBUG:root:sending {"dest": "n0", "src": "n1", "body": {"msg_id": 104, "in_reply_to": 121, "type": "unlock_read_ok", "code": 0, "value": 1}}
DEBUG:root:received {"id":344,"src":"c10","dest":"n1","body":{"key":0,"type":"read","msg_id":7}}
INFO:root:node c10 reading from 0
DEBUG:root:sending {"dest": "n1", "src": "n1", "body": {"msg_id": 105, "type": "read_server", "key": 0}}
DEBUG:root:sending {"dest": "n2", "src": "n1", "body": {"msg_id": 106, "type": "read_server", "key": 0}}
DEBUG:root:received {"id":345,"src":"n1","dest":"n1","body":{"msg_id":105,"type":"read_server","key":0}}
INFO:root:server n1 reading from 0
DEBUG:root:sending {"dest": "n1", "src": "n1", "body": {"msg_id": 107, "in_reply_to": 105, "type": "read_server_ok", "value": {"value": 1, "timestamp": 2}}}
DEBUG:root:received {"id":347,"src":"n1","dest":"n1","body":{"msg_id":107,"in_reply_to":105,"type":"read_server_ok","value":{"value":1,"timestamp":2}}}
DEBUG:root:received {"id":348,"src":"n2","dest":"n1","body":{"msg_id":81,"in_reply_to":106,"type":"error_read","code":20,"text":"not found"}}
DEBUG:root:sending {"dest": "n1", "src": "n1", "body": {"msg_id": 108, "type": "unlock_read", "code": 0, "value": 1}}
DEBUG:root:sending {"dest": "n2", "src": "n1", "body": {"msg_id": 109, "type": "unlock_read", "code": 0, "value": 1}}
DEBUG:root:received {"id":349,"src":"n1","dest":"n1","body":{"msg_id":108,"type":"unlock_read","code":0,"value":1}}
DEBUG:root:sending {"dest": "n1", "src": "n1", "body": {"msg_id": 110, "in_reply_to": 108, "type": "unlock_read_ok", "code": 0, "value": 1}}
DEBUG:root:received {"id":351,"src":"n1","dest":"n1","body":{"msg_id":110,"in_reply_to":108,"type":"unlock_read_ok","code":0,"value":1}}
DEBUG:root:received {"id":352,"src":"n2","dest":"n1","body":{"msg_id":82,"in_reply_to":109,"type":"unlock_read_ok","code":0,"value":1}}
DEBUG:root:sending {"dest": "c10", "src": "n1", "body": {"msg_id": 111, "in_reply_to": 7, "type": "read_ok", "value": 1}}
DEBUG:root:received {"id":355,"src":"n0","dest":"n1","body":{"msg_id":124,"type":"read_lock","key":0,"value":0}}
DEBUG:root:sending {"dest": "n0", "src": "n1", "body": {"msg_id": 112, "in_reply_to": 124, "type": "lock_ok", "value": {"value": 1, "timestamp": 2}}}
DEBUG:root:received {"id":359,"src":"n0","dest":"n1","body":{"msg_id":127,"type":"write_server","key":0,"value":0,"timestamp":3}}
DEBUG:root:sending {"dest": "n0", "src": "n1", "body": {"msg_id": 113, "in_reply_to": 127, "type": "write_server_ok"}}
DEBUG:root:received {"id":364,"src":"c10","dest":"n1","body":{"key":0,"type":"read","msg_id":8}}
INFO:root:node c10 reading from 0
DEBUG:root:sending {"dest": "n1", "src": "n1", "body": {"msg_id": 114, "type": "read_server", "key": 0}}
DEBUG:root:sending {"dest": "n2", "src": "n1", "body": {"msg_id": 115, "type": "read_server", "key": 0}}
DEBUG:root:received {"id":365,"src":"n1","dest":"n1","body":{"msg_id":114,"type":"read_server","key":0}}
INFO:root:server n1 reading from 0
DEBUG:root:sending {"dest": "n1", "src": "n1", "body": {"msg_id": 116, "in_reply_to": 114, "type": "read_server_ok", "value": {"value": 0, "timestamp": 3}}}
DEBUG:root:received {"id":367,"src":"n1","dest":"n1","body":{"msg_id":116,"in_reply_to":114,"type":"read_server_ok","value":{"value":0,"timestamp":3}}}
DEBUG:root:received {"id":368,"src":"n2","dest":"n1","body":{"msg_id":83,"in_reply_to":115,"type":"error_read","code":20,"text":"not found"}}
DEBUG:root:sending {"dest": "n1", "src": "n1", "body": {"msg_id": 117, "type": "unlock_read", "code": 0, "value": 0}}
DEBUG:root:sending {"dest": "n2", "src": "n1", "body": {"msg_id": 118, "type": "unlock_read", "code": 0, "value": 0}}
DEBUG:root:received {"id":369,"src":"n1","dest":"n1","body":{"msg_id":117,"type":"unlock_read","code":0,"value":0}}
DEBUG:root:sending {"dest": "n1", "src": "n1", "body": {"msg_id": 119, "in_reply_to": 117, "type": "unlock_read_ok", "code": 0, "value": 0}}
DEBUG:root:received {"id":371,"src":"n1","dest":"n1","body":{"msg_id":119,"in_reply_to":117,"type":"unlock_read_ok","code":0,"value":0}}
DEBUG:root:received {"id":372,"src":"n2","dest":"n1","body":{"msg_id":84,"in_reply_to":118,"type":"unlock_read_ok","code":0,"value":0}}
DEBUG:root:sending {"dest": "c10", "src": "n1", "body": {"msg_id": 120, "in_reply_to": 8, "type": "read_ok", "value": 0}}
DEBUG:root:received {"id":385,"src":"n2","dest":"n1","body":{"msg_id":92,"type":"cas_lock","key":0,"from":3,"to":3}}
DEBUG:root:sending {"dest": "n2", "src": "n1", "body": {"msg_id": 121, "in_reply_to": 92, "type": "noMatch"}}
DEBUG:root:received {"id":389,"src":"c10","dest":"n1","body":{"key":0,"type":"read","msg_id":9}}
INFO:root:node c10 reading from 0
DEBUG:root:sending {"dest": "n2", "src": "n1", "body": {"msg_id": 122, "type": "read_server", "key": 0}}
DEBUG:root:sending {"dest": "n0", "src": "n1", "body": {"msg_id": 123, "type": "read_server", "key": 0}}
DEBUG:root:received {"id":390,"src":"n2","dest":"n1","body":{"msg_id":94,"type":"unlock_cas","code":22}}
DEBUG:root:sending {"dest": "n2", "src": "n1", "body": {"msg_id": 124, "in_reply_to": 94, "type": "unlock_cas_ok", "code": 22}}
DEBUG:root:received {"id":395,"src":"n2","dest":"n1","body":{"msg_id":96,"in_reply_to":122,"type":"error_read","code":20,"text":"not found"}}
DEBUG:root:received {"id":397,"src":"n0","dest":"n1","body":{"msg_id":135,"in_reply_to":123,"type":"read_server_ok","value":{"value":0,"timestamp":3}}}
DEBUG:root:sending {"dest": "n2", "src": "n1", "body": {"msg_id": 125, "type": "unlock_read", "code": 0, "value": 0}}
DEBUG:root:sending {"dest": "n0", "src": "n1", "body": {"msg_id": 126, "type": "unlock_read", "code": 0, "value": 0}}
DEBUG:root:received {"id":401,"src":"n0","dest":"n1","body":{"msg_id":136,"in_reply_to":126,"type":"unlock_read_ok","code":0,"value":0}}
DEBUG:root:received {"id":402,"src":"n2","dest":"n1","body":{"msg_id":98,"in_reply_to":125,"type":"unlock_read_ok","code":0,"value":0}}
DEBUG:root:sending {"dest": "c10", "src": "n1", "body": {"msg_id": 127, "in_reply_to": 9, "type": "read_ok", "value": 0}}
DEBUG:root:received {"id":424,"src":"c10","dest":"n1","body":{"key":1,"type":"read","msg_id":10}}
INFO:root:node c10 reading from 1
DEBUG:root:sending {"dest": "n0", "src": "n1", "body": {"msg_id": 128, "type": "read_server", "key": 1}}
DEBUG:root:sending {"dest": "n1", "src": "n1", "body": {"msg_id": 129, "type": "read_server", "key": 1}}
DEBUG:root:received {"id":426,"src":"n1","dest":"n1","body":{"msg_id":129,"type":"read_server","key":1}}
INFO:root:server n1 reading from 1
DEBUG:root:sending {"dest": "n1", "src": "n1", "body": {"msg_id": 130, "in_reply_to": 129, "type": "error_read", "code": 20, "text": "not found"}}
DEBUG:root:received {"id":427,"src":"n0","dest":"n1","body":{"msg_id":146,"in_reply_to":128,"type":"error_read","code":20,"text":"not found"}}
DEBUG:root:received {"id":428,"src":"n1","dest":"n1","body":{"msg_id":130,"in_reply_to":129,"type":"error_read","code":20,"text":"not found"}}
DEBUG:root:sending {"dest": "n0", "src": "n1", "body": {"msg_id": 131, "type": "unlock_read", "code": 20}}
DEBUG:root:sending {"dest": "n1", "src": "n1", "body": {"msg_id": 132, "type": "unlock_read", "code": 20}}
DEBUG:root:received {"id":430,"src":"n1","dest":"n1","body":{"msg_id":132,"type":"unlock_read","code":20}}
DEBUG:root:sending {"dest": "n1", "src": "n1", "body": {"msg_id": 133, "in_reply_to": 132, "type": "unlock_read_ok", "code": 20}}
DEBUG:root:received {"id":432,"src":"n0","dest":"n1","body":{"msg_id":147,"in_reply_to":131,"type":"unlock_read_ok","code":20}}
DEBUG:root:received {"id":431,"src":"n1","dest":"n1","body":{"msg_id":133,"in_reply_to":132,"type":"unlock_read_ok","code":20}}
DEBUG:root:sending {"dest": "c10", "src": "n1", "body": {"msg_id": 134, "in_reply_to": 10, "type": "error", "code": 20, "text": "not found"}}
DEBUG:root:received {"id":436,"src":"n2","dest":"n1","body":{"msg_id":109,"type":"read_lock","key":1,"value":1}}
DEBUG:root:sending {"dest": "n2", "src": "n1", "body": {"msg_id": 135, "in_reply_to": 109, "type": "noKey", "text": "not found"}}
DEBUG:root:received {"id":440,"src":"n2","dest":"n1","body":{"msg_id":112,"type":"write_server","key":1,"value":1,"timestamp":0}}
DEBUG:root:sending {"dest": "n2", "src": "n1", "body": {"msg_id": 136, "in_reply_to": 112, "type": "write_server_ok"}}
