2022-04-25 11:17:08,616{GMT}	INFO	[jepsen test runner] jepsen.core: Test version 1161ba6bd09f864ea36d4ca5260c1e1f9cbcfdf3 (plus uncommitted changes)
2022-04-25 11:17:08,616{GMT}	INFO	[jepsen test runner] jepsen.core: Command line:
lein run test --bin raft.py --time-limit 20 --node-count 5 --concurrency 10 --workload lin-kv --latency 200
2022-04-25 11:17:08,701{GMT}	INFO	[jepsen test runner] jepsen.core: Running test:
{:args []
 :remote
 #jepsen.control.retry.Remote{:remote #jepsen.control.scp.Remote{:cmd-remote #jepsen.control.clj_ssh.Remote{:concurrency-limit 8,
                                                                                                            :conn-spec nil,
                                                                                                            :session nil,
                                                                                                            :semaphore nil},
                                                                 :conn-spec nil},
                              :conn nil}
 :log-net-send false
 :node-count 5
 :max-txn-length 4
 :concurrency 10
 :db
 #object[maelstrom.db$db$reify__16817
         "0x73344f4a"
         "maelstrom.db$db$reify__16817@73344f4a"]
 :max-writes-per-key 16
 :leave-db-running? false
 :name "lin-kv"
 :logging-json? false
 :start-time
 #object[org.joda.time.DateTime "0x295f115d" "2022-04-25T11:17:08.000+01:00"]
 :nemesis-interval 10
 :net
 #object[maelstrom.net$jepsen_net$reify__15673
         "0xa6cb2c9"
         "maelstrom.net$jepsen_net$reify__15673@a6cb2c9"]
 :client
 #object[maelstrom.workload.lin_kv$client$reify__17684
         "0x3c32f3d8"
         "maelstrom.workload.lin_kv$client$reify__17684@3c32f3d8"]
 :barrier
 #object[java.util.concurrent.CyclicBarrier
         "0x46700301"
         "java.util.concurrent.CyclicBarrier@46700301"]
 :log-stderr false
 :pure-generators true
 :ssh {:dummy? true}
 :rate 5
 :checker
 #object[jepsen.checker$compose$reify__8787
         "0x17f4276b"
         "jepsen.checker$compose$reify__8787@17f4276b"]
 :argv
 ("test"
  "--bin"
  "raft.py"
  "--time-limit"
  "20"
  "--node-count"
  "5"
  "--concurrency"
  "10"
  "--workload"
  "lin-kv"
  "--latency"
  "200")
 :nemesis
 (jepsen.nemesis.ReflCompose
  {:fm {:start-partition 0,
        :stop-partition 0,
        :kill 1,
        :start 1,
        :pause 1,
        :resume 1},
   :nemeses [#unprintable "jepsen.nemesis.combined$partition_nemesis$reify__17089@786125a6"
             #unprintable "jepsen.nemesis.combined$db_nemesis$reify__17070@53e6b541"]})
 :nodes ["n0" "n1" "n2" "n3" "n4"]
 :test-count 1
 :latency {:mean 200, :dist :constant}
 :bin "raft.py"
 :generator
 (jepsen.generator.TimeLimit
  {:limit 20000000000,
   :cutoff nil,
   :gen (jepsen.generator.Any
         {:gens [(jepsen.generator.OnThreads {:f #{:nemesis}, :gen nil})
                 (jepsen.generator.OnThreads
                  {:f #object[clojure.core$complement$fn__5654
                              "0x642ebd4c"
                              "clojure.core$complement$fn__5654@642ebd4c"],
                   :gen (jepsen.generator.Stagger
                         {:dt 400000000,
                          :next-time nil,
                          :gen (jepsen.generator.OnThreads
                                {:f #object[clojure.core$complement$fn__5654
                                            "0x222af5ff"
                                            "clojure.core$complement$fn__5654@222af5ff"],
                                 :gen (jepsen.independent.ConcurrentGenerator
                                       {:n 10,
                                        :fgen #object[jepsen.tests.linearizable_register$test$fn__17484
                                                      "0x70721c2d"
                                                      "jepsen.tests.linearizable_register$test$fn__17484@70721c2d"],
                                        :group->threads nil,
                                        :thread->group nil,
                                        :keys (0 1 2 3 4 5 6 7 ...),
                                        :gens nil})})})})]})})
 :log-net-recv false
 :os
 #object[maelstrom.net$jepsen_os$reify__15676
         "0x62371858"
         "maelstrom.net$jepsen_os$reify__15676@62371858"]
 :time-limit 20
 :workload :lin-kv
 :consistency-models [:strict-serializable]
 :topology :grid}

2022-04-25 11:17:08,709{GMT}	INFO	[jepsen node n0] maelstrom.net: Starting Maelstrom network
2022-04-25 11:17:08,711{GMT}	INFO	[jepsen test runner] jepsen.db: Tearing down DB
2022-04-25 11:17:08,720{GMT}	INFO	[jepsen test runner] jepsen.db: Setting up DB
2022-04-25 11:17:08,722{GMT}	INFO	[jepsen node n1] maelstrom.db: Setting up n1
2022-04-25 11:17:08,723{GMT}	INFO	[jepsen node n2] maelstrom.db: Setting up n2
2022-04-25 11:17:08,723{GMT}	INFO	[jepsen node n1] maelstrom.process: launching raft.py []
2022-04-25 11:17:08,723{GMT}	INFO	[jepsen node n2] maelstrom.process: launching raft.py []
2022-04-25 11:17:08,725{GMT}	INFO	[jepsen node n4] maelstrom.db: Setting up n4
2022-04-25 11:17:08,726{GMT}	INFO	[jepsen node n4] maelstrom.process: launching raft.py []
2022-04-25 11:17:08,725{GMT}	INFO	[jepsen node n3] maelstrom.db: Setting up n3
2022-04-25 11:17:08,729{GMT}	INFO	[jepsen node n3] maelstrom.process: launching raft.py []
2022-04-25 11:17:08,743{GMT}	INFO	[jepsen node n0] maelstrom.service: Starting services: (lin-kv lin-tso lww-kv seq-kv)
2022-04-25 11:17:08,817{GMT}	INFO	[jepsen node n0] maelstrom.db: Setting up n0
2022-04-25 11:17:08,818{GMT}	INFO	[jepsen node n0] maelstrom.process: launching raft.py []
2022-04-25 11:17:08,860{GMT}	INFO	[jepsen test runner] jepsen.core: Relative time begins now
2022-04-25 11:17:08,897{GMT}	INFO	[jepsen worker 4] jepsen.util: 4	:invoke	:read	[0 nil]
2022-04-25 11:17:08,909{GMT}	INFO	[jepsen worker 4] jepsen.util: 4	:fail	:read	[0 nil]	[:unknown "not leader"]
2022-04-25 11:17:08,968{GMT}	INFO	[jepsen worker 4] jepsen.util: 4	:invoke	:read	[0 nil]
2022-04-25 11:17:08,971{GMT}	INFO	[jepsen worker 4] jepsen.util: 4	:fail	:read	[0 nil]	[:unknown "not leader"]
2022-04-25 11:17:09,250{GMT}	INFO	[jepsen worker 7] jepsen.util: 7	:invoke	:cas	[0 [3 0]]
2022-04-25 11:17:09,254{GMT}	INFO	[jepsen worker 7] jepsen.util: 7	:info	:cas	[0 [3 0]]	[:unknown "not leader"]
2022-04-25 11:17:09,266{GMT}	INFO	[jepsen worker 8] jepsen.util: 8	:invoke	:write	[0 1]
2022-04-25 11:17:09,272{GMT}	INFO	[jepsen worker 8] jepsen.util: 8	:info	:write	[0 1]	[:unknown "not leader"]
2022-04-25 11:17:09,446{GMT}	INFO	[jepsen worker 7] jepsen.util: 17	:invoke	:cas	[0 [0 4]]
2022-04-25 11:17:09,452{GMT}	INFO	[jepsen worker 7] jepsen.util: 17	:info	:cas	[0 [0 4]]	[:unknown "not leader"]
2022-04-25 11:17:09,698{GMT}	INFO	[jepsen worker 6] jepsen.util: 6	:invoke	:write	[0 4]
2022-04-25 11:17:09,701{GMT}	INFO	[jepsen worker 6] jepsen.util: 6	:info	:write	[0 4]	[:unknown "not leader"]
2022-04-25 11:17:10,068{GMT}	INFO	[jepsen worker 5] jepsen.util: 5	:invoke	:cas	[0 [1 0]]
2022-04-25 11:17:10,075{GMT}	INFO	[jepsen worker 5] jepsen.util: 5	:info	:cas	[0 [1 0]]	[:unknown "not leader"]
2022-04-25 11:17:10,420{GMT}	INFO	[jepsen worker 9] jepsen.util: 9	:invoke	:cas	[0 [0 1]]
2022-04-25 11:17:10,428{GMT}	INFO	[jepsen worker 4] jepsen.util: 4	:invoke	:read	[0 nil]
2022-04-25 11:17:10,428{GMT}	INFO	[jepsen worker 9] jepsen.util: 9	:info	:cas	[0 [0 1]]	[:unknown "not leader"]
2022-04-25 11:17:10,435{GMT}	INFO	[jepsen worker 4] jepsen.util: 4	:fail	:read	[0 nil]	[:unknown "not leader"]
2022-04-25 11:17:10,612{GMT}	INFO	[jepsen worker 4] jepsen.util: 4	:invoke	:read	[0 nil]
2022-04-25 11:17:10,779{GMT}	INFO	[jepsen worker 4] jepsen.util: 4	:fail	:read	[0 nil]	[:unknown "not leader"]
2022-04-25 11:17:10,791{GMT}	INFO	[jepsen worker 5] jepsen.util: 15	:invoke	:cas	[0 [0 3]]
2022-04-25 11:17:10,797{GMT}	INFO	[jepsen worker 5] jepsen.util: 15	:info	:cas	[0 [0 3]]	[:unknown "not leader"]
2022-04-25 11:17:10,922{GMT}	INFO	[jepsen worker 3] jepsen.util: 3	:invoke	:read	[0 nil]
2022-04-25 11:17:11,006{GMT}	INFO	[jepsen worker 5] jepsen.util: 25	:invoke	:write	[0 4]
2022-04-25 11:17:11,183{GMT}	INFO	[jepsen worker 5] jepsen.util: 25	:info	:write	[0 4]	[:unknown "not leader"]
2022-04-25 11:17:11,381{GMT}	INFO	[jepsen worker 0] jepsen.util: 0	:invoke	:read	[0 nil]
2022-04-25 11:17:11,386{GMT}	INFO	[jepsen worker 3] jepsen.util: 3	:fail	:read	[0 nil]	[:unknown "not found"]
2022-04-25 11:17:11,389{GMT}	INFO	[jepsen worker 0] jepsen.util: 0	:fail	:read	[0 nil]	[:unknown "not leader"]
2022-04-25 11:17:11,450{GMT}	INFO	[jepsen worker 6] jepsen.util: 16	:invoke	:write	[0 3]
2022-04-25 11:17:11,457{GMT}	INFO	[jepsen worker 6] jepsen.util: 16	:info	:write	[0 3]	[:unknown "not leader"]
2022-04-25 11:17:11,681{GMT}	INFO	[jepsen worker 0] jepsen.util: 0	:invoke	:read	[0 nil]
2022-04-25 11:17:11,780{GMT}	INFO	[jepsen worker 0] jepsen.util: 0	:fail	:read	[0 nil]	[:unknown "not leader"]
2022-04-25 11:17:11,874{GMT}	INFO	[jepsen worker 0] jepsen.util: 0	:invoke	:read	[0 nil]
2022-04-25 11:17:11,876{GMT}	INFO	[jepsen worker 0] jepsen.util: 0	:fail	:read	[0 nil]	[:unknown "not leader"]
2022-04-25 11:17:12,167{GMT}	INFO	[jepsen worker 6] jepsen.util: 26	:invoke	:cas	[0 [2 4]]
2022-04-25 11:17:12,280{GMT}	INFO	[jepsen worker 6] jepsen.util: 26	:info	:cas	[0 [2 4]]	[:unknown "not leader"]
2022-04-25 11:17:12,392{GMT}	INFO	[jepsen worker 0] jepsen.util: 0	:invoke	:read	[0 nil]
2022-04-25 11:17:12,395{GMT}	INFO	[jepsen worker 0] jepsen.util: 0	:fail	:read	[0 nil]	[:unknown "not leader"]
2022-04-25 11:17:12,690{GMT}	INFO	[jepsen worker 5] jepsen.util: 35	:invoke	:write	[0 3]
2022-04-25 11:17:12,783{GMT}	INFO	[jepsen worker 5] jepsen.util: 35	:info	:write	[0 3]	[:unknown "not leader"]
2022-04-25 11:17:12,905{GMT}	INFO	[jepsen worker 6] jepsen.util: 36	:invoke	:write	[1 3]
2022-04-25 11:17:12,911{GMT}	INFO	[jepsen worker 6] jepsen.util: 36	:info	:write	[1 3]	[:unknown "not leader"]
2022-04-25 11:17:13,087{GMT}	INFO	[jepsen worker 6] jepsen.util: 46	:invoke	:cas	[1 [0 3]]
2022-04-25 11:17:13,172{GMT}	INFO	[jepsen worker 3] jepsen.util: 3	:invoke	:read	[1 nil]
2022-04-25 11:17:13,192{GMT}	INFO	[jepsen worker 8] jepsen.util: 18	:invoke	:write	[1 2]
2022-04-25 11:17:13,282{GMT}	INFO	[jepsen worker 6] jepsen.util: 46	:info	:cas	[1 [0 3]]	[:unknown "not leader"]
2022-04-25 11:17:13,581{GMT}	INFO	[jepsen worker 6] jepsen.util: 56	:invoke	:cas	[1 [1 1]]
2022-04-25 11:17:13,585{GMT}	INFO	[jepsen worker 3] jepsen.util: 3	:fail	:read	[1 nil]	[:unknown "not found"]
2022-04-25 11:17:13,606{GMT}	INFO	[jepsen worker 8] jepsen.util: 18	:ok	:write	[1 2]
2022-04-25 11:17:13,619{GMT}	INFO	[jepsen worker 0] jepsen.util: 0	:invoke	:read	[1 nil]
2022-04-25 11:17:13,780{GMT}	INFO	[jepsen worker 0] jepsen.util: 0	:fail	:read	[1 nil]	[:unknown "not leader"]
2022-04-25 11:17:13,781{GMT}	INFO	[jepsen worker 6] jepsen.util: 56	:info	:cas	[1 [1 1]]	[:unknown "not leader"]
2022-04-25 11:17:13,946{GMT}	INFO	[jepsen worker 9] jepsen.util: 19	:invoke	:cas	[1 [2 3]]
2022-04-25 11:17:13,948{GMT}	INFO	[jepsen worker 9] jepsen.util: 19	:info	:cas	[1 [2 3]]	[:unknown "not leader"]
2022-04-25 11:17:14,168{GMT}	INFO	[jepsen worker 1] jepsen.util: 1	:invoke	:read	[1 nil]
2022-04-25 11:17:14,175{GMT}	INFO	[jepsen worker 1] jepsen.util: 1	:fail	:read	[1 nil]	[:unknown "not leader"]
2022-04-25 11:17:14,301{GMT}	INFO	[jepsen worker 4] jepsen.util: 4	:invoke	:read	[1 nil]
2022-04-25 11:17:14,305{GMT}	INFO	[jepsen worker 4] jepsen.util: 4	:fail	:read	[1 nil]	[:unknown "not leader"]
2022-04-25 11:17:14,306{GMT}	INFO	[jepsen worker 8] jepsen.util: 18	:invoke	:cas	[1 [1 4]]
2022-04-25 11:17:14,573{GMT}	INFO	[jepsen worker 3] jepsen.util: 3	:invoke	:read	[1 nil]
2022-04-25 11:17:14,604{GMT}	INFO	[jepsen worker 9] jepsen.util: 29	:invoke	:write	[1 3]
2022-04-25 11:17:14,784{GMT}	INFO	[jepsen worker 9] jepsen.util: 29	:info	:write	[1 3]	[:unknown "not leader"]
2022-04-25 11:17:14,858{GMT}	INFO	[jepsen worker 2] jepsen.util: 2	:invoke	:read	[1 nil]
2022-04-25 11:17:14,865{GMT}	INFO	[jepsen worker 2] jepsen.util: 2	:fail	:read	[1 nil]	[:unknown "not leader"]
2022-04-25 11:17:14,983{GMT}	INFO	[jepsen worker 8] jepsen.util: 18	:info	:cas	[1 [1 4]]	[:unknown "does not match"]
2022-04-25 11:17:14,983{GMT}	INFO	[jepsen worker 3] jepsen.util: 3	:ok	:read	[1 2]
2022-04-25 11:17:15,045{GMT}	INFO	[jepsen worker 1] jepsen.util: 1	:invoke	:read	[1 nil]
2022-04-25 11:17:15,051{GMT}	INFO	[jepsen worker 1] jepsen.util: 1	:fail	:read	[1 nil]	[:unknown "not leader"]
2022-04-25 11:17:15,273{GMT}	INFO	[jepsen worker 0] jepsen.util: 0	:invoke	:read	[1 nil]
2022-04-25 11:17:15,278{GMT}	INFO	[jepsen worker 0] jepsen.util: 0	:fail	:read	[1 nil]	[:unknown "not leader"]
2022-04-25 11:17:15,331{GMT}	INFO	[jepsen worker 2] jepsen.util: 2	:invoke	:read	[1 nil]
2022-04-25 11:17:15,336{GMT}	INFO	[jepsen worker 2] jepsen.util: 2	:fail	:read	[1 nil]	[:unknown "not leader"]
2022-04-25 11:17:15,500{GMT}	INFO	[jepsen worker 2] jepsen.util: 2	:invoke	:read	[1 nil]
2022-04-25 11:17:15,503{GMT}	INFO	[jepsen worker 2] jepsen.util: 2	:fail	:read	[1 nil]	[:unknown "not leader"]
2022-04-25 11:17:15,707{GMT}	INFO	[jepsen worker 7] jepsen.util: 27	:invoke	:cas	[1 [2 1]]
2022-04-25 11:17:15,712{GMT}	INFO	[jepsen worker 7] jepsen.util: 27	:info	:cas	[1 [2 1]]	[:unknown "not leader"]
2022-04-25 11:17:15,817{GMT}	INFO	[jepsen worker 8] jepsen.util: 28	:invoke	:cas	[1 [0 1]]
2022-04-25 11:17:15,972{GMT}	INFO	[jepsen worker 4] jepsen.util: 4	:invoke	:read	[1 nil]
2022-04-25 11:17:16,030{GMT}	INFO	[jepsen worker 4] jepsen.util: 4	:fail	:read	[1 nil]	[:unknown "not leader"]
2022-04-25 11:17:16,218{GMT}	INFO	[jepsen worker 9] jepsen.util: 39	:invoke	:cas	[1 [4 0]]
2022-04-25 11:17:16,223{GMT}	INFO	[jepsen worker 9] jepsen.util: 39	:info	:cas	[1 [4 0]]	[:unknown "not leader"]
2022-04-25 11:17:16,229{GMT}	INFO	[jepsen worker 8] jepsen.util: 28	:info	:cas	[1 [0 1]]	[:unknown "does not match"]
2022-04-25 11:17:16,252{GMT}	INFO	[jepsen worker 9] jepsen.util: 49	:invoke	:cas	[1 [4 1]]
2022-04-25 11:17:16,258{GMT}	INFO	[jepsen worker 9] jepsen.util: 49	:info	:cas	[1 [4 1]]	[:unknown "not leader"]
2022-04-25 11:17:16,603{GMT}	INFO	[jepsen worker 0] jepsen.util: 0	:invoke	:read	[1 nil]
2022-04-25 11:17:16,609{GMT}	INFO	[jepsen worker 0] jepsen.util: 0	:fail	:read	[1 nil]	[:unknown "not leader"]
2022-04-25 11:17:16,782{GMT}	INFO	[jepsen worker 2] jepsen.util: 2	:invoke	:read	[1 nil]
2022-04-25 11:17:16,784{GMT}	INFO	[jepsen worker 2] jepsen.util: 2	:fail	:read	[1 nil]	[:unknown "not leader"]
2022-04-25 11:17:16,935{GMT}	INFO	[jepsen worker 5] jepsen.util: 45	:invoke	:cas	[1 [1 0]]
2022-04-25 11:17:16,941{GMT}	INFO	[jepsen worker 5] jepsen.util: 45	:info	:cas	[1 [1 0]]	[:unknown "not leader"]
2022-04-25 11:17:16,986{GMT}	INFO	[jepsen worker 0] jepsen.util: 0	:invoke	:read	[2 nil]
2022-04-25 11:17:16,992{GMT}	INFO	[jepsen worker 0] jepsen.util: 0	:fail	:read	[2 nil]	[:unknown "not leader"]
2022-04-25 11:17:17,139{GMT}	INFO	[jepsen worker 4] jepsen.util: 4	:invoke	:read	[2 nil]
2022-04-25 11:17:17,144{GMT}	INFO	[jepsen worker 4] jepsen.util: 4	:fail	:read	[2 nil]	[:unknown "not leader"]
2022-04-25 11:17:17,259{GMT}	INFO	[jepsen worker 0] jepsen.util: 0	:invoke	:read	[2 nil]
2022-04-25 11:17:17,264{GMT}	INFO	[jepsen worker 0] jepsen.util: 0	:fail	:read	[2 nil]	[:unknown "not leader"]
2022-04-25 11:17:17,280{GMT}	INFO	[jepsen worker 5] jepsen.util: 55	:invoke	:write	[2 3]
2022-04-25 11:17:17,289{GMT}	INFO	[jepsen worker 5] jepsen.util: 55	:info	:write	[2 3]	[:unknown "not leader"]
2022-04-25 11:17:17,635{GMT}	INFO	[jepsen worker 4] jepsen.util: 4	:invoke	:read	[2 nil]
2022-04-25 11:17:17,640{GMT}	INFO	[jepsen worker 4] jepsen.util: 4	:fail	:read	[2 nil]	[:unknown "not leader"]
2022-04-25 11:17:17,997{GMT}	INFO	[jepsen worker 2] jepsen.util: 2	:invoke	:read	[2 nil]
2022-04-25 11:17:18,035{GMT}	INFO	[jepsen worker 2] jepsen.util: 2	:fail	:read	[2 nil]	[:unknown "not leader"]
2022-04-25 11:17:18,344{GMT}	INFO	[jepsen worker 0] jepsen.util: 0	:invoke	:read	[2 nil]
2022-04-25 11:17:18,356{GMT}	INFO	[jepsen worker 2] jepsen.util: 2	:invoke	:read	[2 nil]
2022-04-25 11:17:18,373{GMT}	INFO	[jepsen worker 7] jepsen.util: 37	:invoke	:cas	[2 [3 0]]
2022-04-25 11:17:18,437{GMT}	INFO	[jepsen worker 2] jepsen.util: 2	:fail	:read	[2 nil]	[:unknown "not leader"]
2022-04-25 11:17:18,438{GMT}	INFO	[jepsen worker 7] jepsen.util: 37	:info	:cas	[2 [3 0]]	[:unknown "not leader"]
2022-04-25 11:17:18,438{GMT}	INFO	[jepsen worker 0] jepsen.util: 0	:fail	:read	[2 nil]	[:unknown "not leader"]
2022-04-25 11:17:18,534{GMT}	INFO	[jepsen worker 8] jepsen.util: 38	:invoke	:cas	[2 [4 1]]
2022-04-25 11:17:18,535{GMT}	INFO	[jepsen worker 8] jepsen.util: 38	:info	:cas	[2 [4 1]]	[:unknown "not leader"]
2022-04-25 11:17:18,672{GMT}	INFO	[jepsen worker 7] jepsen.util: 47	:invoke	:cas	[2 [2 2]]
2022-04-25 11:17:18,677{GMT}	INFO	[jepsen worker 7] jepsen.util: 47	:info	:cas	[2 [2 2]]	[:unknown "not leader"]
2022-04-25 11:17:18,976{GMT}	INFO	[jepsen worker 4] jepsen.util: 4	:invoke	:read	[2 nil]
2022-04-25 11:17:18,982{GMT}	INFO	[jepsen worker 4] jepsen.util: 4	:fail	:read	[2 nil]	[:unknown "not leader"]
2022-04-25 11:17:19,028{GMT}	INFO	[jepsen worker 0] jepsen.util: 0	:invoke	:read	[2 nil]
2022-04-25 11:17:19,032{GMT}	INFO	[jepsen worker 0] jepsen.util: 0	:fail	:read	[2 nil]	[:unknown "not leader"]
2022-04-25 11:17:19,343{GMT}	INFO	[jepsen worker 8] jepsen.util: 48	:invoke	:cas	[2 [3 1]]
2022-04-25 11:17:19,438{GMT}	INFO	[jepsen worker 8] jepsen.util: 48	:info	:cas	[2 [3 1]]	[:unknown "not leader"]
2022-04-25 11:17:19,573{GMT}	INFO	[jepsen worker 5] jepsen.util: 65	:invoke	:write	[2 1]
2022-04-25 11:17:19,577{GMT}	INFO	[jepsen worker 5] jepsen.util: 65	:info	:write	[2 1]	[:unknown "not leader"]
2022-04-25 11:17:19,610{GMT}	INFO	[jepsen worker 9] jepsen.util: 59	:invoke	:cas	[2 [1 1]]
2022-04-25 11:17:19,615{GMT}	INFO	[jepsen worker 9] jepsen.util: 59	:info	:cas	[2 [1 1]]	[:unknown "not leader"]
2022-04-25 11:17:19,681{GMT}	INFO	[jepsen worker 5] jepsen.util: 75	:invoke	:cas	[2 [1 3]]
2022-04-25 11:17:19,685{GMT}	INFO	[jepsen worker 5] jepsen.util: 75	:info	:cas	[2 [1 3]]	[:unknown "not leader"]
2022-04-25 11:17:20,080{GMT}	INFO	[jepsen worker 8] jepsen.util: 58	:invoke	:cas	[2 [2 1]]
2022-04-25 11:17:20,085{GMT}	INFO	[jepsen worker 8] jepsen.util: 58	:info	:cas	[2 [2 1]]	[:unknown "not leader"]
2022-04-25 11:17:20,164{GMT}	INFO	[jepsen worker 5] jepsen.util: 85	:invoke	:write	[2 1]
2022-04-25 11:17:20,168{GMT}	INFO	[jepsen worker 5] jepsen.util: 85	:info	:write	[2 1]	[:unknown "not leader"]
2022-04-25 11:17:20,389{GMT}	INFO	[jepsen worker 5] jepsen.util: 95	:invoke	:cas	[2 [3 0]]
2022-04-25 11:17:20,441{GMT}	INFO	[jepsen worker 5] jepsen.util: 95	:info	:cas	[2 [3 0]]	[:unknown "not leader"]
2022-04-25 11:17:20,551{GMT}	INFO	[jepsen worker 1] jepsen.util: 1	:invoke	:read	[3 nil]
2022-04-25 11:17:20,904{GMT}	INFO	[jepsen worker 8] jepsen.util: 68	:invoke	:write	[3 4]
2022-04-25 11:17:20,944{GMT}	INFO	[jepsen worker 8] jepsen.util: 68	:info	:write	[3 4]	[:unknown "not leader"]
2022-04-25 11:17:21,180{GMT}	INFO	[jepsen worker 3] jepsen.util: 3	:invoke	:read	[3 nil]
2022-04-25 11:17:21,182{GMT}	INFO	[jepsen worker 3] jepsen.util: 3	:fail	:read	[3 nil]	[:unknown "not leader"]
2022-04-25 11:17:21,451{GMT}	INFO	[jepsen worker 7] jepsen.util: 57	:invoke	:cas	[3 [0 1]]
2022-04-25 11:17:21,456{GMT}	INFO	[jepsen worker 7] jepsen.util: 57	:info	:cas	[3 [0 1]]	[:unknown "not leader"]
2022-04-25 11:17:21,738{GMT}	INFO	[jepsen worker 6] jepsen.util: 66	:invoke	:write	[3 0]
2022-04-25 11:17:21,779{GMT}	INFO	[jepsen worker 5] jepsen.util: 105	:invoke	:cas	[3 [1 0]]
2022-04-25 11:17:21,941{GMT}	INFO	[jepsen worker 5] jepsen.util: 105	:info	:cas	[3 [1 0]]	[:unknown "not leader"]
2022-04-25 11:17:22,044{GMT}	INFO	[jepsen worker 0] jepsen.util: 0	:invoke	:read	[3 nil]
2022-04-25 11:17:22,046{GMT}	INFO	[jepsen worker 0] jepsen.util: 0	:fail	:read	[3 nil]	[:unknown "not leader"]
2022-04-25 11:17:22,183{GMT}	INFO	[jepsen worker 0] jepsen.util: 0	:invoke	:read	[3 nil]
2022-04-25 11:17:22,187{GMT}	INFO	[jepsen worker 0] jepsen.util: 0	:fail	:read	[3 nil]	[:unknown "not leader"]
2022-04-25 11:17:22,457{GMT}	INFO	[jepsen worker 7] jepsen.util: 67	:invoke	:cas	[3 [0 1]]
2022-04-25 11:17:22,461{GMT}	INFO	[jepsen worker 7] jepsen.util: 67	:info	:cas	[3 [0 1]]	[:unknown "not leader"]
2022-04-25 11:17:22,553{GMT}	INFO	[jepsen worker 1] jepsen.util: 1	:fail	:read	[3 nil]	:net-timeout
2022-04-25 11:17:22,744{GMT}	INFO	[jepsen worker 5] jepsen.util: 115	:invoke	:cas	[3 [2 4]]
2022-04-25 11:17:22,944{GMT}	INFO	[jepsen worker 5] jepsen.util: 115	:info	:cas	[3 [2 4]]	[:unknown "not leader"]
2022-04-25 11:17:23,016{GMT}	INFO	[jepsen worker 8] jepsen.util: 78	:invoke	:cas	[3 [3 2]]
2022-04-25 11:17:23,021{GMT}	INFO	[jepsen worker 8] jepsen.util: 78	:info	:cas	[3 [3 2]]	[:unknown "not leader"]
2022-04-25 11:17:23,262{GMT}	INFO	[jepsen worker 9] jepsen.util: 69	:invoke	:write	[3 2]
2022-04-25 11:17:23,445{GMT}	INFO	[jepsen worker 9] jepsen.util: 69	:info	:write	[3 2]	[:unknown "not leader"]
2022-04-25 11:17:23,455{GMT}	INFO	[jepsen worker 8] jepsen.util: 88	:invoke	:cas	[3 [3 4]]
2022-04-25 11:17:23,458{GMT}	INFO	[jepsen worker 8] jepsen.util: 88	:info	:cas	[3 [3 4]]	[:unknown "not leader"]
2022-04-25 11:17:23,512{GMT}	INFO	[jepsen worker 0] jepsen.util: 0	:invoke	:read	[3 nil]
2022-04-25 11:17:23,514{GMT}	INFO	[jepsen worker 0] jepsen.util: 0	:fail	:read	[3 nil]	[:unknown "not leader"]
2022-04-25 11:17:23,740{GMT}	INFO	[jepsen worker 6] jepsen.util: 66	:info	:write	[3 0]	:net-timeout
2022-04-25 11:17:23,816{GMT}	INFO	[jepsen worker 3] jepsen.util: 3	:invoke	:read	[3 nil]
2022-04-25 11:17:23,910{GMT}	INFO	[jepsen worker 5] jepsen.util: 125	:invoke	:write	[3 4]
2022-04-25 11:17:23,945{GMT}	INFO	[jepsen worker 3] jepsen.util: 3	:fail	:read	[3 nil]	[:unknown "not leader"]
2022-04-25 11:17:23,947{GMT}	INFO	[jepsen worker 5] jepsen.util: 125	:info	:write	[3 4]	[:unknown "not leader"]
2022-04-25 11:17:24,086{GMT}	INFO	[jepsen worker 4] jepsen.util: 4	:invoke	:read	[3 nil]
2022-04-25 11:17:24,090{GMT}	INFO	[jepsen worker 4] jepsen.util: 4	:fail	:read	[3 nil]	[:unknown "not leader"]
2022-04-25 11:17:24,189{GMT}	INFO	[jepsen worker 2] jepsen.util: 2	:invoke	:read	[3 nil]
2022-04-25 11:17:24,193{GMT}	INFO	[jepsen worker 2] jepsen.util: 2	:fail	:read	[3 nil]	[:unknown "not leader"]
2022-04-25 11:17:24,337{GMT}	INFO	[jepsen worker 4] jepsen.util: 4	:invoke	:read	[3 nil]
2022-04-25 11:17:24,447{GMT}	INFO	[jepsen worker 4] jepsen.util: 4	:fail	:read	[3 nil]	[:unknown "not leader"]
2022-04-25 11:17:24,450{GMT}	INFO	[jepsen worker 8] jepsen.util: 98	:invoke	:cas	[3 [1 3]]
2022-04-25 11:17:24,454{GMT}	INFO	[jepsen worker 8] jepsen.util: 98	:info	:cas	[3 [1 3]]	[:unknown "not leader"]
2022-04-25 11:17:24,851{GMT}	INFO	[jepsen worker 6] jepsen.util: 76	:invoke	:cas	[4 [3 4]]
2022-04-25 11:17:25,066{GMT}	INFO	[jepsen worker 1] jepsen.util: 1	:invoke	:read	[4 nil]
2022-04-25 11:17:25,333{GMT}	INFO	[jepsen worker 0] jepsen.util: 0	:invoke	:read	[4 nil]
2022-04-25 11:17:25,354{GMT}	INFO	[jepsen worker 0] jepsen.util: 0	:fail	:read	[4 nil]	[:unknown "not leader"]
2022-04-25 11:17:25,532{GMT}	INFO	[jepsen worker 7] jepsen.util: 77	:invoke	:cas	[4 [2 3]]
2022-04-25 11:17:25,537{GMT}	INFO	[jepsen worker 7] jepsen.util: 77	:info	:cas	[4 [2 3]]	[:unknown "not leader"]
2022-04-25 11:17:25,787{GMT}	INFO	[jepsen worker 2] jepsen.util: 2	:invoke	:read	[4 nil]
2022-04-25 11:17:25,791{GMT}	INFO	[jepsen worker 2] jepsen.util: 2	:fail	:read	[4 nil]	[:unknown "not leader"]
2022-04-25 11:17:25,987{GMT}	INFO	[jepsen worker 5] jepsen.util: 135	:invoke	:cas	[4 [2 1]]
2022-04-25 11:17:25,989{GMT}	INFO	[jepsen worker 5] jepsen.util: 135	:info	:cas	[4 [2 1]]	[:unknown "not leader"]
2022-04-25 11:17:26,252{GMT}	INFO	[jepsen worker 8] jepsen.util: 108	:invoke	:write	[4 4]
2022-04-25 11:17:26,257{GMT}	INFO	[jepsen worker 8] jepsen.util: 108	:info	:write	[4 4]	[:unknown "not leader"]
2022-04-25 11:17:26,371{GMT}	INFO	[jepsen worker 9] jepsen.util: 79	:invoke	:cas	[4 [0 0]]
2022-04-25 11:17:26,376{GMT}	INFO	[jepsen worker 9] jepsen.util: 79	:info	:cas	[4 [0 0]]	[:unknown "not leader"]
2022-04-25 11:17:26,464{GMT}	INFO	[jepsen worker 0] jepsen.util: 0	:invoke	:read	[4 nil]
2022-04-25 11:17:26,466{GMT}	INFO	[jepsen worker 0] jepsen.util: 0	:fail	:read	[4 nil]	[:unknown "not leader"]
2022-04-25 11:17:26,475{GMT}	INFO	[jepsen worker 3] jepsen.util: 3	:invoke	:read	[4 nil]
2022-04-25 11:17:26,476{GMT}	INFO	[jepsen worker 3] jepsen.util: 3	:fail	:read	[4 nil]	[:unknown "not leader"]
2022-04-25 11:17:26,783{GMT}	INFO	[jepsen worker 4] jepsen.util: 4	:invoke	:read	[4 nil]
2022-04-25 11:17:26,786{GMT}	INFO	[jepsen worker 7] jepsen.util: 87	:invoke	:write	[4 0]
2022-04-25 11:17:26,787{GMT}	INFO	[jepsen worker 4] jepsen.util: 4	:fail	:read	[4 nil]	[:unknown "not leader"]
2022-04-25 11:17:26,791{GMT}	INFO	[jepsen worker 7] jepsen.util: 87	:info	:write	[4 0]	[:unknown "not leader"]
2022-04-25 11:17:26,791{GMT}	INFO	[jepsen worker 9] jepsen.util: 89	:invoke	:cas	[4 [4 2]]
2022-04-25 11:17:26,796{GMT}	INFO	[jepsen worker 9] jepsen.util: 89	:info	:cas	[4 [4 2]]	[:unknown "not leader"]
2022-04-25 11:17:26,853{GMT}	INFO	[jepsen worker 6] jepsen.util: 76	:info	:cas	[4 [3 4]]	:net-timeout
2022-04-25 11:17:26,922{GMT}	INFO	[jepsen worker 5] jepsen.util: 145	:invoke	:write	[4 1]
2022-04-25 11:17:26,927{GMT}	INFO	[jepsen worker 5] jepsen.util: 145	:info	:write	[4 1]	[:unknown "not leader"]
2022-04-25 11:17:27,001{GMT}	INFO	[jepsen worker 9] jepsen.util: 99	:invoke	:write	[4 2]
2022-04-25 11:17:27,003{GMT}	INFO	[jepsen worker 9] jepsen.util: 99	:info	:write	[4 2]	[:unknown "not leader"]
2022-04-25 11:17:27,045{GMT}	INFO	[jepsen worker 2] jepsen.util: 2	:invoke	:read	[4 nil]
2022-04-25 11:17:27,047{GMT}	INFO	[jepsen worker 2] jepsen.util: 2	:fail	:read	[4 nil]	[:unknown "not leader"]
2022-04-25 11:17:27,049{GMT}	INFO	[jepsen worker 4] jepsen.util: 4	:invoke	:read	[4 nil]
2022-04-25 11:17:27,050{GMT}	INFO	[jepsen worker 4] jepsen.util: 4	:fail	:read	[4 nil]	[:unknown "not leader"]
2022-04-25 11:17:27,067{GMT}	INFO	[jepsen worker 1] jepsen.util: 1	:fail	:read	[4 nil]	:net-timeout
2022-04-25 11:17:27,384{GMT}	INFO	[jepsen worker 0] jepsen.util: 0	:invoke	:read	[4 nil]
2022-04-25 11:17:27,461{GMT}	INFO	[jepsen worker 0] jepsen.util: 0	:fail	:read	[4 nil]	[:unknown "not leader"]
2022-04-25 11:17:27,463{GMT}	INFO	[jepsen worker 4] jepsen.util: 4	:invoke	:read	[4 nil]
2022-04-25 11:17:27,661{GMT}	INFO	[jepsen worker 4] jepsen.util: 4	:fail	:read	[4 nil]	[:unknown "not leader"]
2022-04-25 11:17:27,743{GMT}	INFO	[jepsen worker 9] jepsen.util: 109	:invoke	:cas	[4 [4 0]]
2022-04-25 11:17:27,748{GMT}	INFO	[jepsen worker 9] jepsen.util: 109	:info	:cas	[4 [4 0]]	[:unknown "not leader"]
2022-04-25 11:17:28,020{GMT}	INFO	[jepsen worker 2] jepsen.util: 2	:invoke	:read	[4 nil]
2022-04-25 11:17:28,024{GMT}	INFO	[jepsen worker 2] jepsen.util: 2	:fail	:read	[4 nil]	[:unknown "not leader"]
2022-04-25 11:17:28,198{GMT}	INFO	[jepsen worker 8] jepsen.util: 118	:invoke	:write	[4 1]
2022-04-25 11:17:28,250{GMT}	INFO	[jepsen worker 8] jepsen.util: 118	:info	:write	[4 1]	[:unknown "not leader"]
2022-04-25 11:17:28,389{GMT}	INFO	[jepsen worker 6] jepsen.util: 86	:invoke	:write	[5 4]
2022-04-25 11:17:28,392{GMT}	INFO	[jepsen worker 6] jepsen.util: 86	:info	:write	[5 4]	[:unknown "not leader"]
2022-04-25 11:17:28,421{GMT}	INFO	[jepsen worker 1] jepsen.util: 1	:invoke	:read	[5 nil]
2022-04-25 11:17:28,426{GMT}	INFO	[jepsen worker 1] jepsen.util: 1	:fail	:read	[5 nil]	[:unknown "not leader"]
2022-04-25 11:17:28,779{GMT}	INFO	[jepsen worker 6] jepsen.util: 96	:invoke	:write	[5 2]
2022-04-25 11:17:28,783{GMT}	INFO	[jepsen worker 6] jepsen.util: 96	:info	:write	[5 2]	[:unknown "not leader"]
2022-04-25 11:17:28,799{GMT}	INFO	[jepsen node n0] maelstrom.db: Tearing down n0
2022-04-25 11:17:28,801{GMT}	INFO	[jepsen node n1] maelstrom.db: Tearing down n1
2022-04-25 11:17:28,802{GMT}	INFO	[jepsen node n2] maelstrom.db: Tearing down n2
2022-04-25 11:17:28,804{GMT}	INFO	[jepsen node n3] maelstrom.db: Tearing down n3
2022-04-25 11:17:28,806{GMT}	INFO	[jepsen node n4] maelstrom.db: Tearing down n4
2022-04-25 11:17:29,826{GMT}	INFO	[jepsen node n0] maelstrom.net: Shutting down Maelstrom network
2022-04-25 11:17:29,828{GMT}	INFO	[jepsen test runner] jepsen.core: Run complete, writing
2022-04-25 11:17:29,876{GMT}	INFO	[jepsen test runner] jepsen.core: Analyzing...
2022-04-25 11:17:30,196{GMT}	INFO	[clojure-agent-send-pool-5] jepsen.independent: Wrote /home/clock/Mestrado/2Sem/TF/TP/TP2/store/lin-kv/20220425T111708.000+0100/independent/5/results.edn
2022-04-25 11:17:30,198{GMT}	INFO	[clojure-agent-send-pool-5] jepsen.independent: Wrote /home/clock/Mestrado/2Sem/TF/TP/TP2/store/lin-kv/20220425T111708.000+0100/independent/5/history.edn
2022-04-25 11:17:30,208{GMT}	INFO	[clojure-agent-send-pool-0] jepsen.independent: Wrote /home/clock/Mestrado/2Sem/TF/TP/TP2/store/lin-kv/20220425T111708.000+0100/independent/0/results.edn
2022-04-25 11:17:30,211{GMT}	INFO	[clojure-agent-send-pool-0] jepsen.independent: Wrote /home/clock/Mestrado/2Sem/TF/TP/TP2/store/lin-kv/20220425T111708.000+0100/independent/0/history.edn
2022-04-25 11:17:30,260{GMT}	INFO	[clojure-agent-send-pool-2] jepsen.independent: Wrote /home/clock/Mestrado/2Sem/TF/TP/TP2/store/lin-kv/20220425T111708.000+0100/independent/4/results.edn
2022-04-25 11:17:30,263{GMT}	INFO	[clojure-agent-send-pool-2] jepsen.independent: Wrote /home/clock/Mestrado/2Sem/TF/TP/TP2/store/lin-kv/20220425T111708.000+0100/independent/4/history.edn
2022-04-25 11:17:30,275{GMT}	INFO	[clojure-agent-send-pool-3] jepsen.independent: Wrote /home/clock/Mestrado/2Sem/TF/TP/TP2/store/lin-kv/20220425T111708.000+0100/independent/3/results.edn
2022-04-25 11:17:30,277{GMT}	INFO	[clojure-agent-send-pool-3] jepsen.independent: Wrote /home/clock/Mestrado/2Sem/TF/TP/TP2/store/lin-kv/20220425T111708.000+0100/independent/3/history.edn
2022-04-25 11:17:30,288{GMT}	INFO	[clojure-agent-send-pool-4] jepsen.independent: Wrote /home/clock/Mestrado/2Sem/TF/TP/TP2/store/lin-kv/20220425T111708.000+0100/independent/2/results.edn
2022-04-25 11:17:30,290{GMT}	INFO	[clojure-agent-send-pool-4] jepsen.independent: Wrote /home/clock/Mestrado/2Sem/TF/TP/TP2/store/lin-kv/20220425T111708.000+0100/independent/2/history.edn
2022-04-25 11:17:30,320{GMT}	INFO	[clojure-agent-send-pool-1] jepsen.independent: Wrote /home/clock/Mestrado/2Sem/TF/TP/TP2/store/lin-kv/20220425T111708.000+0100/independent/1/results.edn
2022-04-25 11:17:30,322{GMT}	INFO	[clojure-agent-send-pool-1] jepsen.independent: Wrote /home/clock/Mestrado/2Sem/TF/TP/TP2/store/lin-kv/20220425T111708.000+0100/independent/1/history.edn
2022-04-25 11:17:30,491{GMT}	INFO	[jepsen test runner] jepsen.core: Analysis complete
2022-04-25 11:17:30,642{GMT}	INFO	[jepsen results] jepsen.store: Wrote /home/clock/Mestrado/2Sem/TF/TP/TP2/store/lin-kv/20220425T111708.000+0100/results.edn
2022-04-25 11:17:30,745{GMT}	INFO	[jepsen test runner] jepsen.core: {:perf {:latency-graph {:valid? true},
        :rate-graph {:valid? true},
        :valid? true},
 :timeline {:valid? true},
 :exceptions {:valid? true},
 :stats {:valid? false,
         :count 110,
         :ok-count 2,
         :fail-count 51,
         :info-count 57,
         :by-f {:cas {:valid? false,
                      :count 36,
                      :ok-count 0,
                      :fail-count 0,
                      :info-count 36},
                :read {:valid? true,
                       :count 52,
                       :ok-count 1,
                       :fail-count 51,
                       :info-count 0},
                :write {:valid? true,
                        :count 22,
                        :ok-count 1,
                        :fail-count 0,
                        :info-count 21}}},
 :net {:all {:send-count 542,
             :recv-count 539,
             :msg-count 542,
             :msgs-per-op 4.927273},
       :clients {:send-count 230, :recv-count 230, :msg-count 230},
       :servers {:send-count 312,
                 :recv-count 309,
                 :msg-count 312,
                 :msgs-per-op 2.8363636},
       :valid? true},
 :workload {:valid? true,
            :results {0 {:linearizable {:valid? true,
                                        :configs ({:model #knossos.model.CASRegister{:value nil},
                                                   :last-op nil,
                                                   :pending [{:process 5,
                                                              :type :invoke,
                                                              :f :cas,
                                                              :value [1
                                                                      0],
                                                              :index 12,
                                                              :time 1206079779}
                                                             {:process 6,
                                                              :type :invoke,
                                                              :f :write,
                                                              :value 4,
                                                              :index 10,
                                                              :time 838349364}
                                                             {:process 7,
                                                              :type :invoke,
                                                              :f :cas,
                                                              :value [3
                                                                      0],
                                                              :index 4,
                                                              :time 389888157}
                                                             {:process 8,
                                                              :type :invoke,
                                                              :f :write,
                                                              :value 1,
                                                              :index 6,
                                                              :time 405709454}
                                                             {:process 9,
                                                              :type :invoke,
                                                              :f :cas,
                                                              :value [0
                                                                      1],
                                                              :index 14,
                                                              :time 1558452515}
                                                             {:process 15,
                                                              :type :invoke,
                                                              :f :cas,
                                                              :value [0
                                                                      3],
                                                              :index 20,
                                                              :time 1928943284}
                                                             {:process 16,
                                                              :type :invoke,
                                                              :f :write,
                                                              :value 3,
                                                              :index 28,
                                                              :time 2588339834}
                                                             {:process 17,
                                                              :type :invoke,
                                                              :f :cas,
                                                              :value [0
                                                                      4],
                                                              :index 8,
                                                              :time 584679293}
                                                             {:process 25,
                                                              :type :invoke,
                                                              :f :write,
                                                              :value 4,
                                                              :index 23,
                                                              :time 2145934299}
                                                             {:process 26,
                                                              :type :invoke,
                                                              :f :cas,
                                                              :value [2
                                                                      4],
                                                              :index 34,
                                                              :time 3306115040}
                                                             {:process 35,
                                                              :type :invoke,
                                                              :f :write,
                                                              :value 3,
                                                              :index 38,
                                                              :time 3828799348}]}),
                                        :final-paths ()},
                         :timeline {:valid? true},
                         :valid? true},
                      1 {:linearizable {:valid? true,
                                        :configs ({:model #knossos.model.CASRegister{:value 2},
                                                   :last-op {:process 3,
                                                             :type :ok,
                                                             :f :read,
                                                             :value 2,
                                                             :index 65,
                                                             :time 6124149295},
                                                   :pending [{:process 18,
                                                              :type :invoke,
                                                              :f :cas,
                                                              :value [1
                                                                      4],
                                                              :index 58,
                                                              :time 5445763980}
                                                             {:process 19,
                                                              :type :invoke,
                                                              :f :cas,
                                                              :value [2
                                                                      3],
                                                              :index 52,
                                                              :time 5085873536}
                                                             {:process 27,
                                                              :type :invoke,
                                                              :f :cas,
                                                              :value [2
                                                                      1],
                                                              :index 74,
                                                              :time 6846441849}
                                                             {:process 28,
                                                              :type :invoke,
                                                              :f :cas,
                                                              :value [0
                                                                      1],
                                                              :index 76,
                                                              :time 6955538478}
                                                             {:process 29,
                                                              :type :invoke,
                                                              :f :write,
                                                              :value 3,
                                                              :index 60,
                                                              :time 5742058751}
                                                             {:process 36,
                                                              :type :invoke,
                                                              :f :write,
                                                              :value 3,
                                                              :index 40,
                                                              :time 4041585988}
                                                             {:process 39,
                                                              :type :invoke,
                                                              :f :cas,
                                                              :value [4
                                                                      0],
                                                              :index 79,
                                                              :time 7356560995}
                                                             {:process 45,
                                                              :type :invoke,
                                                              :f :cas,
                                                              :value [1
                                                                      0],
                                                              :index 88,
                                                              :time 8073918437}
                                                             {:process 46,
                                                              :type :invoke,
                                                              :f :cas,
                                                              :value [0
                                                                      3],
                                                              :index 42,
                                                              :time 4227425906}
                                                             {:process 49,
                                                              :type :invoke,
                                                              :f :cas,
                                                              :value [4
                                                                      1],
                                                              :index 82,
                                                              :time 7391366926}
                                                             {:process 56,
                                                              :type :invoke,
                                                              :f :cas,
                                                              :value [1
                                                                      1],
                                                              :index 46,
                                                              :time 4716203732}]}
                                                  {:model #knossos.model.CASRegister{:value 2},
                                                   :last-op {:process 3,
                                                             :type :ok,
                                                             :f :read,
                                                             :value 2,
                                                             :index 65,
                                                             :time 6124149295},
                                                   :pending [{:process 18,
                                                              :type :invoke,
                                                              :f :cas,
                                                              :value [1
                                                                      4],
                                                              :index 58,
                                                              :time 5445763980}
                                                             {:process 19,
                                                              :type :invoke,
                                                              :f :cas,
                                                              :value [2
                                                                      3],
                                                              :index 52,
                                                              :time 5085873536}
                                                             {:process 27,
                                                              :type :invoke,
                                                              :f :cas,
                                                              :value [2
                                                                      1],
                                                              :index 74,
                                                              :time 6846441849}
                                                             {:process 28,
                                                              :type :invoke,
                                                              :f :cas,
                                                              :value [0
                                                                      1],
                                                              :index 76,
                                                              :time 6955538478}
                                                             {:process 29,
                                                              :type :invoke,
                                                              :f :write,
                                                              :value 3,
                                                              :index 60,
                                                              :time 5742058751}
                                                             {:process 39,
                                                              :type :invoke,
                                                              :f :cas,
                                                              :value [4
                                                                      0],
                                                              :index 79,
                                                              :time 7356560995}
                                                             {:process 45,
                                                              :type :invoke,
                                                              :f :cas,
                                                              :value [1
                                                                      0],
                                                              :index 88,
                                                              :time 8073918437}
                                                             {:process 46,
                                                              :type :invoke,
                                                              :f :cas,
                                                              :value [0
                                                                      3],
                                                              :index 42,
                                                              :time 4227425906}
                                                             {:process 49,
                                                              :type :invoke,
                                                              :f :cas,
                                                              :value [4
                                                                      1],
                                                              :index 82,
                                                              :time 7391366926}
                                                             {:process 56,
                                                              :type :invoke,
                                                              :f :cas,
                                                              :value [1
                                                                      1],
                                                              :index 46,
                                                              :time 4716203732}]}),
                                        :final-paths ()},
                         :timeline {:valid? true},
                         :valid? true},
                      4 {:linearizable {:valid? true,
                                        :configs ({:model #knossos.model.CASRegister{:value nil},
                                                   :last-op nil,
                                                   :pending [{:process 76,
                                                              :type :invoke,
                                                              :f :cas,
                                                              :value [3
                                                                      4],
                                                              :index 170,
                                                              :time 15989574186}
                                                             {:process 77,
                                                              :type :invoke,
                                                              :f :cas,
                                                              :value [2
                                                                      3],
                                                              :index 174,
                                                              :time 16671707837}
                                                             {:process 79,
                                                              :type :invoke,
                                                              :f :cas,
                                                              :value [0
                                                                      0],
                                                              :index 182,
                                                              :time 17510495969}
                                                             {:process 87,
                                                              :type :invoke,
                                                              :f :write,
                                                              :value 0,
                                                              :index 189,
                                                              :time 17925250899}
                                                             {:process 89,
                                                              :type :invoke,
                                                              :f :cas,
                                                              :value [4
                                                                      2],
                                                              :index 191,
                                                              :time 17930519925}
                                                             {:process 99,
                                                              :type :invoke,
                                                              :f :write,
                                                              :value 2,
                                                              :index 197,
                                                              :time 18141454083}
                                                             {:process 108,
                                                              :type :invoke,
                                                              :f :write,
                                                              :value 4,
                                                              :index 180,
                                                              :time 17391743781}
                                                             {:process 109,
                                                              :type :invoke,
                                                              :f :cas,
                                                              :value [4
                                                                      0],
                                                              :index 208,
                                                              :time 18882216000}
                                                             {:process 118,
                                                              :type :invoke,
                                                              :f :write,
                                                              :value 1,
                                                              :index 212,
                                                              :time 19337551392}
                                                             {:process 135,
                                                              :type :invoke,
                                                              :f :cas,
                                                              :value [2
                                                                      1],
                                                              :index 178,
                                                              :time 17127066847}
                                                             {:process 145,
                                                              :type :invoke,
                                                              :f :write,
                                                              :value 1,
                                                              :index 195,
                                                              :time 18061169994}]}),
                                        :final-paths ()},
                         :timeline {:valid? true},
                         :valid? true},
                      3 {:linearizable {:valid? true,
                                        :configs ({:model #knossos.model.CASRegister{:value nil},
                                                   :last-op nil,
                                                   :pending [{:process 57,
                                                              :type :invoke,
                                                              :f :cas,
                                                              :value [0
                                                                      1],
                                                              :index 135,
                                                              :time 12589457751}
                                                             {:process 66,
                                                              :type :invoke,
                                                              :f :write,
                                                              :value 0,
                                                              :index 137,
                                                              :time 12877398469}
                                                             {:process 67,
                                                              :type :invoke,
                                                              :f :cas,
                                                              :value [0
                                                                      1],
                                                              :index 144,
                                                              :time 13596802352}
                                                             {:process 68,
                                                              :type :invoke,
                                                              :f :write,
                                                              :value 4,
                                                              :index 131,
                                                              :time 12043379564}
                                                             {:process 69,
                                                              :type :invoke,
                                                              :f :write,
                                                              :value 2,
                                                              :index 151,
                                                              :time 14401121487}
                                                             {:process 78,
                                                              :type :invoke,
                                                              :f :cas,
                                                              :value [3
                                                                      2],
                                                              :index 149,
                                                              :time 14154944878}
                                                             {:process 88,
                                                              :type :invoke,
                                                              :f :cas,
                                                              :value [3
                                                                      4],
                                                              :index 153,
                                                              :time 14595363403}
                                                             {:process 98,
                                                              :type :invoke,
                                                              :f :cas,
                                                              :value [1
                                                                      3],
                                                              :index 168,
                                                              :time 15589287100}
                                                             {:process 105,
                                                              :type :invoke,
                                                              :f :cas,
                                                              :value [1
                                                                      0],
                                                              :index 138,
                                                              :time 12917841175}
                                                             {:process 115,
                                                              :type :invoke,
                                                              :f :cas,
                                                              :value [2
                                                                      4],
                                                              :index 147,
                                                              :time 13883900260}
                                                             {:process 125,
                                                              :type :invoke,
                                                              :f :write,
                                                              :value 4,
                                                              :index 159,
                                                              :time 15049420554}]}),
                                        :final-paths ()},
                         :timeline {:valid? true},
                         :valid? true},
                      2 {:linearizable {:valid? true,
                                        :configs ({:model #knossos.model.CASRegister{:value nil},
                                                   :last-op nil,
                                                   :pending [{:process 37,
                                                              :type :invoke,
                                                              :f :cas,
                                                              :value [3
                                                                      0],
                                                              :index 104,
                                                              :time 9511865240}
                                                             {:process 38,
                                                              :type :invoke,
                                                              :f :cas,
                                                              :value [4
                                                                      1],
                                                              :index 108,
                                                              :time 9673715070}
                                                             {:process 47,
                                                              :type :invoke,
                                                              :f :cas,
                                                              :value [2
                                                                      2],
                                                              :index 110,
                                                              :time 9811249224}
                                                             {:process 48,
                                                              :type :invoke,
                                                              :f :cas,
                                                              :value [3
                                                                      1],
                                                              :index 116,
                                                              :time 10482322254}
                                                             {:process 55,
                                                              :type :invoke,
                                                              :f :write,
                                                              :value 3,
                                                              :index 96,
                                                              :time 8418377033}
                                                             {:process 58,
                                                              :type :invoke,
                                                              :f :cas,
                                                              :value [2
                                                                      1],
                                                              :index 124,
                                                              :time 11219689780}
                                                             {:process 59,
                                                              :type :invoke,
                                                              :f :cas,
                                                              :value [1
                                                                      1],
                                                              :index 120,
                                                              :time 10748636887}
                                                             {:process 65,
                                                              :type :invoke,
                                                              :f :write,
                                                              :value 1,
                                                              :index 118,
                                                              :time 10712267312}
                                                             {:process 75,
                                                              :type :invoke,
                                                              :f :cas,
                                                              :value [1
                                                                      3],
                                                              :index 122,
                                                              :time 10819778728}
                                                             {:process 85,
                                                              :type :invoke,
                                                              :f :write,
                                                              :value 1,
                                                              :index 126,
                                                              :time 11303208182}
                                                             {:process 95,
                                                              :type :invoke,
                                                              :f :cas,
                                                              :value [3
                                                                      0],
                                                              :index 128,
                                                              :time 11528427344}]}),
                                        :final-paths ()},
                         :timeline {:valid? true},
                         :valid? true},
                      5 {:linearizable {:valid? true,
                                        :configs ({:model #knossos.model.CASRegister{:value nil},
                                                   :last-op nil,
                                                   :pending [{:process 86,
                                                              :type :invoke,
                                                              :f :write,
                                                              :value 4,
                                                              :index 214,
                                                              :time 19528465491}
                                                             {:process 96,
                                                              :type :invoke,
                                                              :f :write,
                                                              :value 2,
                                                              :index 218,
                                                              :time 19918842064}]}),
                                        :final-paths ()},
                         :timeline {:valid? true},
                         :valid? true}},
            :failures []},
 :valid? false}


Analysis invalid! ( 
