/home/clock/Mestrado/2Sem/TF/Lab2/lin-kv.py:8: DeprecationWarning: the imp module is deprecated in favour of importlib; see the module's documentation for alternative uses
  import imp
DEBUG:root:received {"id":1,"src":"c1","dest":"n0","body":{"type":"init","node_id":"n0","node_ids":["n0","n1"],"msg_id":1}}
INFO:root:node n0 initialized
DEBUG:root:sending {"dest": "c1", "src": "n0", "body": {"msg_id": 1, "in_reply_to": 1, "type": "init_ok"}}
DEBUG:root:received {"id":5,"src":"n1","dest":"n0","body":{"msg_id":2,"type":"read","key":0}}
INFO:root:server n1 reading from 0
DEBUG:root:sending {"dest": "n1", "src": "n0", "body": {"msg_id": 2, "in_reply_to": 2, "type": "error", "code": 20, "text": "not found"}}
DEBUG:root:received {"id":12,"src":"n1","dest":"n0","body":{"msg_id":7,"type":"read","key":0}}
INFO:root:server n1 reading from 0
DEBUG:root:sending {"dest": "n1", "src": "n0", "body": {"msg_id": 3, "in_reply_to": 7, "type": "error", "code": 20, "text": "not found"}}
DEBUG:root:received {"id":18,"src":"c5","dest":"n0","body":{"key":0,"value":0,"type":"write","msg_id":1}}
INFO:root:node c5 writing to 0
DEBUG:root:sending {"dest": "n0", "src": "n0", "body": {"msg_id": 4, "type": "read_lock", "key": 0, "value": 0}}
DEBUG:root:sending {"dest": "n1", "src": "n0", "body": {"msg_id": 5, "type": "read_lock", "key": 0, "value": 0}}
DEBUG:root:received {"id":19,"src":"n0","dest":"n0","body":{"msg_id":4,"type":"read_lock","key":0,"value":0}}
DEBUG:root:sending {"dest": "n0", "src": "n0", "body": {"msg_id": 6, "in_reply_to": 4, "type": "noKey", "text": "not found"}}
DEBUG:root:received {"id":21,"src":"n0","dest":"n0","body":{"msg_id":6,"in_reply_to":4,"type":"noKey","text":"not found"}}
DEBUG:root:received {"id":22,"src":"n1","dest":"n0","body":{"msg_id":12,"in_reply_to":5,"type":"noKey","text":"not found"}}
INFO:root:QUEUELOCK - [(None, -1, 'n0'), (None, -1, 'n1')]
DEBUG:root:sending {"dest": "n0", "src": "n0", "body": {"msg_id": 7, "type": "write_server", "key": 0, "value": 0, "timestamp": 0}}
DEBUG:root:sending {"dest": "n1", "src": "n0", "body": {"msg_id": 8, "type": "write_server", "key": 0, "value": 0, "timestamp": 0}}
DEBUG:root:received {"id":23,"src":"n0","dest":"n0","body":{"msg_id":7,"type":"write_server","key":0,"value":0,"timestamp":0}}
DEBUG:root:sending {"dest": "n0", "src": "n0", "body": {"msg_id": 9, "in_reply_to": 7, "type": "write_server_ok"}}
DEBUG:root:received {"id":25,"src":"n0","dest":"n0","body":{"msg_id":9,"in_reply_to":7,"type":"write_server_ok"}}
DEBUG:root:received {"id":26,"src":"n1","dest":"n0","body":{"msg_id":13,"in_reply_to":8,"type":"write_server_ok"}}
DEBUG:root:sending {"dest": "c5", "src": "n0", "body": {"msg_id": 10, "in_reply_to": 1, "type": "write_ok"}}
DEBUG:root:received {"id":28,"src":"c6","dest":"n0","body":{"key":0,"type":"read","msg_id":1}}
INFO:root:node c6 reading from 0
DEBUG:root:sending {"dest": "n0", "src": "n0", "body": {"msg_id": 11, "type": "read", "key": 0}}
DEBUG:root:sending {"dest": "n1", "src": "n0", "body": {"msg_id": 12, "type": "read", "key": 0}}
DEBUG:root:received {"id":29,"src":"n0","dest":"n0","body":{"msg_id":11,"type":"read","key":0}}
INFO:root:server n0 reading from 0
DEBUG:root:sending {"dest": "n0", "src": "n0", "body": {"msg_id": 13, "in_reply_to": 11, "type": "read_ok", "value": {"value": 0, "timestamp": 0}}}
DEBUG:root:received {"id":31,"src":"n0","dest":"n0","body":{"msg_id":13,"in_reply_to":11,"type":"read_ok","value":{"value":0,"timestamp":0}}}
WARNING:root:unknown message type read_ok
DEBUG:root:received {"id":32,"src":"n1","dest":"n0","body":{"msg_id":14,"in_reply_to":12,"type":"read_ok","value":{"value":0,"timestamp":0}}}
WARNING:root:unknown message type read_ok
DEBUG:root:sending {"dest": "c6", "src": "n0", "body": {"msg_id": 14, "in_reply_to": 1, "type": "read_ok", "value": 0}}
INFO:root:server n0 reading from 0
DEBUG:root:sending {"dest": "n0", "src": "n0", "body": {"msg_id": 15, "in_reply_to": 11, "type": "read_ok", "value": {"value": 0, "timestamp": 0}}}
DEBUG:root:received {"id":34,"src":"n0","dest":"n0","body":{"msg_id":15,"in_reply_to":11,"type":"read_ok","value":{"value":0,"timestamp":0}}}
WARNING:root:unknown message type read_ok
DEBUG:root:received {"id":35,"src":"c6","dest":"n0","body":{"key":0,"type":"read","msg_id":2}}
INFO:root:node c6 reading from 0
DEBUG:root:sending {"dest": "n0", "src": "n0", "body": {"msg_id": 16, "type": "read", "key": 0}}
DEBUG:root:sending {"dest": "n1", "src": "n0", "body": {"msg_id": 17, "type": "read", "key": 0}}
DEBUG:root:received {"id":36,"src":"n0","dest":"n0","body":{"msg_id":16,"type":"read","key":0}}
INFO:root:server n0 reading from 0
DEBUG:root:sending {"dest": "n0", "src": "n0", "body": {"msg_id": 18, "in_reply_to": 16, "type": "read_ok", "value": {"value": 0, "timestamp": 0}}}
DEBUG:root:received {"id":38,"src":"n0","dest":"n0","body":{"msg_id":18,"in_reply_to":16,"type":"read_ok","value":{"value":0,"timestamp":0}}}
WARNING:root:unknown message type read_ok
DEBUG:root:received {"id":39,"src":"n1","dest":"n0","body":{"msg_id":15,"in_reply_to":17,"type":"read_ok","value":{"value":0,"timestamp":0}}}
WARNING:root:unknown message type read_ok
DEBUG:root:sending {"dest": "c6", "src": "n0", "body": {"msg_id": 19, "in_reply_to": 2, "type": "read_ok", "value": 0}}
INFO:root:server n0 reading from 0
DEBUG:root:sending {"dest": "n0", "src": "n0", "body": {"msg_id": 20, "in_reply_to": 16, "type": "read_ok", "value": {"value": 0, "timestamp": 0}}}
DEBUG:root:received {"id":41,"src":"n0","dest":"n0","body":{"msg_id":20,"in_reply_to":16,"type":"read_ok","value":{"value":0,"timestamp":0}}}
WARNING:root:unknown message type read_ok
DEBUG:root:received {"id":42,"src":"c6","dest":"n0","body":{"key":0,"type":"read","msg_id":3}}
INFO:root:node c6 reading from 0
DEBUG:root:sending {"dest": "n0", "src": "n0", "body": {"msg_id": 21, "type": "read", "key": 0}}
DEBUG:root:sending {"dest": "n1", "src": "n0", "body": {"msg_id": 22, "type": "read", "key": 0}}
DEBUG:root:received {"id":43,"src":"n0","dest":"n0","body":{"msg_id":21,"type":"read","key":0}}
INFO:root:server n0 reading from 0
DEBUG:root:sending {"dest": "n0", "src": "n0", "body": {"msg_id": 23, "in_reply_to": 21, "type": "read_ok", "value": {"value": 0, "timestamp": 0}}}
DEBUG:root:received {"id":45,"src":"n0","dest":"n0","body":{"msg_id":23,"in_reply_to":21,"type":"read_ok","value":{"value":0,"timestamp":0}}}
WARNING:root:unknown message type read_ok
DEBUG:root:received {"id":46,"src":"n1","dest":"n0","body":{"msg_id":16,"in_reply_to":22,"type":"read_ok","value":{"value":0,"timestamp":0}}}
WARNING:root:unknown message type read_ok
DEBUG:root:sending {"dest": "c6", "src": "n0", "body": {"msg_id": 24, "in_reply_to": 3, "type": "read_ok", "value": 0}}
INFO:root:server n0 reading from 0
DEBUG:root:sending {"dest": "n0", "src": "n0", "body": {"msg_id": 25, "in_reply_to": 21, "type": "read_ok", "value": {"value": 0, "timestamp": 0}}}
DEBUG:root:received {"id":48,"src":"n0","dest":"n0","body":{"msg_id":25,"in_reply_to":21,"type":"read_ok","value":{"value":0,"timestamp":0}}}
WARNING:root:unknown message type read_ok
DEBUG:root:received {"id":50,"src":"n1","dest":"n0","body":{"msg_id":17,"type":"read","key":0}}
INFO:root:server n1 reading from 0
DEBUG:root:sending {"dest": "n1", "src": "n0", "body": {"msg_id": 26, "in_reply_to": 17, "type": "read_ok", "value": {"value": 0, "timestamp": 0}}}
DEBUG:root:received {"id":57,"src":"n1","dest":"n0","body":{"msg_id":22,"type":"read_lock","key":0,"value":1}}
DEBUG:root:sending {"dest": "n1", "src": "n0", "body": {"msg_id": 27, "in_reply_to": 22, "type": "lock_ok", "value": {"value": 0, "timestamp": 0}}}
DEBUG:root:received {"id":61,"src":"n1","dest":"n0","body":{"msg_id":25,"type":"write_server","key":0,"value":1,"timestamp":1}}
DEBUG:root:sending {"dest": "n1", "src": "n0", "body": {"msg_id": 28, "in_reply_to": 25, "type": "write_server_ok"}}
DEBUG:root:received {"id":66,"src":"c6","dest":"n0","body":{"key":0,"type":"read","msg_id":4}}
INFO:root:node c6 reading from 0
DEBUG:root:sending {"dest": "n1", "src": "n0", "body": {"msg_id": 29, "type": "read", "key": 0}}
DEBUG:root:sending {"dest": "n0", "src": "n0", "body": {"msg_id": 30, "type": "read", "key": 0}}
DEBUG:root:received {"id":68,"src":"n0","dest":"n0","body":{"msg_id":30,"type":"read","key":0}}
INFO:root:server n0 reading from 0
DEBUG:root:sending {"dest": "n0", "src": "n0", "body": {"msg_id": 31, "in_reply_to": 30, "type": "read_ok", "value": {"value": 1, "timestamp": 1}}}
DEBUG:root:received {"id":69,"src":"n1","dest":"n0","body":{"msg_id":29,"in_reply_to":29,"type":"read_ok","value":{"value":1,"timestamp":1}}}
DEBUG:root:received {"id":70,"src":"n0","dest":"n0","body":{"msg_id":31,"in_reply_to":30,"type":"read_ok","value":{"value":1,"timestamp":1}}}
WARNING:root:unknown message type read_ok
WARNING:root:unknown message type read_ok
DEBUG:root:sending {"dest": "c6", "src": "n0", "body": {"msg_id": 32, "in_reply_to": 4, "type": "read_ok", "value": 1}}
INFO:root:server n0 reading from 0
DEBUG:root:sending {"dest": "n0", "src": "n0", "body": {"msg_id": 33, "in_reply_to": 30, "type": "read_ok", "value": {"value": 1, "timestamp": 1}}}
DEBUG:root:received {"id":72,"src":"n0","dest":"n0","body":{"msg_id":33,"in_reply_to":30,"type":"read_ok","value":{"value":1,"timestamp":1}}}
WARNING:root:unknown message type read_ok
DEBUG:root:received {"id":73,"src":"c6","dest":"n0","body":{"key":0,"type":"read","msg_id":5}}
INFO:root:node c6 reading from 0
DEBUG:root:sending {"dest": "n0", "src": "n0", "body": {"msg_id": 34, "type": "read", "key": 0}}
DEBUG:root:sending {"dest": "n1", "src": "n0", "body": {"msg_id": 35, "type": "read", "key": 0}}
DEBUG:root:received {"id":74,"src":"n0","dest":"n0","body":{"msg_id":34,"type":"read","key":0}}
INFO:root:server n0 reading from 0
DEBUG:root:sending {"dest": "n0", "src": "n0", "body": {"msg_id": 36, "in_reply_to": 34, "type": "read_ok", "value": {"value": 1, "timestamp": 1}}}
DEBUG:root:received {"id":76,"src":"n0","dest":"n0","body":{"msg_id":36,"in_reply_to":34,"type":"read_ok","value":{"value":1,"timestamp":1}}}
DEBUG:root:received {"id":77,"src":"n1","dest":"n0","body":{"msg_id":30,"in_reply_to":35,"type":"read_ok","value":{"value":1,"timestamp":1}}}
WARNING:root:unknown message type read_ok
WARNING:root:unknown message type read_ok
DEBUG:root:sending {"dest": "c6", "src": "n0", "body": {"msg_id": 37, "in_reply_to": 5, "type": "read_ok", "value": 1}}
INFO:root:server n0 reading from 0
DEBUG:root:sending {"dest": "n0", "src": "n0", "body": {"msg_id": 38, "in_reply_to": 34, "type": "read_ok", "value": {"value": 1, "timestamp": 1}}}
DEBUG:root:received {"id":79,"src":"n0","dest":"n0","body":{"msg_id":38,"in_reply_to":34,"type":"read_ok","value":{"value":1,"timestamp":1}}}
WARNING:root:unknown message type read_ok
DEBUG:root:received {"id":80,"src":"c6","dest":"n0","body":{"key":0,"type":"read","msg_id":6}}
INFO:root:node c6 reading from 0
DEBUG:root:sending {"dest": "n0", "src": "n0", "body": {"msg_id": 39, "type": "read", "key": 0}}
DEBUG:root:sending {"dest": "n1", "src": "n0", "body": {"msg_id": 40, "type": "read", "key": 0}}
DEBUG:root:received {"id":81,"src":"n0","dest":"n0","body":{"msg_id":39,"type":"read","key":0}}
INFO:root:server n0 reading from 0
DEBUG:root:sending {"dest": "n0", "src": "n0", "body": {"msg_id": 41, "in_reply_to": 39, "type": "read_ok", "value": {"value": 1, "timestamp": 1}}}
DEBUG:root:received {"id":83,"src":"n1","dest":"n0","body":{"msg_id":31,"in_reply_to":40,"type":"read_ok","value":{"value":1,"timestamp":1}}}
WARNING:root:unknown message type read_ok
DEBUG:root:received {"id":84,"src":"n0","dest":"n0","body":{"msg_id":41,"in_reply_to":39,"type":"read_ok","value":{"value":1,"timestamp":1}}}
WARNING:root:unknown message type read_ok
DEBUG:root:sending {"dest": "c6", "src": "n0", "body": {"msg_id": 42, "in_reply_to": 6, "type": "read_ok", "value": 1}}
INFO:root:server n0 reading from 0
DEBUG:root:sending {"dest": "n0", "src": "n0", "body": {"msg_id": 43, "in_reply_to": 39, "type": "read_ok", "value": {"value": 1, "timestamp": 1}}}
DEBUG:root:received {"id":86,"src":"n0","dest":"n0","body":{"msg_id":43,"in_reply_to":39,"type":"read_ok","value":{"value":1,"timestamp":1}}}
WARNING:root:unknown message type read_ok
DEBUG:root:received {"id":89,"src":"n1","dest":"n0","body":{"msg_id":33,"type":"read","key":0}}
INFO:root:server n1 reading from 0
DEBUG:root:sending {"dest": "n1", "src": "n0", "body": {"msg_id": 44, "in_reply_to": 33, "type": "read_ok", "value": {"value": 1, "timestamp": 1}}}
DEBUG:root:received {"id":96,"src":"c6","dest":"n0","body":{"key":0,"type":"read","msg_id":7}}
INFO:root:node c6 reading from 0
DEBUG:root:sending {"dest": "n0", "src": "n0", "body": {"msg_id": 45, "type": "read", "key": 0}}
DEBUG:root:sending {"dest": "n1", "src": "n0", "body": {"msg_id": 46, "type": "read", "key": 0}}
DEBUG:root:received {"id":97,"src":"n0","dest":"n0","body":{"msg_id":45,"type":"read","key":0}}
INFO:root:server n0 reading from 0
DEBUG:root:sending {"dest": "n0", "src": "n0", "body": {"msg_id": 47, "in_reply_to": 45, "type": "read_ok", "value": {"value": 1, "timestamp": 1}}}
DEBUG:root:received {"id":99,"src":"n0","dest":"n0","body":{"msg_id":47,"in_reply_to":45,"type":"read_ok","value":{"value":1,"timestamp":1}}}
DEBUG:root:received {"id":100,"src":"n1","dest":"n0","body":{"msg_id":38,"in_reply_to":46,"type":"read_ok","value":{"value":3,"timestamp":2}}}
WARNING:root:unknown message type read_ok
WARNING:root:unknown message type read_ok
DEBUG:root:sending {"dest": "c6", "src": "n0", "body": {"msg_id": 48, "in_reply_to": 7, "type": "read_ok", "value": 3}}
INFO:root:server n0 reading from 0
DEBUG:root:sending {"dest": "n0", "src": "n0", "body": {"msg_id": 49, "in_reply_to": 45, "type": "read_ok", "value": {"value": 1, "timestamp": 1}}}
DEBUG:root:received {"id":102,"src":"n0","dest":"n0","body":{"msg_id":49,"in_reply_to":45,"type":"read_ok","value":{"value":1,"timestamp":1}}}
WARNING:root:unknown message type read_ok
DEBUG:root:received {"id":105,"src":"c6","dest":"n0","body":{"key":0,"type":"read","msg_id":8}}
INFO:root:node c6 reading from 0
DEBUG:root:sending {"dest": "n1", "src": "n0", "body": {"msg_id": 50, "type": "read", "key": 0}}
DEBUG:root:sending {"dest": "n0", "src": "n0", "body": {"msg_id": 51, "type": "read", "key": 0}}
DEBUG:root:received {"id":107,"src":"n0","dest":"n0","body":{"msg_id":51,"type":"read","key":0}}
INFO:root:server n0 reading from 0
DEBUG:root:sending {"dest": "n0", "src": "n0", "body": {"msg_id": 52, "in_reply_to": 51, "type": "read_ok", "value": {"value": 1, "timestamp": 1}}}
DEBUG:root:received {"id":108,"src":"n0","dest":"n0","body":{"msg_id":52,"in_reply_to":51,"type":"read_ok","value":{"value":1,"timestamp":1}}}
DEBUG:root:received {"id":109,"src":"n1","dest":"n0","body":{"msg_id":40,"in_reply_to":50,"type":"read_ok","value":{"value":3,"timestamp":2}}}
WARNING:root:unknown message type read_ok
WARNING:root:unknown message type read_ok
DEBUG:root:sending {"dest": "c6", "src": "n0", "body": {"msg_id": 53, "in_reply_to": 8, "type": "read_ok", "value": 3}}
INFO:root:server n0 reading from 0
DEBUG:root:sending {"dest": "n0", "src": "n0", "body": {"msg_id": 54, "in_reply_to": 51, "type": "read_ok", "value": {"value": 1, "timestamp": 1}}}
DEBUG:root:received {"id":111,"src":"n0","dest":"n0","body":{"msg_id":54,"in_reply_to":51,"type":"read_ok","value":{"value":1,"timestamp":1}}}
WARNING:root:unknown message type read_ok
DEBUG:root:received {"id":112,"src":"c5","dest":"n0","body":{"key":0,"from":1,"to":1,"type":"cas","msg_id":2}}
INFO:root:node c5 comparing and set
DEBUG:root:sending {"dest": "c5", "src": "n0", "body": {"msg_id": 55, "in_reply_to": 2, "type": "cas_ok"}}
DEBUG:root:received {"id":114,"src":"c6","dest":"n0","body":{"key":0,"type":"read","msg_id":9}}
INFO:root:node c6 reading from 0
DEBUG:root:sending {"dest": "n1", "src": "n0", "body": {"msg_id": 56, "type": "read", "key": 0}}
DEBUG:root:sending {"dest": "n0", "src": "n0", "body": {"msg_id": 57, "type": "read", "key": 0}}
DEBUG:root:received {"id":116,"src":"n0","dest":"n0","body":{"msg_id":57,"type":"read","key":0}}
INFO:root:server n0 reading from 0
DEBUG:root:sending {"dest": "n0", "src": "n0", "body": {"msg_id": 58, "in_reply_to": 57, "type": "read_ok", "value": {"value": 1, "timestamp": 2}}}
DEBUG:root:received {"id":117,"src":"n1","dest":"n0","body":{"msg_id":41,"in_reply_to":56,"type":"read_ok","value":{"value":3,"timestamp":2}}}
DEBUG:root:received {"id":118,"src":"n0","dest":"n0","body":{"msg_id":58,"in_reply_to":57,"type":"read_ok","value":{"value":1,"timestamp":2}}}
WARNING:root:unknown message type read_ok
WARNING:root:unknown message type read_ok
DEBUG:root:sending {"dest": "c6", "src": "n0", "body": {"msg_id": 59, "in_reply_to": 9, "type": "read_ok", "value": 3}}
INFO:root:server n0 reading from 0
DEBUG:root:sending {"dest": "n0", "src": "n0", "body": {"msg_id": 60, "in_reply_to": 57, "type": "read_ok", "value": {"value": 1, "timestamp": 2}}}
DEBUG:root:received {"id":120,"src":"n0","dest":"n0","body":{"msg_id":60,"in_reply_to":57,"type":"read_ok","value":{"value":1,"timestamp":2}}}
WARNING:root:unknown message type read_ok
DEBUG:root:received {"id":121,"src":"c6","dest":"n0","body":{"key":0,"type":"read","msg_id":10}}
INFO:root:node c6 reading from 0
DEBUG:root:sending {"dest": "n1", "src": "n0", "body": {"msg_id": 61, "type": "read", "key": 0}}
DEBUG:root:sending {"dest": "n0", "src": "n0", "body": {"msg_id": 62, "type": "read", "key": 0}}
DEBUG:root:received {"id":123,"src":"n0","dest":"n0","body":{"msg_id":62,"type":"read","key":0}}
INFO:root:server n0 reading from 0
DEBUG:root:sending {"dest": "n0", "src": "n0", "body": {"msg_id": 63, "in_reply_to": 62, "type": "read_ok", "value": {"value": 1, "timestamp": 2}}}
DEBUG:root:received {"id":124,"src":"n1","dest":"n0","body":{"msg_id":42,"in_reply_to":61,"type":"read_ok","value":{"value":3,"timestamp":2}}}
WARNING:root:unknown message type read_ok
DEBUG:root:received {"id":125,"src":"n0","dest":"n0","body":{"msg_id":63,"in_reply_to":62,"type":"read_ok","value":{"value":1,"timestamp":2}}}
WARNING:root:unknown message type read_ok
DEBUG:root:sending {"dest": "c6", "src": "n0", "body": {"msg_id": 64, "in_reply_to": 10, "type": "read_ok", "value": 3}}
INFO:root:server n0 reading from 0
DEBUG:root:sending {"dest": "n0", "src": "n0", "body": {"msg_id": 65, "in_reply_to": 62, "type": "read_ok", "value": {"value": 1, "timestamp": 2}}}
DEBUG:root:received {"id":127,"src":"n0","dest":"n0","body":{"msg_id":65,"in_reply_to":62,"type":"read_ok","value":{"value":1,"timestamp":2}}}
WARNING:root:unknown message type read_ok
DEBUG:root:received {"id":129,"src":"n1","dest":"n0","body":{"msg_id":43,"type":"read","key":0}}
INFO:root:server n1 reading from 0
DEBUG:root:sending {"dest": "n1", "src": "n0", "body": {"msg_id": 66, "in_reply_to": 43, "type": "read_ok", "value": {"value": 1, "timestamp": 2}}}
DEBUG:root:received {"id":135,"src":"c5","dest":"n0","body":{"key":0,"from":4,"to":3,"type":"cas","msg_id":3}}
INFO:root:node c5 comparing and set
DEBUG:root:sending {"dest": "c5", "src": "n0", "body": {"msg_id": 67, "in_reply_to": 3, "type": "error", "code": 22, "text": "does not match"}}
DEBUG:root:received {"id":141,"src":"c6","dest":"n0","body":{"key":0,"type":"read","msg_id":11}}
INFO:root:node c6 reading from 0
DEBUG:root:sending {"dest": "n0", "src": "n0", "body": {"msg_id": 68, "type": "read", "key": 0}}
DEBUG:root:sending {"dest": "n1", "src": "n0", "body": {"msg_id": 69, "type": "read", "key": 0}}
DEBUG:root:received {"id":142,"src":"n0","dest":"n0","body":{"msg_id":68,"type":"read","key":0}}
INFO:root:server n0 reading from 0
DEBUG:root:sending {"dest": "n0", "src": "n0", "body": {"msg_id": 70, "in_reply_to": 68, "type": "read_ok", "value": {"value": 1, "timestamp": 2}}}
DEBUG:root:received {"id":144,"src":"n0","dest":"n0","body":{"msg_id":70,"in_reply_to":68,"type":"read_ok","value":{"value":1,"timestamp":2}}}
DEBUG:root:received {"id":145,"src":"n1","dest":"n0","body":{"msg_id":50,"in_reply_to":69,"type":"read_ok","value":{"value":3,"timestamp":2}}}
WARNING:root:unknown message type read_ok
WARNING:root:unknown message type read_ok
DEBUG:root:sending {"dest": "c6", "src": "n0", "body": {"msg_id": 71, "in_reply_to": 11, "type": "read_ok", "value": 1}}
INFO:root:server n0 reading from 0
DEBUG:root:sending {"dest": "n0", "src": "n0", "body": {"msg_id": 72, "in_reply_to": 68, "type": "read_ok", "value": {"value": 1, "timestamp": 2}}}
DEBUG:root:received {"id":147,"src":"n0","dest":"n0","body":{"msg_id":72,"in_reply_to":68,"type":"read_ok","value":{"value":1,"timestamp":2}}}
WARNING:root:unknown message type read_ok
DEBUG:root:received {"id":150,"src":"n1","dest":"n0","body":{"msg_id":52,"type":"read","key":0}}
INFO:root:server n1 reading from 0
DEBUG:root:sending {"dest": "n1", "src": "n0", "body": {"msg_id": 73, "in_reply_to": 52, "type": "read_ok", "value": {"value": 1, "timestamp": 2}}}
DEBUG:root:received {"id":155,"src":"c5","dest":"n0","body":{"key":0,"from":3,"to":0,"type":"cas","msg_id":4}}
INFO:root:node c5 comparing and set
DEBUG:root:sending {"dest": "c5", "src": "n0", "body": {"msg_id": 74, "in_reply_to": 4, "type": "error", "code": 22, "text": "does not match"}}
DEBUG:root:received {"id":157,"src":"c5","dest":"n0","body":{"key":0,"from":0,"to":1,"type":"cas","msg_id":5}}
INFO:root:node c5 comparing and set
DEBUG:root:sending {"dest": "c5", "src": "n0", "body": {"msg_id": 75, "in_reply_to": 5, "type": "error", "code": 22, "text": "does not match"}}
DEBUG:root:received {"id":159,"src":"c5","dest":"n0","body":{"key":0,"value":3,"type":"write","msg_id":6}}
INFO:root:node c5 writing to 0
DEBUG:root:sending {"dest": "n0", "src": "n0", "body": {"msg_id": 76, "type": "read_lock", "key": 0, "value": 3}}
DEBUG:root:sending {"dest": "n1", "src": "n0", "body": {"msg_id": 77, "type": "read_lock", "key": 0, "value": 3}}
DEBUG:root:received {"id":160,"src":"n0","dest":"n0","body":{"msg_id":76,"type":"read_lock","key":0,"value":3}}
DEBUG:root:sending {"dest": "n0", "src": "n0", "body": {"msg_id": 78, "in_reply_to": 76, "type": "lock_ok", "value": {"value": 1, "timestamp": 2}}}
DEBUG:root:received {"id":162,"src":"n1","dest":"n0","body":{"msg_id":56,"in_reply_to":77,"type":"lock_ok","value":{"value":3,"timestamp":2}}}
DEBUG:root:received {"id":163,"src":"n0","dest":"n0","body":{"msg_id":78,"in_reply_to":76,"type":"lock_ok","value":{"value":1,"timestamp":2}}}
INFO:root:QUEUELOCK - [(3, 2, 'n1'), (1, 2, 'n0')]
DEBUG:root:sending {"dest": "n0", "src": "n0", "body": {"msg_id": 79, "type": "write_server", "key": 0, "value": 3, "timestamp": 3}}
DEBUG:root:sending {"dest": "n1", "src": "n0", "body": {"msg_id": 80, "type": "write_server", "key": 0, "value": 3, "timestamp": 3}}
DEBUG:root:received {"id":164,"src":"n0","dest":"n0","body":{"msg_id":79,"type":"write_server","key":0,"value":3,"timestamp":3}}
DEBUG:root:sending {"dest": "n0", "src": "n0", "body": {"msg_id": 81, "in_reply_to": 79, "type": "write_server_ok"}}
DEBUG:root:received {"id":166,"src":"n0","dest":"n0","body":{"msg_id":81,"in_reply_to":79,"type":"write_server_ok"}}
DEBUG:root:received {"id":167,"src":"n1","dest":"n0","body":{"msg_id":57,"in_reply_to":80,"type":"write_server_ok"}}
DEBUG:root:sending {"dest": "c5", "src": "n0", "body": {"msg_id": 82, "in_reply_to": 6, "type": "write_ok"}}
DEBUG:root:received {"id":171,"src":"n1","dest":"n0","body":{"msg_id":59,"type":"read_lock","key":0,"value":4}}
DEBUG:root:sending {"dest": "n1", "src": "n0", "body": {"msg_id": 83, "in_reply_to": 59, "type": "lock_ok", "value": {"value": 3, "timestamp": 3}}}
DEBUG:root:received {"id":175,"src":"n1","dest":"n0","body":{"msg_id":62,"type":"write_server","key":0,"value":4,"timestamp":4}}
DEBUG:root:sending {"dest": "n1", "src": "n0", "body": {"msg_id": 84, "in_reply_to": 62, "type": "write_server_ok"}}
DEBUG:root:received {"id":181,"src":"n1","dest":"n0","body":{"msg_id":66,"type":"read_lock","key":0,"value":4}}
DEBUG:root:sending {"dest": "n1", "src": "n0", "body": {"msg_id": 85, "in_reply_to": 66, "type": "lock_ok", "value": {"value": 4, "timestamp": 4}}}
DEBUG:root:received {"id":185,"src":"n1","dest":"n0","body":{"msg_id":69,"type":"write_server","key":0,"value":4,"timestamp":5}}
DEBUG:root:sending {"dest": "n1", "src": "n0", "body": {"msg_id": 86, "in_reply_to": 69, "type": "write_server_ok"}}
DEBUG:root:received {"id":189,"src":"c5","dest":"n0","body":{"key":0,"from":1,"to":1,"type":"cas","msg_id":7}}
INFO:root:node c5 comparing and set
DEBUG:root:sending {"dest": "c5", "src": "n0", "body": {"msg_id": 87, "in_reply_to": 7, "type": "error", "code": 22, "text": "does not match"}}
DEBUG:root:received {"id":191,"src":"c6","dest":"n0","body":{"key":0,"type":"read","msg_id":12}}
INFO:root:node c6 reading from 0
DEBUG:root:sending {"dest": "n0", "src": "n0", "body": {"msg_id": 88, "type": "read", "key": 0}}
DEBUG:root:sending {"dest": "n1", "src": "n0", "body": {"msg_id": 89, "type": "read", "key": 0}}
DEBUG:root:received {"id":192,"src":"n0","dest":"n0","body":{"msg_id":88,"type":"read","key":0}}
INFO:root:server n0 reading from 0
DEBUG:root:sending {"dest": "n0", "src": "n0", "body": {"msg_id": 90, "in_reply_to": 88, "type": "read_ok", "value": {"value": 4, "timestamp": 5}}}
DEBUG:root:received {"id":194,"src":"n0","dest":"n0","body":{"msg_id":90,"in_reply_to":88,"type":"read_ok","value":{"value":4,"timestamp":5}}}
WARNING:root:unknown message type read_ok
DEBUG:root:received {"id":195,"src":"n1","dest":"n0","body":{"msg_id":72,"in_reply_to":89,"type":"read_ok","value":{"value":4,"timestamp":5}}}
WARNING:root:unknown message type read_ok
DEBUG:root:sending {"dest": "c6", "src": "n0", "body": {"msg_id": 91, "in_reply_to": 12, "type": "read_ok", "value": 4}}
INFO:root:server n0 reading from 0
DEBUG:root:sending {"dest": "n0", "src": "n0", "body": {"msg_id": 92, "in_reply_to": 88, "type": "read_ok", "value": {"value": 4, "timestamp": 5}}}
DEBUG:root:received {"id":197,"src":"n0","dest":"n0","body":{"msg_id":92,"in_reply_to":88,"type":"read_ok","value":{"value":4,"timestamp":5}}}
WARNING:root:unknown message type read_ok
DEBUG:root:received {"id":200,"src":"n1","dest":"n0","body":{"msg_id":74,"type":"read","key":0}}
INFO:root:server n1 reading from 0
DEBUG:root:sending {"dest": "n1", "src": "n0", "body": {"msg_id": 93, "in_reply_to": 74, "type": "read_ok", "value": {"value": 4, "timestamp": 5}}}
DEBUG:root:received {"id":205,"src":"c6","dest":"n0","body":{"key":0,"type":"read","msg_id":13}}
INFO:root:node c6 reading from 0
DEBUG:root:sending {"dest": "n1", "src": "n0", "body": {"msg_id": 94, "type": "read", "key": 0}}
DEBUG:root:sending {"dest": "n0", "src": "n0", "body": {"msg_id": 95, "type": "read", "key": 0}}
DEBUG:root:received {"id":207,"src":"n0","dest":"n0","body":{"msg_id":95,"type":"read","key":0}}
INFO:root:server n0 reading from 0
DEBUG:root:sending {"dest": "n0", "src": "n0", "body": {"msg_id": 96, "in_reply_to": 95, "type": "read_ok", "value": {"value": 4, "timestamp": 5}}}
DEBUG:root:received {"id":208,"src":"n1","dest":"n0","body":{"msg_id":78,"in_reply_to":94,"type":"read_ok","value":{"value":4,"timestamp":5}}}
DEBUG:root:received {"id":209,"src":"n0","dest":"n0","body":{"msg_id":96,"in_reply_to":95,"type":"read_ok","value":{"value":4,"timestamp":5}}}
WARNING:root:unknown message type read_ok
WARNING:root:unknown message type read_ok
DEBUG:root:sending {"dest": "c6", "src": "n0", "body": {"msg_id": 97, "in_reply_to": 13, "type": "read_ok", "value": 4}}
INFO:root:server n0 reading from 0
DEBUG:root:sending {"dest": "n0", "src": "n0", "body": {"msg_id": 98, "in_reply_to": 95, "type": "read_ok", "value": {"value": 4, "timestamp": 5}}}
DEBUG:root:received {"id":211,"src":"n0","dest":"n0","body":{"msg_id":98,"in_reply_to":95,"type":"read_ok","value":{"value":4,"timestamp":5}}}
WARNING:root:unknown message type read_ok
DEBUG:root:received {"id":212,"src":"c6","dest":"n0","body":{"key":0,"type":"read","msg_id":14}}
INFO:root:node c6 reading from 0
DEBUG:root:sending {"dest": "n1", "src": "n0", "body": {"msg_id": 99, "type": "read", "key": 0}}
DEBUG:root:sending {"dest": "n0", "src": "n0", "body": {"msg_id": 100, "type": "read", "key": 0}}
DEBUG:root:received {"id":214,"src":"n0","dest":"n0","body":{"msg_id":100,"type":"read","key":0}}
INFO:root:server n0 reading from 0
DEBUG:root:sending {"dest": "n0", "src": "n0", "body": {"msg_id": 101, "in_reply_to": 100, "type": "read_ok", "value": {"value": 4, "timestamp": 5}}}
DEBUG:root:received {"id":215,"src":"n1","dest":"n0","body":{"msg_id":79,"in_reply_to":99,"type":"read_ok","value":{"value":4,"timestamp":5}}}
WARNING:root:unknown message type read_ok
DEBUG:root:received {"id":216,"src":"n0","dest":"n0","body":{"msg_id":101,"in_reply_to":100,"type":"read_ok","value":{"value":4,"timestamp":5}}}
WARNING:root:unknown message type read_ok
DEBUG:root:sending {"dest": "c6", "src": "n0", "body": {"msg_id": 102, "in_reply_to": 14, "type": "read_ok", "value": 4}}
INFO:root:server n0 reading from 0
DEBUG:root:sending {"dest": "n0", "src": "n0", "body": {"msg_id": 103, "in_reply_to": 100, "type": "read_ok", "value": {"value": 4, "timestamp": 5}}}
DEBUG:root:received {"id":218,"src":"n0","dest":"n0","body":{"msg_id":103,"in_reply_to":100,"type":"read_ok","value":{"value":4,"timestamp":5}}}
WARNING:root:unknown message type read_ok
DEBUG:root:received {"id":221,"src":"n1","dest":"n0","body":{"msg_id":81,"type":"read","key":0}}
INFO:root:server n1 reading from 0
DEBUG:root:sending {"dest": "n1", "src": "n0", "body": {"msg_id": 104, "in_reply_to": 81, "type": "read_ok", "value": {"value": 4, "timestamp": 5}}}
DEBUG:root:received {"id":227,"src":"n1","dest":"n0","body":{"msg_id":85,"type":"read","key":0}}
INFO:root:server n1 reading from 0
DEBUG:root:sending {"dest": "n1", "src": "n0", "body": {"msg_id": 105, "in_reply_to": 85, "type": "read_ok", "value": {"value": 4, "timestamp": 5}}}
DEBUG:root:received {"id":233,"src":"c5","dest":"n0","body":{"key":0,"from":2,"to":2,"type":"cas","msg_id":8}}
INFO:root:node c5 comparing and set
DEBUG:root:sending {"dest": "c5", "src": "n0", "body": {"msg_id": 106, "in_reply_to": 8, "type": "error", "code": 22, "text": "does not match"}}
DEBUG:root:received {"id":237,"src":"c5","dest":"n0","body":{"key":0,"value":2,"type":"write","msg_id":9}}
INFO:root:node c5 writing to 0
DEBUG:root:sending {"dest": "n1", "src": "n0", "body": {"msg_id": 107, "type": "read_lock", "key": 0, "value": 2}}
DEBUG:root:sending {"dest": "n0", "src": "n0", "body": {"msg_id": 108, "type": "read_lock", "key": 0, "value": 2}}
DEBUG:root:received {"id":239,"src":"n0","dest":"n0","body":{"msg_id":108,"type":"read_lock","key":0,"value":2}}
DEBUG:root:sending {"dest": "n0", "src": "n0", "body": {"msg_id": 109, "in_reply_to": 108, "type": "lock_ok", "value": {"value": 4, "timestamp": 5}}}
DEBUG:root:received {"id":240,"src":"n1","dest":"n0","body":{"msg_id":91,"in_reply_to":107,"type":"lock_ok","value":{"value":4,"timestamp":5}}}
DEBUG:root:received {"id":241,"src":"n0","dest":"n0","body":{"msg_id":109,"in_reply_to":108,"type":"lock_ok","value":{"value":4,"timestamp":5}}}
INFO:root:QUEUELOCK - [(4, 5, 'n1'), (4, 5, 'n0')]
DEBUG:root:sending {"dest": "n1", "src": "n0", "body": {"msg_id": 110, "type": "write_server", "key": 0, "value": 2, "timestamp": 6}}
DEBUG:root:sending {"dest": "n0", "src": "n0", "body": {"msg_id": 111, "type": "write_server", "key": 0, "value": 2, "timestamp": 6}}
DEBUG:root:received {"id":243,"src":"n0","dest":"n0","body":{"msg_id":111,"type":"write_server","key":0,"value":2,"timestamp":6}}
DEBUG:root:sending {"dest": "n0", "src": "n0", "body": {"msg_id": 112, "in_reply_to": 111, "type": "write_server_ok"}}
DEBUG:root:received {"id":244,"src":"n1","dest":"n0","body":{"msg_id":92,"in_reply_to":110,"type":"write_server_ok"}}
DEBUG:root:received {"id":245,"src":"n0","dest":"n0","body":{"msg_id":112,"in_reply_to":111,"type":"write_server_ok"}}
DEBUG:root:sending {"dest": "c5", "src": "n0", "body": {"msg_id": 113, "in_reply_to": 9, "type": "write_ok"}}
DEBUG:root:received {"id":247,"src":"c5","dest":"n0","body":{"key":0,"value":3,"type":"write","msg_id":10}}
INFO:root:node c5 writing to 0
DEBUG:root:sending {"dest": "n0", "src": "n0", "body": {"msg_id": 114, "type": "read_lock", "key": 0, "value": 3}}
DEBUG:root:sending {"dest": "n1", "src": "n0", "body": {"msg_id": 115, "type": "read_lock", "key": 0, "value": 3}}
DEBUG:root:received {"id":248,"src":"n0","dest":"n0","body":{"msg_id":114,"type":"read_lock","key":0,"value":3}}
DEBUG:root:sending {"dest": "n0", "src": "n0", "body": {"msg_id": 116, "in_reply_to": 114, "type": "lock_ok", "value": {"value": 2, "timestamp": 6}}}
DEBUG:root:received {"id":250,"src":"n0","dest":"n0","body":{"msg_id":116,"in_reply_to":114,"type":"lock_ok","value":{"value":2,"timestamp":6}}}
DEBUG:root:received {"id":251,"src":"n1","dest":"n0","body":{"msg_id":93,"in_reply_to":115,"type":"lock_ok","value":{"value":2,"timestamp":6}}}
INFO:root:QUEUELOCK - [(2, 6, 'n0'), (2, 6, 'n1')]
DEBUG:root:sending {"dest": "n0", "src": "n0", "body": {"msg_id": 117, "type": "write_server", "key": 0, "value": 3, "timestamp": 7}}
DEBUG:root:sending {"dest": "n1", "src": "n0", "body": {"msg_id": 118, "type": "write_server", "key": 0, "value": 3, "timestamp": 7}}
DEBUG:root:received {"id":252,"src":"n0","dest":"n0","body":{"msg_id":117,"type":"write_server","key":0,"value":3,"timestamp":7}}
DEBUG:root:sending {"dest": "n0", "src": "n0", "body": {"msg_id": 119, "in_reply_to": 117, "type": "write_server_ok"}}
DEBUG:root:received {"id":254,"src":"n0","dest":"n0","body":{"msg_id":119,"in_reply_to":117,"type":"write_server_ok"}}
DEBUG:root:received {"id":255,"src":"n1","dest":"n0","body":{"msg_id":94,"in_reply_to":118,"type":"write_server_ok"}}
DEBUG:root:sending {"dest": "c5", "src": "n0", "body": {"msg_id": 120, "in_reply_to": 10, "type": "write_ok"}}
DEBUG:root:received {"id":257,"src":"c6","dest":"n0","body":{"key":0,"type":"read","msg_id":15}}
INFO:root:node c6 reading from 0
DEBUG:root:sending {"dest": "n1", "src": "n0", "body": {"msg_id": 121, "type": "read", "key": 0}}
DEBUG:root:sending {"dest": "n0", "src": "n0", "body": {"msg_id": 122, "type": "read", "key": 0}}
DEBUG:root:received {"id":259,"src":"n0","dest":"n0","body":{"msg_id":122,"type":"read","key":0}}
INFO:root:server n0 reading from 0
DEBUG:root:sending {"dest": "n0", "src": "n0", "body": {"msg_id": 123, "in_reply_to": 122, "type": "read_ok", "value": {"value": 3, "timestamp": 7}}}
DEBUG:root:received {"id":260,"src":"n1","dest":"n0","body":{"msg_id":95,"in_reply_to":121,"type":"read_ok","value":{"value":3,"timestamp":7}}}
DEBUG:root:received {"id":261,"src":"n0","dest":"n0","body":{"msg_id":123,"in_reply_to":122,"type":"read_ok","value":{"value":3,"timestamp":7}}}
WARNING:root:unknown message type read_ok
WARNING:root:unknown message type read_ok
DEBUG:root:sending {"dest": "c6", "src": "n0", "body": {"msg_id": 124, "in_reply_to": 15, "type": "read_ok", "value": 3}}
INFO:root:server n0 reading from 0
DEBUG:root:sending {"dest": "n0", "src": "n0", "body": {"msg_id": 125, "in_reply_to": 122, "type": "read_ok", "value": {"value": 3, "timestamp": 7}}}
DEBUG:root:received {"id":263,"src":"n0","dest":"n0","body":{"msg_id":125,"in_reply_to":122,"type":"read_ok","value":{"value":3,"timestamp":7}}}
WARNING:root:unknown message type read_ok
DEBUG:root:received {"id":264,"src":"c5","dest":"n0","body":{"key":0,"value":4,"type":"write","msg_id":11}}
INFO:root:node c5 writing to 0
DEBUG:root:sending {"dest": "n0", "src": "n0", "body": {"msg_id": 126, "type": "read_lock", "key": 0, "value": 4}}
DEBUG:root:sending {"dest": "n1", "src": "n0", "body": {"msg_id": 127, "type": "read_lock", "key": 0, "value": 4}}
DEBUG:root:received {"id":265,"src":"n0","dest":"n0","body":{"msg_id":126,"type":"read_lock","key":0,"value":4}}
DEBUG:root:sending {"dest": "n0", "src": "n0", "body": {"msg_id": 128, "in_reply_to": 126, "type": "lock_ok", "value": {"value": 3, "timestamp": 7}}}
DEBUG:root:received {"id":267,"src":"n0","dest":"n0","body":{"msg_id":128,"in_reply_to":126,"type":"lock_ok","value":{"value":3,"timestamp":7}}}
DEBUG:root:received {"id":268,"src":"n1","dest":"n0","body":{"msg_id":96,"in_reply_to":127,"type":"lock_ok","value":{"value":3,"timestamp":7}}}
INFO:root:QUEUELOCK - [(3, 7, 'n0'), (3, 7, 'n1')]
DEBUG:root:sending {"dest": "n0", "src": "n0", "body": {"msg_id": 129, "type": "write_server", "key": 0, "value": 4, "timestamp": 8}}
DEBUG:root:sending {"dest": "n1", "src": "n0", "body": {"msg_id": 130, "type": "write_server", "key": 0, "value": 4, "timestamp": 8}}
DEBUG:root:received {"id":269,"src":"n0","dest":"n0","body":{"msg_id":129,"type":"write_server","key":0,"value":4,"timestamp":8}}
DEBUG:root:sending {"dest": "n0", "src": "n0", "body": {"msg_id": 131, "in_reply_to": 129, "type": "write_server_ok"}}
DEBUG:root:received {"id":271,"src":"n0","dest":"n0","body":{"msg_id":131,"in_reply_to":129,"type":"write_server_ok"}}
DEBUG:root:received {"id":272,"src":"n1","dest":"n0","body":{"msg_id":97,"in_reply_to":130,"type":"write_server_ok"}}
DEBUG:root:sending {"dest": "c5", "src": "n0", "body": {"msg_id": 132, "in_reply_to": 11, "type": "write_ok"}}
DEBUG:root:received {"id":275,"src":"n1","dest":"n0","body":{"msg_id":98,"type":"read","key":0}}
INFO:root:server n1 reading from 0
DEBUG:root:sending {"dest": "n1", "src": "n0", "body": {"msg_id": 133, "in_reply_to": 98, "type": "read_ok", "value": {"value": 4, "timestamp": 8}}}
DEBUG:root:received {"id":282,"src":"n1","dest":"n0","body":{"msg_id":103,"type":"read_lock","key":0,"value":0}}
DEBUG:root:sending {"dest": "n1", "src": "n0", "body": {"msg_id": 134, "in_reply_to": 103, "type": "lock_ok", "value": {"value": 4, "timestamp": 8}}}
DEBUG:root:received {"id":286,"src":"n1","dest":"n0","body":{"msg_id":106,"type":"write_server","key":0,"value":0,"timestamp":9}}
DEBUG:root:sending {"dest": "n1", "src": "n0", "body": {"msg_id": 135, "in_reply_to": 106, "type": "write_server_ok"}}
DEBUG:root:received {"id":291,"src":"c6","dest":"n0","body":{"key":0,"type":"read","msg_id":16}}
INFO:root:node c6 reading from 0
DEBUG:root:sending {"dest": "n0", "src": "n0", "body": {"msg_id": 136, "type": "read", "key": 0}}
DEBUG:root:sending {"dest": "n1", "src": "n0", "body": {"msg_id": 137, "type": "read", "key": 0}}
DEBUG:root:received {"id":292,"src":"n0","dest":"n0","body":{"msg_id":136,"type":"read","key":0}}
INFO:root:server n0 reading from 0
DEBUG:root:sending {"dest": "n0", "src": "n0", "body": {"msg_id": 138, "in_reply_to": 136, "type": "read_ok", "value": {"value": 0, "timestamp": 9}}}
DEBUG:root:received {"id":294,"src":"n0","dest":"n0","body":{"msg_id":138,"in_reply_to":136,"type":"read_ok","value":{"value":0,"timestamp":9}}}
WARNING:root:unknown message type read_ok
DEBUG:root:received {"id":295,"src":"n1","dest":"n0","body":{"msg_id":110,"in_reply_to":137,"type":"read_ok","value":{"value":0,"timestamp":9}}}
WARNING:root:unknown message type read_ok
DEBUG:root:sending {"dest": "c6", "src": "n0", "body": {"msg_id": 139, "in_reply_to": 16, "type": "read_ok", "value": 0}}
INFO:root:server n0 reading from 0
DEBUG:root:sending {"dest": "n0", "src": "n0", "body": {"msg_id": 140, "in_reply_to": 136, "type": "read_ok", "value": {"value": 0, "timestamp": 9}}}
DEBUG:root:received {"id":297,"src":"n0","dest":"n0","body":{"msg_id":140,"in_reply_to":136,"type":"read_ok","value":{"value":0,"timestamp":9}}}
WARNING:root:unknown message type read_ok
DEBUG:root:received {"id":300,"src":"n1","dest":"n0","body":{"msg_id":112,"type":"read","key":0}}
INFO:root:server n1 reading from 0
DEBUG:root:sending {"dest": "n1", "src": "n0", "body": {"msg_id": 141, "in_reply_to": 112, "type": "read_ok", "value": {"value": 0, "timestamp": 9}}}
DEBUG:root:received {"id":305,"src":"c5","dest":"n0","body":{"key":0,"from":3,"to":3,"type":"cas","msg_id":12}}
INFO:root:node c5 comparing and set
DEBUG:root:sending {"dest": "c5", "src": "n0", "body": {"msg_id": 142, "in_reply_to": 12, "type": "error", "code": 22, "text": "does not match"}}
