/home/clock/Mestrado/2Sem/TF/Lab2/lin-kv.py:8: DeprecationWarning: the imp module is deprecated in favour of importlib; see the module's documentation for alternative uses
  import imp
DEBUG:root:received {"id":0,"src":"c0","dest":"n1","body":{"type":"init","node_id":"n1","node_ids":["n0","n1"],"msg_id":1}}
INFO:root:node n1 initialized
DEBUG:root:sending {"dest": "c0", "src": "n1", "body": {"msg_id": 1, "in_reply_to": 1, "type": "init_ok"}}
DEBUG:root:received {"id":4,"src":"c4","dest":"n1","body":{"key":0,"type":"read","msg_id":1}}
INFO:root:node c4 reading from 0
DEBUG:root:sending {"dest": "n0", "src": "n1", "body": {"msg_id": 2, "type": "read", "key": 0}}
DEBUG:root:sending {"dest": "n1", "src": "n1", "body": {"msg_id": 3, "type": "read", "key": 0}}
DEBUG:root:received {"id":6,"src":"n1","dest":"n1","body":{"msg_id":3,"type":"read","key":0}}
INFO:root:server n1 reading from 0
DEBUG:root:sending {"dest": "n1", "src": "n1", "body": {"msg_id": 4, "in_reply_to": 3, "type": "error", "code": 20, "text": "not found"}}
DEBUG:root:received {"id":7,"src":"n0","dest":"n1","body":{"msg_id":2,"in_reply_to":2,"type":"error","code":20,"text":"not found"}}
WARNING:root:unknown message type error
DEBUG:root:received {"id":8,"src":"n1","dest":"n1","body":{"msg_id":4,"in_reply_to":3,"type":"error","code":20,"text":"not found"}}
WARNING:root:unknown message type error
DEBUG:root:sending {"dest": "c4", "src": "n1", "body": {"msg_id": 5, "in_reply_to": 1, "type": "error", "code": 20, "text": "not found"}}
INFO:root:server n1 reading from 0
DEBUG:root:sending {"dest": "n1", "src": "n1", "body": {"msg_id": 6, "in_reply_to": 3, "type": "error", "code": 20, "text": "not found"}}
DEBUG:root:received {"id":10,"src":"n1","dest":"n1","body":{"msg_id":6,"in_reply_to":3,"type":"error","code":20,"text":"not found"}}
WARNING:root:unknown message type error
DEBUG:root:received {"id":11,"src":"c4","dest":"n1","body":{"key":0,"type":"read","msg_id":2}}
INFO:root:node c4 reading from 0
DEBUG:root:sending {"dest": "n0", "src": "n1", "body": {"msg_id": 7, "type": "read", "key": 0}}
DEBUG:root:sending {"dest": "n1", "src": "n1", "body": {"msg_id": 8, "type": "read", "key": 0}}
DEBUG:root:received {"id":13,"src":"n1","dest":"n1","body":{"msg_id":8,"type":"read","key":0}}
INFO:root:server n1 reading from 0
DEBUG:root:sending {"dest": "n1", "src": "n1", "body": {"msg_id": 9, "in_reply_to": 8, "type": "error", "code": 20, "text": "not found"}}
DEBUG:root:received {"id":14,"src":"n0","dest":"n1","body":{"msg_id":3,"in_reply_to":7,"type":"error","code":20,"text":"not found"}}
DEBUG:root:received {"id":15,"src":"n1","dest":"n1","body":{"msg_id":9,"in_reply_to":8,"type":"error","code":20,"text":"not found"}}
WARNING:root:unknown message type error
WARNING:root:unknown message type error
DEBUG:root:sending {"dest": "c4", "src": "n1", "body": {"msg_id": 10, "in_reply_to": 2, "type": "error", "code": 20, "text": "not found"}}
INFO:root:server n1 reading from 0
DEBUG:root:sending {"dest": "n1", "src": "n1", "body": {"msg_id": 11, "in_reply_to": 8, "type": "error", "code": 20, "text": "not found"}}
DEBUG:root:received {"id":17,"src":"n1","dest":"n1","body":{"msg_id":11,"in_reply_to":8,"type":"error","code":20,"text":"not found"}}
WARNING:root:unknown message type error
DEBUG:root:received {"id":20,"src":"n0","dest":"n1","body":{"msg_id":5,"type":"read_lock","key":0,"value":0}}
DEBUG:root:sending {"dest": "n0", "src": "n1", "body": {"msg_id": 12, "in_reply_to": 5, "type": "noKey", "text": "not found"}}
DEBUG:root:received {"id":24,"src":"n0","dest":"n1","body":{"msg_id":8,"type":"write_server","key":0,"value":0,"timestamp":0}}
DEBUG:root:sending {"dest": "n0", "src": "n1", "body": {"msg_id": 13, "in_reply_to": 8, "type": "write_server_ok"}}
DEBUG:root:received {"id":30,"src":"n0","dest":"n1","body":{"msg_id":12,"type":"read","key":0}}
INFO:root:server n0 reading from 0
DEBUG:root:sending {"dest": "n0", "src": "n1", "body": {"msg_id": 14, "in_reply_to": 12, "type": "read_ok", "value": {"value": 0, "timestamp": 0}}}
DEBUG:root:received {"id":37,"src":"n0","dest":"n1","body":{"msg_id":17,"type":"read","key":0}}
INFO:root:server n0 reading from 0
DEBUG:root:sending {"dest": "n0", "src": "n1", "body": {"msg_id": 15, "in_reply_to": 17, "type": "read_ok", "value": {"value": 0, "timestamp": 0}}}
DEBUG:root:received {"id":44,"src":"n0","dest":"n1","body":{"msg_id":22,"type":"read","key":0}}
INFO:root:server n0 reading from 0
DEBUG:root:sending {"dest": "n0", "src": "n1", "body": {"msg_id": 16, "in_reply_to": 22, "type": "read_ok", "value": {"value": 0, "timestamp": 0}}}
DEBUG:root:received {"id":49,"src":"c4","dest":"n1","body":{"key":0,"type":"read","msg_id":3}}
INFO:root:node c4 reading from 0
DEBUG:root:sending {"dest": "n0", "src": "n1", "body": {"msg_id": 17, "type": "read", "key": 0}}
DEBUG:root:sending {"dest": "n1", "src": "n1", "body": {"msg_id": 18, "type": "read", "key": 0}}
DEBUG:root:received {"id":51,"src":"n1","dest":"n1","body":{"msg_id":18,"type":"read","key":0}}
INFO:root:server n1 reading from 0
DEBUG:root:sending {"dest": "n1", "src": "n1", "body": {"msg_id": 19, "in_reply_to": 18, "type": "read_ok", "value": {"value": 0, "timestamp": 0}}}
DEBUG:root:received {"id":52,"src":"n1","dest":"n1","body":{"msg_id":19,"in_reply_to":18,"type":"read_ok","value":{"value":0,"timestamp":0}}}
WARNING:root:unknown message type read_ok
DEBUG:root:received {"id":53,"src":"n0","dest":"n1","body":{"msg_id":26,"in_reply_to":17,"type":"read_ok","value":{"value":0,"timestamp":0}}}
WARNING:root:unknown message type read_ok
DEBUG:root:sending {"dest": "c4", "src": "n1", "body": {"msg_id": 20, "in_reply_to": 3, "type": "read_ok", "value": 0}}
INFO:root:server n1 reading from 0
DEBUG:root:sending {"dest": "n1", "src": "n1", "body": {"msg_id": 21, "in_reply_to": 18, "type": "read_ok", "value": {"value": 0, "timestamp": 0}}}
DEBUG:root:received {"id":55,"src":"n1","dest":"n1","body":{"msg_id":21,"in_reply_to":18,"type":"read_ok","value":{"value":0,"timestamp":0}}}
WARNING:root:unknown message type read_ok
DEBUG:root:received {"id":56,"src":"c7","dest":"n1","body":{"key":0,"value":1,"type":"write","msg_id":1}}
INFO:root:node c7 writing to 0
DEBUG:root:sending {"dest": "n0", "src": "n1", "body": {"msg_id": 22, "type": "read_lock", "key": 0, "value": 1}}
DEBUG:root:sending {"dest": "n1", "src": "n1", "body": {"msg_id": 23, "type": "read_lock", "key": 0, "value": 1}}
DEBUG:root:received {"id":58,"src":"n1","dest":"n1","body":{"msg_id":23,"type":"read_lock","key":0,"value":1}}
DEBUG:root:sending {"dest": "n1", "src": "n1", "body": {"msg_id": 24, "in_reply_to": 23, "type": "lock_ok", "value": {"value": 0, "timestamp": 0}}}
DEBUG:root:received {"id":59,"src":"n0","dest":"n1","body":{"msg_id":27,"in_reply_to":22,"type":"lock_ok","value":{"value":0,"timestamp":0}}}
DEBUG:root:received {"id":60,"src":"n1","dest":"n1","body":{"msg_id":24,"in_reply_to":23,"type":"lock_ok","value":{"value":0,"timestamp":0}}}
INFO:root:QUEUELOCK - [(0, 0, 'n0'), (0, 0, 'n1')]
DEBUG:root:sending {"dest": "n0", "src": "n1", "body": {"msg_id": 25, "type": "write_server", "key": 0, "value": 1, "timestamp": 1}}
DEBUG:root:sending {"dest": "n1", "src": "n1", "body": {"msg_id": 26, "type": "write_server", "key": 0, "value": 1, "timestamp": 1}}
DEBUG:root:received {"id":62,"src":"n1","dest":"n1","body":{"msg_id":26,"type":"write_server","key":0,"value":1,"timestamp":1}}
DEBUG:root:sending {"dest": "n1", "src": "n1", "body": {"msg_id": 27, "in_reply_to": 26, "type": "write_server_ok"}}
DEBUG:root:received {"id":63,"src":"n0","dest":"n1","body":{"msg_id":28,"in_reply_to":25,"type":"write_server_ok"}}
DEBUG:root:received {"id":64,"src":"n1","dest":"n1","body":{"msg_id":27,"in_reply_to":26,"type":"write_server_ok"}}
DEBUG:root:sending {"dest": "c7", "src": "n1", "body": {"msg_id": 28, "in_reply_to": 1, "type": "write_ok"}}
DEBUG:root:received {"id":67,"src":"n0","dest":"n1","body":{"msg_id":29,"type":"read","key":0}}
INFO:root:server n0 reading from 0
DEBUG:root:sending {"dest": "n0", "src": "n1", "body": {"msg_id": 29, "in_reply_to": 29, "type": "read_ok", "value": {"value": 1, "timestamp": 1}}}
DEBUG:root:received {"id":75,"src":"n0","dest":"n1","body":{"msg_id":35,"type":"read","key":0}}
INFO:root:server n0 reading from 0
DEBUG:root:sending {"dest": "n0", "src": "n1", "body": {"msg_id": 30, "in_reply_to": 35, "type": "read_ok", "value": {"value": 1, "timestamp": 1}}}
DEBUG:root:received {"id":82,"src":"n0","dest":"n1","body":{"msg_id":40,"type":"read","key":0}}
INFO:root:server n0 reading from 0
DEBUG:root:sending {"dest": "n0", "src": "n1", "body": {"msg_id": 31, "in_reply_to": 40, "type": "read_ok", "value": {"value": 1, "timestamp": 1}}}
DEBUG:root:received {"id":87,"src":"c4","dest":"n1","body":{"key":0,"type":"read","msg_id":4}}
INFO:root:node c4 reading from 0
DEBUG:root:sending {"dest": "n1", "src": "n1", "body": {"msg_id": 32, "type": "read", "key": 0}}
DEBUG:root:sending {"dest": "n0", "src": "n1", "body": {"msg_id": 33, "type": "read", "key": 0}}
DEBUG:root:received {"id":88,"src":"n1","dest":"n1","body":{"msg_id":32,"type":"read","key":0}}
INFO:root:server n1 reading from 0
DEBUG:root:sending {"dest": "n1", "src": "n1", "body": {"msg_id": 34, "in_reply_to": 32, "type": "read_ok", "value": {"value": 1, "timestamp": 1}}}
DEBUG:root:received {"id":90,"src":"n1","dest":"n1","body":{"msg_id":34,"in_reply_to":32,"type":"read_ok","value":{"value":1,"timestamp":1}}}
WARNING:root:unknown message type read_ok
DEBUG:root:received {"id":91,"src":"n0","dest":"n1","body":{"msg_id":44,"in_reply_to":33,"type":"read_ok","value":{"value":1,"timestamp":1}}}
WARNING:root:unknown message type read_ok
DEBUG:root:sending {"dest": "c4", "src": "n1", "body": {"msg_id": 35, "in_reply_to": 4, "type": "read_ok", "value": 1}}
INFO:root:server n1 reading from 0
DEBUG:root:sending {"dest": "n1", "src": "n1", "body": {"msg_id": 36, "in_reply_to": 32, "type": "read_ok", "value": {"value": 1, "timestamp": 1}}}
DEBUG:root:received {"id":93,"src":"n1","dest":"n1","body":{"msg_id":36,"in_reply_to":32,"type":"read_ok","value":{"value":1,"timestamp":1}}}
WARNING:root:unknown message type read_ok
DEBUG:root:received {"id":94,"src":"c7","dest":"n1","body":{"key":0,"from":1,"to":3,"type":"cas","msg_id":2}}
INFO:root:node c7 comparing and set
DEBUG:root:sending {"dest": "c7", "src": "n1", "body": {"msg_id": 37, "in_reply_to": 2, "type": "cas_ok"}}
DEBUG:root:received {"id":98,"src":"n0","dest":"n1","body":{"msg_id":46,"type":"read","key":0}}
INFO:root:server n0 reading from 0
DEBUG:root:sending {"dest": "n0", "src": "n1", "body": {"msg_id": 38, "in_reply_to": 46, "type": "read_ok", "value": {"value": 3, "timestamp": 2}}}
DEBUG:root:received {"id":103,"src":"c7","dest":"n1","body":{"key":0,"from":2,"to":2,"type":"cas","msg_id":3}}
INFO:root:node c7 comparing and set
DEBUG:root:sending {"dest": "c7", "src": "n1", "body": {"msg_id": 39, "in_reply_to": 3, "type": "error", "code": 22, "text": "does not match"}}
DEBUG:root:received {"id":106,"src":"n0","dest":"n1","body":{"msg_id":50,"type":"read","key":0}}
INFO:root:server n0 reading from 0
DEBUG:root:sending {"dest": "n0", "src": "n1", "body": {"msg_id": 40, "in_reply_to": 50, "type": "read_ok", "value": {"value": 3, "timestamp": 2}}}
DEBUG:root:received {"id":115,"src":"n0","dest":"n1","body":{"msg_id":56,"type":"read","key":0}}
INFO:root:server n0 reading from 0
DEBUG:root:sending {"dest": "n0", "src": "n1", "body": {"msg_id": 41, "in_reply_to": 56, "type": "read_ok", "value": {"value": 3, "timestamp": 2}}}
DEBUG:root:received {"id":122,"src":"n0","dest":"n1","body":{"msg_id":61,"type":"read","key":0}}
INFO:root:server n0 reading from 0
DEBUG:root:sending {"dest": "n0", "src": "n1", "body": {"msg_id": 42, "in_reply_to": 61, "type": "read_ok", "value": {"value": 3, "timestamp": 2}}}
DEBUG:root:received {"id":128,"src":"c4","dest":"n1","body":{"key":0,"type":"read","msg_id":5}}
INFO:root:node c4 reading from 0
DEBUG:root:sending {"dest": "n0", "src": "n1", "body": {"msg_id": 43, "type": "read", "key": 0}}
DEBUG:root:sending {"dest": "n1", "src": "n1", "body": {"msg_id": 44, "type": "read", "key": 0}}
DEBUG:root:received {"id":130,"src":"n1","dest":"n1","body":{"msg_id":44,"type":"read","key":0}}
INFO:root:server n1 reading from 0
DEBUG:root:sending {"dest": "n1", "src": "n1", "body": {"msg_id": 45, "in_reply_to": 44, "type": "read_ok", "value": {"value": 3, "timestamp": 2}}}
DEBUG:root:received {"id":131,"src":"n1","dest":"n1","body":{"msg_id":45,"in_reply_to":44,"type":"read_ok","value":{"value":3,"timestamp":2}}}
DEBUG:root:received {"id":132,"src":"n0","dest":"n1","body":{"msg_id":66,"in_reply_to":43,"type":"read_ok","value":{"value":1,"timestamp":2}}}
WARNING:root:unknown message type read_ok
WARNING:root:unknown message type read_ok
DEBUG:root:sending {"dest": "c4", "src": "n1", "body": {"msg_id": 46, "in_reply_to": 5, "type": "read_ok", "value": 3}}
INFO:root:server n1 reading from 0
DEBUG:root:sending {"dest": "n1", "src": "n1", "body": {"msg_id": 47, "in_reply_to": 44, "type": "read_ok", "value": {"value": 3, "timestamp": 2}}}
DEBUG:root:received {"id":134,"src":"n1","dest":"n1","body":{"msg_id":47,"in_reply_to":44,"type":"read_ok","value":{"value":3,"timestamp":2}}}
WARNING:root:unknown message type read_ok
DEBUG:root:received {"id":137,"src":"c7","dest":"n1","body":{"key":0,"from":2,"to":1,"type":"cas","msg_id":4}}
INFO:root:node c7 comparing and set
DEBUG:root:sending {"dest": "c7", "src": "n1", "body": {"msg_id": 48, "in_reply_to": 4, "type": "error", "code": 22, "text": "does not match"}}
DEBUG:root:received {"id":139,"src":"c7","dest":"n1","body":{"key":0,"from":1,"to":3,"type":"cas","msg_id":5}}
INFO:root:node c7 comparing and set
DEBUG:root:sending {"dest": "c7", "src": "n1", "body": {"msg_id": 49, "in_reply_to": 5, "type": "error", "code": 22, "text": "does not match"}}
DEBUG:root:received {"id":143,"src":"n0","dest":"n1","body":{"msg_id":69,"type":"read","key":0}}
INFO:root:server n0 reading from 0
DEBUG:root:sending {"dest": "n0", "src": "n1", "body": {"msg_id": 50, "in_reply_to": 69, "type": "read_ok", "value": {"value": 3, "timestamp": 2}}}
DEBUG:root:received {"id":148,"src":"c4","dest":"n1","body":{"key":0,"type":"read","msg_id":6}}
INFO:root:node c4 reading from 0
DEBUG:root:sending {"dest": "n1", "src": "n1", "body": {"msg_id": 51, "type": "read", "key": 0}}
DEBUG:root:sending {"dest": "n0", "src": "n1", "body": {"msg_id": 52, "type": "read", "key": 0}}
DEBUG:root:received {"id":149,"src":"n1","dest":"n1","body":{"msg_id":51,"type":"read","key":0}}
INFO:root:server n1 reading from 0
DEBUG:root:sending {"dest": "n1", "src": "n1", "body": {"msg_id": 53, "in_reply_to": 51, "type": "read_ok", "value": {"value": 3, "timestamp": 2}}}
DEBUG:root:received {"id":151,"src":"n1","dest":"n1","body":{"msg_id":53,"in_reply_to":51,"type":"read_ok","value":{"value":3,"timestamp":2}}}
WARNING:root:unknown message type read_ok
DEBUG:root:received {"id":152,"src":"n0","dest":"n1","body":{"msg_id":73,"in_reply_to":52,"type":"read_ok","value":{"value":1,"timestamp":2}}}
WARNING:root:unknown message type read_ok
DEBUG:root:sending {"dest": "c4", "src": "n1", "body": {"msg_id": 54, "in_reply_to": 6, "type": "read_ok", "value": 3}}
INFO:root:server n1 reading from 0
DEBUG:root:sending {"dest": "n1", "src": "n1", "body": {"msg_id": 55, "in_reply_to": 51, "type": "read_ok", "value": {"value": 3, "timestamp": 2}}}
DEBUG:root:received {"id":154,"src":"n1","dest":"n1","body":{"msg_id":55,"in_reply_to":51,"type":"read_ok","value":{"value":3,"timestamp":2}}}
WARNING:root:unknown message type read_ok
DEBUG:root:received {"id":161,"src":"n0","dest":"n1","body":{"msg_id":77,"type":"read_lock","key":0,"value":3}}
DEBUG:root:sending {"dest": "n0", "src": "n1", "body": {"msg_id": 56, "in_reply_to": 77, "type": "lock_ok", "value": {"value": 3, "timestamp": 2}}}
DEBUG:root:received {"id":165,"src":"n0","dest":"n1","body":{"msg_id":80,"type":"write_server","key":0,"value":3,"timestamp":3}}
DEBUG:root:sending {"dest": "n0", "src": "n1", "body": {"msg_id": 57, "in_reply_to": 80, "type": "write_server_ok"}}
DEBUG:root:received {"id":169,"src":"c7","dest":"n1","body":{"key":0,"value":4,"type":"write","msg_id":6}}
INFO:root:node c7 writing to 0
DEBUG:root:sending {"dest": "n1", "src": "n1", "body": {"msg_id": 58, "type": "read_lock", "key": 0, "value": 4}}
DEBUG:root:sending {"dest": "n0", "src": "n1", "body": {"msg_id": 59, "type": "read_lock", "key": 0, "value": 4}}
DEBUG:root:received {"id":170,"src":"n1","dest":"n1","body":{"msg_id":58,"type":"read_lock","key":0,"value":4}}
DEBUG:root:sending {"dest": "n1", "src": "n1", "body": {"msg_id": 60, "in_reply_to": 58, "type": "lock_ok", "value": {"value": 3, "timestamp": 3}}}
DEBUG:root:received {"id":172,"src":"n1","dest":"n1","body":{"msg_id":60,"in_reply_to":58,"type":"lock_ok","value":{"value":3,"timestamp":3}}}
DEBUG:root:received {"id":173,"src":"n0","dest":"n1","body":{"msg_id":83,"in_reply_to":59,"type":"lock_ok","value":{"value":3,"timestamp":3}}}
INFO:root:QUEUELOCK - [(3, 3, 'n1'), (3, 3, 'n0')]
DEBUG:root:sending {"dest": "n1", "src": "n1", "body": {"msg_id": 61, "type": "write_server", "key": 0, "value": 4, "timestamp": 4}}
DEBUG:root:sending {"dest": "n0", "src": "n1", "body": {"msg_id": 62, "type": "write_server", "key": 0, "value": 4, "timestamp": 4}}
DEBUG:root:received {"id":174,"src":"n1","dest":"n1","body":{"msg_id":61,"type":"write_server","key":0,"value":4,"timestamp":4}}
DEBUG:root:sending {"dest": "n1", "src": "n1", "body": {"msg_id": 63, "in_reply_to": 61, "type": "write_server_ok"}}
DEBUG:root:received {"id":176,"src":"n1","dest":"n1","body":{"msg_id":63,"in_reply_to":61,"type":"write_server_ok"}}
DEBUG:root:received {"id":177,"src":"n0","dest":"n1","body":{"msg_id":84,"in_reply_to":62,"type":"write_server_ok"}}
DEBUG:root:sending {"dest": "c7", "src": "n1", "body": {"msg_id": 64, "in_reply_to": 6, "type": "write_ok"}}
DEBUG:root:received {"id":179,"src":"c7","dest":"n1","body":{"key":0,"value":4,"type":"write","msg_id":7}}
INFO:root:node c7 writing to 0
DEBUG:root:sending {"dest": "n1", "src": "n1", "body": {"msg_id": 65, "type": "read_lock", "key": 0, "value": 4}}
DEBUG:root:sending {"dest": "n0", "src": "n1", "body": {"msg_id": 66, "type": "read_lock", "key": 0, "value": 4}}
DEBUG:root:received {"id":180,"src":"n1","dest":"n1","body":{"msg_id":65,"type":"read_lock","key":0,"value":4}}
DEBUG:root:sending {"dest": "n1", "src": "n1", "body": {"msg_id": 67, "in_reply_to": 65, "type": "lock_ok", "value": {"value": 4, "timestamp": 4}}}
DEBUG:root:received {"id":182,"src":"n1","dest":"n1","body":{"msg_id":67,"in_reply_to":65,"type":"lock_ok","value":{"value":4,"timestamp":4}}}
DEBUG:root:received {"id":183,"src":"n0","dest":"n1","body":{"msg_id":85,"in_reply_to":66,"type":"lock_ok","value":{"value":4,"timestamp":4}}}
INFO:root:QUEUELOCK - [(4, 4, 'n1'), (4, 4, 'n0')]
DEBUG:root:sending {"dest": "n1", "src": "n1", "body": {"msg_id": 68, "type": "write_server", "key": 0, "value": 4, "timestamp": 5}}
DEBUG:root:sending {"dest": "n0", "src": "n1", "body": {"msg_id": 69, "type": "write_server", "key": 0, "value": 4, "timestamp": 5}}
DEBUG:root:received {"id":184,"src":"n1","dest":"n1","body":{"msg_id":68,"type":"write_server","key":0,"value":4,"timestamp":5}}
DEBUG:root:sending {"dest": "n1", "src": "n1", "body": {"msg_id": 70, "in_reply_to": 68, "type": "write_server_ok"}}
DEBUG:root:received {"id":186,"src":"n1","dest":"n1","body":{"msg_id":70,"in_reply_to":68,"type":"write_server_ok"}}
DEBUG:root:received {"id":187,"src":"n0","dest":"n1","body":{"msg_id":86,"in_reply_to":69,"type":"write_server_ok"}}
DEBUG:root:sending {"dest": "c7", "src": "n1", "body": {"msg_id": 71, "in_reply_to": 7, "type": "write_ok"}}
DEBUG:root:received {"id":193,"src":"n0","dest":"n1","body":{"msg_id":89,"type":"read","key":0}}
INFO:root:server n0 reading from 0
DEBUG:root:sending {"dest": "n0", "src": "n1", "body": {"msg_id": 72, "in_reply_to": 89, "type": "read_ok", "value": {"value": 4, "timestamp": 5}}}
DEBUG:root:received {"id":198,"src":"c4","dest":"n1","body":{"key":0,"type":"read","msg_id":7}}
INFO:root:node c4 reading from 0
DEBUG:root:sending {"dest": "n1", "src": "n1", "body": {"msg_id": 73, "type": "read", "key": 0}}
DEBUG:root:sending {"dest": "n0", "src": "n1", "body": {"msg_id": 74, "type": "read", "key": 0}}
DEBUG:root:received {"id":199,"src":"n1","dest":"n1","body":{"msg_id":73,"type":"read","key":0}}
INFO:root:server n1 reading from 0
DEBUG:root:sending {"dest": "n1", "src": "n1", "body": {"msg_id": 75, "in_reply_to": 73, "type": "read_ok", "value": {"value": 4, "timestamp": 5}}}
DEBUG:root:received {"id":201,"src":"n1","dest":"n1","body":{"msg_id":75,"in_reply_to":73,"type":"read_ok","value":{"value":4,"timestamp":5}}}
WARNING:root:unknown message type read_ok
DEBUG:root:received {"id":202,"src":"n0","dest":"n1","body":{"msg_id":93,"in_reply_to":74,"type":"read_ok","value":{"value":4,"timestamp":5}}}
WARNING:root:unknown message type read_ok
DEBUG:root:sending {"dest": "c4", "src": "n1", "body": {"msg_id": 76, "in_reply_to": 7, "type": "read_ok", "value": 4}}
INFO:root:server n1 reading from 0
DEBUG:root:sending {"dest": "n1", "src": "n1", "body": {"msg_id": 77, "in_reply_to": 73, "type": "read_ok", "value": {"value": 4, "timestamp": 5}}}
DEBUG:root:received {"id":204,"src":"n1","dest":"n1","body":{"msg_id":77,"in_reply_to":73,"type":"read_ok","value":{"value":4,"timestamp":5}}}
WARNING:root:unknown message type read_ok
DEBUG:root:received {"id":206,"src":"n0","dest":"n1","body":{"msg_id":94,"type":"read","key":0}}
INFO:root:server n0 reading from 0
DEBUG:root:sending {"dest": "n0", "src": "n1", "body": {"msg_id": 78, "in_reply_to": 94, "type": "read_ok", "value": {"value": 4, "timestamp": 5}}}
DEBUG:root:received {"id":213,"src":"n0","dest":"n1","body":{"msg_id":99,"type":"read","key":0}}
INFO:root:server n0 reading from 0
DEBUG:root:sending {"dest": "n0", "src": "n1", "body": {"msg_id": 79, "in_reply_to": 99, "type": "read_ok", "value": {"value": 4, "timestamp": 5}}}
DEBUG:root:received {"id":219,"src":"c4","dest":"n1","body":{"key":0,"type":"read","msg_id":8}}
INFO:root:node c4 reading from 0
DEBUG:root:sending {"dest": "n1", "src": "n1", "body": {"msg_id": 80, "type": "read", "key": 0}}
DEBUG:root:sending {"dest": "n0", "src": "n1", "body": {"msg_id": 81, "type": "read", "key": 0}}
DEBUG:root:received {"id":220,"src":"n1","dest":"n1","body":{"msg_id":80,"type":"read","key":0}}
INFO:root:server n1 reading from 0
DEBUG:root:sending {"dest": "n1", "src": "n1", "body": {"msg_id": 82, "in_reply_to": 80, "type": "read_ok", "value": {"value": 4, "timestamp": 5}}}
DEBUG:root:received {"id":222,"src":"n1","dest":"n1","body":{"msg_id":82,"in_reply_to":80,"type":"read_ok","value":{"value":4,"timestamp":5}}}
DEBUG:root:received {"id":223,"src":"n0","dest":"n1","body":{"msg_id":104,"in_reply_to":81,"type":"read_ok","value":{"value":4,"timestamp":5}}}
WARNING:root:unknown message type read_ok
WARNING:root:unknown message type read_ok
DEBUG:root:sending {"dest": "c4", "src": "n1", "body": {"msg_id": 83, "in_reply_to": 8, "type": "read_ok", "value": 4}}
INFO:root:server n1 reading from 0
DEBUG:root:sending {"dest": "n1", "src": "n1", "body": {"msg_id": 84, "in_reply_to": 80, "type": "read_ok", "value": {"value": 4, "timestamp": 5}}}
DEBUG:root:received {"id":225,"src":"n1","dest":"n1","body":{"msg_id":84,"in_reply_to":80,"type":"read_ok","value":{"value":4,"timestamp":5}}}
WARNING:root:unknown message type read_ok
DEBUG:root:received {"id":226,"src":"c4","dest":"n1","body":{"key":0,"type":"read","msg_id":9}}
INFO:root:node c4 reading from 0
DEBUG:root:sending {"dest": "n0", "src": "n1", "body": {"msg_id": 85, "type": "read", "key": 0}}
DEBUG:root:sending {"dest": "n1", "src": "n1", "body": {"msg_id": 86, "type": "read", "key": 0}}
DEBUG:root:received {"id":228,"src":"n1","dest":"n1","body":{"msg_id":86,"type":"read","key":0}}
INFO:root:server n1 reading from 0
DEBUG:root:sending {"dest": "n1", "src": "n1", "body": {"msg_id": 87, "in_reply_to": 86, "type": "read_ok", "value": {"value": 4, "timestamp": 5}}}
DEBUG:root:received {"id":229,"src":"n0","dest":"n1","body":{"msg_id":105,"in_reply_to":85,"type":"read_ok","value":{"value":4,"timestamp":5}}}
WARNING:root:unknown message type read_ok
DEBUG:root:received {"id":230,"src":"n1","dest":"n1","body":{"msg_id":87,"in_reply_to":86,"type":"read_ok","value":{"value":4,"timestamp":5}}}
WARNING:root:unknown message type read_ok
DEBUG:root:sending {"dest": "c4", "src": "n1", "body": {"msg_id": 88, "in_reply_to": 9, "type": "read_ok", "value": 4}}
INFO:root:server n1 reading from 0
DEBUG:root:sending {"dest": "n1", "src": "n1", "body": {"msg_id": 89, "in_reply_to": 86, "type": "read_ok", "value": {"value": 4, "timestamp": 5}}}
DEBUG:root:received {"id":232,"src":"n1","dest":"n1","body":{"msg_id":89,"in_reply_to":86,"type":"read_ok","value":{"value":4,"timestamp":5}}}
WARNING:root:unknown message type read_ok
DEBUG:root:received {"id":235,"src":"c7","dest":"n1","body":{"key":0,"from":3,"to":4,"type":"cas","msg_id":8}}
INFO:root:node c7 comparing and set
DEBUG:root:sending {"dest": "c7", "src": "n1", "body": {"msg_id": 90, "in_reply_to": 8, "type": "error", "code": 22, "text": "does not match"}}
DEBUG:root:received {"id":238,"src":"n0","dest":"n1","body":{"msg_id":107,"type":"read_lock","key":0,"value":2}}
DEBUG:root:sending {"dest": "n0", "src": "n1", "body": {"msg_id": 91, "in_reply_to": 107, "type": "lock_ok", "value": {"value": 4, "timestamp": 5}}}
DEBUG:root:received {"id":242,"src":"n0","dest":"n1","body":{"msg_id":110,"type":"write_server","key":0,"value":2,"timestamp":6}}
DEBUG:root:sending {"dest": "n0", "src": "n1", "body": {"msg_id": 92, "in_reply_to": 110, "type": "write_server_ok"}}
DEBUG:root:received {"id":249,"src":"n0","dest":"n1","body":{"msg_id":115,"type":"read_lock","key":0,"value":3}}
DEBUG:root:sending {"dest": "n0", "src": "n1", "body": {"msg_id": 93, "in_reply_to": 115, "type": "lock_ok", "value": {"value": 2, "timestamp": 6}}}
DEBUG:root:received {"id":253,"src":"n0","dest":"n1","body":{"msg_id":118,"type":"write_server","key":0,"value":3,"timestamp":7}}
DEBUG:root:sending {"dest": "n0", "src": "n1", "body": {"msg_id": 94, "in_reply_to": 118, "type": "write_server_ok"}}
DEBUG:root:received {"id":258,"src":"n0","dest":"n1","body":{"msg_id":121,"type":"read","key":0}}
INFO:root:server n0 reading from 0
DEBUG:root:sending {"dest": "n0", "src": "n1", "body": {"msg_id": 95, "in_reply_to": 121, "type": "read_ok", "value": {"value": 3, "timestamp": 7}}}
DEBUG:root:received {"id":266,"src":"n0","dest":"n1","body":{"msg_id":127,"type":"read_lock","key":0,"value":4}}
DEBUG:root:sending {"dest": "n0", "src": "n1", "body": {"msg_id": 96, "in_reply_to": 127, "type": "lock_ok", "value": {"value": 3, "timestamp": 7}}}
DEBUG:root:received {"id":270,"src":"n0","dest":"n1","body":{"msg_id":130,"type":"write_server","key":0,"value":4,"timestamp":8}}
DEBUG:root:sending {"dest": "n0", "src": "n1", "body": {"msg_id": 97, "in_reply_to": 130, "type": "write_server_ok"}}
DEBUG:root:received {"id":274,"src":"c4","dest":"n1","body":{"key":0,"type":"read","msg_id":10}}
INFO:root:node c4 reading from 0
DEBUG:root:sending {"dest": "n0", "src": "n1", "body": {"msg_id": 98, "type": "read", "key": 0}}
DEBUG:root:sending {"dest": "n1", "src": "n1", "body": {"msg_id": 99, "type": "read", "key": 0}}
DEBUG:root:received {"id":276,"src":"n1","dest":"n1","body":{"msg_id":99,"type":"read","key":0}}
INFO:root:server n1 reading from 0
DEBUG:root:sending {"dest": "n1", "src": "n1", "body": {"msg_id": 100, "in_reply_to": 99, "type": "read_ok", "value": {"value": 4, "timestamp": 8}}}
DEBUG:root:received {"id":277,"src":"n0","dest":"n1","body":{"msg_id":133,"in_reply_to":98,"type":"read_ok","value":{"value":4,"timestamp":8}}}
DEBUG:root:received {"id":278,"src":"n1","dest":"n1","body":{"msg_id":100,"in_reply_to":99,"type":"read_ok","value":{"value":4,"timestamp":8}}}
WARNING:root:unknown message type read_ok
WARNING:root:unknown message type read_ok
DEBUG:root:sending {"dest": "c4", "src": "n1", "body": {"msg_id": 101, "in_reply_to": 10, "type": "read_ok", "value": 4}}
INFO:root:server n1 reading from 0
DEBUG:root:sending {"dest": "n1", "src": "n1", "body": {"msg_id": 102, "in_reply_to": 99, "type": "read_ok", "value": {"value": 4, "timestamp": 8}}}
DEBUG:root:received {"id":280,"src":"n1","dest":"n1","body":{"msg_id":102,"in_reply_to":99,"type":"read_ok","value":{"value":4,"timestamp":8}}}
WARNING:root:unknown message type read_ok
DEBUG:root:received {"id":281,"src":"c7","dest":"n1","body":{"key":0,"value":0,"type":"write","msg_id":9}}
INFO:root:node c7 writing to 0
DEBUG:root:sending {"dest": "n0", "src": "n1", "body": {"msg_id": 103, "type": "read_lock", "key": 0, "value": 0}}
DEBUG:root:sending {"dest": "n1", "src": "n1", "body": {"msg_id": 104, "type": "read_lock", "key": 0, "value": 0}}
DEBUG:root:received {"id":283,"src":"n1","dest":"n1","body":{"msg_id":104,"type":"read_lock","key":0,"value":0}}
DEBUG:root:sending {"dest": "n1", "src": "n1", "body": {"msg_id": 105, "in_reply_to": 104, "type": "lock_ok", "value": {"value": 4, "timestamp": 8}}}
DEBUG:root:received {"id":284,"src":"n0","dest":"n1","body":{"msg_id":134,"in_reply_to":103,"type":"lock_ok","value":{"value":4,"timestamp":8}}}
DEBUG:root:received {"id":285,"src":"n1","dest":"n1","body":{"msg_id":105,"in_reply_to":104,"type":"lock_ok","value":{"value":4,"timestamp":8}}}
INFO:root:QUEUELOCK - [(4, 8, 'n0'), (4, 8, 'n1')]
DEBUG:root:sending {"dest": "n0", "src": "n1", "body": {"msg_id": 106, "type": "write_server", "key": 0, "value": 0, "timestamp": 9}}
DEBUG:root:sending {"dest": "n1", "src": "n1", "body": {"msg_id": 107, "type": "write_server", "key": 0, "value": 0, "timestamp": 9}}
DEBUG:root:received {"id":287,"src":"n1","dest":"n1","body":{"msg_id":107,"type":"write_server","key":0,"value":0,"timestamp":9}}
DEBUG:root:sending {"dest": "n1", "src": "n1", "body": {"msg_id": 108, "in_reply_to": 107, "type": "write_server_ok"}}
DEBUG:root:received {"id":289,"src":"n1","dest":"n1","body":{"msg_id":108,"in_reply_to":107,"type":"write_server_ok"}}
DEBUG:root:received {"id":288,"src":"n0","dest":"n1","body":{"msg_id":135,"in_reply_to":106,"type":"write_server_ok"}}
DEBUG:root:sending {"dest": "c7", "src": "n1", "body": {"msg_id": 109, "in_reply_to": 9, "type": "write_ok"}}
DEBUG:root:received {"id":293,"src":"n0","dest":"n1","body":{"msg_id":137,"type":"read","key":0}}
INFO:root:server n0 reading from 0
DEBUG:root:sending {"dest": "n0", "src": "n1", "body": {"msg_id": 110, "in_reply_to": 137, "type": "read_ok", "value": {"value": 0, "timestamp": 9}}}
DEBUG:root:received {"id":298,"src":"c4","dest":"n1","body":{"key":0,"type":"read","msg_id":11}}
INFO:root:node c4 reading from 0
DEBUG:root:sending {"dest": "n1", "src": "n1", "body": {"msg_id": 111, "type": "read", "key": 0}}
DEBUG:root:sending {"dest": "n0", "src": "n1", "body": {"msg_id": 112, "type": "read", "key": 0}}
DEBUG:root:received {"id":299,"src":"n1","dest":"n1","body":{"msg_id":111,"type":"read","key":0}}
INFO:root:server n1 reading from 0
DEBUG:root:sending {"dest": "n1", "src": "n1", "body": {"msg_id": 113, "in_reply_to": 111, "type": "read_ok", "value": {"value": 0, "timestamp": 9}}}
DEBUG:root:received {"id":301,"src":"n1","dest":"n1","body":{"msg_id":113,"in_reply_to":111,"type":"read_ok","value":{"value":0,"timestamp":9}}}
DEBUG:root:received {"id":302,"src":"n0","dest":"n1","body":{"msg_id":141,"in_reply_to":112,"type":"read_ok","value":{"value":0,"timestamp":9}}}
WARNING:root:unknown message type read_ok
WARNING:root:unknown message type read_ok
DEBUG:root:sending {"dest": "c4", "src": "n1", "body": {"msg_id": 114, "in_reply_to": 11, "type": "read_ok", "value": 0}}
INFO:root:server n1 reading from 0
DEBUG:root:sending {"dest": "n1", "src": "n1", "body": {"msg_id": 115, "in_reply_to": 111, "type": "read_ok", "value": {"value": 0, "timestamp": 9}}}
DEBUG:root:received {"id":304,"src":"n1","dest":"n1","body":{"msg_id":115,"in_reply_to":111,"type":"read_ok","value":{"value":0,"timestamp":9}}}
WARNING:root:unknown message type read_ok
