INFO:root:node n0 initialized
INFO:root:TIMEOUT
INFO:root:IM THE LEADER
INFO:root:**********
INFO:root:key=>0
INFO:root:type=>read
INFO:root:msg_id=>1
INFO:root:**********
INFO:root:RECEIVED
INFO:root:{}
INFO:root:**********
INFO:root:key=>0
INFO:root:from=>2
INFO:root:to=>2
INFO:root:type=>cas
INFO:root:msg_id=>2
INFO:root:**********
INFO:root:RECEIVED
INFO:root:{}
INFO:root:**********
INFO:root:key=>0
INFO:root:from=>4
INFO:root:to=>2
INFO:root:type=>cas
INFO:root:msg_id=>3
INFO:root:**********
INFO:root:RECEIVED
INFO:root:{}
INFO:root:**********
INFO:root:key=>1
INFO:root:type=>read
INFO:root:msg_id=>2
INFO:root:**********
INFO:root:RECEIVED
INFO:root:{}
INFO:root:**********
INFO:root:key=>1
INFO:root:from=>2
INFO:root:to=>4
INFO:root:type=>cas
INFO:root:msg_id=>4
INFO:root:**********
INFO:root:RECEIVED
INFO:root:{}
INFO:root:**********
INFO:root:key=>1
INFO:root:value=>3
INFO:root:type=>write
INFO:root:msg_id=>5
INFO:root:**********
INFO:root:RECEIVED
INFO:root:{1: 3}
INFO:root:**********
INFO:root:key=>1
INFO:root:type=>read
INFO:root:msg_id=>3
INFO:root:**********
INFO:root:RECEIVED
INFO:root:{1: 3}
INFO:root:**********
INFO:root:key=>1
INFO:root:from=>4
INFO:root:to=>0
INFO:root:type=>cas
INFO:root:msg_id=>6
INFO:root:**********
INFO:root:RECEIVED
INFO:root:{1: 3}
INFO:root:**********
INFO:root:key=>1
INFO:root:from=>4
INFO:root:to=>0
INFO:root:type=>cas
INFO:root:msg_id=>7
INFO:root:**********
INFO:root:RECEIVED
INFO:root:{1: 3}
INFO:root:**********
INFO:root:key=>1
INFO:root:type=>read
INFO:root:msg_id=>4
INFO:root:**********
INFO:root:RECEIVED
INFO:root:{1: 3}
INFO:root:**********
INFO:root:key=>2
INFO:root:value=>4
INFO:root:type=>write
INFO:root:msg_id=>8
INFO:root:**********
INFO:root:RECEIVED
INFO:root:{1: 3, 2: 4}
INFO:root:**********
INFO:root:key=>2
INFO:root:type=>read
INFO:root:msg_id=>5
INFO:root:**********
INFO:root:RECEIVED
INFO:root:{1: 3, 2: 4}
INFO:root:**********
INFO:root:key=>2
INFO:root:type=>read
INFO:root:msg_id=>6
INFO:root:**********
INFO:root:RECEIVED
INFO:root:{1: 3, 2: 4}
INFO:root:**********
INFO:root:key=>3
INFO:root:type=>read
INFO:root:msg_id=>7
INFO:root:**********
INFO:root:RECEIVED
INFO:root:{1: 3, 2: 4}
INFO:root:**********
INFO:root:key=>3
INFO:root:value=>3
INFO:root:type=>write
INFO:root:msg_id=>9
INFO:root:**********
INFO:root:RECEIVED
INFO:root:{1: 3, 2: 4, 3: 3}
INFO:root:**********
INFO:root:key=>3
INFO:root:type=>read
INFO:root:msg_id=>8
INFO:root:**********
INFO:root:RECEIVED
INFO:root:{1: 3, 2: 4, 3: 3}
INFO:root:**********
INFO:root:key=>4
INFO:root:from=>3
INFO:root:to=>1
INFO:root:type=>cas
INFO:root:msg_id=>10
INFO:root:**********
INFO:root:RECEIVED
INFO:root:{1: 3, 2: 4, 3: 3}
