INFO:root:node n4 initialized
INFO:root:{}
INFO:root:{}
INFO:root:TIMEOUT
INFO:root:IM THE LEADER
INFO:root:**********
INFO:root:key=>0
INFO:root:from=>2
INFO:root:to=>1
INFO:root:type=>cas
INFO:root:msg_id=>2
INFO:root:**********
INFO:root:RECEIVED
INFO:root:{}
INFO:root:**********
INFO:root:key=>1
INFO:root:type=>read
INFO:root:msg_id=>6
INFO:root:**********
INFO:root:RECEIVED
INFO:root:{}
INFO:root:**********
INFO:root:key=>1
INFO:root:from=>1
INFO:root:to=>0
INFO:root:type=>cas
INFO:root:msg_id=>3
INFO:root:**********
INFO:root:RECEIVED
INFO:root:{}
INFO:root:**********
INFO:root:key=>1
INFO:root:type=>read
INFO:root:msg_id=>7
INFO:root:**********
INFO:root:RECEIVED
INFO:root:{}
INFO:root:**********
INFO:root:key=>2
INFO:root:from=>0
INFO:root:to=>1
INFO:root:type=>cas
INFO:root:msg_id=>4
INFO:root:**********
INFO:root:RECEIVED
INFO:root:{}
INFO:root:**********
INFO:root:key=>2
INFO:root:type=>read
INFO:root:msg_id=>8
INFO:root:**********
INFO:root:RECEIVED
INFO:root:**********
INFO:root:key=>2
INFO:root:from=>2
INFO:root:to=>2
INFO:root:type=>cas
INFO:root:msg_id=>5
INFO:root:**********
INFO:root:RECEIVED
INFO:root:{}
INFO:root:{}
INFO:root:**********
INFO:root:key=>3
INFO:root:type=>read
INFO:root:msg_id=>9
INFO:root:**********
INFO:root:RECEIVED
INFO:root:{}
INFO:root:{}
INFO:root:{}
