2022-03-14 16:07:53,044{GMT}	INFO	[jepsen test runner] jepsen.core: Test version 27d9579673cbbd3e3fc3b39bf6527f054a0fab24 (plus uncommitted changes)
2022-03-14 16:07:53,045{GMT}	INFO	[jepsen test runner] jepsen.core: Command line:
lein run test --bin lin-kv.py --time-limit 10 --node-count 3 --concurrency 6 --workload lin-kv
2022-03-14 16:07:53,137{GMT}	INFO	[jepsen test runner] jepsen.core: Running test:
{:args []
 :remote
 #jepsen.control.retry.Remote{:remote #jepsen.control.scp.Remote{:cmd-remote #jepsen.control.clj_ssh.Remote{:concurrency-limit 8,
                                                                                                            :conn-spec nil,
                                                                                                            :session nil,
                                                                                                            :semaphore nil},
                                                                 :conn-spec nil},
                              :conn nil}
 :log-net-send false
 :node-count 3
 :max-txn-length 4
 :concurrency 6
 :db
 #object[maelstrom.db$db$reify__16817
         "0x73344f4a"
         "maelstrom.db$db$reify__16817@73344f4a"]
 :max-writes-per-key 16
 :leave-db-running? false
 :name "lin-kv"
 :logging-json? false
 :start-time
 #object[org.joda.time.DateTime "0x295f115d" "2022-03-14T16:07:53.000Z"]
 :nemesis-interval 10
 :net
 #object[maelstrom.net$jepsen_net$reify__15673
         "0xa6cb2c9"
         "maelstrom.net$jepsen_net$reify__15673@a6cb2c9"]
 :client
 #object[maelstrom.workload.lin_kv$client$reify__17684
         "0x3c32f3d8"
         "maelstrom.workload.lin_kv$client$reify__17684@3c32f3d8"]
 :barrier
 #object[java.util.concurrent.CyclicBarrier
         "0x46700301"
         "java.util.concurrent.CyclicBarrier@46700301"]
 :log-stderr false
 :pure-generators true
 :ssh {:dummy? true}
 :rate 5
 :checker
 #object[jepsen.checker$compose$reify__8787
         "0x17f4276b"
         "jepsen.checker$compose$reify__8787@17f4276b"]
 :argv
 ("test"
  "--bin"
  "lin-kv.py"
  "--time-limit"
  "10"
  "--node-count"
  "3"
  "--concurrency"
  "6"
  "--workload"
  "lin-kv")
 :nemesis
 (jepsen.nemesis.ReflCompose
  {:fm {:start-partition 0,
        :stop-partition 0,
        :kill 1,
        :start 1,
        :pause 1,
        :resume 1},
   :nemeses [#unprintable "jepsen.nemesis.combined$partition_nemesis$reify__17089@786125a6"
             #unprintable "jepsen.nemesis.combined$db_nemesis$reify__17070@53e6b541"]})
 :nodes ["n0" "n1" "n2"]
 :test-count 1
 :latency {:mean 0, :dist :constant}
 :bin "lin-kv.py"
 :generator
 (jepsen.generator.TimeLimit
  {:limit 10000000000,
   :cutoff nil,
   :gen (jepsen.generator.Any
         {:gens [(jepsen.generator.OnThreads {:f #{:nemesis}, :gen nil})
                 (jepsen.generator.OnThreads
                  {:f #object[clojure.core$complement$fn__5654
                              "0x642ebd4c"
                              "clojure.core$complement$fn__5654@642ebd4c"],
                   :gen (jepsen.generator.Stagger
                         {:dt 400000000,
                          :next-time nil,
                          :gen (jepsen.generator.OnThreads
                                {:f #object[clojure.core$complement$fn__5654
                                            "0x222af5ff"
                                            "clojure.core$complement$fn__5654@222af5ff"],
                                 :gen (jepsen.independent.ConcurrentGenerator
                                       {:n 6,
                                        :fgen #object[jepsen.tests.linearizable_register$test$fn__17484
                                                      "0x70721c2d"
                                                      "jepsen.tests.linearizable_register$test$fn__17484@70721c2d"],
                                        :group->threads nil,
                                        :thread->group nil,
                                        :keys (0 1 2 3 4 5 6 7 ...),
                                        :gens nil})})})})]})})
 :log-net-recv false
 :os
 #object[maelstrom.net$jepsen_os$reify__15676
         "0x62371858"
         "maelstrom.net$jepsen_os$reify__15676@62371858"]
 :time-limit 10
 :workload :lin-kv
 :consistency-models [:strict-serializable]
 :topology :grid}

2022-03-14 16:07:53,143{GMT}	INFO	[jepsen node n0] maelstrom.net: Starting Maelstrom network
2022-03-14 16:07:53,144{GMT}	INFO	[jepsen test runner] jepsen.db: Tearing down DB
2022-03-14 16:07:53,147{GMT}	INFO	[jepsen test runner] jepsen.db: Setting up DB
2022-03-14 16:07:53,153{GMT}	INFO	[jepsen node n2] maelstrom.db: Setting up n2
2022-03-14 16:07:53,153{GMT}	INFO	[jepsen node n1] maelstrom.db: Setting up n1
2022-03-14 16:07:53,154{GMT}	INFO	[jepsen node n1] maelstrom.process: launching lin-kv.py []
2022-03-14 16:07:53,154{GMT}	INFO	[jepsen node n2] maelstrom.process: launching lin-kv.py []
2022-03-14 16:07:53,159{GMT}	INFO	[jepsen node n0] maelstrom.service: Starting services: (lin-kv lin-tso lww-kv seq-kv)
2022-03-14 16:07:53,189{GMT}	INFO	[jepsen node n0] maelstrom.db: Setting up n0
2022-03-14 16:07:53,192{GMT}	INFO	[jepsen node n0] maelstrom.process: launching lin-kv.py []
2022-03-14 16:07:53,547{GMT}	INFO	[jepsen test runner] jepsen.core: Relative time begins now
2022-03-14 16:07:53,569{GMT}	INFO	[jepsen worker 1] jepsen.util: 1	:invoke	:read	[0 nil]
2022-03-14 16:07:53,581{GMT}	INFO	[jepsen worker 1] jepsen.util: 1	:fail	:read	[0 nil]	[:unknown "not found"]
2022-03-14 16:07:53,582{GMT}	INFO	[jepsen worker 0] jepsen.util: 0	:invoke	:read	[0 nil]
2022-03-14 16:07:53,589{GMT}	INFO	[jepsen worker 0] jepsen.util: 0	:fail	:read	[0 nil]	[:unknown "not found"]
2022-03-14 16:07:53,637{GMT}	INFO	[jepsen worker 3] jepsen.util: 3	:invoke	:write	[0 4]
2022-03-14 16:07:53,643{GMT}	INFO	[jepsen worker 3] jepsen.util: 3	:ok	:write	[0 4]
2022-03-14 16:07:53,801{GMT}	INFO	[jepsen worker 0] jepsen.util: 0	:invoke	:read	[0 nil]
2022-03-14 16:07:53,819{GMT}	INFO	[jepsen worker 0] jepsen.util: 0	:ok	:read	[0 4]
2022-03-14 16:07:54,133{GMT}	INFO	[jepsen worker 0] jepsen.util: 0	:invoke	:read	[0 nil]
2022-03-14 16:07:54,143{GMT}	INFO	[jepsen worker 0] jepsen.util: 0	:ok	:read	[0 4]
2022-03-14 16:07:54,440{GMT}	INFO	[jepsen worker 3] jepsen.util: 3	:invoke	:write	[0 0]
2022-03-14 16:07:54,458{GMT}	INFO	[jepsen worker 3] jepsen.util: 3	:ok	:write	[0 0]
2022-03-14 16:07:54,770{GMT}	INFO	[jepsen worker 5] jepsen.util: 5	:invoke	:cas	[0 [1 4]]
2022-03-14 16:07:54,781{GMT}	INFO	[jepsen worker 5] jepsen.util: 5	:info	:cas	[0 [1 4]]	[:unknown "does not match"]
2022-03-14 16:07:54,995{GMT}	INFO	[jepsen worker 0] jepsen.util: 0	:invoke	:read	[0 nil]
2022-03-14 16:07:55,012{GMT}	INFO	[jepsen worker 0] jepsen.util: 0	:ok	:read	[0 0]
2022-03-14 16:07:55,177{GMT}	INFO	[jepsen worker 3] jepsen.util: 3	:invoke	:cas	[0 [0 0]]
2022-03-14 16:07:55,196{GMT}	INFO	[jepsen worker 3] jepsen.util: 3	:ok	:cas	[0 [0 0]]
2022-03-14 16:07:55,509{GMT}	INFO	[jepsen worker 5] jepsen.util: 11	:invoke	:cas	[0 [3 1]]
2022-03-14 16:07:55,517{GMT}	INFO	[jepsen worker 5] jepsen.util: 11	:info	:cas	[0 [3 1]]	[:unknown "does not match"]
2022-03-14 16:07:55,625{GMT}	INFO	[jepsen worker 1] jepsen.util: 1	:invoke	:read	[0 nil]
2022-03-14 16:07:55,642{GMT}	INFO	[jepsen worker 1] jepsen.util: 1	:ok	:read	[0 0]
2022-03-14 16:07:55,807{GMT}	INFO	[jepsen worker 3] jepsen.util: 3	:invoke	:cas	[0 [4 0]]
2022-03-14 16:07:55,825{GMT}	INFO	[jepsen worker 3] jepsen.util: 3	:info	:cas	[0 [4 0]]	[:unknown "does not match"]
2022-03-14 16:07:56,123{GMT}	INFO	[jepsen worker 0] jepsen.util: 0	:invoke	:read	[0 nil]
2022-03-14 16:07:56,133{GMT}	INFO	[jepsen worker 0] jepsen.util: 0	:ok	:read	[0 0]
2022-03-14 16:07:56,302{GMT}	INFO	[jepsen worker 2] jepsen.util: 2	:invoke	:read	[0 nil]
2022-03-14 16:07:56,319{GMT}	INFO	[jepsen worker 2] jepsen.util: 2	:ok	:read	[0 0]
2022-03-14 16:07:56,327{GMT}	INFO	[jepsen worker 2] jepsen.util: 2	:invoke	:read	[0 nil]
2022-03-14 16:07:56,342{GMT}	INFO	[jepsen worker 2] jepsen.util: 2	:ok	:read	[0 0]
2022-03-14 16:07:56,461{GMT}	INFO	[jepsen worker 0] jepsen.util: 0	:invoke	:read	[0 nil]
2022-03-14 16:07:56,476{GMT}	INFO	[jepsen worker 0] jepsen.util: 0	:ok	:read	[0 0]
2022-03-14 16:07:56,494{GMT}	INFO	[jepsen worker 2] jepsen.util: 2	:invoke	:read	[0 nil]
2022-03-14 16:07:56,510{GMT}	INFO	[jepsen worker 2] jepsen.util: 2	:ok	:read	[0 0]
2022-03-14 16:07:56,624{GMT}	INFO	[jepsen worker 5] jepsen.util: 17	:invoke	:write	[0 3]
2022-03-14 16:07:56,639{GMT}	INFO	[jepsen worker 5] jepsen.util: 17	:ok	:write	[0 3]
2022-03-14 16:07:56,894{GMT}	INFO	[jepsen worker 2] jepsen.util: 2	:invoke	:read	[0 nil]
2022-03-14 16:07:56,910{GMT}	INFO	[jepsen worker 5] jepsen.util: 17	:invoke	:cas	[0 [1 3]]
2022-03-14 16:07:56,911{GMT}	INFO	[jepsen worker 2] jepsen.util: 2	:ok	:read	[0 3]
2022-03-14 16:07:56,926{GMT}	INFO	[jepsen worker 5] jepsen.util: 17	:info	:cas	[0 [1 3]]	[:unknown "does not match"]
2022-03-14 16:07:57,306{GMT}	INFO	[jepsen worker 3] jepsen.util: 9	:invoke	:cas	[0 [2 4]]
2022-03-14 16:07:57,321{GMT}	INFO	[jepsen worker 3] jepsen.util: 9	:info	:cas	[0 [2 4]]	[:unknown "does not match"]
2022-03-14 16:07:57,650{GMT}	INFO	[jepsen worker 0] jepsen.util: 0	:invoke	:read	[0 nil]
2022-03-14 16:07:57,665{GMT}	INFO	[jepsen worker 0] jepsen.util: 0	:ok	:read	[0 3]
2022-03-14 16:07:57,687{GMT}	INFO	[jepsen worker 0] jepsen.util: 0	:invoke	:read	[0 nil]
2022-03-14 16:07:57,701{GMT}	INFO	[jepsen worker 0] jepsen.util: 0	:ok	:read	[0 3]
2022-03-14 16:07:58,026{GMT}	INFO	[jepsen worker 2] jepsen.util: 2	:invoke	:read	[0 nil]
2022-03-14 16:07:58,034{GMT}	INFO	[jepsen worker 2] jepsen.util: 2	:ok	:read	[0 3]
2022-03-14 16:07:58,247{GMT}	INFO	[jepsen worker 5] jepsen.util: 23	:invoke	:write	[0 3]
2022-03-14 16:07:58,259{GMT}	INFO	[jepsen worker 5] jepsen.util: 23	:ok	:write	[0 3]
2022-03-14 16:07:58,365{GMT}	INFO	[jepsen worker 4] jepsen.util: 4	:invoke	:cas	[0 [0 3]]
2022-03-14 16:07:58,374{GMT}	INFO	[jepsen worker 4] jepsen.util: 4	:info	:cas	[0 [0 3]]	[:unknown "does not match"]
2022-03-14 16:07:58,665{GMT}	INFO	[jepsen worker 0] jepsen.util: 0	:invoke	:read	[0 nil]
2022-03-14 16:07:58,679{GMT}	INFO	[jepsen worker 0] jepsen.util: 0	:ok	:read	[0 3]
2022-03-14 16:07:58,823{GMT}	INFO	[jepsen worker 0] jepsen.util: 0	:invoke	:read	[0 nil]
2022-03-14 16:07:58,836{GMT}	INFO	[jepsen worker 0] jepsen.util: 0	:ok	:read	[0 3]
2022-03-14 16:07:59,202{GMT}	INFO	[jepsen worker 4] jepsen.util: 10	:invoke	:cas	[0 [0 4]]
2022-03-14 16:07:59,219{GMT}	INFO	[jepsen worker 4] jepsen.util: 10	:info	:cas	[0 [0 4]]	[:unknown "does not match"]
2022-03-14 16:07:59,328{GMT}	INFO	[jepsen worker 1] jepsen.util: 1	:invoke	:read	[0 nil]
2022-03-14 16:07:59,343{GMT}	INFO	[jepsen worker 1] jepsen.util: 1	:ok	:read	[0 3]
2022-03-14 16:07:59,520{GMT}	INFO	[jepsen worker 3] jepsen.util: 15	:invoke	:cas	[0 [2 3]]
2022-03-14 16:07:59,536{GMT}	INFO	[jepsen worker 3] jepsen.util: 15	:info	:cas	[0 [2 3]]	[:unknown "does not match"]
2022-03-14 16:07:59,836{GMT}	INFO	[jepsen worker 1] jepsen.util: 1	:invoke	:read	[0 nil]
2022-03-14 16:07:59,844{GMT}	INFO	[jepsen worker 1] jepsen.util: 1	:ok	:read	[0 3]
2022-03-14 16:08:00,164{GMT}	INFO	[jepsen worker 1] jepsen.util: 1	:invoke	:read	[0 nil]
2022-03-14 16:08:00,180{GMT}	INFO	[jepsen worker 1] jepsen.util: 1	:ok	:read	[0 3]
2022-03-14 16:08:00,246{GMT}	INFO	[jepsen worker 0] jepsen.util: 0	:invoke	:read	[0 nil]
2022-03-14 16:08:00,260{GMT}	INFO	[jepsen worker 0] jepsen.util: 0	:ok	:read	[0 3]
2022-03-14 16:08:00,363{GMT}	INFO	[jepsen worker 4] jepsen.util: 16	:invoke	:cas	[0 [0 2]]
2022-03-14 16:08:00,369{GMT}	INFO	[jepsen worker 4] jepsen.util: 16	:info	:cas	[0 [0 2]]	[:unknown "does not match"]
2022-03-14 16:08:00,449{GMT}	INFO	[jepsen worker 5] jepsen.util: 23	:invoke	:cas	[0 [1 3]]
2022-03-14 16:08:00,464{GMT}	INFO	[jepsen worker 5] jepsen.util: 23	:info	:cas	[0 [1 3]]	[:unknown "does not match"]
2022-03-14 16:08:00,564{GMT}	INFO	[jepsen worker 5] jepsen.util: 29	:invoke	:cas	[0 [1 1]]
2022-03-14 16:08:00,568{GMT}	INFO	[jepsen worker 5] jepsen.util: 29	:info	:cas	[0 [1 1]]	[:unknown "does not match"]
2022-03-14 16:08:00,622{GMT}	INFO	[jepsen worker 5] jepsen.util: 35	:invoke	:cas	[0 [2 3]]
2022-03-14 16:08:00,627{GMT}	INFO	[jepsen worker 5] jepsen.util: 35	:info	:cas	[0 [2 3]]	[:unknown "does not match"]
2022-03-14 16:08:00,852{GMT}	INFO	[jepsen worker 1] jepsen.util: 1	:invoke	:read	[0 nil]
2022-03-14 16:08:00,867{GMT}	INFO	[jepsen worker 1] jepsen.util: 1	:ok	:read	[0 3]
2022-03-14 16:08:00,997{GMT}	INFO	[jepsen worker 1] jepsen.util: 1	:invoke	:read	[0 nil]
2022-03-14 16:08:01,005{GMT}	INFO	[jepsen worker 1] jepsen.util: 1	:ok	:read	[0 3]
2022-03-14 16:08:01,182{GMT}	INFO	[jepsen worker 5] jepsen.util: 41	:invoke	:write	[0 2]
2022-03-14 16:08:01,197{GMT}	INFO	[jepsen worker 5] jepsen.util: 41	:ok	:write	[0 2]
2022-03-14 16:08:01,409{GMT}	INFO	[jepsen worker 4] jepsen.util: 22	:invoke	:write	[0 2]
2022-03-14 16:08:01,418{GMT}	INFO	[jepsen worker 4] jepsen.util: 22	:ok	:write	[0 2]
2022-03-14 16:08:01,484{GMT}	INFO	[jepsen worker 0] jepsen.util: 0	:invoke	:read	[0 nil]
2022-03-14 16:08:01,493{GMT}	INFO	[jepsen worker 0] jepsen.util: 0	:ok	:read	[0 2]
2022-03-14 16:08:01,815{GMT}	INFO	[jepsen worker 2] jepsen.util: 2	:invoke	:read	[0 nil]
2022-03-14 16:08:01,821{GMT}	INFO	[jepsen worker 2] jepsen.util: 2	:ok	:read	[0 2]
2022-03-14 16:08:01,988{GMT}	INFO	[jepsen worker 5] jepsen.util: 41	:invoke	:write	[0 3]
2022-03-14 16:08:01,998{GMT}	INFO	[jepsen worker 5] jepsen.util: 41	:ok	:write	[0 3]
2022-03-14 16:08:02,357{GMT}	INFO	[jepsen worker 4] jepsen.util: 22	:invoke	:cas	[0 [4 3]]
2022-03-14 16:08:02,373{GMT}	INFO	[jepsen worker 4] jepsen.util: 22	:info	:cas	[0 [4 3]]	[:unknown "does not match"]
2022-03-14 16:08:02,615{GMT}	INFO	[jepsen worker 5] jepsen.util: 41	:invoke	:write	[0 0]
2022-03-14 16:08:02,629{GMT}	INFO	[jepsen worker 5] jepsen.util: 41	:ok	:write	[0 0]
2022-03-14 16:08:02,810{GMT}	INFO	[jepsen worker 1] jepsen.util: 1	:invoke	:read	[0 nil]
2022-03-14 16:08:02,825{GMT}	INFO	[jepsen worker 1] jepsen.util: 1	:ok	:read	[0 0]
2022-03-14 16:08:03,182{GMT}	INFO	[jepsen worker 3] jepsen.util: 21	:invoke	:cas	[0 [0 0]]
2022-03-14 16:08:03,196{GMT}	INFO	[jepsen worker 3] jepsen.util: 21	:ok	:cas	[0 [0 0]]
2022-03-14 16:08:03,541{GMT}	INFO	[jepsen worker 3] jepsen.util: 21	:invoke	:cas	[0 [1 4]]
2022-03-14 16:08:03,550{GMT}	INFO	[jepsen worker 3] jepsen.util: 21	:info	:cas	[0 [1 4]]	[:unknown "does not match"]
2022-03-14 16:08:03,555{GMT}	INFO	[jepsen node n0] maelstrom.db: Tearing down n0
2022-03-14 16:08:03,555{GMT}	INFO	[jepsen node n1] maelstrom.db: Tearing down n1
2022-03-14 16:08:03,555{GMT}	INFO	[jepsen node n2] maelstrom.db: Tearing down n2
2022-03-14 16:08:05,200{GMT}	INFO	[jepsen node n0] maelstrom.net: Shutting down Maelstrom network
2022-03-14 16:08:05,202{GMT}	INFO	[jepsen test runner] jepsen.core: Run complete, writing
2022-03-14 16:08:05,216{GMT}	INFO	[jepsen test runner] jepsen.core: Analyzing...
2022-03-14 16:08:05,376{GMT}	INFO	[clojure-agent-send-pool-0] jepsen.independent: Wrote /home/clock/Mestrado/2Sem/TF/TP/TP1/store/lin-kv/20220314T160753.000Z/independent/0/results.edn
2022-03-14 16:08:05,382{GMT}	INFO	[clojure-agent-send-pool-0] jepsen.independent: Wrote /home/clock/Mestrado/2Sem/TF/TP/TP1/store/lin-kv/20220314T160753.000Z/independent/0/history.edn
2022-03-14 16:08:05,481{GMT}	INFO	[jepsen test runner] jepsen.core: Analysis complete
2022-03-14 16:08:05,493{GMT}	INFO	[jepsen results] jepsen.store: Wrote /home/clock/Mestrado/2Sem/TF/TP/TP1/store/lin-kv/20220314T160753.000Z/results.edn
2022-03-14 16:08:05,503{GMT}	INFO	[jepsen test runner] jepsen.core: {:perf {:latency-graph {:valid? true},
        :rate-graph {:valid? true},
        :valid? true},
 :timeline {:valid? true},
 :exceptions {:valid? true},
 :stats {:valid? true,
         :count 50,
         :ok-count 34,
         :fail-count 2,
         :info-count 14,
         :by-f {:cas {:valid? true,
                      :count 16,
                      :ok-count 2,
                      :fail-count 0,
                      :info-count 14},
                :read {:valid? true,
                       :count 26,
                       :ok-count 24,
                       :fail-count 2,
                       :info-count 0},
                :write {:valid? true,
                        :count 8,
                        :ok-count 8,
                        :fail-count 0,
                        :info-count 0}}},
 :net {:all {:send-count 506,
             :recv-count 506,
             :msg-count 506,
             :msgs-per-op 10.12},
       :clients {:send-count 106, :recv-count 106, :msg-count 106},
       :servers {:send-count 400,
                 :recv-count 400,
                 :msg-count 400,
                 :msgs-per-op 8.0},
       :valid? true},
 :workload {:valid? true,
            :results {0 {:linearizable {:valid? true,
                                        :model #knossos.model.CASRegister{:value 3},
                                        :final-paths (),
                                        :configs ()},
                         :timeline {:valid? true},
                         :valid? true}},
            :failures []},
 :valid? true}


Everything looks good! ヽ(‘ー`)ノ
