2022-04-25 11:29:20,384{GMT}	INFO	[jepsen test runner] jepsen.core: Test version 1161ba6bd09f864ea36d4ca5260c1e1f9cbcfdf3 (plus uncommitted changes)
2022-04-25 11:29:20,384{GMT}	INFO	[jepsen test runner] jepsen.core: Command line:
lein run test --bin raft.py --time-limit 20 --node-count 5 --concurrency 10 --workload lin-kv --latency 200
2022-04-25 11:29:20,459{GMT}	INFO	[jepsen test runner] jepsen.core: Running test:
{:args []
 :remote
 #jepsen.control.retry.Remote{:remote #jepsen.control.scp.Remote{:cmd-remote #jepsen.control.clj_ssh.Remote{:concurrency-limit 8,
                                                                                                            :conn-spec nil,
                                                                                                            :session nil,
                                                                                                            :semaphore nil},
                                                                 :conn-spec nil},
                              :conn nil}
 :log-net-send false
 :node-count 5
 :max-txn-length 4
 :concurrency 10
 :db
 #object[maelstrom.db$db$reify__16817
         "0x73344f4a"
         "maelstrom.db$db$reify__16817@73344f4a"]
 :max-writes-per-key 16
 :leave-db-running? false
 :name "lin-kv"
 :logging-json? false
 :start-time
 #object[org.joda.time.DateTime "0x295f115d" "2022-04-25T11:29:20.000+01:00"]
 :nemesis-interval 10
 :net
 #object[maelstrom.net$jepsen_net$reify__15673
         "0xa6cb2c9"
         "maelstrom.net$jepsen_net$reify__15673@a6cb2c9"]
 :client
 #object[maelstrom.workload.lin_kv$client$reify__17684
         "0x3c32f3d8"
         "maelstrom.workload.lin_kv$client$reify__17684@3c32f3d8"]
 :barrier
 #object[java.util.concurrent.CyclicBarrier
         "0x46700301"
         "java.util.concurrent.CyclicBarrier@46700301"]
 :log-stderr false
 :pure-generators true
 :ssh {:dummy? true}
 :rate 5
 :checker
 #object[jepsen.checker$compose$reify__8787
         "0x17f4276b"
         "jepsen.checker$compose$reify__8787@17f4276b"]
 :argv
 ("test"
  "--bin"
  "raft.py"
  "--time-limit"
  "20"
  "--node-count"
  "5"
  "--concurrency"
  "10"
  "--workload"
  "lin-kv"
  "--latency"
  "200")
 :nemesis
 (jepsen.nemesis.ReflCompose
  {:fm {:start-partition 0,
        :stop-partition 0,
        :kill 1,
        :start 1,
        :pause 1,
        :resume 1},
   :nemeses [#unprintable "jepsen.nemesis.combined$partition_nemesis$reify__17089@786125a6"
             #unprintable "jepsen.nemesis.combined$db_nemesis$reify__17070@53e6b541"]})
 :nodes ["n0" "n1" "n2" "n3" "n4"]
 :test-count 1
 :latency {:mean 200, :dist :constant}
 :bin "raft.py"
 :generator
 (jepsen.generator.TimeLimit
  {:limit 20000000000,
   :cutoff nil,
   :gen (jepsen.generator.Any
         {:gens [(jepsen.generator.OnThreads {:f #{:nemesis}, :gen nil})
                 (jepsen.generator.OnThreads
                  {:f #object[clojure.core$complement$fn__5654
                              "0x642ebd4c"
                              "clojure.core$complement$fn__5654@642ebd4c"],
                   :gen (jepsen.generator.Stagger
                         {:dt 400000000,
                          :next-time nil,
                          :gen (jepsen.generator.OnThreads
                                {:f #object[clojure.core$complement$fn__5654
                                            "0x222af5ff"
                                            "clojure.core$complement$fn__5654@222af5ff"],
                                 :gen (jepsen.independent.ConcurrentGenerator
                                       {:n 10,
                                        :fgen #object[jepsen.tests.linearizable_register$test$fn__17484
                                                      "0x70721c2d"
                                                      "jepsen.tests.linearizable_register$test$fn__17484@70721c2d"],
                                        :group->threads nil,
                                        :thread->group nil,
                                        :keys (0 1 2 3 4 5 6 7 ...),
                                        :gens nil})})})})]})})
 :log-net-recv false
 :os
 #object[maelstrom.net$jepsen_os$reify__15676
         "0x62371858"
         "maelstrom.net$jepsen_os$reify__15676@62371858"]
 :time-limit 20
 :workload :lin-kv
 :consistency-models [:strict-serializable]
 :topology :grid}

2022-04-25 11:29:20,473{GMT}	INFO	[jepsen node n0] maelstrom.net: Starting Maelstrom network
2022-04-25 11:29:20,476{GMT}	INFO	[jepsen test runner] jepsen.db: Tearing down DB
2022-04-25 11:29:20,497{GMT}	INFO	[jepsen test runner] jepsen.db: Setting up DB
2022-04-25 11:29:20,532{GMT}	INFO	[jepsen node n0] maelstrom.service: Starting services: (lin-kv lin-tso lww-kv seq-kv)
2022-04-25 11:29:20,536{GMT}	INFO	[jepsen node n1] maelstrom.db: Setting up n1
2022-04-25 11:29:20,541{GMT}	INFO	[jepsen node n1] maelstrom.process: launching raft.py []
2022-04-25 11:29:20,537{GMT}	INFO	[jepsen node n2] maelstrom.db: Setting up n2
2022-04-25 11:29:20,546{GMT}	INFO	[jepsen node n2] maelstrom.process: launching raft.py []
2022-04-25 11:29:20,557{GMT}	INFO	[jepsen node n3] maelstrom.db: Setting up n3
2022-04-25 11:29:20,558{GMT}	INFO	[jepsen node n3] maelstrom.process: launching raft.py []
2022-04-25 11:29:20,567{GMT}	INFO	[jepsen node n4] maelstrom.db: Setting up n4
2022-04-25 11:29:20,568{GMT}	INFO	[jepsen node n4] maelstrom.process: launching raft.py []
2022-04-25 11:29:20,575{GMT}	INFO	[jepsen node n0] maelstrom.db: Setting up n0
2022-04-25 11:29:20,577{GMT}	INFO	[jepsen node n0] maelstrom.process: launching raft.py []
2022-04-25 11:29:20,678{GMT}	INFO	[jepsen test runner] jepsen.core: Relative time begins now
2022-04-25 11:29:20,721{GMT}	INFO	[jepsen worker 7] jepsen.util: 7	:invoke	:cas	[0 [3 3]]
2022-04-25 11:29:20,732{GMT}	INFO	[jepsen worker 7] jepsen.util: 7	:info	:cas	[0 [3 3]]	[:unknown "not leader"]
2022-04-25 11:29:20,840{GMT}	INFO	[jepsen worker 5] jepsen.util: 5	:invoke	:write	[0 1]
2022-04-25 11:29:20,844{GMT}	INFO	[jepsen worker 5] jepsen.util: 5	:info	:write	[0 1]	[:unknown "not leader"]
2022-04-25 11:29:21,047{GMT}	INFO	[jepsen worker 3] jepsen.util: 3	:invoke	:read	[0 nil]
2022-04-25 11:29:21,053{GMT}	INFO	[jepsen worker 3] jepsen.util: 3	:fail	:read	[0 nil]	[:unknown "not leader"]
2022-04-25 11:29:21,374{GMT}	INFO	[jepsen worker 7] jepsen.util: 17	:invoke	:write	[0 2]
2022-04-25 11:29:21,381{GMT}	INFO	[jepsen worker 7] jepsen.util: 17	:info	:write	[0 2]	[:unknown "not leader"]
2022-04-25 11:29:21,383{GMT}	INFO	[jepsen worker 3] jepsen.util: 3	:invoke	:read	[0 nil]
2022-04-25 11:29:21,389{GMT}	INFO	[jepsen worker 3] jepsen.util: 3	:fail	:read	[0 nil]	[:unknown "not leader"]
2022-04-25 11:29:21,467{GMT}	INFO	[jepsen worker 1] jepsen.util: 1	:invoke	:read	[0 nil]
2022-04-25 11:29:21,475{GMT}	INFO	[jepsen worker 1] jepsen.util: 1	:fail	:read	[0 nil]	[:unknown "not leader"]
2022-04-25 11:29:21,575{GMT}	INFO	[jepsen worker 2] jepsen.util: 2	:invoke	:read	[0 nil]
2022-04-25 11:29:21,578{GMT}	INFO	[jepsen worker 2] jepsen.util: 2	:fail	:read	[0 nil]	[:unknown "not leader"]
2022-04-25 11:29:21,632{GMT}	INFO	[jepsen worker 8] jepsen.util: 8	:invoke	:cas	[0 [0 1]]
2022-04-25 11:29:21,635{GMT}	INFO	[jepsen worker 8] jepsen.util: 8	:info	:cas	[0 [0 1]]	[:unknown "not leader"]
2022-04-25 11:29:21,952{GMT}	INFO	[jepsen worker 1] jepsen.util: 1	:invoke	:read	[0 nil]
2022-04-25 11:29:21,958{GMT}	INFO	[jepsen worker 1] jepsen.util: 1	:fail	:read	[0 nil]	[:unknown "not leader"]
2022-04-25 11:29:21,992{GMT}	INFO	[jepsen worker 2] jepsen.util: 2	:invoke	:read	[0 nil]
2022-04-25 11:29:21,999{GMT}	INFO	[jepsen worker 2] jepsen.util: 2	:fail	:read	[0 nil]	[:unknown "not leader"]
2022-04-25 11:29:22,207{GMT}	INFO	[jepsen worker 3] jepsen.util: 3	:invoke	:read	[0 nil]
2022-04-25 11:29:22,332{GMT}	INFO	[jepsen worker 3] jepsen.util: 3	:fail	:read	[0 nil]	[:unknown "not leader"]
2022-04-25 11:29:22,499{GMT}	INFO	[jepsen worker 2] jepsen.util: 2	:invoke	:read	[0 nil]
2022-04-25 11:29:22,540{GMT}	INFO	[jepsen worker 2] jepsen.util: 2	:fail	:read	[0 nil]	[:unknown "not leader"]
2022-04-25 11:29:22,693{GMT}	INFO	[jepsen worker 9] jepsen.util: 9	:invoke	:cas	[0 [4 2]]
2022-04-25 11:29:22,744{GMT}	INFO	[jepsen worker 9] jepsen.util: 9	:info	:cas	[0 [4 2]]	[:unknown "not leader"]
2022-04-25 11:29:22,944{GMT}	INFO	[jepsen worker 3] jepsen.util: 3	:invoke	:read	[0 nil]
2022-04-25 11:29:22,949{GMT}	INFO	[jepsen worker 3] jepsen.util: 3	:fail	:read	[0 nil]	[:unknown "not leader"]
2022-04-25 11:29:22,988{GMT}	INFO	[jepsen worker 7] jepsen.util: 27	:invoke	:cas	[0 [2 4]]
2022-04-25 11:29:23,193{GMT}	INFO	[jepsen worker 1] jepsen.util: 1	:invoke	:read	[0 nil]
2022-04-25 11:29:23,200{GMT}	INFO	[jepsen worker 1] jepsen.util: 1	:fail	:read	[0 nil]	[:unknown "not leader"]
2022-04-25 11:29:23,400{GMT}	INFO	[jepsen worker 7] jepsen.util: 27	:info	:cas	[0 [2 4]]	[:unknown "not found"]
2022-04-25 11:29:23,428{GMT}	INFO	[jepsen worker 0] jepsen.util: 0	:invoke	:read	[0 nil]
2022-04-25 11:29:23,436{GMT}	INFO	[jepsen worker 0] jepsen.util: 0	:fail	:read	[0 nil]	[:unknown "not leader"]
2022-04-25 11:29:23,620{GMT}	INFO	[jepsen worker 7] jepsen.util: 37	:invoke	:cas	[0 [0 0]]
2022-04-25 11:29:23,811{GMT}	INFO	[jepsen worker 4] jepsen.util: 4	:invoke	:read	[0 nil]
2022-04-25 11:29:23,834{GMT}	INFO	[jepsen worker 4] jepsen.util: 4	:fail	:read	[0 nil]	[:unknown "not leader"]
2022-04-25 11:29:24,033{GMT}	INFO	[jepsen worker 7] jepsen.util: 37	:info	:cas	[0 [0 0]]	[:unknown "not found"]
2022-04-25 11:29:24,106{GMT}	INFO	[jepsen worker 3] jepsen.util: 3	:invoke	:read	[0 nil]
2022-04-25 11:29:24,245{GMT}	INFO	[jepsen worker 3] jepsen.util: 3	:fail	:read	[0 nil]	[:unknown "not leader"]
2022-04-25 11:29:24,291{GMT}	INFO	[jepsen worker 7] jepsen.util: 47	:invoke	:cas	[0 [4 2]]
2022-04-25 11:29:24,632{GMT}	INFO	[jepsen worker 2] jepsen.util: 2	:invoke	:read	[0 nil]
2022-04-25 11:29:24,717{GMT}	INFO	[jepsen worker 8] jepsen.util: 18	:invoke	:cas	[0 [4 2]]
2022-04-25 11:29:24,749{GMT}	INFO	[jepsen worker 8] jepsen.util: 18	:info	:cas	[0 [4 2]]	[:unknown "not leader"]
2022-04-25 11:29:24,848{GMT}	INFO	[jepsen worker 7] jepsen.util: 47	:info	:cas	[0 [4 2]]	[:unknown "not found"]
2022-04-25 11:29:25,040{GMT}	INFO	[jepsen worker 2] jepsen.util: 2	:fail	:read	[0 nil]	[:unknown "not found"]
2022-04-25 11:29:25,104{GMT}	INFO	[jepsen worker 4] jepsen.util: 4	:invoke	:read	[0 nil]
2022-04-25 11:29:25,110{GMT}	INFO	[jepsen worker 4] jepsen.util: 4	:fail	:read	[0 nil]	[:unknown "not leader"]
2022-04-25 11:29:25,396{GMT}	INFO	[jepsen worker 4] jepsen.util: 4	:invoke	:read	[0 nil]
2022-04-25 11:29:25,401{GMT}	INFO	[jepsen worker 4] jepsen.util: 4	:fail	:read	[0 nil]	[:unknown "not leader"]
2022-04-25 11:29:25,788{GMT}	INFO	[jepsen worker 4] jepsen.util: 4	:invoke	:read	[0 nil]
2022-04-25 11:29:25,792{GMT}	INFO	[jepsen worker 4] jepsen.util: 4	:fail	:read	[0 nil]	[:unknown "not leader"]
2022-04-25 11:29:25,958{GMT}	INFO	[jepsen worker 3] jepsen.util: 3	:invoke	:read	[0 nil]
2022-04-25 11:29:25,960{GMT}	INFO	[jepsen worker 3] jepsen.util: 3	:fail	:read	[0 nil]	[:unknown "not leader"]
2022-04-25 11:29:26,324{GMT}	INFO	[jepsen worker 1] jepsen.util: 1	:invoke	:read	[0 nil]
2022-04-25 11:29:26,329{GMT}	INFO	[jepsen worker 1] jepsen.util: 1	:fail	:read	[0 nil]	[:unknown "not leader"]
2022-04-25 11:29:26,714{GMT}	INFO	[jepsen worker 3] jepsen.util: 3	:invoke	:read	[0 nil]
2022-04-25 11:29:26,719{GMT}	INFO	[jepsen worker 3] jepsen.util: 3	:fail	:read	[0 nil]	[:unknown "not leader"]
2022-04-25 11:29:27,087{GMT}	INFO	[jepsen worker 4] jepsen.util: 4	:invoke	:read	[0 nil]
2022-04-25 11:29:27,192{GMT}	INFO	[jepsen worker 4] jepsen.util: 4	:fail	:read	[0 nil]	[:unknown "not leader"]
2022-04-25 11:29:27,302{GMT}	INFO	[jepsen worker 0] jepsen.util: 0	:invoke	:read	[0 nil]
2022-04-25 11:29:27,305{GMT}	INFO	[jepsen worker 0] jepsen.util: 0	:fail	:read	[0 nil]	[:unknown "not leader"]
2022-04-25 11:29:27,351{GMT}	INFO	[jepsen worker 9] jepsen.util: 19	:invoke	:cas	[0 [2 1]]
2022-04-25 11:29:27,451{GMT}	INFO	[jepsen worker 7] jepsen.util: 57	:invoke	:cas	[0 [1 1]]
2022-04-25 11:29:27,544{GMT}	INFO	[jepsen worker 7] jepsen.util: 57	:info	:cas	[0 [1 1]]	[:unknown "not leader"]
2022-04-25 11:29:27,704{GMT}	INFO	[jepsen worker 2] jepsen.util: 2	:invoke	:read	[0 nil]
2022-04-25 11:29:27,708{GMT}	INFO	[jepsen worker 2] jepsen.util: 2	:fail	:read	[0 nil]	[:unknown "not leader"]
2022-04-25 11:29:28,061{GMT}	INFO	[jepsen worker 2] jepsen.util: 2	:invoke	:read	[0 nil]
2022-04-25 11:29:28,067{GMT}	INFO	[jepsen worker 2] jepsen.util: 2	:fail	:read	[0 nil]	[:unknown "not leader"]
2022-04-25 11:29:28,285{GMT}	INFO	[jepsen worker 8] jepsen.util: 28	:invoke	:write	[0 2]
2022-04-25 11:29:28,290{GMT}	INFO	[jepsen worker 8] jepsen.util: 28	:info	:write	[0 2]	[:unknown "not leader"]
2022-04-25 11:29:28,578{GMT}	INFO	[jepsen worker 4] jepsen.util: 4	:invoke	:read	[1 nil]
2022-04-25 11:29:28,917{GMT}	INFO	[jepsen worker 0] jepsen.util: 0	:invoke	:read	[1 nil]
2022-04-25 11:29:28,925{GMT}	INFO	[jepsen worker 6] jepsen.util: 6	:invoke	:cas	[1 [4 1]]
2022-04-25 11:29:28,954{GMT}	INFO	[jepsen worker 0] jepsen.util: 0	:fail	:read	[1 nil]	[:unknown "not leader"]
2022-04-25 11:29:28,955{GMT}	INFO	[jepsen worker 6] jepsen.util: 6	:info	:cas	[1 [4 1]]	[:unknown "not leader"]
2022-04-25 11:29:29,173{GMT}	INFO	[jepsen worker 5] jepsen.util: 15	:invoke	:cas	[1 [0 1]]
2022-04-25 11:29:29,178{GMT}	INFO	[jepsen worker 5] jepsen.util: 15	:info	:cas	[1 [0 1]]	[:unknown "not leader"]
2022-04-25 11:29:29,271{GMT}	INFO	[jepsen worker 6] jepsen.util: 16	:invoke	:cas	[1 [3 1]]
2022-04-25 11:29:29,276{GMT}	INFO	[jepsen worker 6] jepsen.util: 16	:info	:cas	[1 [3 1]]	[:unknown "not leader"]
2022-04-25 11:29:29,352{GMT}	INFO	[jepsen worker 9] jepsen.util: 19	:info	:cas	[0 [2 1]]	:net-timeout
2022-04-25 11:29:29,424{GMT}	INFO	[jepsen worker 9] jepsen.util: 29	:invoke	:cas	[1 [1 0]]
2022-04-25 11:29:29,680{GMT}	INFO	[jepsen worker 2] jepsen.util: 2	:invoke	:read	[1 nil]
2022-04-25 11:29:29,686{GMT}	INFO	[jepsen worker 2] jepsen.util: 2	:fail	:read	[1 nil]	[:unknown "not leader"]
2022-04-25 11:29:29,945{GMT}	INFO	[jepsen worker 1] jepsen.util: 1	:invoke	:read	[1 nil]
2022-04-25 11:29:30,051{GMT}	INFO	[jepsen worker 1] jepsen.util: 1	:fail	:read	[1 nil]	[:unknown "not leader"]
2022-04-25 11:29:30,201{GMT}	INFO	[jepsen worker 5] jepsen.util: 25	:invoke	:cas	[1 [3 1]]
2022-04-25 11:29:30,205{GMT}	INFO	[jepsen worker 5] jepsen.util: 25	:info	:cas	[1 [3 1]]	[:unknown "not leader"]
2022-04-25 11:29:30,579{GMT}	INFO	[jepsen worker 4] jepsen.util: 4	:fail	:read	[1 nil]	:net-timeout
2022-04-25 11:29:30,592{GMT}	INFO	[jepsen worker 6] jepsen.util: 26	:invoke	:cas	[1 [0 2]]
2022-04-25 11:29:30,597{GMT}	INFO	[jepsen worker 6] jepsen.util: 26	:info	:cas	[1 [0 2]]	[:unknown "not leader"]
2022-04-25 11:29:30,605{GMT}	INFO	[jepsen worker 6] jepsen.util: 36	:invoke	:cas	[1 [3 1]]
2022-04-25 11:29:30,610{GMT}	INFO	[jepsen worker 6] jepsen.util: 36	:info	:cas	[1 [3 1]]	[:unknown "not leader"]
2022-04-25 11:29:30,970{GMT}	INFO	[jepsen worker 4] jepsen.util: 4	:invoke	:read	[1 nil]
2022-04-25 11:29:30,971{GMT}	INFO	[jepsen worker 0] jepsen.util: 0	:invoke	:read	[1 nil]
2022-04-25 11:29:31,054{GMT}	INFO	[jepsen worker 0] jepsen.util: 0	:fail	:read	[1 nil]	[:unknown "not leader"]
2022-04-25 11:29:31,304{GMT}	INFO	[jepsen worker 6] jepsen.util: 46	:invoke	:write	[1 2]
2022-04-25 11:29:31,308{GMT}	INFO	[jepsen worker 6] jepsen.util: 46	:info	:write	[1 2]	[:unknown "not leader"]
2022-04-25 11:29:31,420{GMT}	INFO	[jepsen worker 8] jepsen.util: 38	:invoke	:cas	[1 [4 2]]
2022-04-25 11:29:31,425{GMT}	INFO	[jepsen worker 9] jepsen.util: 29	:info	:cas	[1 [1 0]]	:net-timeout
2022-04-25 11:29:31,553{GMT}	INFO	[jepsen worker 8] jepsen.util: 38	:info	:cas	[1 [4 2]]	[:unknown "not leader"]
2022-04-25 11:29:31,754{GMT}	INFO	[jepsen worker 7] jepsen.util: 67	:invoke	:write	[1 3]
2022-04-25 11:29:31,759{GMT}	INFO	[jepsen worker 7] jepsen.util: 67	:info	:write	[1 3]	[:unknown "not leader"]
2022-04-25 11:29:32,037{GMT}	INFO	[jepsen worker 5] jepsen.util: 35	:invoke	:write	[2 4]
2022-04-25 11:29:32,038{GMT}	INFO	[jepsen worker 0] jepsen.util: 0	:invoke	:read	[2 nil]
2022-04-25 11:29:32,057{GMT}	INFO	[jepsen worker 0] jepsen.util: 0	:fail	:read	[2 nil]	[:unknown "not leader"]
2022-04-25 11:29:32,057{GMT}	INFO	[jepsen worker 5] jepsen.util: 35	:info	:write	[2 4]	[:unknown "not leader"]
2022-04-25 11:29:32,114{GMT}	INFO	[jepsen worker 5] jepsen.util: 45	:invoke	:write	[2 3]
2022-04-25 11:29:32,116{GMT}	INFO	[jepsen worker 0] jepsen.util: 0	:invoke	:read	[2 nil]
2022-04-25 11:29:32,120{GMT}	INFO	[jepsen worker 5] jepsen.util: 45	:info	:write	[2 3]	[:unknown "not leader"]
2022-04-25 11:29:32,121{GMT}	INFO	[jepsen worker 0] jepsen.util: 0	:fail	:read	[2 nil]	[:unknown "not leader"]
2022-04-25 11:29:32,337{GMT}	INFO	[jepsen worker 9] jepsen.util: 39	:invoke	:cas	[2 [0 1]]
2022-04-25 11:29:32,478{GMT}	INFO	[jepsen worker 5] jepsen.util: 55	:invoke	:cas	[2 [2 2]]
2022-04-25 11:29:32,547{GMT}	INFO	[jepsen worker 5] jepsen.util: 55	:info	:cas	[2 [2 2]]	[:unknown "not leader"]
2022-04-25 11:29:32,683{GMT}	INFO	[jepsen worker 2] jepsen.util: 2	:invoke	:read	[2 nil]
2022-04-25 11:29:32,685{GMT}	INFO	[jepsen worker 2] jepsen.util: 2	:fail	:read	[2 nil]	[:unknown "not leader"]
2022-04-25 11:29:32,825{GMT}	INFO	[jepsen worker 6] jepsen.util: 56	:invoke	:cas	[2 [4 1]]
2022-04-25 11:29:32,829{GMT}	INFO	[jepsen worker 6] jepsen.util: 56	:info	:cas	[2 [4 1]]	[:unknown "not leader"]
2022-04-25 11:29:32,972{GMT}	INFO	[jepsen worker 4] jepsen.util: 4	:fail	:read	[1 nil]	:net-timeout
2022-04-25 11:29:33,035{GMT}	INFO	[jepsen worker 8] jepsen.util: 48	:invoke	:cas	[2 [1 2]]
2022-04-25 11:29:33,057{GMT}	INFO	[jepsen worker 8] jepsen.util: 48	:info	:cas	[2 [1 2]]	[:unknown "not leader"]
2022-04-25 11:29:33,311{GMT}	INFO	[jepsen worker 6] jepsen.util: 66	:invoke	:write	[2 2]
2022-04-25 11:29:33,316{GMT}	INFO	[jepsen worker 6] jepsen.util: 66	:info	:write	[2 2]	[:unknown "not leader"]
2022-04-25 11:29:33,638{GMT}	INFO	[jepsen worker 7] jepsen.util: 77	:invoke	:cas	[2 [3 4]]
2022-04-25 11:29:33,642{GMT}	INFO	[jepsen worker 7] jepsen.util: 77	:info	:cas	[2 [3 4]]	[:unknown "not leader"]
2022-04-25 11:29:33,887{GMT}	INFO	[jepsen worker 3] jepsen.util: 3	:invoke	:read	[2 nil]
2022-04-25 11:29:33,979{GMT}	INFO	[jepsen worker 8] jepsen.util: 58	:invoke	:cas	[2 [2 3]]
2022-04-25 11:29:34,061{GMT}	INFO	[jepsen worker 8] jepsen.util: 58	:info	:cas	[2 [2 3]]	[:unknown "not leader"]
2022-04-25 11:29:34,061{GMT}	INFO	[jepsen worker 3] jepsen.util: 3	:fail	:read	[2 nil]	[:unknown "not leader"]
2022-04-25 11:29:34,283{GMT}	INFO	[jepsen worker 3] jepsen.util: 3	:invoke	:read	[2 nil]
2022-04-25 11:29:34,287{GMT}	INFO	[jepsen worker 3] jepsen.util: 3	:fail	:read	[2 nil]	[:unknown "not leader"]
2022-04-25 11:29:34,339{GMT}	INFO	[jepsen worker 9] jepsen.util: 39	:info	:cas	[2 [0 1]]	:net-timeout
2022-04-25 11:29:34,649{GMT}	INFO	[jepsen worker 2] jepsen.util: 2	:invoke	:read	[2 nil]
2022-04-25 11:29:34,653{GMT}	INFO	[jepsen worker 2] jepsen.util: 2	:fail	:read	[2 nil]	[:unknown "not leader"]
2022-04-25 11:29:34,711{GMT}	INFO	[jepsen worker 4] jepsen.util: 4	:invoke	:read	[2 nil]
2022-04-25 11:29:34,996{GMT}	INFO	[jepsen worker 9] jepsen.util: 49	:invoke	:cas	[2 [2 2]]
2022-04-25 11:29:35,371{GMT}	INFO	[jepsen worker 3] jepsen.util: 3	:invoke	:read	[2 nil]
2022-04-25 11:29:35,556{GMT}	INFO	[jepsen worker 6] jepsen.util: 76	:invoke	:write	[2 4]
2022-04-25 11:29:35,561{GMT}	INFO	[jepsen worker 6] jepsen.util: 76	:info	:write	[2 4]	[:unknown "not leader"]
2022-04-25 11:29:35,561{GMT}	INFO	[jepsen worker 3] jepsen.util: 3	:fail	:read	[2 nil]	[:unknown "not leader"]
2022-04-25 11:29:35,678{GMT}	INFO	[jepsen worker 2] jepsen.util: 2	:invoke	:read	[2 nil]
2022-04-25 11:29:35,680{GMT}	INFO	[jepsen worker 2] jepsen.util: 2	:fail	:read	[2 nil]	[:unknown "not leader"]
2022-04-25 11:29:35,946{GMT}	INFO	[jepsen worker 8] jepsen.util: 68	:invoke	:cas	[2 [3 3]]
2022-04-25 11:29:35,950{GMT}	INFO	[jepsen worker 8] jepsen.util: 68	:info	:cas	[2 [3 3]]	[:unknown "not leader"]
2022-04-25 11:29:36,047{GMT}	INFO	[jepsen worker 6] jepsen.util: 86	:invoke	:write	[3 2]
2022-04-25 11:29:36,052{GMT}	INFO	[jepsen worker 6] jepsen.util: 86	:info	:write	[3 2]	[:unknown "not leader"]
2022-04-25 11:29:36,106{GMT}	INFO	[jepsen worker 5] jepsen.util: 65	:invoke	:cas	[3 [3 1]]
2022-04-25 11:29:36,108{GMT}	INFO	[jepsen worker 5] jepsen.util: 65	:info	:cas	[3 [3 1]]	[:unknown "not leader"]
2022-04-25 11:29:36,139{GMT}	INFO	[jepsen worker 7] jepsen.util: 87	:invoke	:cas	[3 [3 2]]
2022-04-25 11:29:36,140{GMT}	INFO	[jepsen worker 7] jepsen.util: 87	:info	:cas	[3 [3 2]]	[:unknown "not leader"]
2022-04-25 11:29:36,388{GMT}	INFO	[jepsen worker 1] jepsen.util: 1	:invoke	:read	[3 nil]
2022-04-25 11:29:36,393{GMT}	INFO	[jepsen worker 1] jepsen.util: 1	:fail	:read	[3 nil]	[:unknown "not leader"]
2022-04-25 11:29:36,551{GMT}	INFO	[jepsen worker 0] jepsen.util: 0	:invoke	:read	[3 nil]
2022-04-25 11:29:36,553{GMT}	INFO	[jepsen worker 0] jepsen.util: 0	:fail	:read	[3 nil]	[:unknown "not leader"]
2022-04-25 11:29:36,713{GMT}	INFO	[jepsen worker 4] jepsen.util: 4	:fail	:read	[2 nil]	:net-timeout
2022-04-25 11:29:36,879{GMT}	INFO	[jepsen worker 6] jepsen.util: 96	:invoke	:cas	[3 [2 1]]
2022-04-25 11:29:36,883{GMT}	INFO	[jepsen worker 6] jepsen.util: 96	:info	:cas	[3 [2 1]]	[:unknown "not leader"]
2022-04-25 11:29:36,962{GMT}	INFO	[jepsen worker 5] jepsen.util: 75	:invoke	:write	[3 0]
2022-04-25 11:29:36,966{GMT}	INFO	[jepsen worker 5] jepsen.util: 75	:info	:write	[3 0]	[:unknown "not leader"]
2022-04-25 11:29:36,998{GMT}	INFO	[jepsen worker 9] jepsen.util: 49	:info	:cas	[2 [2 2]]	:net-timeout
2022-04-25 11:29:37,314{GMT}	INFO	[jepsen worker 4] jepsen.util: 4	:invoke	:read	[3 nil]
2022-04-25 11:29:37,465{GMT}	INFO	[jepsen worker 1] jepsen.util: 1	:invoke	:read	[3 nil]
2022-04-25 11:29:37,470{GMT}	INFO	[jepsen worker 1] jepsen.util: 1	:fail	:read	[3 nil]	[:unknown "not leader"]
2022-04-25 11:29:37,536{GMT}	INFO	[jepsen worker 7] jepsen.util: 97	:invoke	:write	[3 3]
2022-04-25 11:29:37,541{GMT}	INFO	[jepsen worker 7] jepsen.util: 97	:info	:write	[3 3]	[:unknown "not leader"]
2022-04-25 11:29:37,714{GMT}	INFO	[jepsen worker 0] jepsen.util: 0	:invoke	:read	[3 nil]
2022-04-25 11:29:37,718{GMT}	INFO	[jepsen worker 0] jepsen.util: 0	:fail	:read	[3 nil]	[:unknown "not leader"]
2022-04-25 11:29:37,828{GMT}	INFO	[jepsen worker 8] jepsen.util: 78	:invoke	:cas	[3 [4 4]]
2022-04-25 11:29:37,833{GMT}	INFO	[jepsen worker 8] jepsen.util: 78	:info	:cas	[3 [4 4]]	[:unknown "not leader"]
2022-04-25 11:29:37,929{GMT}	INFO	[jepsen worker 3] jepsen.util: 3	:invoke	:read	[3 nil]
2022-04-25 11:29:37,932{GMT}	INFO	[jepsen worker 3] jepsen.util: 3	:fail	:read	[3 nil]	[:unknown "not leader"]
2022-04-25 11:29:38,312{GMT}	INFO	[jepsen worker 2] jepsen.util: 2	:invoke	:read	[3 nil]
2022-04-25 11:29:38,376{GMT}	INFO	[jepsen worker 2] jepsen.util: 2	:fail	:read	[3 nil]	[:unknown "not leader"]
2022-04-25 11:29:38,410{GMT}	INFO	[jepsen worker 2] jepsen.util: 2	:invoke	:read	[3 nil]
2022-04-25 11:29:38,494{GMT}	INFO	[jepsen worker 7] jepsen.util: 107	:invoke	:write	[3 4]
2022-04-25 11:29:38,521{GMT}	INFO	[jepsen worker 7] jepsen.util: 107	:info	:write	[3 4]	[:unknown "not leader"]
2022-04-25 11:29:38,521{GMT}	INFO	[jepsen worker 2] jepsen.util: 2	:fail	:read	[3 nil]	[:unknown "not leader"]
2022-04-25 11:29:38,826{GMT}	INFO	[jepsen worker 9] jepsen.util: 59	:invoke	:cas	[3 [0 4]]
2022-04-25 11:29:38,831{GMT}	INFO	[jepsen worker 9] jepsen.util: 59	:info	:cas	[3 [0 4]]	[:unknown "not leader"]
2022-04-25 11:29:38,846{GMT}	INFO	[jepsen worker 1] jepsen.util: 1	:invoke	:read	[3 nil]
2022-04-25 11:29:39,072{GMT}	INFO	[jepsen worker 3] jepsen.util: 3	:invoke	:read	[3 nil]
2022-04-25 11:29:39,092{GMT}	INFO	[jepsen worker 0] jepsen.util: 0	:invoke	:read	[3 nil]
2022-04-25 11:29:39,182{GMT}	INFO	[jepsen worker 0] jepsen.util: 0	:fail	:read	[3 nil]	[:unknown "not leader"]
2022-04-25 11:29:39,183{GMT}	INFO	[jepsen worker 3] jepsen.util: 3	:fail	:read	[3 nil]	[:unknown "not leader"]
2022-04-25 11:29:39,239{GMT}	INFO	[jepsen worker 8] jepsen.util: 88	:invoke	:cas	[3 [2 3]]
2022-04-25 11:29:39,278{GMT}	INFO	[jepsen worker 8] jepsen.util: 88	:info	:cas	[3 [2 3]]	[:unknown "not leader"]
2022-04-25 11:29:39,314{GMT}	INFO	[jepsen worker 4] jepsen.util: 4	:fail	:read	[3 nil]	:net-timeout
2022-04-25 11:29:39,331{GMT}	INFO	[jepsen worker 0] jepsen.util: 0	:invoke	:read	[4 nil]
2022-04-25 11:29:39,332{GMT}	INFO	[jepsen worker 0] jepsen.util: 0	:fail	:read	[4 nil]	[:unknown "not leader"]
2022-04-25 11:29:39,726{GMT}	INFO	[jepsen worker 7] jepsen.util: 117	:invoke	:cas	[4 [1 4]]
2022-04-25 11:29:39,733{GMT}	INFO	[jepsen worker 4] jepsen.util: 4	:invoke	:read	[4 nil]
2022-04-25 11:29:39,781{GMT}	INFO	[jepsen worker 7] jepsen.util: 117	:info	:cas	[4 [1 4]]	[:unknown "not leader"]
2022-04-25 11:29:39,782{GMT}	INFO	[jepsen worker 4] jepsen.util: 4	:fail	:read	[4 nil]	[:unknown "not leader"]
2022-04-25 11:29:39,925{GMT}	INFO	[jepsen worker 5] jepsen.util: 85	:invoke	:cas	[4 [0 3]]
2022-04-25 11:29:39,927{GMT}	INFO	[jepsen worker 5] jepsen.util: 85	:info	:cas	[4 [0 3]]	[:unknown "not leader"]
2022-04-25 11:29:40,172{GMT}	INFO	[jepsen worker 4] jepsen.util: 4	:invoke	:read	[4 nil]
2022-04-25 11:29:40,281{GMT}	INFO	[jepsen worker 4] jepsen.util: 4	:fail	:read	[4 nil]	[:unknown "not leader"]
2022-04-25 11:29:40,443{GMT}	INFO	[jepsen worker 0] jepsen.util: 0	:invoke	:read	[4 nil]
2022-04-25 11:29:40,446{GMT}	INFO	[jepsen worker 0] jepsen.util: 0	:fail	:read	[4 nil]	[:unknown "not leader"]
2022-04-25 11:29:40,516{GMT}	INFO	[jepsen worker 6] jepsen.util: 106	:invoke	:cas	[4 [3 1]]
2022-04-25 11:29:40,846{GMT}	INFO	[jepsen worker 1] jepsen.util: 1	:fail	:read	[3 nil]	:net-timeout
2022-04-25 11:29:42,517{GMT}	INFO	[jepsen worker 6] jepsen.util: 106	:info	:cas	[4 [3 1]]	:net-timeout
2022-04-25 11:29:42,527{GMT}	INFO	[jepsen node n0] maelstrom.db: Tearing down n0
2022-04-25 11:29:42,527{GMT}	INFO	[jepsen node n1] maelstrom.db: Tearing down n1
2022-04-25 11:29:42,527{GMT}	INFO	[jepsen node n3] maelstrom.db: Tearing down n3
2022-04-25 11:29:42,528{GMT}	INFO	[jepsen node n4] maelstrom.db: Tearing down n4
2022-04-25 11:29:42,527{GMT}	INFO	[jepsen node n2] maelstrom.db: Tearing down n2
2022-04-25 11:29:43,583{GMT}	INFO	[jepsen node n0] maelstrom.net: Shutting down Maelstrom network
2022-04-25 11:29:43,584{GMT}	INFO	[jepsen test runner] jepsen.core: Run complete, writing
2022-04-25 11:29:43,596{GMT}	INFO	[jepsen test runner] jepsen.core: Analyzing...
2022-04-25 11:29:43,787{GMT}	INFO	[clojure-agent-send-pool-2] jepsen.independent: Wrote /home/clock/Mestrado/2Sem/TF/TP/TP2/store/lin-kv/20220425T112920.000+0100/independent/4/results.edn
2022-04-25 11:29:43,790{GMT}	INFO	[clojure-agent-send-pool-2] jepsen.independent: Wrote /home/clock/Mestrado/2Sem/TF/TP/TP2/store/lin-kv/20220425T112920.000+0100/independent/4/history.edn
2022-04-25 11:29:43,857{GMT}	INFO	[clojure-agent-send-pool-1] jepsen.independent: Wrote /home/clock/Mestrado/2Sem/TF/TP/TP2/store/lin-kv/20220425T112920.000+0100/independent/1/results.edn
2022-04-25 11:29:43,859{GMT}	INFO	[clojure-agent-send-pool-4] jepsen.independent: Wrote /home/clock/Mestrado/2Sem/TF/TP/TP2/store/lin-kv/20220425T112920.000+0100/independent/2/results.edn
2022-04-25 11:29:43,861{GMT}	INFO	[clojure-agent-send-pool-1] jepsen.independent: Wrote /home/clock/Mestrado/2Sem/TF/TP/TP2/store/lin-kv/20220425T112920.000+0100/independent/1/history.edn
2022-04-25 11:29:43,865{GMT}	INFO	[clojure-agent-send-pool-4] jepsen.independent: Wrote /home/clock/Mestrado/2Sem/TF/TP/TP2/store/lin-kv/20220425T112920.000+0100/independent/2/history.edn
2022-04-25 11:29:43,912{GMT}	INFO	[clojure-agent-send-pool-3] jepsen.independent: Wrote /home/clock/Mestrado/2Sem/TF/TP/TP2/store/lin-kv/20220425T112920.000+0100/independent/3/results.edn
2022-04-25 11:29:43,919{GMT}	INFO	[clojure-agent-send-pool-3] jepsen.independent: Wrote /home/clock/Mestrado/2Sem/TF/TP/TP2/store/lin-kv/20220425T112920.000+0100/independent/3/history.edn
2022-04-25 11:29:43,929{GMT}	INFO	[clojure-agent-send-pool-0] jepsen.independent: Wrote /home/clock/Mestrado/2Sem/TF/TP/TP2/store/lin-kv/20220425T112920.000+0100/independent/0/results.edn
2022-04-25 11:29:43,933{GMT}	INFO	[clojure-agent-send-pool-0] jepsen.independent: Wrote /home/clock/Mestrado/2Sem/TF/TP/TP2/store/lin-kv/20220425T112920.000+0100/independent/0/history.edn
2022-04-25 11:29:44,067{GMT}	INFO	[jepsen test runner] jepsen.core: Analysis complete
2022-04-25 11:29:44,150{GMT}	INFO	[jepsen results] jepsen.store: Wrote /home/clock/Mestrado/2Sem/TF/TP/TP2/store/lin-kv/20220425T112920.000+0100/results.edn
2022-04-25 11:29:44,251{GMT}	INFO	[jepsen test runner] jepsen.core: {:perf {:latency-graph {:valid? true},
        :rate-graph {:valid? true},
        :valid? true},
 :timeline {:valid? true},
 :exceptions {:valid? true},
 :stats {:valid? false,
         :count 101,
         :ok-count 0,
         :fail-count 54,
         :info-count 47,
         :by-f {:cas {:valid? false,
                      :count 34,
                      :ok-count 0,
                      :fail-count 0,
                      :info-count 34},
                :read {:valid? false,
                       :count 54,
                       :ok-count 0,
                       :fail-count 54,
                       :info-count 0},
                :write {:valid? false,
                        :count 13,
                        :ok-count 0,
                        :fail-count 0,
                        :info-count 13}}},
 :net {:all {:send-count 608,
             :recv-count 607,
             :msg-count 608,
             :msgs-per-op 6.019802},
       :clients {:send-count 212, :recv-count 211, :msg-count 212},
       :servers {:send-count 396,
                 :recv-count 396,
                 :msg-count 396,
                 :msgs-per-op 3.920792},
       :valid? true},
 :workload {:valid? true,
            :results {0 {:linearizable {:valid? true,
                                        :configs ({:model #knossos.model.CASRegister{:value nil},
                                                   :last-op nil,
                                                   :pending [{:process 5,
                                                              :type :invoke,
                                                              :f :write,
                                                              :value 1,
                                                              :index 2,
                                                              :time 162451959}
                                                             {:process 7,
                                                              :type :invoke,
                                                              :f :cas,
                                                              :value [3
                                                                      3],
                                                              :index 0,
                                                              :time 30743067}
                                                             {:process 8,
                                                              :type :invoke,
                                                              :f :cas,
                                                              :value [0
                                                                      1],
                                                              :index 14,
                                                              :time 953821843}
                                                             {:process 9,
                                                              :type :invoke,
                                                              :f :cas,
                                                              :value [4
                                                                      2],
                                                              :index 24,
                                                              :time 2014826999}
                                                             {:process 17,
                                                              :type :invoke,
                                                              :f :write,
                                                              :value 2,
                                                              :index 6,
                                                              :time 694124314}
                                                             {:process 18,
                                                              :type :invoke,
                                                              :f :cas,
                                                              :value [4
                                                                      2],
                                                              :index 42,
                                                              :time 4038929508}
                                                             {:process 19,
                                                              :type :invoke,
                                                              :f :cas,
                                                              :value [2
                                                                      1],
                                                              :index 62,
                                                              :time 6673107102}
                                                             {:process 27,
                                                              :type :invoke,
                                                              :f :cas,
                                                              :value [2
                                                                      4],
                                                              :index 28,
                                                              :time 2308069697}
                                                             {:process 28,
                                                              :type :invoke,
                                                              :f :write,
                                                              :value 2,
                                                              :index 69,
                                                              :time 7607018803}
                                                             {:process 37,
                                                              :type :invoke,
                                                              :f :cas,
                                                              :value [0
                                                                      0],
                                                              :index 34,
                                                              :time 2941210669}
                                                             {:process 47,
                                                              :type :invoke,
                                                              :f :cas,
                                                              :value [4
                                                                      2],
                                                              :index 40,
                                                              :time 3612109527}
                                                             {:process 57,
                                                              :type :invoke,
                                                              :f :cas,
                                                              :value [1
                                                                      1],
                                                              :index 63,
                                                              :time 6773176771}]}),
                                        :final-paths ()},
                         :timeline {:valid? true},
                         :valid? true},
                      1 {:linearizable {:valid? true,
                                        :configs ({:model #knossos.model.CASRegister{:value nil},
                                                   :last-op nil,
                                                   :pending [{:process 6,
                                                              :type :invoke,
                                                              :f :cas,
                                                              :value [4
                                                                      1],
                                                              :index 73,
                                                              :time 8246996223}
                                                             {:process 15,
                                                              :type :invoke,
                                                              :f :cas,
                                                              :value [0
                                                                      1],
                                                              :index 76,
                                                              :time 8495305847}
                                                             {:process 16,
                                                              :type :invoke,
                                                              :f :cas,
                                                              :value [3
                                                                      1],
                                                              :index 78,
                                                              :time 8592290839}
                                                             {:process 25,
                                                              :type :invoke,
                                                              :f :cas,
                                                              :value [3
                                                                      1],
                                                              :index 86,
                                                              :time 9522346458}
                                                             {:process 26,
                                                              :type :invoke,
                                                              :f :cas,
                                                              :value [0
                                                                      2],
                                                              :index 89,
                                                              :time 9913329153}
                                                             {:process 29,
                                                              :type :invoke,
                                                              :f :cas,
                                                              :value [1
                                                                      0],
                                                              :index 81,
                                                              :time 8746103460}
                                                             {:process 36,
                                                              :type :invoke,
                                                              :f :cas,
                                                              :value [3
                                                                      1],
                                                              :index 91,
                                                              :time 9926799551}
                                                             {:process 38,
                                                              :type :invoke,
                                                              :f :cas,
                                                              :value [4
                                                                      2],
                                                              :index 98,
                                                              :time 10741393001}
                                                             {:process 46,
                                                              :type :invoke,
                                                              :f :write,
                                                              :value 2,
                                                              :index 96,
                                                              :time 10625610851}
                                                             {:process 67,
                                                              :type :invoke,
                                                              :f :write,
                                                              :value 3,
                                                              :index 101,
                                                              :time 11075944788}]}),
                                        :final-paths ()},
                         :timeline {:valid? true},
                         :valid? true},
                      4 {:linearizable {:valid? true,
                                        :configs ({:model #knossos.model.CASRegister{:value nil},
                                                   :last-op nil,
                                                   :pending [{:process 85,
                                                              :type :invoke,
                                                              :f :cas,
                                                              :value [0
                                                                      3],
                                                              :index 193,
                                                              :time 19248268518}
                                                             {:process 106,
                                                              :type :invoke,
                                                              :f :cas,
                                                              :value [3
                                                                      1],
                                                              :index 199,
                                                              :time 19837859319}
                                                             {:process 117,
                                                              :type :invoke,
                                                              :f :cas,
                                                              :value [1
                                                                      4],
                                                              :index 189,
                                                              :time 19047159445}]}),
                                        :final-paths ()},
                         :timeline {:valid? true},
                         :valid? true},
                      3 {:linearizable {:valid? true,
                                        :configs ({:model #knossos.model.CASRegister{:value nil},
                                                   :last-op nil,
                                                   :pending [{:process 59,
                                                              :type :invoke,
                                                              :f :cas,
                                                              :value [0
                                                                      4],
                                                              :index 177,
                                                              :time 18146879851}
                                                             {:process 65,
                                                              :type :invoke,
                                                              :f :cas,
                                                              :value [3
                                                                      1],
                                                              :index 146,
                                                              :time 15429024852}
                                                             {:process 75,
                                                              :type :invoke,
                                                              :f :write,
                                                              :value 0,
                                                              :index 157,
                                                              :time 16284054793}
                                                             {:process 78,
                                                              :type :invoke,
                                                              :f :cas,
                                                              :value [4
                                                                      4],
                                                              :index 167,
                                                              :time 17149659251}
                                                             {:process 86,
                                                              :type :invoke,
                                                              :f :write,
                                                              :value 2,
                                                              :index 144,
                                                              :time 15368147801}
                                                             {:process 87,
                                                              :type :invoke,
                                                              :f :cas,
                                                              :value [3
                                                                      2],
                                                              :index 148,
                                                              :time 15461349669}
                                                             {:process 88,
                                                              :type :invoke,
                                                              :f :cas,
                                                              :value [2
                                                                      3],
                                                              :index 184,
                                                              :time 18561356958}
                                                             {:process 96,
                                                              :type :invoke,
                                                              :f :cas,
                                                              :value [2
                                                                      1],
                                                              :index 155,
                                                              :time 16200537639}
                                                             {:process 97,
                                                              :type :invoke,
                                                              :f :write,
                                                              :value 3,
                                                              :index 163,
                                                              :time 16858031758}
                                                             {:process 107,
                                                              :type :invoke,
                                                              :f :write,
                                                              :value 4,
                                                              :index 174,
                                                              :time 17816655585}]}),
                                        :final-paths ()},
                         :timeline {:valid? true},
                         :valid? true},
                      2 {:linearizable {:valid? true,
                                        :configs ({:model #knossos.model.CASRegister{:value nil},
                                                   :last-op nil,
                                                   :pending [{:process 35,
                                                              :type :invoke,
                                                              :f :write,
                                                              :value 4,
                                                              :index 103,
                                                              :time 11358368603}
                                                             {:process 39,
                                                              :type :invoke,
                                                              :f :cas,
                                                              :value [0
                                                                      1],
                                                              :index 111,
                                                              :time 11658779641}
                                                             {:process 45,
                                                              :type :invoke,
                                                              :f :write,
                                                              :value 3,
                                                              :index 107,
                                                              :time 11436271931}
                                                             {:process 48,
                                                              :type :invoke,
                                                              :f :cas,
                                                              :value [1
                                                                      2],
                                                              :index 119,
                                                              :time 12356199901}
                                                             {:process 49,
                                                              :type :invoke,
                                                              :f :cas,
                                                              :value [2
                                                                      2],
                                                              :index 135,
                                                              :time 14318236327}
                                                             {:process 55,
                                                              :type :invoke,
                                                              :f :cas,
                                                              :value [2
                                                                      2],
                                                              :index 112,
                                                              :time 11800371860}
                                                             {:process 56,
                                                              :type :invoke,
                                                              :f :cas,
                                                              :value [4
                                                                      1],
                                                              :index 116,
                                                              :time 12146194592}
                                                             {:process 58,
                                                              :type :invoke,
                                                              :f :cas,
                                                              :value [2
                                                                      3],
                                                              :index 126,
                                                              :time 13301058232}
                                                             {:process 66,
                                                              :type :invoke,
                                                              :f :write,
                                                              :value 2,
                                                              :index 121,
                                                              :time 12632300396}
                                                             {:process 68,
                                                              :type :invoke,
                                                              :f :cas,
                                                              :value [3
                                                                      3],
                                                              :index 142,
                                                              :time 15268233804}
                                                             {:process 76,
                                                              :type :invoke,
                                                              :f :write,
                                                              :value 4,
                                                              :index 137,
                                                              :time 14878620549}
                                                             {:process 77,
                                                              :type :invoke,
                                                              :f :cas,
                                                              :value [3
                                                                      4],
                                                              :index 123,
                                                              :time 12959131974}]}),
                                        :final-paths ()},
                         :timeline {:valid? true},
                         :valid? true}},
            :failures []},
 :valid? false}


Analysis invalid! ( 
