2022-04-25 11:23:42,344{GMT}	INFO	[jepsen test runner] jepsen.core: Test version 1161ba6bd09f864ea36d4ca5260c1e1f9cbcfdf3 (plus uncommitted changes)
2022-04-25 11:23:42,345{GMT}	INFO	[jepsen test runner] jepsen.core: Command line:
lein run test --bin raft.py --time-limit 20 --node-count 5 --concurrency 10 --workload lin-kv --latency 200
2022-04-25 11:23:42,441{GMT}	INFO	[jepsen test runner] jepsen.core: Running test:
{:args []
 :remote
 #jepsen.control.retry.Remote{:remote #jepsen.control.scp.Remote{:cmd-remote #jepsen.control.clj_ssh.Remote{:concurrency-limit 8,
                                                                                                            :conn-spec nil,
                                                                                                            :session nil,
                                                                                                            :semaphore nil},
                                                                 :conn-spec nil},
                              :conn nil}
 :log-net-send false
 :node-count 5
 :max-txn-length 4
 :concurrency 10
 :db
 #object[maelstrom.db$db$reify__16817
         "0x73344f4a"
         "maelstrom.db$db$reify__16817@73344f4a"]
 :max-writes-per-key 16
 :leave-db-running? false
 :name "lin-kv"
 :logging-json? false
 :start-time
 #object[org.joda.time.DateTime "0x295f115d" "2022-04-25T11:23:42.000+01:00"]
 :nemesis-interval 10
 :net
 #object[maelstrom.net$jepsen_net$reify__15673
         "0xa6cb2c9"
         "maelstrom.net$jepsen_net$reify__15673@a6cb2c9"]
 :client
 #object[maelstrom.workload.lin_kv$client$reify__17684
         "0x3c32f3d8"
         "maelstrom.workload.lin_kv$client$reify__17684@3c32f3d8"]
 :barrier
 #object[java.util.concurrent.CyclicBarrier
         "0x46700301"
         "java.util.concurrent.CyclicBarrier@46700301"]
 :log-stderr false
 :pure-generators true
 :ssh {:dummy? true}
 :rate 5
 :checker
 #object[jepsen.checker$compose$reify__8787
         "0x17f4276b"
         "jepsen.checker$compose$reify__8787@17f4276b"]
 :argv
 ("test"
  "--bin"
  "raft.py"
  "--time-limit"
  "20"
  "--node-count"
  "5"
  "--concurrency"
  "10"
  "--workload"
  "lin-kv"
  "--latency"
  "200")
 :nemesis
 (jepsen.nemesis.ReflCompose
  {:fm {:start-partition 0,
        :stop-partition 0,
        :kill 1,
        :start 1,
        :pause 1,
        :resume 1},
   :nemeses [#unprintable "jepsen.nemesis.combined$partition_nemesis$reify__17089@786125a6"
             #unprintable "jepsen.nemesis.combined$db_nemesis$reify__17070@53e6b541"]})
 :nodes ["n0" "n1" "n2" "n3" "n4"]
 :test-count 1
 :latency {:mean 200, :dist :constant}
 :bin "raft.py"
 :generator
 (jepsen.generator.TimeLimit
  {:limit 20000000000,
   :cutoff nil,
   :gen (jepsen.generator.Any
         {:gens [(jepsen.generator.OnThreads {:f #{:nemesis}, :gen nil})
                 (jepsen.generator.OnThreads
                  {:f #object[clojure.core$complement$fn__5654
                              "0x642ebd4c"
                              "clojure.core$complement$fn__5654@642ebd4c"],
                   :gen (jepsen.generator.Stagger
                         {:dt 400000000,
                          :next-time nil,
                          :gen (jepsen.generator.OnThreads
                                {:f #object[clojure.core$complement$fn__5654
                                            "0x222af5ff"
                                            "clojure.core$complement$fn__5654@222af5ff"],
                                 :gen (jepsen.independent.ConcurrentGenerator
                                       {:n 10,
                                        :fgen #object[jepsen.tests.linearizable_register$test$fn__17484
                                                      "0x70721c2d"
                                                      "jepsen.tests.linearizable_register$test$fn__17484@70721c2d"],
                                        :group->threads nil,
                                        :thread->group nil,
                                        :keys (0 1 2 3 4 5 6 7 ...),
                                        :gens nil})})})})]})})
 :log-net-recv false
 :os
 #object[maelstrom.net$jepsen_os$reify__15676
         "0x62371858"
         "maelstrom.net$jepsen_os$reify__15676@62371858"]
 :time-limit 20
 :workload :lin-kv
 :consistency-models [:strict-serializable]
 :topology :grid}

2022-04-25 11:23:42,461{GMT}	INFO	[jepsen node n0] maelstrom.net: Starting Maelstrom network
2022-04-25 11:23:42,463{GMT}	INFO	[jepsen test runner] jepsen.db: Tearing down DB
2022-04-25 11:23:42,467{GMT}	INFO	[jepsen test runner] jepsen.db: Setting up DB
2022-04-25 11:23:42,467{GMT}	INFO	[jepsen node n2] maelstrom.db: Setting up n2
2022-04-25 11:23:42,467{GMT}	INFO	[jepsen node n1] maelstrom.db: Setting up n1
2022-04-25 11:23:42,467{GMT}	INFO	[jepsen node n4] maelstrom.db: Setting up n4
2022-04-25 11:23:42,468{GMT}	INFO	[jepsen node n4] maelstrom.process: launching raft.py []
2022-04-25 11:23:42,468{GMT}	INFO	[jepsen node n2] maelstrom.process: launching raft.py []
2022-04-25 11:23:42,468{GMT}	INFO	[jepsen node n1] maelstrom.process: launching raft.py []
2022-04-25 11:23:42,469{GMT}	INFO	[jepsen node n3] maelstrom.db: Setting up n3
2022-04-25 11:23:42,470{GMT}	INFO	[jepsen node n3] maelstrom.process: launching raft.py []
2022-04-25 11:23:42,471{GMT}	INFO	[jepsen node n0] maelstrom.service: Starting services: (lin-kv lin-tso lww-kv seq-kv)
2022-04-25 11:23:42,551{GMT}	INFO	[jepsen node n0] maelstrom.db: Setting up n0
2022-04-25 11:23:42,552{GMT}	INFO	[jepsen node n0] maelstrom.process: launching raft.py []
2022-04-25 11:23:42,606{GMT}	INFO	[jepsen test runner] jepsen.core: Relative time begins now
2022-04-25 11:23:42,645{GMT}	INFO	[jepsen worker 0] jepsen.util: 0	:invoke	:read	[0 nil]
2022-04-25 11:23:42,654{GMT}	INFO	[jepsen worker 0] jepsen.util: 0	:fail	:read	[0 nil]	[:unknown "not leader"]
2022-04-25 11:23:42,885{GMT}	INFO	[jepsen worker 6] jepsen.util: 6	:invoke	:cas	[0 [4 0]]
2022-04-25 11:23:42,890{GMT}	INFO	[jepsen worker 6] jepsen.util: 6	:info	:cas	[0 [4 0]]	[:unknown "not leader"]
2022-04-25 11:23:42,928{GMT}	INFO	[jepsen worker 0] jepsen.util: 0	:invoke	:read	[0 nil]
2022-04-25 11:23:42,930{GMT}	INFO	[jepsen worker 0] jepsen.util: 0	:fail	:read	[0 nil]	[:unknown "not leader"]
2022-04-25 11:23:43,290{GMT}	INFO	[jepsen worker 2] jepsen.util: 2	:invoke	:read	[0 nil]
2022-04-25 11:23:43,298{GMT}	INFO	[jepsen worker 2] jepsen.util: 2	:fail	:read	[0 nil]	[:unknown "not leader"]
2022-04-25 11:23:43,538{GMT}	INFO	[jepsen worker 9] jepsen.util: 9	:invoke	:write	[0 2]
2022-04-25 11:23:43,540{GMT}	INFO	[jepsen worker 9] jepsen.util: 9	:info	:write	[0 2]	[:unknown "not leader"]
2022-04-25 11:23:43,632{GMT}	INFO	[jepsen worker 3] jepsen.util: 3	:invoke	:read	[0 nil]
2022-04-25 11:23:43,720{GMT}	INFO	[jepsen worker 4] jepsen.util: 4	:invoke	:read	[0 nil]
2022-04-25 11:23:43,792{GMT}	INFO	[jepsen worker 3] jepsen.util: 3	:fail	:read	[0 nil]	[:unknown "not leader"]
2022-04-25 11:23:43,792{GMT}	INFO	[jepsen worker 4] jepsen.util: 4	:fail	:read	[0 nil]	[:unknown "not leader"]
2022-04-25 11:23:43,942{GMT}	INFO	[jepsen worker 3] jepsen.util: 3	:invoke	:read	[0 nil]
2022-04-25 11:23:43,948{GMT}	INFO	[jepsen worker 3] jepsen.util: 3	:fail	:read	[0 nil]	[:unknown "not leader"]
2022-04-25 11:23:44,078{GMT}	INFO	[jepsen worker 6] jepsen.util: 16	:invoke	:cas	[0 [3 4]]
2022-04-25 11:23:44,144{GMT}	INFO	[jepsen worker 1] jepsen.util: 1	:invoke	:read	[0 nil]
2022-04-25 11:23:44,262{GMT}	INFO	[jepsen worker 4] jepsen.util: 4	:invoke	:read	[0 nil]
2022-04-25 11:23:44,292{GMT}	INFO	[jepsen worker 4] jepsen.util: 4	:fail	:read	[0 nil]	[:unknown "not leader"]
2022-04-25 11:23:44,470{GMT}	INFO	[jepsen worker 0] jepsen.util: 0	:invoke	:read	[0 nil]
2022-04-25 11:23:44,477{GMT}	INFO	[jepsen worker 0] jepsen.util: 0	:fail	:read	[0 nil]	[:unknown "not leader"]
2022-04-25 11:23:44,492{GMT}	INFO	[jepsen worker 6] jepsen.util: 16	:info	:cas	[0 [3 4]]	[:unknown "not found"]
2022-04-25 11:23:44,554{GMT}	INFO	[jepsen worker 1] jepsen.util: 1	:fail	:read	[0 nil]	[:unknown "not found"]
2022-04-25 11:23:44,836{GMT}	INFO	[jepsen worker 5] jepsen.util: 5	:invoke	:cas	[0 [3 0]]
2022-04-25 11:23:44,843{GMT}	INFO	[jepsen worker 5] jepsen.util: 5	:info	:cas	[0 [3 0]]	[:unknown "not leader"]
2022-04-25 11:23:44,963{GMT}	INFO	[jepsen worker 2] jepsen.util: 2	:invoke	:read	[0 nil]
2022-04-25 11:23:44,969{GMT}	INFO	[jepsen worker 2] jepsen.util: 2	:fail	:read	[0 nil]	[:unknown "not leader"]
2022-04-25 11:23:45,326{GMT}	INFO	[jepsen worker 4] jepsen.util: 4	:invoke	:read	[0 nil]
2022-04-25 11:23:45,332{GMT}	INFO	[jepsen worker 4] jepsen.util: 4	:fail	:read	[0 nil]	[:unknown "not leader"]
2022-04-25 11:23:45,514{GMT}	INFO	[jepsen worker 9] jepsen.util: 19	:invoke	:write	[0 4]
2022-04-25 11:23:45,517{GMT}	INFO	[jepsen worker 9] jepsen.util: 19	:info	:write	[0 4]	[:unknown "not leader"]
2022-04-25 11:23:45,535{GMT}	INFO	[jepsen worker 4] jepsen.util: 4	:invoke	:read	[0 nil]
2022-04-25 11:23:45,537{GMT}	INFO	[jepsen worker 4] jepsen.util: 4	:fail	:read	[0 nil]	[:unknown "not leader"]
2022-04-25 11:23:45,567{GMT}	INFO	[jepsen worker 4] jepsen.util: 4	:invoke	:read	[0 nil]
2022-04-25 11:23:45,569{GMT}	INFO	[jepsen worker 4] jepsen.util: 4	:fail	:read	[0 nil]	[:unknown "not leader"]
2022-04-25 11:23:45,715{GMT}	INFO	[jepsen worker 5] jepsen.util: 15	:invoke	:write	[0 3]
2022-04-25 11:23:45,721{GMT}	INFO	[jepsen worker 5] jepsen.util: 15	:info	:write	[0 3]	[:unknown "not leader"]
2022-04-25 11:23:45,847{GMT}	INFO	[jepsen worker 8] jepsen.util: 8	:invoke	:cas	[0 [1 4]]
2022-04-25 11:23:45,854{GMT}	INFO	[jepsen worker 8] jepsen.util: 8	:info	:cas	[0 [1 4]]	[:unknown "not leader"]
2022-04-25 11:23:46,064{GMT}	INFO	[jepsen worker 8] jepsen.util: 18	:invoke	:cas	[0 [1 4]]
2022-04-25 11:23:46,069{GMT}	INFO	[jepsen worker 8] jepsen.util: 18	:info	:cas	[0 [1 4]]	[:unknown "not leader"]
2022-04-25 11:23:46,230{GMT}	INFO	[jepsen worker 4] jepsen.util: 4	:invoke	:read	[0 nil]
2022-04-25 11:23:46,232{GMT}	INFO	[jepsen worker 4] jepsen.util: 4	:fail	:read	[0 nil]	[:unknown "not leader"]
2022-04-25 11:23:46,484{GMT}	INFO	[jepsen worker 7] jepsen.util: 7	:invoke	:cas	[0 [4 3]]
2022-04-25 11:23:46,491{GMT}	INFO	[jepsen worker 7] jepsen.util: 7	:info	:cas	[0 [4 3]]	[:unknown "not leader"]
2022-04-25 11:23:46,881{GMT}	INFO	[jepsen worker 6] jepsen.util: 26	:invoke	:cas	[0 [1 3]]
2022-04-25 11:23:46,940{GMT}	INFO	[jepsen worker 6] jepsen.util: 26	:info	:cas	[0 [1 3]]	[:unknown "not leader"]
2022-04-25 11:23:47,103{GMT}	INFO	[jepsen worker 1] jepsen.util: 1	:invoke	:read	[0 nil]
2022-04-25 11:23:47,193{GMT}	INFO	[jepsen worker 1] jepsen.util: 1	:fail	:read	[0 nil]	[:unknown "not leader"]
2022-04-25 11:23:47,486{GMT}	INFO	[jepsen worker 2] jepsen.util: 2	:invoke	:read	[0 nil]
2022-04-25 11:23:47,491{GMT}	INFO	[jepsen worker 2] jepsen.util: 2	:fail	:read	[0 nil]	[:unknown "not leader"]
2022-04-25 11:23:47,851{GMT}	INFO	[jepsen worker 3] jepsen.util: 3	:invoke	:read	[0 nil]
2022-04-25 11:23:47,856{GMT}	INFO	[jepsen worker 3] jepsen.util: 3	:fail	:read	[0 nil]	[:unknown "not leader"]
2022-04-25 11:23:47,941{GMT}	INFO	[jepsen worker 7] jepsen.util: 17	:invoke	:write	[0 2]
2022-04-25 11:23:47,946{GMT}	INFO	[jepsen worker 7] jepsen.util: 17	:info	:write	[0 2]	[:unknown "not leader"]
2022-04-25 11:23:48,232{GMT}	INFO	[jepsen worker 6] jepsen.util: 36	:invoke	:cas	[1 [4 4]]
2022-04-25 11:23:48,237{GMT}	INFO	[jepsen worker 6] jepsen.util: 36	:info	:cas	[1 [4 4]]	[:unknown "not leader"]
2022-04-25 11:23:48,546{GMT}	INFO	[jepsen worker 2] jepsen.util: 2	:invoke	:read	[1 nil]
2022-04-25 11:23:48,696{GMT}	INFO	[jepsen worker 2] jepsen.util: 2	:fail	:read	[1 nil]	[:unknown "not leader"]
2022-04-25 11:23:48,737{GMT}	INFO	[jepsen worker 2] jepsen.util: 2	:invoke	:read	[1 nil]
2022-04-25 11:23:48,748{GMT}	INFO	[jepsen worker 2] jepsen.util: 2	:fail	:read	[1 nil]	[:unknown "not leader"]
2022-04-25 11:23:49,005{GMT}	INFO	[jepsen worker 5] jepsen.util: 25	:invoke	:write	[1 4]
2022-04-25 11:23:49,200{GMT}	INFO	[jepsen worker 4] jepsen.util: 4	:invoke	:read	[1 nil]
2022-04-25 11:23:49,215{GMT}	INFO	[jepsen worker 4] jepsen.util: 4	:fail	:read	[1 nil]	[:unknown "not leader"]
2022-04-25 11:23:49,513{GMT}	INFO	[jepsen worker 2] jepsen.util: 2	:invoke	:read	[1 nil]
2022-04-25 11:23:49,625{GMT}	INFO	[jepsen worker 3] jepsen.util: 3	:invoke	:read	[1 nil]
2022-04-25 11:23:49,700{GMT}	INFO	[jepsen worker 2] jepsen.util: 2	:fail	:read	[1 nil]	[:unknown "not leader"]
2022-04-25 11:23:49,700{GMT}	INFO	[jepsen worker 3] jepsen.util: 3	:fail	:read	[1 nil]	[:unknown "not leader"]
2022-04-25 11:23:49,941{GMT}	INFO	[jepsen worker 7] jepsen.util: 27	:invoke	:cas	[1 [4 0]]
2022-04-25 11:23:49,946{GMT}	INFO	[jepsen worker 7] jepsen.util: 27	:info	:cas	[1 [4 0]]	[:unknown "not leader"]
2022-04-25 11:23:50,242{GMT}	INFO	[jepsen worker 1] jepsen.util: 1	:invoke	:read	[1 nil]
2022-04-25 11:23:50,247{GMT}	INFO	[jepsen worker 1] jepsen.util: 1	:fail	:read	[1 nil]	[:unknown "not leader"]
2022-04-25 11:23:50,514{GMT}	INFO	[jepsen worker 1] jepsen.util: 1	:invoke	:read	[1 nil]
2022-04-25 11:23:50,614{GMT}	INFO	[jepsen worker 9] jepsen.util: 29	:invoke	:cas	[1 [2 0]]
2022-04-25 11:23:50,701{GMT}	INFO	[jepsen worker 1] jepsen.util: 1	:fail	:read	[1 nil]	[:unknown "not leader"]
2022-04-25 11:23:50,701{GMT}	INFO	[jepsen worker 9] jepsen.util: 29	:info	:cas	[1 [2 0]]	[:unknown "not leader"]
2022-04-25 11:23:50,937{GMT}	INFO	[jepsen worker 8] jepsen.util: 28	:invoke	:write	[1 4]
2022-04-25 11:23:50,941{GMT}	INFO	[jepsen worker 8] jepsen.util: 28	:info	:write	[1 4]	[:unknown "not leader"]
2022-04-25 11:23:51,007{GMT}	INFO	[jepsen worker 5] jepsen.util: 25	:info	:write	[1 4]	:net-timeout
2022-04-25 11:23:51,144{GMT}	INFO	[jepsen worker 9] jepsen.util: 39	:invoke	:cas	[1 [1 2]]
2022-04-25 11:23:51,201{GMT}	INFO	[jepsen worker 9] jepsen.util: 39	:info	:cas	[1 [1 2]]	[:unknown "not leader"]
2022-04-25 11:23:51,519{GMT}	INFO	[jepsen worker 8] jepsen.util: 38	:invoke	:cas	[1 [2 2]]
2022-04-25 11:23:51,588{GMT}	INFO	[jepsen worker 0] jepsen.util: 0	:invoke	:read	[1 nil]
2022-04-25 11:23:51,589{GMT}	INFO	[jepsen worker 3] jepsen.util: 3	:invoke	:read	[1 nil]
2022-04-25 11:23:51,702{GMT}	INFO	[jepsen worker 3] jepsen.util: 3	:fail	:read	[1 nil]	[:unknown "not leader"]
2022-04-25 11:23:51,702{GMT}	INFO	[jepsen worker 8] jepsen.util: 38	:info	:cas	[1 [2 2]]	[:unknown "not leader"]
2022-04-25 11:23:51,943{GMT}	INFO	[jepsen worker 9] jepsen.util: 49	:invoke	:cas	[1 [0 0]]
2022-04-25 11:23:51,948{GMT}	INFO	[jepsen worker 9] jepsen.util: 49	:info	:cas	[1 [0 0]]	[:unknown "not leader"]
2022-04-25 11:23:52,325{GMT}	INFO	[jepsen worker 7] jepsen.util: 37	:invoke	:cas	[1 [4 0]]
2022-04-25 11:23:52,331{GMT}	INFO	[jepsen worker 7] jepsen.util: 37	:info	:cas	[1 [4 0]]	[:unknown "not leader"]
2022-04-25 11:23:52,712{GMT}	INFO	[jepsen worker 8] jepsen.util: 48	:invoke	:cas	[1 [3 2]]
2022-04-25 11:23:52,717{GMT}	INFO	[jepsen worker 8] jepsen.util: 48	:info	:cas	[1 [3 2]]	[:unknown "not leader"]
2022-04-25 11:23:52,941{GMT}	INFO	[jepsen worker 4] jepsen.util: 4	:invoke	:read	[1 nil]
2022-04-25 11:23:52,945{GMT}	INFO	[jepsen worker 4] jepsen.util: 4	:fail	:read	[1 nil]	[:unknown "not leader"]
2022-04-25 11:23:53,103{GMT}	INFO	[jepsen worker 3] jepsen.util: 3	:invoke	:read	[1 nil]
2022-04-25 11:23:53,172{GMT}	INFO	[jepsen worker 6] jepsen.util: 46	:invoke	:cas	[1 [3 0]]
2022-04-25 11:23:53,204{GMT}	INFO	[jepsen worker 6] jepsen.util: 46	:info	:cas	[1 [3 0]]	[:unknown "not leader"]
2022-04-25 11:23:53,205{GMT}	INFO	[jepsen worker 3] jepsen.util: 3	:fail	:read	[1 nil]	[:unknown "not leader"]
2022-04-25 11:23:53,439{GMT}	INFO	[jepsen worker 6] jepsen.util: 56	:invoke	:cas	[2 [3 2]]
2022-04-25 11:23:53,444{GMT}	INFO	[jepsen worker 6] jepsen.util: 56	:info	:cas	[2 [3 2]]	[:unknown "not leader"]
2022-04-25 11:23:53,590{GMT}	INFO	[jepsen worker 0] jepsen.util: 0	:fail	:read	[1 nil]	:net-timeout
2022-04-25 11:23:53,682{GMT}	INFO	[jepsen worker 2] jepsen.util: 2	:invoke	:read	[2 nil]
2022-04-25 11:23:53,706{GMT}	INFO	[jepsen worker 2] jepsen.util: 2	:fail	:read	[2 nil]	[:unknown "not leader"]
2022-04-25 11:23:54,073{GMT}	INFO	[jepsen worker 3] jepsen.util: 3	:invoke	:read	[2 nil]
2022-04-25 11:23:54,208{GMT}	INFO	[jepsen worker 3] jepsen.util: 3	:fail	:read	[2 nil]	[:unknown "not leader"]
2022-04-25 11:23:54,223{GMT}	INFO	[jepsen worker 8] jepsen.util: 58	:invoke	:write	[2 4]
2022-04-25 11:23:54,228{GMT}	INFO	[jepsen worker 8] jepsen.util: 58	:info	:write	[2 4]	[:unknown "not leader"]
2022-04-25 11:23:54,445{GMT}	INFO	[jepsen worker 0] jepsen.util: 0	:invoke	:read	[2 nil]
2022-04-25 11:23:54,511{GMT}	INFO	[jepsen worker 2] jepsen.util: 2	:invoke	:read	[2 nil]
2022-04-25 11:23:54,651{GMT}	INFO	[jepsen worker 2] jepsen.util: 2	:fail	:read	[2 nil]	[:unknown "not leader"]
2022-04-25 11:23:54,835{GMT}	INFO	[jepsen worker 7] jepsen.util: 47	:invoke	:write	[2 4]
2022-04-25 11:23:54,840{GMT}	INFO	[jepsen worker 7] jepsen.util: 47	:info	:write	[2 4]	[:unknown "not leader"]
2022-04-25 11:23:55,223{GMT}	INFO	[jepsen worker 8] jepsen.util: 68	:invoke	:write	[2 4]
2022-04-25 11:23:55,227{GMT}	INFO	[jepsen worker 8] jepsen.util: 68	:info	:write	[2 4]	[:unknown "not leader"]
2022-04-25 11:23:55,561{GMT}	INFO	[jepsen worker 1] jepsen.util: 1	:invoke	:read	[2 nil]
2022-04-25 11:23:55,711{GMT}	INFO	[jepsen worker 1] jepsen.util: 1	:fail	:read	[2 nil]	[:unknown "not leader"]
2022-04-25 11:23:55,948{GMT}	INFO	[jepsen worker 9] jepsen.util: 59	:invoke	:cas	[2 [4 1]]
2022-04-25 11:23:55,952{GMT}	INFO	[jepsen worker 9] jepsen.util: 59	:info	:cas	[2 [4 1]]	[:unknown "not leader"]
2022-04-25 11:23:56,001{GMT}	INFO	[jepsen worker 9] jepsen.util: 69	:invoke	:cas	[2 [2 4]]
2022-04-25 11:23:56,005{GMT}	INFO	[jepsen worker 9] jepsen.util: 69	:info	:cas	[2 [2 4]]	[:unknown "not leader"]
2022-04-25 11:23:56,196{GMT}	INFO	[jepsen worker 3] jepsen.util: 3	:invoke	:read	[2 nil]
2022-04-25 11:23:56,213{GMT}	INFO	[jepsen worker 3] jepsen.util: 3	:fail	:read	[2 nil]	[:unknown "not leader"]
2022-04-25 11:23:56,324{GMT}	INFO	[jepsen worker 6] jepsen.util: 66	:invoke	:cas	[2 [4 0]]
2022-04-25 11:23:56,329{GMT}	INFO	[jepsen worker 6] jepsen.util: 66	:info	:cas	[2 [4 0]]	[:unknown "not leader"]
2022-04-25 11:23:56,446{GMT}	INFO	[jepsen worker 0] jepsen.util: 0	:fail	:read	[2 nil]	:net-timeout
2022-04-25 11:23:56,489{GMT}	INFO	[jepsen worker 3] jepsen.util: 3	:invoke	:read	[2 nil]
2022-04-25 11:23:56,494{GMT}	INFO	[jepsen worker 3] jepsen.util: 3	:fail	:read	[2 nil]	[:unknown "not leader"]
2022-04-25 11:23:56,762{GMT}	INFO	[jepsen worker 9] jepsen.util: 79	:invoke	:write	[2 3]
2022-04-25 11:23:56,767{GMT}	INFO	[jepsen worker 9] jepsen.util: 79	:info	:write	[2 3]	[:unknown "not leader"]
2022-04-25 11:23:57,112{GMT}	INFO	[jepsen worker 6] jepsen.util: 76	:invoke	:write	[2 0]
2022-04-25 11:23:57,214{GMT}	INFO	[jepsen worker 6] jepsen.util: 76	:info	:write	[2 0]	[:unknown "not leader"]
2022-04-25 11:23:57,262{GMT}	INFO	[jepsen worker 6] jepsen.util: 86	:invoke	:cas	[2 [4 2]]
2022-04-25 11:23:57,267{GMT}	INFO	[jepsen worker 6] jepsen.util: 86	:info	:cas	[2 [4 2]]	[:unknown "not leader"]
2022-04-25 11:23:57,354{GMT}	INFO	[jepsen worker 7] jepsen.util: 57	:invoke	:cas	[2 [2 3]]
2022-04-25 11:23:57,356{GMT}	INFO	[jepsen worker 7] jepsen.util: 57	:info	:cas	[2 [2 3]]	[:unknown "not leader"]
2022-04-25 11:23:57,563{GMT}	INFO	[jepsen worker 5] jepsen.util: 35	:invoke	:cas	[3 [4 0]]
2022-04-25 11:23:57,890{GMT}	INFO	[jepsen worker 6] jepsen.util: 96	:invoke	:write	[3 0]
2022-04-25 11:23:57,895{GMT}	INFO	[jepsen worker 6] jepsen.util: 96	:info	:write	[3 0]	[:unknown "not leader"]
2022-04-25 11:23:58,162{GMT}	INFO	[jepsen worker 4] jepsen.util: 4	:invoke	:read	[3 nil]
2022-04-25 11:23:58,210{GMT}	INFO	[jepsen worker 0] jepsen.util: 0	:invoke	:read	[3 nil]
2022-04-25 11:23:58,219{GMT}	INFO	[jepsen worker 4] jepsen.util: 4	:fail	:read	[3 nil]	[:unknown "not leader"]
2022-04-25 11:23:58,388{GMT}	INFO	[jepsen worker 7] jepsen.util: 67	:invoke	:cas	[3 [1 1]]
2022-04-25 11:23:58,420{GMT}	INFO	[jepsen worker 7] jepsen.util: 67	:info	:cas	[3 [1 1]]	[:unknown "not leader"]
2022-04-25 11:23:58,455{GMT}	INFO	[jepsen worker 6] jepsen.util: 106	:invoke	:cas	[3 [0 1]]
2022-04-25 11:23:58,460{GMT}	INFO	[jepsen worker 6] jepsen.util: 106	:info	:cas	[3 [0 1]]	[:unknown "not leader"]
2022-04-25 11:23:58,693{GMT}	INFO	[jepsen worker 7] jepsen.util: 77	:invoke	:cas	[3 [2 4]]
2022-04-25 11:23:58,717{GMT}	INFO	[jepsen worker 7] jepsen.util: 77	:info	:cas	[3 [2 4]]	[:unknown "not leader"]
2022-04-25 11:23:58,761{GMT}	INFO	[jepsen worker 6] jepsen.util: 116	:invoke	:cas	[3 [2 0]]
2022-04-25 11:23:58,765{GMT}	INFO	[jepsen worker 6] jepsen.util: 116	:info	:cas	[3 [2 0]]	[:unknown "not leader"]
2022-04-25 11:23:58,908{GMT}	INFO	[jepsen worker 6] jepsen.util: 126	:invoke	:cas	[3 [2 3]]
2022-04-25 11:23:58,910{GMT}	INFO	[jepsen worker 6] jepsen.util: 126	:info	:cas	[3 [2 3]]	[:unknown "not leader"]
2022-04-25 11:23:58,917{GMT}	INFO	[jepsen worker 1] jepsen.util: 1	:invoke	:read	[3 nil]
2022-04-25 11:23:58,920{GMT}	INFO	[jepsen worker 1] jepsen.util: 1	:fail	:read	[3 nil]	[:unknown "not leader"]
2022-04-25 11:23:59,183{GMT}	INFO	[jepsen worker 8] jepsen.util: 78	:invoke	:cas	[3 [3 4]]
2022-04-25 11:23:59,210{GMT}	INFO	[jepsen worker 7] jepsen.util: 87	:invoke	:cas	[3 [3 1]]
2022-04-25 11:23:59,219{GMT}	INFO	[jepsen worker 8] jepsen.util: 78	:info	:cas	[3 [3 4]]	[:unknown "not leader"]
2022-04-25 11:23:59,219{GMT}	INFO	[jepsen worker 7] jepsen.util: 87	:info	:cas	[3 [3 1]]	[:unknown "not leader"]
2022-04-25 11:23:59,564{GMT}	INFO	[jepsen worker 5] jepsen.util: 35	:info	:cas	[3 [4 0]]	:net-timeout
2022-04-25 11:23:59,564{GMT}	INFO	[jepsen worker 4] jepsen.util: 4	:invoke	:read	[3 nil]
2022-04-25 11:23:59,704{GMT}	INFO	[jepsen worker 1] jepsen.util: 1	:invoke	:read	[3 nil]
2022-04-25 11:23:59,720{GMT}	INFO	[jepsen worker 1] jepsen.util: 1	:fail	:read	[3 nil]	[:unknown "not leader"]
2022-04-25 11:23:59,720{GMT}	INFO	[jepsen worker 4] jepsen.util: 4	:fail	:read	[3 nil]	[:unknown "not leader"]
2022-04-25 11:23:59,840{GMT}	INFO	[jepsen worker 9] jepsen.util: 89	:invoke	:cas	[3 [4 3]]
2022-04-25 11:23:59,842{GMT}	INFO	[jepsen worker 9] jepsen.util: 89	:info	:cas	[3 [4 3]]	[:unknown "not leader"]
2022-04-25 11:23:59,992{GMT}	INFO	[jepsen worker 6] jepsen.util: 136	:invoke	:cas	[3 [3 4]]
2022-04-25 11:23:59,996{GMT}	INFO	[jepsen worker 6] jepsen.util: 136	:info	:cas	[3 [3 4]]	[:unknown "not leader"]
2022-04-25 11:24:00,125{GMT}	INFO	[jepsen worker 8] jepsen.util: 88	:invoke	:cas	[4 [4 4]]
2022-04-25 11:24:00,211{GMT}	INFO	[jepsen worker 0] jepsen.util: 0	:fail	:read	[3 nil]	:net-timeout
2022-04-25 11:24:00,219{GMT}	INFO	[jepsen worker 8] jepsen.util: 88	:info	:cas	[4 [4 4]]	[:unknown "not leader"]
2022-04-25 11:24:00,336{GMT}	INFO	[jepsen worker 6] jepsen.util: 146	:invoke	:cas	[4 [1 0]]
2022-04-25 11:24:00,340{GMT}	INFO	[jepsen worker 6] jepsen.util: 146	:info	:cas	[4 [1 0]]	[:unknown "not leader"]
2022-04-25 11:24:00,681{GMT}	INFO	[jepsen worker 4] jepsen.util: 4	:invoke	:read	[4 nil]
2022-04-25 11:24:00,721{GMT}	INFO	[jepsen worker 4] jepsen.util: 4	:fail	:read	[4 nil]	[:unknown "not leader"]
2022-04-25 11:24:00,778{GMT}	INFO	[jepsen worker 8] jepsen.util: 98	:invoke	:cas	[4 [1 0]]
2022-04-25 11:24:00,781{GMT}	INFO	[jepsen worker 8] jepsen.util: 98	:info	:cas	[4 [1 0]]	[:unknown "not leader"]
2022-04-25 11:24:00,931{GMT}	INFO	[jepsen worker 6] jepsen.util: 156	:invoke	:cas	[4 [0 2]]
2022-04-25 11:24:00,936{GMT}	INFO	[jepsen worker 6] jepsen.util: 156	:info	:cas	[4 [0 2]]	[:unknown "not leader"]
2022-04-25 11:24:00,988{GMT}	INFO	[jepsen worker 4] jepsen.util: 4	:invoke	:read	[4 nil]
2022-04-25 11:24:00,992{GMT}	INFO	[jepsen worker 4] jepsen.util: 4	:fail	:read	[4 nil]	[:unknown "not leader"]
2022-04-25 11:24:01,277{GMT}	INFO	[jepsen worker 0] jepsen.util: 0	:invoke	:read	[4 nil]
2022-04-25 11:24:01,296{GMT}	INFO	[jepsen worker 7] jepsen.util: 97	:invoke	:cas	[4 [2 1]]
2022-04-25 11:24:01,301{GMT}	INFO	[jepsen worker 7] jepsen.util: 97	:info	:cas	[4 [2 1]]	[:unknown "not leader"]
2022-04-25 11:24:01,487{GMT}	INFO	[jepsen worker 4] jepsen.util: 4	:invoke	:read	[4 nil]
2022-04-25 11:24:01,630{GMT}	INFO	[jepsen worker 4] jepsen.util: 4	:fail	:read	[4 nil]	[:unknown "not leader"]
2022-04-25 11:24:01,687{GMT}	INFO	[jepsen worker 1] jepsen.util: 1	:invoke	:read	[4 nil]
2022-04-25 11:24:01,723{GMT}	INFO	[jepsen worker 1] jepsen.util: 1	:fail	:read	[4 nil]	[:unknown "not leader"]
2022-04-25 11:24:01,776{GMT}	INFO	[jepsen worker 4] jepsen.util: 4	:invoke	:read	[4 nil]
2022-04-25 11:24:01,779{GMT}	INFO	[jepsen worker 4] jepsen.util: 4	:fail	:read	[4 nil]	[:unknown "not leader"]
2022-04-25 11:24:02,079{GMT}	INFO	[jepsen worker 4] jepsen.util: 4	:invoke	:read	[4 nil]
2022-04-25 11:24:02,224{GMT}	INFO	[jepsen worker 4] jepsen.util: 4	:fail	:read	[4 nil]	[:unknown "not leader"]
2022-04-25 11:24:02,342{GMT}	INFO	[jepsen worker 1] jepsen.util: 1	:invoke	:read	[4 nil]
2022-04-25 11:24:02,345{GMT}	INFO	[jepsen worker 1] jepsen.util: 1	:fail	:read	[4 nil]	[:unknown "not leader"]
2022-04-25 11:24:03,277{GMT}	INFO	[jepsen worker 0] jepsen.util: 0	:fail	:read	[4 nil]	:net-timeout
2022-04-25 11:24:03,284{GMT}	INFO	[jepsen node n0] maelstrom.db: Tearing down n0
2022-04-25 11:24:03,285{GMT}	INFO	[jepsen node n1] maelstrom.db: Tearing down n1
2022-04-25 11:24:03,286{GMT}	INFO	[jepsen node n2] maelstrom.db: Tearing down n2
2022-04-25 11:24:03,286{GMT}	INFO	[jepsen node n3] maelstrom.db: Tearing down n3
2022-04-25 11:24:03,286{GMT}	INFO	[jepsen node n4] maelstrom.db: Tearing down n4
2022-04-25 11:24:04,226{GMT}	INFO	[jepsen node n0] maelstrom.net: Shutting down Maelstrom network
2022-04-25 11:24:04,228{GMT}	INFO	[jepsen test runner] jepsen.core: Run complete, writing
2022-04-25 11:24:04,248{GMT}	INFO	[jepsen test runner] jepsen.core: Analyzing...
2022-04-25 11:24:04,379{GMT}	INFO	[clojure-agent-send-pool-2] jepsen.independent: Wrote /home/clock/Mestrado/2Sem/TF/TP/TP2/store/lin-kv/20220425T112342.000+0100/independent/4/results.edn
2022-04-25 11:24:04,418{GMT}	INFO	[clojure-agent-send-pool-2] jepsen.independent: Wrote /home/clock/Mestrado/2Sem/TF/TP/TP2/store/lin-kv/20220425T112342.000+0100/independent/4/history.edn
2022-04-25 11:24:04,519{GMT}	INFO	[clojure-agent-send-pool-3] jepsen.independent: Wrote /home/clock/Mestrado/2Sem/TF/TP/TP2/store/lin-kv/20220425T112342.000+0100/independent/3/results.edn
2022-04-25 11:24:04,523{GMT}	INFO	[clojure-agent-send-pool-3] jepsen.independent: Wrote /home/clock/Mestrado/2Sem/TF/TP/TP2/store/lin-kv/20220425T112342.000+0100/independent/3/history.edn
2022-04-25 11:24:04,528{GMT}	INFO	[clojure-agent-send-pool-0] jepsen.independent: Wrote /home/clock/Mestrado/2Sem/TF/TP/TP2/store/lin-kv/20220425T112342.000+0100/independent/0/results.edn
2022-04-25 11:24:04,532{GMT}	INFO	[clojure-agent-send-pool-0] jepsen.independent: Wrote /home/clock/Mestrado/2Sem/TF/TP/TP2/store/lin-kv/20220425T112342.000+0100/independent/0/history.edn
2022-04-25 11:24:04,541{GMT}	INFO	[clojure-agent-send-pool-1] jepsen.independent: Wrote /home/clock/Mestrado/2Sem/TF/TP/TP2/store/lin-kv/20220425T112342.000+0100/independent/1/results.edn
2022-04-25 11:24:04,544{GMT}	INFO	[clojure-agent-send-pool-1] jepsen.independent: Wrote /home/clock/Mestrado/2Sem/TF/TP/TP2/store/lin-kv/20220425T112342.000+0100/independent/1/history.edn
2022-04-25 11:24:04,566{GMT}	INFO	[clojure-agent-send-pool-4] jepsen.independent: Wrote /home/clock/Mestrado/2Sem/TF/TP/TP2/store/lin-kv/20220425T112342.000+0100/independent/2/results.edn
2022-04-25 11:24:04,568{GMT}	INFO	[clojure-agent-send-pool-4] jepsen.independent: Wrote /home/clock/Mestrado/2Sem/TF/TP/TP2/store/lin-kv/20220425T112342.000+0100/independent/2/history.edn
2022-04-25 11:24:04,705{GMT}	INFO	[jepsen test runner] jepsen.core: Analysis complete
2022-04-25 11:24:04,806{GMT}	INFO	[jepsen results] jepsen.store: Wrote /home/clock/Mestrado/2Sem/TF/TP/TP2/store/lin-kv/20220425T112342.000+0100/results.edn
2022-04-25 11:24:04,906{GMT}	INFO	[jepsen test runner] jepsen.core: {:perf {:latency-graph {:valid? true},
        :rate-graph {:valid? true},
        :valid? true},
 :timeline {:valid? true},
 :exceptions {:valid? true},
 :stats {:valid? false,
         :count 97,
         :ok-count 0,
         :fail-count 48,
         :info-count 49,
         :by-f {:cas {:valid? false,
                      :count 37,
                      :ok-count 0,
                      :fail-count 0,
                      :info-count 37},
                :read {:valid? false,
                       :count 48,
                       :ok-count 0,
                       :fail-count 48,
                       :info-count 0},
                :write {:valid? false,
                        :count 12,
                        :ok-count 0,
                        :fail-count 0,
                        :info-count 12}}},
 :net {:all {:send-count 572,
             :recv-count 568,
             :msg-count 572,
             :msgs-per-op 5.8969073},
       :clients {:send-count 204, :recv-count 203, :msg-count 204},
       :servers {:send-count 368,
                 :recv-count 365,
                 :msg-count 368,
                 :msgs-per-op 3.7938144},
       :valid? true},
 :workload {:valid? true,
            :results {0 {:linearizable {:valid? true,
                                        :configs ({:model #knossos.model.CASRegister{:value nil},
                                                   :last-op nil,
                                                   :pending [{:process 5,
                                                              :type :invoke,
                                                              :f :cas,
                                                              :value [3
                                                                      0],
                                                              :index 24,
                                                              :time 2229210976}
                                                             {:process 6,
                                                              :type :invoke,
                                                              :f :cas,
                                                              :value [4
                                                                      0],
                                                              :index 2,
                                                              :time 278555543}
                                                             {:process 7,
                                                              :type :invoke,
                                                              :f :cas,
                                                              :value [4
                                                                      3],
                                                              :index 44,
                                                              :time 3877275579}
                                                             {:process 8,
                                                              :type :invoke,
                                                              :f :cas,
                                                              :value [1
                                                                      4],
                                                              :index 38,
                                                              :time 3239732623}
                                                             {:process 9,
                                                              :type :invoke,
                                                              :f :write,
                                                              :value 2,
                                                              :index 8,
                                                              :time 932018716}
                                                             {:process 15,
                                                              :type :invoke,
                                                              :f :write,
                                                              :value 3,
                                                              :index 36,
                                                              :time 3107913775}
                                                             {:process 16,
                                                              :type :invoke,
                                                              :f :cas,
                                                              :value [3
                                                                      4],
                                                              :index 16,
                                                              :time 1471577697}
                                                             {:process 17,
                                                              :type :invoke,
                                                              :f :write,
                                                              :value 2,
                                                              :index 54,
                                                              :time 5333631795}
                                                             {:process 18,
                                                              :type :invoke,
                                                              :f :cas,
                                                              :value [1
                                                                      4],
                                                              :index 40,
                                                              :time 3456223711}
                                                             {:process 19,
                                                              :type :invoke,
                                                              :f :write,
                                                              :value 4,
                                                              :index 30,
                                                              :time 2908239819}
                                                             {:process 26,
                                                              :type :invoke,
                                                              :f :cas,
                                                              :value [1
                                                                      3],
                                                              :index 46,
                                                              :time 4275684363}]}),
                                        :final-paths ()},
                         :timeline {:valid? true},
                         :valid? true},
                      1 {:linearizable {:valid? true,
                                        :configs ({:model #knossos.model.CASRegister{:value nil},
                                                   :last-op nil,
                                                   :pending [{:process 25,
                                                              :type :invoke,
                                                              :f :write,
                                                              :value 4,
                                                              :index 62,
                                                              :time 6398162873}
                                                             {:process 27,
                                                              :type :invoke,
                                                              :f :cas,
                                                              :value [4
                                                                      0],
                                                              :index 69,
                                                              :time 7334111013}
                                                             {:process 28,
                                                              :type :invoke,
                                                              :f :write,
                                                              :value 4,
                                                              :index 77,
                                                              :time 8330206201}
                                                             {:process 29,
                                                              :type :invoke,
                                                              :f :cas,
                                                              :value [2
                                                                      0],
                                                              :index 74,
                                                              :time 8007204338}
                                                             {:process 36,
                                                              :type :invoke,
                                                              :f :cas,
                                                              :value [4
                                                                      4],
                                                              :index 56,
                                                              :time 5625040079}
                                                             {:process 37,
                                                              :type :invoke,
                                                              :f :cas,
                                                              :value [4
                                                                      0],
                                                              :index 89,
                                                              :time 9718416571}
                                                             {:process 38,
                                                              :type :invoke,
                                                              :f :cas,
                                                              :value [2
                                                                      2],
                                                              :index 82,
                                                              :time 8912838571}
                                                             {:process 39,
                                                              :type :invoke,
                                                              :f :cas,
                                                              :value [1
                                                                      2],
                                                              :index 80,
                                                              :time 8537772563}
                                                             {:process 46,
                                                              :type :invoke,
                                                              :f :cas,
                                                              :value [3
                                                                      0],
                                                              :index 96,
                                                              :time 10566146494}
                                                             {:process 48,
                                                              :type :invoke,
                                                              :f :cas,
                                                              :value [3
                                                                      2],
                                                              :index 91,
                                                              :time 10105383722}
                                                             {:process 49,
                                                              :type :invoke,
                                                              :f :cas,
                                                              :value [0
                                                                      0],
                                                              :index 87,
                                                              :time 9336818807}]}),
                                        :final-paths ()},
                         :timeline {:valid? true},
                         :valid? true},
                      4 {:linearizable {:valid? true,
                                        :configs ({:model #knossos.model.CASRegister{:value nil},
                                                   :last-op nil,
                                                   :pending [{:process 88,
                                                              :type :invoke,
                                                              :f :cas,
                                                              :value [4
                                                                      4],
                                                              :index 167,
                                                              :time 17517547860}
                                                             {:process 97,
                                                              :type :invoke,
                                                              :f :cas,
                                                              :value [2
                                                                      1],
                                                              :index 181,
                                                              :time 18689733588}
                                                             {:process 98,
                                                              :type :invoke,
                                                              :f :cas,
                                                              :value [1
                                                                      0],
                                                              :index 174,
                                                              :time 18171033868}
                                                             {:process 146,
                                                              :type :invoke,
                                                              :f :cas,
                                                              :value [1
                                                                      0],
                                                              :index 170,
                                                              :time 17730111051}
                                                             {:process 156,
                                                              :type :invoke,
                                                              :f :cas,
                                                              :value [0
                                                                      2],
                                                              :index 176,
                                                              :time 18325132599}]}),
                                        :final-paths ()},
                         :timeline {:valid? true},
                         :valid? true},
                      3 {:linearizable {:valid? true,
                                        :configs ({:model #knossos.model.CASRegister{:value nil},
                                                   :last-op nil,
                                                   :pending [{:process 35,
                                                              :type :invoke,
                                                              :f :cas,
                                                              :value [4
                                                                      0],
                                                              :index 136,
                                                              :time 14955993834}
                                                             {:process 67,
                                                              :type :invoke,
                                                              :f :cas,
                                                              :value [1
                                                                      1],
                                                              :index 142,
                                                              :time 15782109531}
                                                             {:process 77,
                                                              :type :invoke,
                                                              :f :cas,
                                                              :value [2
                                                                      4],
                                                              :index 146,
                                                              :time 16086832230}
                                                             {:process 78,
                                                              :type :invoke,
                                                              :f :cas,
                                                              :value [3
                                                                      4],
                                                              :index 154,
                                                              :time 16577075573}
                                                             {:process 87,
                                                              :type :invoke,
                                                              :f :cas,
                                                              :value [3
                                                                      1],
                                                              :index 155,
                                                              :time 16603994968}
                                                             {:process 89,
                                                              :type :invoke,
                                                              :f :cas,
                                                              :value [4
                                                                      3],
                                                              :index 163,
                                                              :time 17234161252}
                                                             {:process 96,
                                                              :type :invoke,
                                                              :f :write,
                                                              :value 0,
                                                              :index 137,
                                                              :time 15282677676}
                                                             {:process 106,
                                                              :type :invoke,
                                                              :f :cas,
                                                              :value [0
                                                                      1],
                                                              :index 144,
                                                              :time 15847601125}
                                                             {:process 116,
                                                              :type :invoke,
                                                              :f :cas,
                                                              :value [2
                                                                      0],
                                                              :index 148,
                                                              :time 16153966590}
                                                             {:process 126,
                                                              :type :invoke,
                                                              :f :cas,
                                                              :value [2
                                                                      3],
                                                              :index 150,
                                                              :time 16302450661}
                                                             {:process 136,
                                                              :type :invoke,
                                                              :f :cas,
                                                              :value [3
                                                                      4],
                                                              :index 165,
                                                              :time 17385957929}]}),
                                        :final-paths ()},
                         :timeline {:valid? true},
                         :valid? true},
                      2 {:linearizable {:valid? true,
                                        :configs ({:model #knossos.model.CASRegister{:value nil},
                                                   :last-op nil,
                                                   :pending [{:process 47,
                                                              :type :invoke,
                                                              :f :write,
                                                              :value 4,
                                                              :index 111,
                                                              :time 12228858735}
                                                             {:process 56,
                                                              :type :invoke,
                                                              :f :cas,
                                                              :value [3
                                                                      2],
                                                              :index 99,
                                                              :time 10831342725}
                                                             {:process 57,
                                                              :type :invoke,
                                                              :f :cas,
                                                              :value [2
                                                                      3],
                                                              :index 134,
                                                              :time 14748160071}
                                                             {:process 58,
                                                              :type :invoke,
                                                              :f :write,
                                                              :value 4,
                                                              :index 106,
                                                              :time 11613826927}
                                                             {:process 59,
                                                              :type :invoke,
                                                              :f :cas,
                                                              :value [4
                                                                      1],
                                                              :index 117,
                                                              :time 13341673071}
                                                             {:process 66,
                                                              :type :invoke,
                                                              :f :cas,
                                                              :value [4
                                                                      0],
                                                              :index 123,
                                                              :time 13717651514}
                                                             {:process 68,
                                                              :type :invoke,
                                                              :f :write,
                                                              :value 4,
                                                              :index 113,
                                                              :time 12616028746}
                                                             {:process 69,
                                                              :type :invoke,
                                                              :f :cas,
                                                              :value [2
                                                                      4],
                                                              :index 119,
                                                              :time 13393899800}
                                                             {:process 76,
                                                              :type :invoke,
                                                              :f :write,
                                                              :value 0,
                                                              :index 130,
                                                              :time 14505964856}
                                                             {:process 79,
                                                              :type :invoke,
                                                              :f :write,
                                                              :value 3,
                                                              :index 128,
                                                              :time 14155988850}
                                                             {:process 86,
                                                              :type :invoke,
                                                              :f :cas,
                                                              :value [4
                                                                      2],
                                                              :index 132,
                                                              :time 14655239017}]}),
                                        :final-paths ()},
                         :timeline {:valid? true},
                         :valid? true}},
            :failures []},
 :valid? false}


Analysis invalid! ( 
