/home/clock/Mestrado/2Sem/TF/TP/TP1/lin-kv.py:9: DeprecationWarning: the imp module is deprecated in favour of importlib; see the module's documentation for alternative uses
  import imp
DEBUG:root:received {"id":2,"src":"c2","dest":"n1","body":{"type":"init","node_id":"n1","node_ids":["n0","n1","n2"],"msg_id":1}}
INFO:root:node n1 initialized
DEBUG:root:sending {"dest": "c2", "src": "n1", "body": {"msg_id": 1, "in_reply_to": 1, "type": "init_ok"}}
DEBUG:root:received {"id":7,"src":"n2","dest":"n1","body":{"msg_id":2,"type":"read_server","key":0}}
INFO:root:server n2 reading from 0
DEBUG:root:sending {"dest": "n2", "src": "n1", "body": {"msg_id": 2, "in_reply_to": 2, "type": "error_read", "code": 20, "text": "not found"}}
DEBUG:root:received {"id":9,"src":"c7","dest":"n1","body":{"key":0,"type":"read","msg_id":1}}
INFO:root:node c7 reading from 0
DEBUG:root:sending {"dest": "n0", "src": "n1", "body": {"msg_id": 3, "type": "read_server", "key": 0}}
DEBUG:root:sending {"dest": "n1", "src": "n1", "body": {"msg_id": 4, "type": "read_server", "key": 0}}
DEBUG:root:received {"id":13,"src":"n2","dest":"n1","body":{"msg_id":5,"type":"cas_lock","key":0,"from":3,"to":4}}
DEBUG:root:received {"id":16,"src":"n1","dest":"n1","body":{"msg_id":4,"type":"read_server","key":0}}
DEBUG:root:sending {"dest": "n2", "src": "n1", "body": {"msg_id": 5, "in_reply_to": 5, "type": "error_cas_lock", "text": "already locked"}}
INFO:root:server n1 reading from 0
DEBUG:root:sending {"dest": "n1", "src": "n1", "body": {"msg_id": 6, "in_reply_to": 4, "type": "error_read_lock", "text": "already_locked"}}
DEBUG:root:received {"id":20,"src":"n0","dest":"n1","body":{"msg_id":2,"in_reply_to":3,"type":"error_read","code":20,"text":"not found"}}
DEBUG:root:received {"id":27,"src":"c11","dest":"n1","body":{"key":0,"from":2,"to":2,"type":"cas","msg_id":1}}
INFO:root:node c11 comparing and setting
DEBUG:root:received {"id":21,"src":"n2","dest":"n1","body":{"msg_id":8,"type":"unlock_read","code":20}}
DEBUG:root:sending {"dest": "n0", "src": "n1", "body": {"msg_id": 7, "type": "cas_lock", "key": 0, "from": 2, "to": 2}}
DEBUG:root:received {"id":22,"src":"n1","dest":"n1","body":{"msg_id":6,"in_reply_to":4,"type":"error_read_lock","text":"already_locked"}}
DEBUG:root:sending {"dest": "n2", "src": "n1", "body": {"msg_id": 8, "type": "cas_lock", "key": 0, "from": 2, "to": 2}}
DEBUG:root:sending {"dest": "n2", "src": "n1", "body": {"msg_id": 9, "in_reply_to": 8, "type": "unlock_read_ok", "code": 20}}
DEBUG:root:sending {"dest": "n0", "src": "n1", "body": {"msg_id": 10, "type": "unlock"}}
DEBUG:root:sending {"dest": "c7", "src": "n1", "body": {"msg_id": 11, "in_reply_to": 1, "type": "error", "code": 11, "text": "locked state"}}
DEBUG:root:received {"id":29,"src":"n2","dest":"n1","body":{"msg_id":11,"type":"unlock"}}
DEBUG:root:received {"id":42,"src":"c7","dest":"n1","body":{"key":0,"type":"read","msg_id":2}}
INFO:root:node c7 reading from 0
DEBUG:root:received {"id":33,"src":"n0","dest":"n1","body":{"msg_id":6,"type":"read_lock","key":0,"value":4}}
DEBUG:root:sending {"dest": "n0", "src": "n1", "body": {"msg_id": 12, "type": "read_server", "key": 0}}
DEBUG:root:sending {"dest": "n1", "src": "n1", "body": {"msg_id": 13, "type": "read_server", "key": 0}}
DEBUG:root:sending {"dest": "n0", "src": "n1", "body": {"msg_id": 14, "in_reply_to": 6, "type": "noKey", "text": "not found"}}
DEBUG:root:received {"id":47,"src":"n0","dest":"n1","body":{"msg_id":8,"in_reply_to":7,"type":"error_cas_lock","text":"already locked"}}
DEBUG:root:received {"id":48,"src":"n1","dest":"n1","body":{"msg_id":13,"type":"read_server","key":0}}
INFO:root:server n1 reading from 0
DEBUG:root:received {"id":50,"src":"n2","dest":"n1","body":{"msg_id":18,"in_reply_to":8,"type":"error_cas_lock","text":"already locked"}}
DEBUG:root:sending {"dest": "n1", "src": "n1", "body": {"msg_id": 15, "in_reply_to": 13, "type": "error_read_lock", "text": "already_locked"}}
DEBUG:root:sending {"dest": "n0", "src": "n1", "body": {"msg_id": 16, "type": "unlock"}}
DEBUG:root:sending {"dest": "n2", "src": "n1", "body": {"msg_id": 17, "type": "unlock"}}
DEBUG:root:sending {"dest": "c11", "src": "n1", "body": {"msg_id": 18, "in_reply_to": 1, "type": "error", "code": 11, "text": "locked state"}}
DEBUG:root:received {"id":60,"src":"n0","dest":"n1","body":{"msg_id":12,"type":"read_server","key":0}}
INFO:root:server n0 reading from 0
DEBUG:root:sending {"dest": "n0", "src": "n1", "body": {"msg_id": 19, "in_reply_to": 12, "type": "error_read_lock", "text": "already_locked"}}
DEBUG:root:received {"id":69,"src":"c11","dest":"n1","body":{"key":0,"from":3,"to":4,"type":"cas","msg_id":2}}
DEBUG:root:received {"id":62,"src":"n1","dest":"n1","body":{"msg_id":15,"in_reply_to":13,"type":"error_read_lock","text":"already_locked"}}
DEBUG:root:received {"id":63,"src":"n0","dest":"n1","body":{"msg_id":14,"in_reply_to":12,"type":"error_read_lock","text":"already_locked"}}
INFO:root:node c11 comparing and setting
DEBUG:root:received {"id":66,"src":"n0","dest":"n1","body":{"msg_id":15,"type":"write_server","key":0,"value":4,"timestamp":0}}
DEBUG:root:sending {"dest": "n1", "src": "n1", "body": {"msg_id": 20, "type": "cas_lock", "key": 0, "from": 3, "to": 4}}
DEBUG:root:sending {"dest": "n0", "src": "n1", "body": {"msg_id": 21, "type": "cas_lock", "key": 0, "from": 3, "to": 4}}
DEBUG:root:sending {"dest": "c7", "src": "n1", "body": {"msg_id": 22, "in_reply_to": 2, "type": "error", "code": 11, "text": "locked state"}}
DEBUG:root:sending {"dest": "n0", "src": "n1", "body": {"msg_id": 23, "in_reply_to": 15, "type": "write_server_ok"}}
DEBUG:root:received {"id":76,"src":"n1","dest":"n1","body":{"msg_id":20,"type":"cas_lock","key":0,"from":3,"to":4}}
DEBUG:root:sending {"dest": "n1", "src": "n1", "body": {"msg_id": 24, "in_reply_to": 20, "type": "noMatch"}}
DEBUG:root:received {"id":83,"src":"c7","dest":"n1","body":{"key":0,"type":"read","msg_id":3}}
INFO:root:node c7 reading from 0
DEBUG:root:sending {"dest": "n2", "src": "n1", "body": {"msg_id": 25, "type": "read_server", "key": 0}}
DEBUG:root:sending {"dest": "n1", "src": "n1", "body": {"msg_id": 26, "type": "read_server", "key": 0}}
DEBUG:root:received {"id":84,"src":"n1","dest":"n1","body":{"msg_id":24,"in_reply_to":20,"type":"noMatch"}}
DEBUG:root:received {"id":89,"src":"n1","dest":"n1","body":{"msg_id":26,"type":"read_server","key":0}}
DEBUG:root:received {"id":91,"src":"n0","dest":"n1","body":{"msg_id":19,"in_reply_to":21,"type":"noKeyCas"}}
INFO:root:server n1 reading from 0
DEBUG:root:sending {"dest": "n1", "src": "n1", "body": {"msg_id": 27, "in_reply_to": 26, "type": "error_read_lock", "text": "already_locked"}}
DEBUG:root:sending {"dest": "n1", "src": "n1", "body": {"msg_id": 28, "type": "unlock_cas", "code": 20}}
DEBUG:root:sending {"dest": "n0", "src": "n1", "body": {"msg_id": 29, "type": "unlock_cas", "code": 20}}
DEBUG:root:received {"id":98,"src":"n2","dest":"n1","body":{"msg_id":33,"in_reply_to":25,"type":"read_server_ok","value":{"value":4,"timestamp":0}}}
DEBUG:root:received {"id":99,"src":"n1","dest":"n1","body":{"msg_id":27,"in_reply_to":26,"type":"error_read_lock","text":"already_locked"}}
DEBUG:root:received {"id":100,"src":"n1","dest":"n1","body":{"msg_id":28,"type":"unlock_cas","code":20}}
DEBUG:root:received {"id":103,"src":"n2","dest":"n1","body":{"msg_id":35,"type":"read_server","key":0}}
DEBUG:root:received {"id":106,"src":"n0","dest":"n1","body":{"msg_id":23,"type":"cas_lock","key":0,"from":1,"to":0}}
DEBUG:root:sending {"dest": "n2", "src": "n1", "body": {"msg_id": 30, "type": "unlock"}}
DEBUG:root:sending {"dest": "c7", "src": "n1", "body": {"msg_id": 31, "in_reply_to": 3, "type": "error", "code": 11, "text": "locked state"}}
DEBUG:root:sending {"dest": "n1", "src": "n1", "body": {"msg_id": 32, "in_reply_to": 28, "type": "unlock_cas_ok", "code": 20}}
INFO:root:server n2 reading from 0
DEBUG:root:sending {"dest": "n2", "src": "n1", "body": {"msg_id": 33, "in_reply_to": 35, "type": "read_server_ok", "value": {"value": 4, "timestamp": 0}}}
DEBUG:root:sending {"dest": "n0", "src": "n1", "body": {"msg_id": 34, "in_reply_to": 23, "type": "error_cas_lock", "text": "already locked"}}
DEBUG:root:received {"id":109,"src":"n0","dest":"n1","body":{"msg_id":26,"in_reply_to":29,"type":"unlock_cas_ok","code":20}}
DEBUG:root:received {"id":122,"src":"c7","dest":"n1","body":{"key":0,"type":"read","msg_id":4}}
DEBUG:root:received {"id":116,"src":"n1","dest":"n1","body":{"msg_id":32,"in_reply_to":28,"type":"unlock_cas_ok","code":20}}
INFO:root:node c7 reading from 0
DEBUG:root:sending {"dest": "n0", "src": "n1", "body": {"msg_id": 35, "type": "read_server", "key": 0}}
DEBUG:root:sending {"dest": "n1", "src": "n1", "body": {"msg_id": 36, "type": "read_server", "key": 0}}
DEBUG:root:sending {"dest": "c11", "src": "n1", "body": {"msg_id": 37, "in_reply_to": 2, "type": "error", "code": 20, "text": "not found"}}
DEBUG:root:received {"id":127,"src":"n1","dest":"n1","body":{"msg_id":36,"type":"read_server","key":0}}
DEBUG:root:received {"id":136,"src":"c11","dest":"n1","body":{"key":0,"from":2,"to":1,"type":"cas","msg_id":3}}
DEBUG:root:received {"id":128,"src":"n2","dest":"n1","body":{"msg_id":43,"type":"cas_lock","key":0,"from":0,"to":2}}
DEBUG:root:received {"id":130,"src":"n0","dest":"n1","body":{"msg_id":30,"type":"unlock"}}
DEBUG:root:received {"id":134,"src":"n2","dest":"n1","body":{"msg_id":45,"type":"unlock_read","code":0,"value":4}}
INFO:root:server n1 reading from 0
DEBUG:root:sending {"dest": "n1", "src": "n1", "body": {"msg_id": 38, "in_reply_to": 36, "type": "error_read_lock", "text": "already_locked"}}
INFO:root:node c11 comparing and setting
DEBUG:root:sending {"dest": "n1", "src": "n1", "body": {"msg_id": 39, "type": "cas_lock", "key": 0, "from": 2, "to": 1}}
DEBUG:root:sending {"dest": "n2", "src": "n1", "body": {"msg_id": 40, "type": "cas_lock", "key": 0, "from": 2, "to": 1}}
DEBUG:root:sending {"dest": "n2", "src": "n1", "body": {"msg_id": 41, "in_reply_to": 43, "type": "error_cas_lock", "text": "already locked"}}
DEBUG:root:sending {"dest": "n2", "src": "n1", "body": {"msg_id": 42, "in_reply_to": 45, "type": "unlock_read_ok", "code": 0, "value": 4}}
DEBUG:root:received {"id":138,"src":"n0","dest":"n1","body":{"msg_id":33,"in_reply_to":35,"type":"error_read","code":20,"text":"not found"}}
DEBUG:root:received {"id":140,"src":"n1","dest":"n1","body":{"msg_id":38,"in_reply_to":36,"type":"error_read_lock","text":"already_locked"}}
DEBUG:root:received {"id":141,"src":"n1","dest":"n1","body":{"msg_id":39,"type":"cas_lock","key":0,"from":2,"to":1}}
DEBUG:root:received {"id":147,"src":"n0","dest":"n1","body":{"msg_id":36,"type":"read_lock","key":0,"value":1}}
DEBUG:root:sending {"dest": "n0", "src": "n1", "body": {"msg_id": 43, "type": "unlock"}}
DEBUG:root:sending {"dest": "c7", "src": "n1", "body": {"msg_id": 44, "in_reply_to": 4, "type": "error", "code": 11, "text": "locked state"}}
DEBUG:root:sending {"dest": "n1", "src": "n1", "body": {"msg_id": 45, "in_reply_to": 39, "type": "noMatch"}}
DEBUG:root:sending {"dest": "n0", "src": "n1", "body": {"msg_id": 46, "in_reply_to": 36, "type": "error_write_lock", "text": "already locked"}}
DEBUG:root:received {"id":154,"src":"n2","dest":"n1","body":{"msg_id":47,"in_reply_to":40,"type":"noMatch"}}
DEBUG:root:received {"id":163,"src":"c7","dest":"n1","body":{"key":0,"type":"read","msg_id":5}}
DEBUG:root:received {"id":155,"src":"n1","dest":"n1","body":{"msg_id":45,"in_reply_to":39,"type":"noMatch"}}
DEBUG:root:received {"id":159,"src":"n2","dest":"n1","body":{"msg_id":50,"type":"unlock"}}
INFO:root:node c7 reading from 0
DEBUG:root:sending {"dest": "n1", "src": "n1", "body": {"msg_id": 47, "type": "read_server", "key": 0}}
DEBUG:root:sending {"dest": "n0", "src": "n1", "body": {"msg_id": 48, "type": "read_server", "key": 0}}
DEBUG:root:sending {"dest": "n2", "src": "n1", "body": {"msg_id": 49, "type": "unlock_cas", "code": 22}}
DEBUG:root:sending {"dest": "n1", "src": "n1", "body": {"msg_id": 50, "type": "unlock_cas", "code": 22}}
DEBUG:root:received {"id":169,"src":"n1","dest":"n1","body":{"msg_id":47,"type":"read_server","key":0}}
INFO:root:server n1 reading from 0
DEBUG:root:sending {"dest": "n1", "src": "n1", "body": {"msg_id": 51, "in_reply_to": 47, "type": "read_server_ok", "value": {"value": 4, "timestamp": 0}}}
DEBUG:root:received {"id":174,"src":"n1","dest":"n1","body":{"msg_id":50,"type":"unlock_cas","code":22}}
DEBUG:root:sending {"dest": "n1", "src": "n1", "body": {"msg_id": 52, "in_reply_to": 50, "type": "unlock_cas_ok", "code": 22}}
DEBUG:root:received {"id":182,"src":"n1","dest":"n1","body":{"msg_id":51,"in_reply_to":47,"type":"read_server_ok","value":{"value":4,"timestamp":0}}}
DEBUG:root:received {"id":183,"src":"n2","dest":"n1","body":{"msg_id":59,"in_reply_to":49,"type":"unlock_cas_ok","code":22}}
DEBUG:root:received {"id":184,"src":"n1","dest":"n1","body":{"msg_id":52,"in_reply_to":50,"type":"unlock_cas_ok","code":22}}
DEBUG:root:received {"id":191,"src":"n0","dest":"n1","body":{"msg_id":50,"in_reply_to":48,"type":"error_read","code":20,"text":"not found"}}
DEBUG:root:sending {"dest": "c11", "src": "n1", "body": {"msg_id": 53, "in_reply_to": 3, "type": "error", "code": 22, "text": "does not match"}}
DEBUG:root:sending {"dest": "n1", "src": "n1", "body": {"msg_id": 54, "type": "unlock_read", "code": 0, "value": 4}}
DEBUG:root:sending {"dest": "n0", "src": "n1", "body": {"msg_id": 55, "type": "unlock_read", "code": 0, "value": 4}}
DEBUG:root:received {"id":200,"src":"n1","dest":"n1","body":{"msg_id":54,"type":"unlock_read","code":0,"value":4}}
DEBUG:root:received {"id":208,"src":"c11","dest":"n1","body":{"key":0,"from":4,"to":2,"type":"cas","msg_id":4}}
DEBUG:root:received {"id":203,"src":"n2","dest":"n1","body":{"msg_id":66,"type":"read_server","key":0}}
DEBUG:root:received {"id":206,"src":"n2","dest":"n1","body":{"msg_id":69,"type":"read_lock","key":0,"value":0}}
DEBUG:root:sending {"dest": "n1", "src": "n1", "body": {"msg_id": 56, "in_reply_to": 54, "type": "unlock_read_ok", "code": 0, "value": 4}}
INFO:root:node c11 comparing and setting
DEBUG:root:sending {"dest": "n0", "src": "n1", "body": {"msg_id": 57, "type": "cas_lock", "key": 0, "from": 4, "to": 2}}
DEBUG:root:sending {"dest": "n2", "src": "n1", "body": {"msg_id": 58, "type": "cas_lock", "key": 0, "from": 4, "to": 2}}
INFO:root:server n2 reading from 0
DEBUG:root:sending {"dest": "n2", "src": "n1", "body": {"msg_id": 59, "in_reply_to": 66, "type": "read_server_ok", "value": {"value": 4, "timestamp": 0}}}
DEBUG:root:sending {"dest": "n2", "src": "n1", "body": {"msg_id": 60, "in_reply_to": 69, "type": "error_write_lock", "text": "already locked"}}
DEBUG:root:received {"id":211,"src":"n1","dest":"n1","body":{"msg_id":56,"in_reply_to":54,"type":"unlock_read_ok","code":0,"value":4}}
DEBUG:root:received {"id":216,"src":"n0","dest":"n1","body":{"msg_id":55,"in_reply_to":55,"type":"unlock_read_ok","code":0,"value":4}}
DEBUG:root:sending {"dest": "c7", "src": "n1", "body": {"msg_id": 61, "in_reply_to": 5, "type": "read_ok", "value": 4}}
DEBUG:root:received {"id":223,"src":"n0","dest":"n1","body":{"msg_id":58,"in_reply_to":57,"type":"noKeyCas"}}
DEBUG:root:received {"id":233,"src":"c7","dest":"n1","body":{"key":0,"type":"read","msg_id":6}}
INFO:root:node c7 reading from 0
DEBUG:root:sending {"dest": "n0", "src": "n1", "body": {"msg_id": 62, "type": "read_server", "key": 0}}
DEBUG:root:sending {"dest": "n2", "src": "n1", "body": {"msg_id": 63, "type": "read_server", "key": 0}}
DEBUG:root:received {"id":225,"src":"n2","dest":"n1","body":{"msg_id":73,"in_reply_to":58,"type":"lock_ok_cas","value":{"value":4,"timestamp":0}}}
DEBUG:root:received {"id":228,"src":"n2","dest":"n1","body":{"msg_id":75,"type":"unlock_read","code":0,"value":4}}
DEBUG:root:received {"id":229,"src":"n0","dest":"n1","body":{"msg_id":60,"type":"read_server","key":0}}
DEBUG:root:received {"id":232,"src":"n0","dest":"n1","body":{"msg_id":62,"type":"cas_lock","key":0,"from":2,"to":1}}
DEBUG:root:sending {"dest": "n0", "src": "n1", "body": {"msg_id": 64, "type": "cas_server", "key": 0, "from": 4, "to": 2, "timestamp": 1}}
DEBUG:root:sending {"dest": "n2", "src": "n1", "body": {"msg_id": 65, "type": "cas_server", "key": 0, "from": 4, "to": 2, "timestamp": 1}}
DEBUG:root:sending {"dest": "n2", "src": "n1", "body": {"msg_id": 66, "in_reply_to": 75, "type": "unlock_read_ok", "code": 0, "value": 4}}
INFO:root:server n0 reading from 0
DEBUG:root:sending {"dest": "n0", "src": "n1", "body": {"msg_id": 67, "in_reply_to": 60, "type": "read_server_ok", "value": {"value": 4, "timestamp": 0}}}
DEBUG:root:sending {"dest": "n0", "src": "n1", "body": {"msg_id": 68, "in_reply_to": 62, "type": "error_cas_lock", "text": "already locked"}}
DEBUG:root:received {"id":239,"src":"n2","dest":"n1","body":{"msg_id":78,"type":"cas_lock","key":0,"from":4,"to":1}}
DEBUG:root:sending {"dest": "n2", "src": "n1", "body": {"msg_id": 69, "in_reply_to": 78, "type": "error_cas_lock", "text": "already locked"}}
DEBUG:root:received {"id":247,"src":"n0","dest":"n1","body":{"msg_id":63,"in_reply_to":62,"type":"error_read","code":20,"text":"not found"}}
DEBUG:root:received {"id":248,"src":"n2","dest":"n1","body":{"msg_id":82,"in_reply_to":63,"type":"error_read_lock","text":"already_locked"}}
DEBUG:root:sending {"dest": "n0", "src": "n1", "body": {"msg_id": 70, "type": "unlock"}}
DEBUG:root:sending {"dest": "c7", "src": "n1", "body": {"msg_id": 71, "in_reply_to": 6, "type": "error", "code": 11, "text": "locked state"}}
DEBUG:root:received {"id":250,"src":"n0","dest":"n1","body":{"msg_id":64,"in_reply_to":64,"type":"cas_server_ok"}}
DEBUG:root:received {"id":251,"src":"n2","dest":"n1","body":{"msg_id":83,"in_reply_to":65,"type":"cas_server_ok"}}
DEBUG:root:received {"id":268,"src":"c7","dest":"n1","body":{"key":0,"type":"read","msg_id":7}}
DEBUG:root:received {"id":253,"src":"n0","dest":"n1","body":{"msg_id":65,"type":"unlock"}}
DEBUG:root:sending {"dest": "c11", "src": "n1", "body": {"msg_id": 72, "in_reply_to": 4, "type": "cas_ok"}}
INFO:root:node c7 reading from 0
DEBUG:root:sending {"dest": "n1", "src": "n1", "body": {"msg_id": 73, "type": "read_server", "key": 0}}
DEBUG:root:sending {"dest": "n0", "src": "n1", "body": {"msg_id": 74, "type": "read_server", "key": 0}}
DEBUG:root:received {"id":256,"src":"n0","dest":"n1","body":{"msg_id":67,"type":"unlock"}}
DEBUG:root:received {"id":261,"src":"n0","dest":"n1","body":{"msg_id":69,"type":"read_server","key":0}}
DEBUG:root:received {"id":275,"src":"c11","dest":"n1","body":{"key":0,"value":4,"type":"write","msg_id":5}}
INFO:root:server n0 reading from 0
DEBUG:root:sending {"dest": "n0", "src": "n1", "body": {"msg_id": 75, "in_reply_to": 69, "type": "read_server_ok", "value": {"value": 4, "timestamp": 0}}}
INFO:root:node c11 writing to 0
DEBUG:root:sending {"dest": "n0", "src": "n1", "body": {"msg_id": 76, "type": "read_lock", "key": 0, "value": 4}}
DEBUG:root:sending {"dest": "n1", "src": "n1", "body": {"msg_id": 77, "type": "read_lock", "key": 0, "value": 4}}
DEBUG:root:received {"id":264,"src":"n0","dest":"n1","body":{"msg_id":72,"type":"cas_lock","key":0,"from":3,"to":0}}
DEBUG:root:sending {"dest": "n0", "src": "n1", "body": {"msg_id": 78, "in_reply_to": 72, "type": "error_cas_lock", "text": "already locked"}}
DEBUG:root:received {"id":269,"src":"n2","dest":"n1","body":{"msg_id":87,"type":"read_server","key":0}}
INFO:root:server n2 reading from 0
DEBUG:root:sending {"dest": "n2", "src": "n1", "body": {"msg_id": 79, "in_reply_to": 87, "type": "error_read_lock", "text": "already_locked"}}
DEBUG:root:received {"id":270,"src":"n2","dest":"n1","body":{"msg_id":88,"type":"unlock"}}
DEBUG:root:received {"id":272,"src":"n1","dest":"n1","body":{"msg_id":73,"type":"read_server","key":0}}
INFO:root:server n1 reading from 0
DEBUG:root:sending {"dest": "n1", "src": "n1", "body": {"msg_id": 80, "in_reply_to": 73, "type": "read_server_ok", "value": {"value": 4, "timestamp": 0}}}
DEBUG:root:received {"id":280,"src":"n1","dest":"n1","body":{"msg_id":77,"type":"read_lock","key":0,"value":4}}
DEBUG:root:sending {"dest": "n1", "src": "n1", "body": {"msg_id": 81, "in_reply_to": 77, "type": "error_write_lock", "text": "already locked"}}
DEBUG:root:received {"id":286,"src":"n2","dest":"n1","body":{"msg_id":92,"type":"cas_lock","key":0,"from":4,"to":0}}
DEBUG:root:received {"id":287,"src":"n0","dest":"n1","body":{"msg_id":75,"in_reply_to":74,"type":"read_server_ok","value":{"value":2,"timestamp":1}}}
DEBUG:root:sending {"dest": "n2", "src": "n1", "body": {"msg_id": 82, "in_reply_to": 92, "type": "error_cas_lock", "text": "already locked"}}
DEBUG:root:received {"id":288,"src":"n1","dest":"n1","body":{"msg_id":80,"in_reply_to":73,"type":"read_server_ok","value":{"value":4,"timestamp":0}}}
DEBUG:root:received {"id":289,"src":"n1","dest":"n1","body":{"msg_id":81,"in_reply_to":77,"type":"error_write_lock","text":"already locked"}}
DEBUG:root:sending {"dest": "n0", "src": "n1", "body": {"msg_id": 83, "type": "unlock_read", "code": 0, "value": 2}}
DEBUG:root:received {"id":291,"src":"n0","dest":"n1","body":{"msg_id":77,"type":"unlock_read","code":0,"value":2}}
DEBUG:root:sending {"dest": "n1", "src": "n1", "body": {"msg_id": 84, "type": "unlock_read", "code": 0, "value": 2}}
DEBUG:root:received {"id":292,"src":"n0","dest":"n1","body":{"msg_id":78,"in_reply_to":76,"type":"error_write_lock","text":"already locked"}}
DEBUG:root:sending {"dest": "n0", "src": "n1", "body": {"msg_id": 85, "in_reply_to": 77, "type": "unlock_read_ok", "code": 0, "value": 2}}
DEBUG:root:received {"id":294,"src":"n0","dest":"n1","body":{"msg_id":80,"type":"unlock"}}
DEBUG:root:sending {"dest": "c11", "src": "n1", "body": {"msg_id": 86, "in_reply_to": 5, "type": "error", "code": 11, "text": "locked_state"}}
DEBUG:root:received {"id":301,"src":"n1","dest":"n1","body":{"msg_id":84,"type":"unlock_read","code":0,"value":2}}
DEBUG:root:sending {"dest": "n1", "src": "n1", "body": {"msg_id": 87, "in_reply_to": 84, "type": "unlock_read_ok", "code": 0, "value": 2}}
DEBUG:root:received {"id":308,"src":"c11","dest":"n1","body":{"key":1,"from":1,"to":1,"type":"cas","msg_id":6}}
DEBUG:root:received {"id":303,"src":"n0","dest":"n1","body":{"msg_id":83,"type":"cas_lock","key":1,"from":1,"to":1}}
INFO:root:node c11 comparing and setting
DEBUG:root:sending {"dest": "n2", "src": "n1", "body": {"msg_id": 88, "type": "cas_lock", "key": 1, "from": 1, "to": 1}}
DEBUG:root:sending {"dest": "n0", "src": "n1", "body": {"msg_id": 89, "type": "cas_lock", "key": 1, "from": 1, "to": 1}}
DEBUG:root:sending {"dest": "n0", "src": "n1", "body": {"msg_id": 90, "in_reply_to": 83, "type": "noKeyCas"}}
DEBUG:root:received {"id":309,"src":"n2","dest":"n1","body":{"msg_id":95,"type":"read_server","key":1}}
DEBUG:root:received {"id":311,"src":"n0","dest":"n1","body":{"msg_id":85,"in_reply_to":83,"type":"unlock_read_ok","code":0,"value":2}}
INFO:root:server n2 reading from 1
DEBUG:root:received {"id":312,"src":"n2","dest":"n1","body":{"msg_id":97,"type":"unlock"}}
DEBUG:root:sending {"dest": "n2", "src": "n1", "body": {"msg_id": 91, "in_reply_to": 95, "type": "error_read_lock", "text": "already_locked"}}
DEBUG:root:received {"id":315,"src":"n1","dest":"n1","body":{"msg_id":87,"in_reply_to":84,"type":"unlock_read_ok","code":0,"value":2}}
DEBUG:root:sending {"dest": "c7", "src": "n1", "body": {"msg_id": 92, "in_reply_to": 7, "type": "read_ok", "value": 2}}
DEBUG:root:received {"id":326,"src":"n0","dest":"n1","body":{"msg_id":90,"type":"read_server","key":1}}
DEBUG:root:received {"id":334,"src":"c7","dest":"n1","body":{"key":1,"type":"read","msg_id":8}}
DEBUG:root:received {"id":328,"src":"n0","dest":"n1","body":{"msg_id":91,"in_reply_to":89,"type":"error_cas_lock","text":"already locked"}}
INFO:root:server n0 reading from 1
DEBUG:root:sending {"dest": "n0", "src": "n1", "body": {"msg_id": 93, "in_reply_to": 90, "type": "error_read", "code": 20, "text": "not found"}}
INFO:root:node c7 reading from 1
DEBUG:root:sending {"dest": "n0", "src": "n1", "body": {"msg_id": 94, "type": "read_server", "key": 1}}
DEBUG:root:received {"id":331,"src":"n2","dest":"n1","body":{"msg_id":101,"type":"cas_lock","key":1,"from":3,"to":4}}
DEBUG:root:sending {"dest": "n1", "src": "n1", "body": {"msg_id": 95, "type": "read_server", "key": 1}}
DEBUG:root:received {"id":332,"src":"n0","dest":"n1","body":{"msg_id":93,"type":"unlock_cas","code":20}}
DEBUG:root:received {"id":333,"src":"n2","dest":"n1","body":{"msg_id":102,"in_reply_to":88,"type":"noKeyCas"}}
DEBUG:root:sending {"dest": "n2", "src": "n1", "body": {"msg_id": 96, "in_reply_to": 101, "type": "error_cas_lock", "text": "already locked"}}
DEBUG:root:sending {"dest": "n0", "src": "n1", "body": {"msg_id": 97, "in_reply_to": 93, "type": "unlock_cas_ok", "code": 20}}
DEBUG:root:sending {"dest": "n0", "src": "n1", "body": {"msg_id": 98, "type": "unlock"}}
DEBUG:root:sending {"dest": "n2", "src": "n1", "body": {"msg_id": 99, "type": "unlock"}}
DEBUG:root:sending {"dest": "c11", "src": "n1", "body": {"msg_id": 100, "in_reply_to": 6, "type": "error", "code": 11, "text": "locked state"}}
DEBUG:root:received {"id":340,"src":"n1","dest":"n1","body":{"msg_id":95,"type":"read_server","key":1}}
DEBUG:root:received {"id":348,"src":"c11","dest":"n1","body":{"key":1,"from":1,"to":0,"type":"cas","msg_id":7}}
INFO:root:server n1 reading from 1
DEBUG:root:sending {"dest": "n1", "src": "n1", "body": {"msg_id": 101, "in_reply_to": 95, "type": "error_read", "code": 20, "text": "not found"}}
INFO:root:node c11 comparing and setting
DEBUG:root:sending {"dest": "n1", "src": "n1", "body": {"msg_id": 102, "type": "cas_lock", "key": 1, "from": 1, "to": 0}}
DEBUG:root:sending {"dest": "n2", "src": "n1", "body": {"msg_id": 103, "type": "cas_lock", "key": 1, "from": 1, "to": 0}}
DEBUG:root:received {"id":349,"src":"n0","dest":"n1","body":{"msg_id":97,"type":"unlock"}}
DEBUG:root:received {"id":350,"src":"n1","dest":"n1","body":{"msg_id":101,"in_reply_to":95,"type":"error_read","code":20,"text":"not found"}}
DEBUG:root:received {"id":351,"src":"n1","dest":"n1","body":{"msg_id":102,"type":"cas_lock","key":1,"from":1,"to":0}}
DEBUG:root:received {"id":357,"src":"n0","dest":"n1","body":{"msg_id":99,"in_reply_to":94,"type":"error_read","code":20,"text":"not found"}}
DEBUG:root:received {"id":358,"src":"n2","dest":"n1","body":{"msg_id":107,"type":"unlock"}}
DEBUG:root:sending {"dest": "n1", "src": "n1", "body": {"msg_id": 104, "in_reply_to": 102, "type": "noKeyCas"}}
DEBUG:root:sending {"dest": "n1", "src": "n1", "body": {"msg_id": 105, "type": "unlock_read", "code": 20}}
DEBUG:root:sending {"dest": "n0", "src": "n1", "body": {"msg_id": 106, "type": "unlock_read", "code": 20}}
DEBUG:root:received {"id":364,"src":"n2","dest":"n1","body":{"msg_id":109,"in_reply_to":103,"type":"noKeyCas"}}
DEBUG:root:received {"id":366,"src":"n1","dest":"n1","body":{"msg_id":104,"in_reply_to":102,"type":"noKeyCas"}}
DEBUG:root:received {"id":369,"src":"n1","dest":"n1","body":{"msg_id":105,"type":"unlock_read","code":20}}
DEBUG:root:sending {"dest": "n2", "src": "n1", "body": {"msg_id": 107, "type": "unlock_cas", "code": 20}}
DEBUG:root:received {"id":371,"src":"n2","dest":"n1","body":{"msg_id":111,"type":"cas_lock","key":1,"from":4,"to":3}}
DEBUG:root:sending {"dest": "n1", "src": "n1", "body": {"msg_id": 108, "type": "unlock_cas", "code": 20}}
DEBUG:root:received {"id":370,"src":"n0","dest":"n1","body":{"msg_id":103,"type":"read_server","key":1}}
DEBUG:root:received {"id":375,"src":"n0","dest":"n1","body":{"msg_id":105,"type":"cas_lock","key":1,"from":0,"to":4}}
DEBUG:root:sending {"dest": "n1", "src": "n1", "body": {"msg_id": 109, "in_reply_to": 105, "type": "unlock_read_ok", "code": 20}}
DEBUG:root:sending {"dest": "n2", "src": "n1", "body": {"msg_id": 110, "in_reply_to": 111, "type": "noKeyCas"}}
INFO:root:server n0 reading from 1
DEBUG:root:sending {"dest": "n0", "src": "n1", "body": {"msg_id": 111, "in_reply_to": 103, "type": "error_read_lock", "text": "already_locked"}}
DEBUG:root:sending {"dest": "n0", "src": "n1", "body": {"msg_id": 112, "in_reply_to": 105, "type": "error_cas_lock", "text": "already locked"}}
DEBUG:root:received {"id":376,"src":"n0","dest":"n1","body":{"msg_id":106,"in_reply_to":106,"type":"unlock_read_ok","code":20}}
DEBUG:root:received {"id":381,"src":"n1","dest":"n1","body":{"msg_id":108,"type":"unlock_cas","code":20}}
DEBUG:root:sending {"dest": "n1", "src": "n1", "body": {"msg_id": 113, "in_reply_to": 108, "type": "unlock_cas_ok", "code": 20}}
DEBUG:root:received {"id":384,"src":"n1","dest":"n1","body":{"msg_id":109,"in_reply_to":105,"type":"unlock_read_ok","code":20}}
DEBUG:root:sending {"dest": "c7", "src": "n1", "body": {"msg_id": 114, "in_reply_to": 8, "type": "error", "code": 20, "text": "not found"}}
DEBUG:root:received {"id":389,"src":"n1","dest":"n1","body":{"msg_id":113,"in_reply_to":108,"type":"unlock_cas_ok","code":20}}
DEBUG:root:received {"id":401,"src":"c7","dest":"n1","body":{"key":1,"type":"read","msg_id":9}}
DEBUG:root:received {"id":390,"src":"n2","dest":"n1","body":{"msg_id":117,"in_reply_to":107,"type":"unlock_cas_ok","code":20}}
INFO:root:node c7 reading from 1
DEBUG:root:sending {"dest": "n0", "src": "n1", "body": {"msg_id": 115, "type": "read_server", "key": 1}}
DEBUG:root:received {"id":393,"src":"n2","dest":"n1","body":{"msg_id":119,"type":"read_server","key":1}}
DEBUG:root:sending {"dest": "n2", "src": "n1", "body": {"msg_id": 116, "type": "read_server", "key": 1}}
DEBUG:root:received {"id":397,"src":"n2","dest":"n1","body":{"msg_id":121,"type":"unlock"}}
DEBUG:root:sending {"dest": "c11", "src": "n1", "body": {"msg_id": 117, "in_reply_to": 7, "type": "error", "code": 20, "text": "not found"}}
DEBUG:root:received {"id":398,"src":"n0","dest":"n1","body":{"msg_id":110,"type":"unlock"}}
INFO:root:server n2 reading from 1
DEBUG:root:sending {"dest": "n2", "src": "n1", "body": {"msg_id": 118, "in_reply_to": 119, "type": "error_read", "code": 20, "text": "not found"}}
DEBUG:root:received {"id":409,"src":"n0","dest":"n1","body":{"msg_id":112,"type":"read_lock","key":1,"value":4}}
DEBUG:root:sending {"dest": "n0", "src": "n1", "body": {"msg_id": 119, "in_reply_to": 112, "type": "noKey", "text": "not found"}}
DEBUG:root:received {"id":416,"src":"c11","dest":"n1","body":{"key":1,"from":4,"to":3,"type":"cas","msg_id":8}}
DEBUG:root:received {"id":412,"src":"n2","dest":"n1","body":{"msg_id":125,"type":"cas_lock","key":1,"from":2,"to":3}}
DEBUG:root:received {"id":415,"src":"n0","dest":"n1","body":{"msg_id":115,"type":"read_server","key":1}}
INFO:root:node c11 comparing and setting
DEBUG:root:sending {"dest": "n0", "src": "n1", "body": {"msg_id": 120, "type": "cas_lock", "key": 1, "from": 4, "to": 3}}
DEBUG:root:sending {"dest": "n1", "src": "n1", "body": {"msg_id": 121, "type": "cas_lock", "key": 1, "from": 4, "to": 3}}
DEBUG:root:sending {"dest": "n2", "src": "n1", "body": {"msg_id": 122, "in_reply_to": 125, "type": "error_cas_lock", "text": "already locked"}}
INFO:root:server n0 reading from 1
DEBUG:root:sending {"dest": "n0", "src": "n1", "body": {"msg_id": 123, "in_reply_to": 115, "type": "error_read_lock", "text": "already_locked"}}
DEBUG:root:received {"id":417,"src":"n0","dest":"n1","body":{"msg_id":116,"in_reply_to":115,"type":"error_read","code":20,"text":"not found"}}
DEBUG:root:received {"id":418,"src":"n2","dest":"n1","body":{"msg_id":126,"in_reply_to":116,"type":"error_read","code":20,"text":"not found"}}
DEBUG:root:sending {"dest": "n0", "src": "n1", "body": {"msg_id": 124, "type": "unlock_read", "code": 20}}
DEBUG:root:sending {"dest": "n2", "src": "n1", "body": {"msg_id": 125, "type": "unlock_read", "code": 20}}
DEBUG:root:received {"id":424,"src":"n2","dest":"n1","body":{"msg_id":129,"type":"unlock_read","code":20}}
DEBUG:root:received {"id":425,"src":"n1","dest":"n1","body":{"msg_id":121,"type":"cas_lock","key":1,"from":4,"to":3}}
DEBUG:root:sending {"dest": "n2", "src": "n1", "body": {"msg_id": 126, "in_reply_to": 129, "type": "unlock_read_ok", "code": 20}}
DEBUG:root:sending {"dest": "n1", "src": "n1", "body": {"msg_id": 127, "in_reply_to": 121, "type": "noKeyCas"}}
DEBUG:root:received {"id":431,"src":"n0","dest":"n1","body":{"msg_id":118,"type":"unlock"}}
DEBUG:root:received {"id":436,"src":"n2","dest":"n1","body":{"msg_id":133,"type":"unlock"}}
DEBUG:root:received {"id":438,"src":"n0","dest":"n1","body":{"msg_id":120,"in_reply_to":120,"type":"error_cas_lock","text":"already locked"}}
DEBUG:root:received {"id":437,"src":"n1","dest":"n1","body":{"msg_id":127,"in_reply_to":121,"type":"noKeyCas"}}
DEBUG:root:sending {"dest": "n0", "src": "n1", "body": {"msg_id": 128, "type": "unlock"}}
DEBUG:root:sending {"dest": "n1", "src": "n1", "body": {"msg_id": 129, "type": "unlock"}}
DEBUG:root:sending {"dest": "c11", "src": "n1", "body": {"msg_id": 130, "in_reply_to": 8, "type": "error", "code": 11, "text": "locked state"}}
DEBUG:root:received {"id":444,"src":"n2","dest":"n1","body":{"msg_id":135,"in_reply_to":125,"type":"unlock_read_ok","code":20}}
DEBUG:root:received {"id":457,"src":"c11","dest":"n1","body":{"key":1,"value":1,"type":"write","msg_id":9}}
DEBUG:root:received {"id":445,"src":"n2","dest":"n1","body":{"msg_id":136,"type":"cas_lock","key":1,"from":3,"to":3}}
DEBUG:root:received {"id":446,"src":"n0","dest":"n1","body":{"msg_id":122,"in_reply_to":124,"type":"unlock_read_ok","code":20}}
INFO:root:node c11 writing to 1
DEBUG:root:sending {"dest": "n1", "src": "n1", "body": {"msg_id": 131, "type": "read_lock", "key": 1, "value": 1}}
DEBUG:root:sending {"dest": "n0", "src": "n1", "body": {"msg_id": 132, "type": "read_lock", "key": 1, "value": 1}}
DEBUG:root:sending {"dest": "n2", "src": "n1", "body": {"msg_id": 133, "in_reply_to": 136, "type": "noKeyCas"}}
DEBUG:root:received {"id":451,"src":"n0","dest":"n1","body":{"msg_id":125,"type":"read_server","key":1}}
DEBUG:root:sending {"dest": "c7", "src": "n1", "body": {"msg_id": 134, "in_reply_to": 9, "type": "error", "code": 20, "text": "not found"}}
DEBUG:root:received {"id":453,"src":"n1","dest":"n1","body":{"msg_id":129,"type":"unlock"}}
INFO:root:server n0 reading from 1
DEBUG:root:sending {"dest": "n0", "src": "n1", "body": {"msg_id": 135, "in_reply_to": 125, "type": "error_read_lock", "text": "already_locked"}}
DEBUG:root:received {"id":458,"src":"n1","dest":"n1","body":{"msg_id":131,"type":"read_lock","key":1,"value":1}}
DEBUG:root:sending {"dest": "n1", "src": "n1", "body": {"msg_id": 136, "in_reply_to": 131, "type": "noKey", "text": "not found"}}
DEBUG:root:received {"id":469,"src":"c7","dest":"n1","body":{"key":1,"type":"read","msg_id":10}}
INFO:root:node c7 reading from 1
DEBUG:root:sending {"dest": "n2", "src": "n1", "body": {"msg_id": 137, "type": "read_server", "key": 1}}
DEBUG:root:sending {"dest": "n1", "src": "n1", "body": {"msg_id": 138, "type": "read_server", "key": 1}}
DEBUG:root:received {"id":470,"src":"n1","dest":"n1","body":{"msg_id":136,"in_reply_to":131,"type":"noKey","text":"not found"}}
DEBUG:root:received {"id":471,"src":"n0","dest":"n1","body":{"msg_id":129,"in_reply_to":132,"type":"error_write_lock","text":"already locked"}}
DEBUG:root:sending {"dest": "n1", "src": "n1", "body": {"msg_id": 139, "type": "unlock"}}
DEBUG:root:sending {"dest": "c11", "src": "n1", "body": {"msg_id": 140, "in_reply_to": 9, "type": "error", "code": 11, "text": "locked_state"}}
DEBUG:root:received {"id":475,"src":"n1","dest":"n1","body":{"msg_id":138,"type":"read_server","key":1}}
DEBUG:root:received {"id":476,"src":"n2","dest":"n1","body":{"msg_id":145,"type":"unlock_cas","code":20}}
INFO:root:server n1 reading from 1
DEBUG:root:sending {"dest": "n1", "src": "n1", "body": {"msg_id": 141, "in_reply_to": 138, "type": "error_read_lock", "text": "already_locked"}}
DEBUG:root:sending {"dest": "n2", "src": "n1", "body": {"msg_id": 142, "in_reply_to": 145, "type": "unlock_cas_ok", "code": 20}}
DEBUG:root:received {"id":484,"src":"n1","dest":"n1","body":{"msg_id":139,"type":"unlock"}}
DEBUG:root:received {"id":495,"src":"c11","dest":"n1","body":{"key":1,"from":1,"to":1,"type":"cas","msg_id":10}}
DEBUG:root:received {"id":485,"src":"n2","dest":"n1","body":{"msg_id":146,"in_reply_to":137,"type":"error_read_lock","text":"already_locked"}}
INFO:root:node c11 comparing and setting
DEBUG:root:sending {"dest": "n2", "src": "n1", "body": {"msg_id": 143, "type": "cas_lock", "key": 1, "from": 1, "to": 1}}
DEBUG:root:received {"id":489,"src":"n1","dest":"n1","body":{"msg_id":141,"in_reply_to":138,"type":"error_read_lock","text":"already_locked"}}
DEBUG:root:sending {"dest": "n1", "src": "n1", "body": {"msg_id": 144, "type": "cas_lock", "key": 1, "from": 1, "to": 1}}
DEBUG:root:sending {"dest": "c7", "src": "n1", "body": {"msg_id": 145, "in_reply_to": 10, "type": "error", "code": 11, "text": "locked state"}}
DEBUG:root:received {"id":499,"src":"n1","dest":"n1","body":{"msg_id":144,"type":"cas_lock","key":1,"from":1,"to":1}}
DEBUG:root:received {"id":507,"src":"c7","dest":"n1","body":{"key":1,"type":"read","msg_id":11}}
DEBUG:root:sending {"dest": "n1", "src": "n1", "body": {"msg_id": 146, "in_reply_to": 144, "type": "noKeyCas"}}
INFO:root:node c7 reading from 1
DEBUG:root:sending {"dest": "n1", "src": "n1", "body": {"msg_id": 147, "type": "read_server", "key": 1}}
DEBUG:root:sending {"dest": "n0", "src": "n1", "body": {"msg_id": 148, "type": "read_server", "key": 1}}
DEBUG:root:received {"id":503,"src":"n2","dest":"n1","body":{"msg_id":150,"type":"read_server","key":1}}
INFO:root:server n2 reading from 1
DEBUG:root:sending {"dest": "n2", "src": "n1", "body": {"msg_id": 149, "in_reply_to": 150, "type": "error_read_lock", "text": "already_locked"}}
DEBUG:root:received {"id":509,"src":"n2","dest":"n1","body":{"msg_id":154,"in_reply_to":143,"type":"error_cas_lock","text":"already locked"}}
DEBUG:root:received {"id":510,"src":"n1","dest":"n1","body":{"msg_id":146,"in_reply_to":144,"type":"noKeyCas"}}
DEBUG:root:received {"id":512,"src":"n2","dest":"n1","body":{"msg_id":156,"type":"cas_lock","key":1,"from":0,"to":4}}
DEBUG:root:received {"id":513,"src":"n1","dest":"n1","body":{"msg_id":147,"type":"read_server","key":1}}
DEBUG:root:sending {"dest": "n2", "src": "n1", "body": {"msg_id": 150, "type": "unlock"}}
DEBUG:root:sending {"dest": "n1", "src": "n1", "body": {"msg_id": 151, "type": "unlock"}}
DEBUG:root:sending {"dest": "c11", "src": "n1", "body": {"msg_id": 152, "in_reply_to": 10, "type": "error", "code": 11, "text": "locked state"}}
DEBUG:root:sending {"dest": "n2", "src": "n1", "body": {"msg_id": 153, "in_reply_to": 156, "type": "error_cas_lock", "text": "already locked"}}
INFO:root:server n1 reading from 1
DEBUG:root:sending {"dest": "n1", "src": "n1", "body": {"msg_id": 154, "in_reply_to": 147, "type": "error_read_lock", "text": "already_locked"}}
DEBUG:root:received {"id":523,"src":"n1","dest":"n1","body":{"msg_id":151,"type":"unlock"}}
DEBUG:root:received {"id":533,"src":"c11","dest":"n1","body":{"key":2,"value":2,"type":"write","msg_id":11}}
INFO:root:node c11 writing to 2
DEBUG:root:received {"id":528,"src":"n1","dest":"n1","body":{"msg_id":154,"in_reply_to":147,"type":"error_read_lock","text":"already_locked"}}
DEBUG:root:sending {"dest": "n0", "src": "n1", "body": {"msg_id": 155, "type": "read_lock", "key": 2, "value": 2}}
DEBUG:root:received {"id":531,"src":"n0","dest":"n1","body":{"msg_id":148,"in_reply_to":148,"type":"error_read_lock","text":"already_locked"}}
DEBUG:root:sending {"dest": "n1", "src": "n1", "body": {"msg_id": 156, "type": "read_lock", "key": 2, "value": 2}}
DEBUG:root:sending {"dest": "c7", "src": "n1", "body": {"msg_id": 157, "in_reply_to": 11, "type": "error", "code": 11, "text": "locked state"}}
DEBUG:root:received {"id":538,"src":"n1","dest":"n1","body":{"msg_id":156,"type":"read_lock","key":2,"value":2}}
DEBUG:root:received {"id":547,"src":"c7","dest":"n1","body":{"key":2,"type":"read","msg_id":12}}
DEBUG:root:received {"id":539,"src":"n2","dest":"n1","body":{"msg_id":160,"type":"read_server","key":2}}
DEBUG:root:received {"id":544,"src":"n2","dest":"n1","body":{"msg_id":163,"type":"unlock"}}
DEBUG:root:sending {"dest": "n1", "src": "n1", "body": {"msg_id": 158, "in_reply_to": 156, "type": "noKey", "text": "not found"}}
INFO:root:node c7 reading from 2
DEBUG:root:received {"id":550,"src":"n2","dest":"n1","body":{"msg_id":166,"type":"cas_lock","key":2,"from":4,"to":2}}
DEBUG:root:sending {"dest": "n1", "src": "n1", "body": {"msg_id": 159, "type": "read_server", "key": 2}}
DEBUG:root:sending {"dest": "n0", "src": "n1", "body": {"msg_id": 160, "type": "read_server", "key": 2}}
INFO:root:server n2 reading from 2
DEBUG:root:sending {"dest": "n2", "src": "n1", "body": {"msg_id": 161, "in_reply_to": 160, "type": "error_read_lock", "text": "already_locked"}}
DEBUG:root:sending {"dest": "n2", "src": "n1", "body": {"msg_id": 162, "in_reply_to": 166, "type": "noKeyCas"}}
DEBUG:root:received {"id":551,"src":"n1","dest":"n1","body":{"msg_id":158,"in_reply_to":156,"type":"noKey","text":"not found"}}
DEBUG:root:received {"id":553,"src":"n0","dest":"n1","body":{"msg_id":152,"type":"read_lock","key":2,"value":3}}
DEBUG:root:received {"id":554,"src":"n1","dest":"n1","body":{"msg_id":159,"type":"read_server","key":2}}
DEBUG:root:sending {"dest": "n0", "src": "n1", "body": {"msg_id": 163, "in_reply_to": 152, "type": "error_write_lock", "text": "already locked"}}
INFO:root:server n1 reading from 2
DEBUG:root:sending {"dest": "n1", "src": "n1", "body": {"msg_id": 164, "in_reply_to": 159, "type": "error_read_lock", "text": "already_locked"}}
DEBUG:root:received {"id":560,"src":"n0","dest":"n1","body":{"msg_id":155,"in_reply_to":155,"type":"error_write_lock","text":"already locked"}}
DEBUG:root:sending {"dest": "n1", "src": "n1", "body": {"msg_id": 165, "type": "unlock"}}
DEBUG:root:sending {"dest": "c11", "src": "n1", "body": {"msg_id": 166, "in_reply_to": 11, "type": "error", "code": 11, "text": "locked_state"}}
DEBUG:root:received {"id":565,"src":"n1","dest":"n1","body":{"msg_id":164,"in_reply_to":159,"type":"error_read_lock","text":"already_locked"}}
DEBUG:root:received {"id":575,"src":"c11","dest":"n1","body":{"key":2,"from":2,"to":2,"type":"cas","msg_id":12}}
INFO:root:node c11 comparing and setting
DEBUG:root:sending {"dest": "n0", "src": "n1", "body": {"msg_id": 167, "type": "cas_lock", "key": 2, "from": 2, "to": 2}}
DEBUG:root:received {"id":566,"src":"n1","dest":"n1","body":{"msg_id":165,"type":"unlock"}}
DEBUG:root:sending {"dest": "n2", "src": "n1", "body": {"msg_id": 168, "type": "cas_lock", "key": 2, "from": 2, "to": 2}}
DEBUG:root:received {"id":567,"src":"n0","dest":"n1","body":{"msg_id":159,"in_reply_to":160,"type":"error_read_lock","text":"already_locked"}}
DEBUG:root:received {"id":570,"src":"n2","dest":"n1","body":{"msg_id":169,"type":"unlock"}}
DEBUG:root:sending {"dest": "c7", "src": "n1", "body": {"msg_id": 169, "in_reply_to": 12, "type": "error", "code": 11, "text": "locked state"}}
DEBUG:root:received {"id":585,"src":"n2","dest":"n1","body":{"msg_id":174,"type":"cas_lock","key":2,"from":3,"to":1}}
DEBUG:root:received {"id":590,"src":"c7","dest":"n1","body":{"key":2,"type":"read","msg_id":13}}
DEBUG:root:received {"id":587,"src":"n2","dest":"n1","body":{"msg_id":175,"type":"read_server","key":2}}
DEBUG:root:sending {"dest": "n2", "src": "n1", "body": {"msg_id": 170, "in_reply_to": 174, "type": "noKeyCas"}}
INFO:root:node c7 reading from 2
DEBUG:root:sending {"dest": "n2", "src": "n1", "body": {"msg_id": 171, "type": "read_server", "key": 2}}
DEBUG:root:sending {"dest": "n1", "src": "n1", "body": {"msg_id": 172, "type": "read_server", "key": 2}}
INFO:root:server n2 reading from 2
DEBUG:root:sending {"dest": "n2", "src": "n1", "body": {"msg_id": 173, "in_reply_to": 175, "type": "error_read_lock", "text": "already_locked"}}
DEBUG:root:received {"id":591,"src":"n0","dest":"n1","body":{"msg_id":164,"type":"cas_lock","key":2,"from":3,"to":3}}
DEBUG:root:sending {"dest": "n0", "src": "n1", "body": {"msg_id": 174, "in_reply_to": 164, "type": "error_cas_lock", "text": "already locked"}}
DEBUG:root:received {"id":592,"src":"n2","dest":"n1","body":{"msg_id":177,"in_reply_to":168,"type":"noKeyCas"}}
DEBUG:root:received {"id":595,"src":"n0","dest":"n1","body":{"msg_id":167,"type":"read_server","key":2}}
DEBUG:root:received {"id":597,"src":"n0","dest":"n1","body":{"msg_id":168,"in_reply_to":167,"type":"noKeyCas"}}
INFO:root:server n0 reading from 2
DEBUG:root:received {"id":601,"src":"n1","dest":"n1","body":{"msg_id":172,"type":"read_server","key":2}}
DEBUG:root:sending {"dest": "n0", "src": "n1", "body": {"msg_id": 175, "in_reply_to": 167, "type": "error_read_lock", "text": "already_locked"}}
DEBUG:root:sending {"dest": "n2", "src": "n1", "body": {"msg_id": 176, "type": "unlock_cas", "code": 20}}
DEBUG:root:sending {"dest": "n0", "src": "n1", "body": {"msg_id": 177, "type": "unlock_cas", "code": 20}}
INFO:root:server n1 reading from 2
DEBUG:root:sending {"dest": "n1", "src": "n1", "body": {"msg_id": 178, "in_reply_to": 172, "type": "error_read_lock", "text": "already_locked"}}
DEBUG:root:received {"id":610,"src":"n1","dest":"n1","body":{"msg_id":178,"in_reply_to":172,"type":"error_read_lock","text":"already_locked"}}
DEBUG:root:received {"id":611,"src":"n2","dest":"n1","body":{"msg_id":182,"type":"unlock"}}
DEBUG:root:received {"id":613,"src":"n2","dest":"n1","body":{"msg_id":184,"in_reply_to":171,"type":"error_read_lock","text":"already_locked"}}
DEBUG:root:sending {"dest": "c7", "src": "n1", "body": {"msg_id": 179, "in_reply_to": 13, "type": "error", "code": 11, "text": "locked state"}}
DEBUG:root:received {"id":617,"src":"n0","dest":"n1","body":{"msg_id":170,"type":"unlock"}}
DEBUG:root:received {"id":630,"src":"c7","dest":"n1","body":{"key":2,"type":"read","msg_id":14}}
INFO:root:node c7 reading from 2
DEBUG:root:sending {"dest": "n1", "src": "n1", "body": {"msg_id": 180, "type": "read_server", "key": 2}}
DEBUG:root:sending {"dest": "n2", "src": "n1", "body": {"msg_id": 181, "type": "read_server", "key": 2}}
DEBUG:root:received {"id":621,"src":"n2","dest":"n1","body":{"msg_id":186,"in_reply_to":176,"type":"unlock_cas_ok","code":20}}
DEBUG:root:received {"id":622,"src":"n0","dest":"n1","body":{"msg_id":174,"in_reply_to":177,"type":"unlock_cas_ok","code":20}}
DEBUG:root:sending {"dest": "c11", "src": "n1", "body": {"msg_id": 182, "in_reply_to": 12, "type": "error", "code": 20, "text": "not found"}}
DEBUG:root:received {"id":623,"src":"n2","dest":"n1","body":{"msg_id":187,"type":"read_lock","key":2,"value":1}}
DEBUG:root:received {"id":631,"src":"n0","dest":"n1","body":{"msg_id":175,"type":"read_server","key":2}}
DEBUG:root:sending {"dest": "n2", "src": "n1", "body": {"msg_id": 183, "in_reply_to": 187, "type": "noKey", "text": "not found"}}
DEBUG:root:received {"id":633,"src":"n0","dest":"n1","body":{"msg_id":177,"type":"cas_lock","key":2,"from":1,"to":3}}
INFO:root:server n0 reading from 2
DEBUG:root:sending {"dest": "n0", "src": "n1", "body": {"msg_id": 184, "in_reply_to": 175, "type": "error_read_lock", "text": "already_locked"}}
DEBUG:root:sending {"dest": "n0", "src": "n1", "body": {"msg_id": 185, "in_reply_to": 177, "type": "error_cas_lock", "text": "already locked"}}
DEBUG:root:received {"id":635,"src":"n1","dest":"n1","body":{"msg_id":180,"type":"read_server","key":2}}
DEBUG:root:received {"id":645,"src":"c11","dest":"n1","body":{"key":2,"from":2,"to":0,"type":"cas","msg_id":13}}
INFO:root:server n1 reading from 2
DEBUG:root:sending {"dest": "n1", "src": "n1", "body": {"msg_id": 186, "in_reply_to": 180, "type": "error_read_lock", "text": "already_locked"}}
INFO:root:node c11 comparing and setting
DEBUG:root:sending {"dest": "n0", "src": "n1", "body": {"msg_id": 187, "type": "cas_lock", "key": 2, "from": 2, "to": 0}}
DEBUG:root:sending {"dest": "n1", "src": "n1", "body": {"msg_id": 188, "type": "cas_lock", "key": 2, "from": 2, "to": 0}}
DEBUG:root:received {"id":647,"src":"n2","dest":"n1","body":{"msg_id":193,"in_reply_to":181,"type":"error_read_lock","text":"already_locked"}}
DEBUG:root:received {"id":648,"src":"n1","dest":"n1","body":{"msg_id":186,"in_reply_to":180,"type":"error_read_lock","text":"already_locked"}}
DEBUG:root:received {"id":650,"src":"n1","dest":"n1","body":{"msg_id":188,"type":"cas_lock","key":2,"from":2,"to":0}}
DEBUG:root:sending {"dest": "c7", "src": "n1", "body": {"msg_id": 189, "in_reply_to": 14, "type": "error", "code": 11, "text": "locked state"}}
DEBUG:root:sending {"dest": "n1", "src": "n1", "body": {"msg_id": 190, "in_reply_to": 188, "type": "error_cas_lock", "text": "already locked"}}
DEBUG:root:received {"id":653,"src":"n2","dest":"n1","body":{"msg_id":196,"type":"write_server","key":2,"value":1,"timestamp":0}}
DEBUG:root:sending {"dest": "n2", "src": "n1", "body": {"msg_id": 191, "in_reply_to": 196, "type": "write_server_ok"}}
DEBUG:root:received {"id":657,"src":"n0","dest":"n1","body":{"msg_id":184,"type":"unlock"}}
DEBUG:root:received {"id":662,"src":"n0","dest":"n1","body":{"msg_id":186,"in_reply_to":187,"type":"error_cas_lock","text":"already locked"}}
DEBUG:root:received {"id":669,"src":"c7","dest":"n1","body":{"key":2,"type":"read","msg_id":15}}
DEBUG:root:received {"id":664,"src":"n1","dest":"n1","body":{"msg_id":190,"in_reply_to":188,"type":"error_cas_lock","text":"already locked"}}
DEBUG:root:received {"id":665,"src":"n0","dest":"n1","body":{"msg_id":187,"type":"read_server","key":2}}
DEBUG:root:received {"id":667,"src":"n0","dest":"n1","body":{"msg_id":189,"type":"cas_lock","key":2,"from":2,"to":1}}
INFO:root:node c7 reading from 2
DEBUG:root:sending {"dest": "n1", "src": "n1", "body": {"msg_id": 192, "type": "read_server", "key": 2}}
DEBUG:root:sending {"dest": "n0", "src": "n1", "body": {"msg_id": 193, "type": "read_server", "key": 2}}
DEBUG:root:sending {"dest": "n0", "src": "n1", "body": {"msg_id": 194, "type": "unlock"}}
DEBUG:root:sending {"dest": "n1", "src": "n1", "body": {"msg_id": 195, "type": "unlock"}}
DEBUG:root:sending {"dest": "c11", "src": "n1", "body": {"msg_id": 196, "in_reply_to": 13, "type": "error", "code": 11, "text": "locked state"}}
INFO:root:server n0 reading from 2
DEBUG:root:sending {"dest": "n0", "src": "n1", "body": {"msg_id": 197, "in_reply_to": 187, "type": "read_server_ok", "value": {"value": 1, "timestamp": 0}}}
DEBUG:root:sending {"dest": "n0", "src": "n1", "body": {"msg_id": 198, "in_reply_to": 189, "type": "error_cas_lock", "text": "already locked"}}
DEBUG:root:received {"id":675,"src":"n1","dest":"n1","body":{"msg_id":192,"type":"read_server","key":2}}
INFO:root:server n1 reading from 2
DEBUG:root:sending {"dest": "n1", "src": "n1", "body": {"msg_id": 199, "in_reply_to": 192, "type": "error_read_lock", "text": "already_locked"}}
DEBUG:root:received {"id":686,"src":"c11","dest":"n1","body":{"key":2,"value":3,"type":"write","msg_id":14}}
DEBUG:root:received {"id":679,"src":"n1","dest":"n1","body":{"msg_id":195,"type":"unlock"}}
INFO:root:node c11 writing to 2
DEBUG:root:sending {"dest": "n2", "src": "n1", "body": {"msg_id": 200, "type": "read_lock", "key": 2, "value": 3}}
DEBUG:root:sending {"dest": "n1", "src": "n1", "body": {"msg_id": 201, "type": "read_lock", "key": 2, "value": 3}}
DEBUG:root:received {"id":688,"src":"n1","dest":"n1","body":{"msg_id":199,"in_reply_to":192,"type":"error_read_lock","text":"already_locked"}}
DEBUG:root:received {"id":689,"src":"n0","dest":"n1","body":{"msg_id":192,"in_reply_to":193,"type":"error_read_lock","text":"already_locked"}}
DEBUG:root:sending {"dest": "c7", "src": "n1", "body": {"msg_id": 202, "in_reply_to": 15, "type": "error", "code": 11, "text": "locked state"}}
DEBUG:root:received {"id":691,"src":"n1","dest":"n1","body":{"msg_id":201,"type":"read_lock","key":2,"value":3}}
DEBUG:root:received {"id":693,"src":"n0","dest":"n1","body":{"msg_id":194,"type":"unlock_read","code":0,"value":1}}
DEBUG:root:sending {"dest": "n1", "src": "n1", "body": {"msg_id": 203, "in_reply_to": 201, "type": "lock_ok", "value": {"value": 1, "timestamp": 0}}}
DEBUG:root:sending {"dest": "n0", "src": "n1", "body": {"msg_id": 204, "in_reply_to": 194, "type": "unlock_read_ok", "code": 0, "value": 1}}
DEBUG:root:received {"id":696,"src":"n0","dest":"n1","body":{"msg_id":196,"type":"unlock"}}
DEBUG:root:received {"id":698,"src":"n2","dest":"n1","body":{"msg_id":206,"type":"read_lock","key":2,"value":4}}
DEBUG:root:sending {"dest": "n2", "src": "n1", "body": {"msg_id": 205, "in_reply_to": 206, "type": "lock_ok", "value": {"value": 1, "timestamp": 0}}}
DEBUG:root:received {"id":704,"src":"n1","dest":"n1","body":{"msg_id":203,"in_reply_to":201,"type":"lock_ok","value":{"value":1,"timestamp":0}}}
DEBUG:root:received {"id":708,"src":"c7","dest":"n1","body":{"key":2,"type":"read","msg_id":16}}
INFO:root:node c7 reading from 2
DEBUG:root:sending {"dest": "n1", "src": "n1", "body": {"msg_id": 206, "type": "read_server", "key": 2}}
DEBUG:root:sending {"dest": "n0", "src": "n1", "body": {"msg_id": 207, "type": "read_server", "key": 2}}
DEBUG:root:received {"id":706,"src":"n2","dest":"n1","body":{"msg_id":209,"in_reply_to":200,"type":"error_write_lock","text":"already locked"}}
DEBUG:root:sending {"dest": "n1", "src": "n1", "body": {"msg_id": 208, "type": "unlock"}}
DEBUG:root:sending {"dest": "c11", "src": "n1", "body": {"msg_id": 209, "in_reply_to": 14, "type": "error", "code": 11, "text": "locked_state"}}
DEBUG:root:received {"id":709,"src":"n2","dest":"n1","body":{"msg_id":210,"type":"read_server","key":2}}
DEBUG:root:received {"id":710,"src":"n0","dest":"n1","body":{"msg_id":199,"type":"cas_lock","key":2,"from":1,"to":2}}
INFO:root:server n2 reading from 2
DEBUG:root:sending {"dest": "n2", "src": "n1", "body": {"msg_id": 210, "in_reply_to": 210, "type": "error_read_lock", "text": "already_locked"}}
DEBUG:root:sending {"dest": "n0", "src": "n1", "body": {"msg_id": 211, "in_reply_to": 199, "type": "error_cas_lock", "text": "already locked"}}
DEBUG:root:received {"id":715,"src":"n1","dest":"n1","body":{"msg_id":206,"type":"read_server","key":2}}
DEBUG:root:received {"id":722,"src":"c11","dest":"n1","body":{"key":2,"from":1,"to":4,"type":"cas","msg_id":15}}
DEBUG:root:received {"id":717,"src":"n1","dest":"n1","body":{"msg_id":208,"type":"unlock"}}
INFO:root:server n1 reading from 2
DEBUG:root:received {"id":724,"src":"n2","dest":"n1","body":{"msg_id":214,"type":"write_server","key":2,"value":4,"timestamp":1}}
DEBUG:root:sending {"dest": "n1", "src": "n1", "body": {"msg_id": 212, "in_reply_to": 206, "type": "error_read_lock", "text": "already_locked"}}
INFO:root:node c11 comparing and setting
DEBUG:root:sending {"dest": "n1", "src": "n1", "body": {"msg_id": 213, "type": "cas_lock", "key": 2, "from": 1, "to": 4}}
DEBUG:root:sending {"dest": "n0", "src": "n1", "body": {"msg_id": 214, "type": "cas_lock", "key": 2, "from": 1, "to": 4}}
DEBUG:root:sending {"dest": "n2", "src": "n1", "body": {"msg_id": 215, "in_reply_to": 214, "type": "write_server_ok"}}
DEBUG:root:received {"id":728,"src":"n0","dest":"n1","body":{"msg_id":203,"in_reply_to":207,"type":"error_read_lock","text":"already_locked"}}
DEBUG:root:received {"id":732,"src":"n1","dest":"n1","body":{"msg_id":212,"in_reply_to":206,"type":"error_read_lock","text":"already_locked"}}
DEBUG:root:sending {"dest": "c7", "src": "n1", "body": {"msg_id": 216, "in_reply_to": 16, "type": "error", "code": 11, "text": "locked state"}}
DEBUG:root:received {"id":733,"src":"n1","dest":"n1","body":{"msg_id":213,"type":"cas_lock","key":2,"from":1,"to":4}}
DEBUG:root:received {"id":738,"src":"n0","dest":"n1","body":{"msg_id":207,"type":"unlock"}}
DEBUG:root:sending {"dest": "n1", "src": "n1", "body": {"msg_id": 217, "in_reply_to": 213, "type": "noMatch"}}
DEBUG:root:received {"id":745,"src":"n1","dest":"n1","body":{"msg_id":217,"in_reply_to":213,"type":"noMatch"}}
DEBUG:root:received {"id":753,"src":"c7","dest":"n1","body":{"key":2,"type":"read","msg_id":17}}
DEBUG:root:received {"id":749,"src":"n0","dest":"n1","body":{"msg_id":212,"type":"read_lock","key":2,"value":4}}
DEBUG:root:received {"id":750,"src":"n0","dest":"n1","body":{"msg_id":213,"in_reply_to":214,"type":"noMatch"}}
INFO:root:node c7 reading from 2
DEBUG:root:sending {"dest": "n2", "src": "n1", "body": {"msg_id": 218, "type": "read_server", "key": 2}}
DEBUG:root:sending {"dest": "n1", "src": "n1", "body": {"msg_id": 219, "type": "read_server", "key": 2}}
DEBUG:root:sending {"dest": "n0", "src": "n1", "body": {"msg_id": 220, "in_reply_to": 212, "type": "lock_ok", "value": {"value": 4, "timestamp": 1}}}
DEBUG:root:sending {"dest": "n1", "src": "n1", "body": {"msg_id": 221, "type": "unlock_cas", "code": 22}}
DEBUG:root:sending {"dest": "n0", "src": "n1", "body": {"msg_id": 222, "type": "unlock_cas", "code": 22}}
DEBUG:root:received {"id":760,"src":"n2","dest":"n1","body":{"msg_id":223,"type":"cas_lock","key":2,"from":1,"to":1}}
DEBUG:root:received {"id":761,"src":"n1","dest":"n1","body":{"msg_id":219,"type":"read_server","key":2}}
DEBUG:root:received {"id":764,"src":"n1","dest":"n1","body":{"msg_id":221,"type":"unlock_cas","code":22}}
DEBUG:root:sending {"dest": "n2", "src": "n1", "body": {"msg_id": 223, "in_reply_to": 223, "type": "error_cas_lock", "text": "already locked"}}
INFO:root:server n1 reading from 2
DEBUG:root:sending {"dest": "n1", "src": "n1", "body": {"msg_id": 224, "in_reply_to": 219, "type": "error_read_lock", "text": "already_locked"}}
DEBUG:root:sending {"dest": "n1", "src": "n1", "body": {"msg_id": 225, "in_reply_to": 221, "type": "unlock_cas_ok", "code": 22}}
DEBUG:root:received {"id":768,"src":"n2","dest":"n1","body":{"msg_id":226,"in_reply_to":218,"type":"error_read_lock","text":"already_locked"}}
DEBUG:root:received {"id":770,"src":"n1","dest":"n1","body":{"msg_id":224,"in_reply_to":219,"type":"error_read_lock","text":"already_locked"}}
DEBUG:root:received {"id":771,"src":"n1","dest":"n1","body":{"msg_id":225,"in_reply_to":221,"type":"unlock_cas_ok","code":22}}
DEBUG:root:sending {"dest": "c7", "src": "n1", "body": {"msg_id": 226, "in_reply_to": 17, "type": "error", "code": 11, "text": "locked state"}}
DEBUG:root:received {"id":776,"src":"n0","dest":"n1","body":{"msg_id":220,"type":"write_server","key":2,"value":4,"timestamp":2}}
DEBUG:root:sending {"dest": "n0", "src": "n1", "body": {"msg_id": 227, "in_reply_to": 220, "type": "write_server_ok"}}
DEBUG:root:received {"id":778,"src":"n0","dest":"n1","body":{"msg_id":222,"in_reply_to":222,"type":"unlock_cas_ok","code":22}}
DEBUG:root:received {"id":787,"src":"c7","dest":"n1","body":{"key":2,"type":"read","msg_id":18}}
DEBUG:root:sending {"dest": "c11", "src": "n1", "body": {"msg_id": 228, "in_reply_to": 15, "type": "error", "code": 22, "text": "does not match"}}
INFO:root:node c7 reading from 2
DEBUG:root:sending {"dest": "n1", "src": "n1", "body": {"msg_id": 229, "type": "read_server", "key": 2}}
DEBUG:root:sending {"dest": "n2", "src": "n1", "body": {"msg_id": 230, "type": "read_server", "key": 2}}
DEBUG:root:received {"id":788,"src":"n2","dest":"n1","body":{"msg_id":232,"type":"unlock"}}
DEBUG:root:received {"id":794,"src":"c11","dest":"n1","body":{"key":2,"from":4,"to":3,"type":"cas","msg_id":16}}
INFO:root:node c11 comparing and setting
DEBUG:root:sending {"dest": "n1", "src": "n1", "body": {"msg_id": 231, "type": "cas_lock", "key": 2, "from": 4, "to": 3}}
DEBUG:root:received {"id":791,"src":"n1","dest":"n1","body":{"msg_id":229,"type":"read_server","key":2}}
DEBUG:root:sending {"dest": "n2", "src": "n1", "body": {"msg_id": 232, "type": "cas_lock", "key": 2, "from": 4, "to": 3}}
INFO:root:server n1 reading from 2
DEBUG:root:sending {"dest": "n1", "src": "n1", "body": {"msg_id": 233, "in_reply_to": 229, "type": "read_server_ok", "value": {"value": 4, "timestamp": 2}}}
DEBUG:root:received {"id":802,"src":"n1","dest":"n1","body":{"msg_id":231,"type":"cas_lock","key":2,"from":4,"to":3}}
DEBUG:root:received {"id":803,"src":"n2","dest":"n1","body":{"msg_id":237,"in_reply_to":230,"type":"error_read_lock","text":"already_locked"}}
DEBUG:root:sending {"dest": "n1", "src": "n1", "body": {"msg_id": 234, "in_reply_to": 231, "type": "error_cas_lock", "text": "already locked"}}
DEBUG:root:received {"id":806,"src":"n1","dest":"n1","body":{"msg_id":233,"in_reply_to":229,"type":"read_server_ok","value":{"value":4,"timestamp":2}}}
DEBUG:root:sending {"dest": "n1", "src": "n1", "body": {"msg_id": 235, "type": "unlock"}}
DEBUG:root:sending {"dest": "c7", "src": "n1", "body": {"msg_id": 236, "in_reply_to": 18, "type": "error", "code": 11, "text": "locked state"}}
DEBUG:root:received {"id":815,"src":"n0","dest":"n1","body":{"msg_id":232,"type":"read_server","key":2}}
INFO:root:server n0 reading from 2
DEBUG:root:sending {"dest": "n0", "src": "n1", "body": {"msg_id": 237, "in_reply_to": 232, "type": "error_read_lock", "text": "already_locked"}}
DEBUG:root:received {"id":816,"src":"n1","dest":"n1","body":{"msg_id":234,"in_reply_to":231,"type":"error_cas_lock","text":"already locked"}}
DEBUG:root:received {"id":817,"src":"n2","dest":"n1","body":{"msg_id":241,"in_reply_to":232,"type":"error_cas_lock","text":"already locked"}}
DEBUG:root:sending {"dest": "n1", "src": "n1", "body": {"msg_id": 238, "type": "unlock"}}
DEBUG:root:sending {"dest": "n2", "src": "n1", "body": {"msg_id": 239, "type": "unlock"}}
DEBUG:root:sending {"dest": "c11", "src": "n1", "body": {"msg_id": 240, "in_reply_to": 16, "type": "error", "code": 11, "text": "locked state"}}
DEBUG:root:received {"id":818,"src":"n1","dest":"n1","body":{"msg_id":235,"type":"unlock"}}
DEBUG:root:received {"id":825,"src":"n1","dest":"n1","body":{"msg_id":238,"type":"unlock"}}
