/home/clock/Mestrado/2Sem/TF/TP/TP1/lin-kv.py:9: DeprecationWarning: the imp module is deprecated in favour of importlib; see the module's documentation for alternative uses
  import imp
DEBUG:root:received {"id":0,"src":"c0","dest":"n2","body":{"type":"init","node_id":"n2","node_ids":["n0","n1","n2"],"msg_id":1}}
INFO:root:node n2 initialized
DEBUG:root:sending {"dest": "c0", "src": "n2", "body": {"msg_id": 1, "in_reply_to": 1, "type": "init_ok"}}
DEBUG:root:received {"id":6,"src":"c6","dest":"n2","body":{"key":0,"type":"read","msg_id":1}}
INFO:root:node c6 reading from 0
DEBUG:root:sending {"dest": "n1", "src": "n2", "body": {"msg_id": 2, "type": "read_server", "key": 0}}
DEBUG:root:sending {"dest": "n2", "src": "n2", "body": {"msg_id": 3, "type": "read_server", "key": 0}}
DEBUG:root:received {"id":8,"src":"n2","dest":"n2","body":{"msg_id":3,"type":"read_server","key":0}}
INFO:root:server n2 reading from 0
DEBUG:root:sending {"dest": "n2", "src": "n2", "body": {"msg_id": 4, "in_reply_to": 3, "type": "error_read", "code": 20, "text": "not found"}}
DEBUG:root:received {"id":10,"src":"c8","dest":"n2","body":{"key":0,"from":3,"to":4,"type":"cas","msg_id":1}}
INFO:root:node c8 comparing and setting
DEBUG:root:sending {"dest": "n1", "src": "n2", "body": {"msg_id": 5, "type": "cas_lock", "key": 0, "from": 3, "to": 4}}
DEBUG:root:sending {"dest": "n2", "src": "n2", "body": {"msg_id": 6, "type": "cas_lock", "key": 0, "from": 3, "to": 4}}
DEBUG:root:received {"id":11,"src":"n2","dest":"n2","body":{"msg_id":4,"in_reply_to":3,"type":"error_read","code":20,"text":"not found"}}
DEBUG:root:received {"id":12,"src":"n1","dest":"n2","body":{"msg_id":2,"in_reply_to":2,"type":"error_read","code":20,"text":"not found"}}
DEBUG:root:received {"id":15,"src":"n2","dest":"n2","body":{"msg_id":6,"type":"cas_lock","key":0,"from":3,"to":4}}
DEBUG:root:sending {"dest": "n2", "src": "n2", "body": {"msg_id": 7, "type": "unlock_read", "code": 20}}
DEBUG:root:sending {"dest": "n1", "src": "n2", "body": {"msg_id": 8, "type": "unlock_read", "code": 20}}
DEBUG:root:sending {"dest": "n2", "src": "n2", "body": {"msg_id": 9, "in_reply_to": 6, "type": "error_cas_lock", "text": "already locked"}}
DEBUG:root:received {"id":18,"src":"n2","dest":"n2","body":{"msg_id":7,"type":"unlock_read","code":20}}
DEBUG:root:received {"id":19,"src":"n1","dest":"n2","body":{"msg_id":5,"in_reply_to":5,"type":"error_cas_lock","text":"already locked"}}
DEBUG:root:sending {"dest": "n2", "src": "n2", "body": {"msg_id": 10, "in_reply_to": 7, "type": "unlock_read_ok", "code": 20}}
DEBUG:root:received {"id":23,"src":"n2","dest":"n2","body":{"msg_id":9,"in_reply_to":6,"type":"error_cas_lock","text":"already locked"}}
DEBUG:root:received {"id":25,"src":"n0","dest":"n2","body":{"msg_id":4,"type":"read_server","key":0}}
DEBUG:root:sending {"dest": "n1", "src": "n2", "body": {"msg_id": 11, "type": "unlock"}}
DEBUG:root:sending {"dest": "n2", "src": "n2", "body": {"msg_id": 12, "type": "unlock"}}
DEBUG:root:sending {"dest": "c8", "src": "n2", "body": {"msg_id": 13, "in_reply_to": 1, "type": "error", "code": 11, "text": "locked state"}}
INFO:root:server n0 reading from 0
DEBUG:root:sending {"dest": "n0", "src": "n2", "body": {"msg_id": 14, "in_reply_to": 4, "type": "error_read", "code": 20, "text": "not found"}}
DEBUG:root:received {"id":28,"src":"n2","dest":"n2","body":{"msg_id":10,"in_reply_to":7,"type":"unlock_read_ok","code":20}}
DEBUG:root:received {"id":41,"src":"c8","dest":"n2","body":{"key":0,"from":4,"to":1,"type":"cas","msg_id":2}}
INFO:root:node c8 comparing and setting
DEBUG:root:sending {"dest": "n2", "src": "n2", "body": {"msg_id": 15, "type": "cas_lock", "key": 0, "from": 4, "to": 1}}
DEBUG:root:received {"id":30,"src":"n2","dest":"n2","body":{"msg_id":12,"type":"unlock"}}
DEBUG:root:received {"id":35,"src":"n0","dest":"n2","body":{"msg_id":7,"type":"read_lock","key":0,"value":4}}
DEBUG:root:sending {"dest": "n0", "src": "n2", "body": {"msg_id": 16, "type": "cas_lock", "key": 0, "from": 4, "to": 1}}
DEBUG:root:sending {"dest": "n0", "src": "n2", "body": {"msg_id": 17, "in_reply_to": 7, "type": "noKey", "text": "not found"}}
DEBUG:root:received {"id":37,"src":"n1","dest":"n2","body":{"msg_id":8,"type":"cas_lock","key":0,"from":2,"to":2}}
DEBUG:root:received {"id":38,"src":"n1","dest":"n2","body":{"msg_id":9,"in_reply_to":8,"type":"unlock_read_ok","code":20}}
DEBUG:root:sending {"dest": "n1", "src": "n2", "body": {"msg_id": 18, "in_reply_to": 8, "type": "error_cas_lock", "text": "already locked"}}
DEBUG:root:sending {"dest": "c6", "src": "n2", "body": {"msg_id": 19, "in_reply_to": 1, "type": "error", "code": 20, "text": "not found"}}
DEBUG:root:received {"id":43,"src":"n2","dest":"n2","body":{"msg_id":15,"type":"cas_lock","key":0,"from":4,"to":1}}
DEBUG:root:received {"id":55,"src":"c6","dest":"n2","body":{"key":0,"type":"read","msg_id":2}}
DEBUG:root:sending {"dest": "n2", "src": "n2", "body": {"msg_id": 20, "in_reply_to": 15, "type": "error_cas_lock", "text": "already locked"}}
INFO:root:node c6 reading from 0
DEBUG:root:sending {"dest": "n0", "src": "n2", "body": {"msg_id": 21, "type": "read_server", "key": 0}}
DEBUG:root:sending {"dest": "n2", "src": "n2", "body": {"msg_id": 22, "type": "read_server", "key": 0}}
DEBUG:root:received {"id":49,"src":"n0","dest":"n2","body":{"msg_id":9,"type":"unlock"}}
DEBUG:root:received {"id":56,"src":"n0","dest":"n2","body":{"msg_id":11,"in_reply_to":16,"type":"noKeyCas"}}
DEBUG:root:received {"id":57,"src":"n2","dest":"n2","body":{"msg_id":20,"in_reply_to":15,"type":"error_cas_lock","text":"already locked"}}
DEBUG:root:received {"id":59,"src":"n2","dest":"n2","body":{"msg_id":22,"type":"read_server","key":0}}
DEBUG:root:sending {"dest": "n0", "src": "n2", "body": {"msg_id": 23, "type": "unlock"}}
DEBUG:root:sending {"dest": "n2", "src": "n2", "body": {"msg_id": 24, "type": "unlock"}}
DEBUG:root:sending {"dest": "c8", "src": "n2", "body": {"msg_id": 25, "in_reply_to": 2, "type": "error", "code": 11, "text": "locked state"}}
INFO:root:server n2 reading from 0
DEBUG:root:received {"id":61,"src":"n0","dest":"n2","body":{"msg_id":13,"type":"read_server","key":0}}
DEBUG:root:sending {"dest": "n2", "src": "n2", "body": {"msg_id": 26, "in_reply_to": 22, "type": "error_read", "code": 20, "text": "not found"}}
DEBUG:root:received {"id":65,"src":"n1","dest":"n2","body":{"msg_id":17,"type":"unlock"}}
INFO:root:server n0 reading from 0
DEBUG:root:received {"id":68,"src":"n0","dest":"n2","body":{"msg_id":16,"type":"write_server","key":0,"value":4,"timestamp":0}}
DEBUG:root:sending {"dest": "n0", "src": "n2", "body": {"msg_id": 27, "in_reply_to": 13, "type": "error_read_lock", "text": "already_locked"}}
DEBUG:root:sending {"dest": "n0", "src": "n2", "body": {"msg_id": 28, "in_reply_to": 16, "type": "write_server_ok"}}
DEBUG:root:received {"id":70,"src":"n0","dest":"n2","body":{"msg_id":17,"in_reply_to":21,"type":"error_read_lock","text":"already_locked"}}
DEBUG:root:received {"id":82,"src":"c8","dest":"n2","body":{"key":0,"from":4,"to":1,"type":"cas","msg_id":3}}
DEBUG:root:received {"id":73,"src":"n2","dest":"n2","body":{"msg_id":24,"type":"unlock"}}
DEBUG:root:received {"id":75,"src":"n2","dest":"n2","body":{"msg_id":26,"in_reply_to":22,"type":"error_read","code":20,"text":"not found"}}
INFO:root:node c8 comparing and setting
DEBUG:root:sending {"dest": "n0", "src": "n2", "body": {"msg_id": 29, "type": "cas_lock", "key": 0, "from": 4, "to": 1}}
DEBUG:root:sending {"dest": "n2", "src": "n2", "body": {"msg_id": 30, "type": "cas_lock", "key": 0, "from": 4, "to": 1}}
DEBUG:root:sending {"dest": "n2", "src": "n2", "body": {"msg_id": 31, "type": "unlock"}}
DEBUG:root:sending {"dest": "c6", "src": "n2", "body": {"msg_id": 32, "in_reply_to": 2, "type": "error", "code": 11, "text": "locked state"}}
DEBUG:root:received {"id":85,"src":"n1","dest":"n2","body":{"msg_id":25,"type":"read_server","key":0}}
DEBUG:root:received {"id":95,"src":"c6","dest":"n2","body":{"key":0,"type":"read","msg_id":3}}
INFO:root:server n1 reading from 0
DEBUG:root:sending {"dest": "n1", "src": "n2", "body": {"msg_id": 33, "in_reply_to": 25, "type": "read_server_ok", "value": {"value": 4, "timestamp": 0}}}
DEBUG:root:received {"id":87,"src":"n2","dest":"n2","body":{"msg_id":30,"type":"cas_lock","key":0,"from":4,"to":1}}
DEBUG:root:received {"id":90,"src":"n2","dest":"n2","body":{"msg_id":31,"type":"unlock"}}
INFO:root:node c6 reading from 0
DEBUG:root:sending {"dest": "n2", "src": "n2", "body": {"msg_id": 34, "type": "read_server", "key": 0}}
DEBUG:root:sending {"dest": "n1", "src": "n2", "body": {"msg_id": 35, "type": "read_server", "key": 0}}
DEBUG:root:sending {"dest": "n2", "src": "n2", "body": {"msg_id": 36, "in_reply_to": 30, "type": "error_cas_lock", "text": "already locked"}}
DEBUG:root:received {"id":97,"src":"n0","dest":"n2","body":{"msg_id":21,"in_reply_to":29,"type":"error_cas_lock","text":"already locked"}}
DEBUG:root:received {"id":101,"src":"n2","dest":"n2","body":{"msg_id":34,"type":"read_server","key":0}}
INFO:root:server n2 reading from 0
DEBUG:root:received {"id":105,"src":"n2","dest":"n2","body":{"msg_id":36,"in_reply_to":30,"type":"error_cas_lock","text":"already locked"}}
DEBUG:root:sending {"dest": "n2", "src": "n2", "body": {"msg_id": 37, "in_reply_to": 34, "type": "read_server_ok", "value": {"value": 4, "timestamp": 0}}}
DEBUG:root:sending {"dest": "n0", "src": "n2", "body": {"msg_id": 38, "type": "unlock"}}
DEBUG:root:sending {"dest": "n2", "src": "n2", "body": {"msg_id": 39, "type": "unlock"}}
DEBUG:root:sending {"dest": "c8", "src": "n2", "body": {"msg_id": 40, "in_reply_to": 3, "type": "error", "code": 11, "text": "locked state"}}
DEBUG:root:received {"id":107,"src":"n0","dest":"n2","body":{"msg_id":24,"type":"read_server","key":0}}
INFO:root:server n0 reading from 0
DEBUG:root:sending {"dest": "n0", "src": "n2", "body": {"msg_id": 41, "in_reply_to": 24, "type": "error_read_lock", "text": "already_locked"}}
DEBUG:root:received {"id":110,"src":"n1","dest":"n2","body":{"msg_id":30,"type":"unlock"}}
DEBUG:root:received {"id":123,"src":"c8","dest":"n2","body":{"key":0,"from":0,"to":2,"type":"cas","msg_id":4}}
INFO:root:node c8 comparing and setting
DEBUG:root:received {"id":113,"src":"n2","dest":"n2","body":{"msg_id":37,"in_reply_to":34,"type":"read_server_ok","value":{"value":4,"timestamp":0}}}
DEBUG:root:sending {"dest": "n0", "src": "n2", "body": {"msg_id": 42, "type": "cas_lock", "key": 0, "from": 0, "to": 2}}
DEBUG:root:received {"id":117,"src":"n2","dest":"n2","body":{"msg_id":39,"type":"unlock"}}
DEBUG:root:sending {"dest": "n1", "src": "n2", "body": {"msg_id": 43, "type": "cas_lock", "key": 0, "from": 0, "to": 2}}
DEBUG:root:received {"id":118,"src":"n1","dest":"n2","body":{"msg_id":33,"in_reply_to":35,"type":"read_server_ok","value":{"value":4,"timestamp":0}}}
DEBUG:root:sending {"dest": "n2", "src": "n2", "body": {"msg_id": 44, "type": "unlock_read", "code": 0, "value": 4}}
DEBUG:root:sending {"dest": "n1", "src": "n2", "body": {"msg_id": 45, "type": "unlock_read", "code": 0, "value": 4}}
DEBUG:root:received {"id":132,"src":"n2","dest":"n2","body":{"msg_id":44,"type":"unlock_read","code":0,"value":4}}
DEBUG:root:sending {"dest": "n2", "src": "n2", "body": {"msg_id": 46, "in_reply_to": 44, "type": "unlock_read_ok", "code": 0, "value": 4}}
DEBUG:root:received {"id":139,"src":"n2","dest":"n2","body":{"msg_id":46,"in_reply_to":44,"type":"unlock_read_ok","code":0,"value":4}}
DEBUG:root:received {"id":143,"src":"n1","dest":"n2","body":{"msg_id":40,"type":"cas_lock","key":0,"from":2,"to":1}}
DEBUG:root:received {"id":144,"src":"n1","dest":"n2","body":{"msg_id":41,"in_reply_to":43,"type":"error_cas_lock","text":"already locked"}}
DEBUG:root:received {"id":145,"src":"n0","dest":"n2","body":{"msg_id":35,"type":"read_server","key":0}}
DEBUG:root:received {"id":146,"src":"n1","dest":"n2","body":{"msg_id":42,"in_reply_to":45,"type":"unlock_read_ok","code":0,"value":4}}
DEBUG:root:received {"id":149,"src":"n0","dest":"n2","body":{"msg_id":38,"in_reply_to":42,"type":"error_cas_lock","text":"already locked"}}
DEBUG:root:sending {"dest": "n1", "src": "n2", "body": {"msg_id": 47, "in_reply_to": 40, "type": "noMatch"}}
INFO:root:server n0 reading from 0
DEBUG:root:sending {"dest": "n0", "src": "n2", "body": {"msg_id": 48, "in_reply_to": 35, "type": "error_read_lock", "text": "already_locked"}}
DEBUG:root:sending {"dest": "c6", "src": "n2", "body": {"msg_id": 49, "in_reply_to": 3, "type": "read_ok", "value": 4}}
DEBUG:root:sending {"dest": "n1", "src": "n2", "body": {"msg_id": 50, "type": "unlock"}}
DEBUG:root:sending {"dest": "n0", "src": "n2", "body": {"msg_id": 51, "type": "unlock"}}
DEBUG:root:sending {"dest": "c8", "src": "n2", "body": {"msg_id": 52, "in_reply_to": 4, "type": "error", "code": 11, "text": "locked state"}}
DEBUG:root:received {"id":162,"src":"c6","dest":"n2","body":{"key":0,"type":"read","msg_id":4}}
INFO:root:node c6 reading from 0
DEBUG:root:sending {"dest": "n0", "src": "n2", "body": {"msg_id": 53, "type": "read_server", "key": 0}}
DEBUG:root:sending {"dest": "n2", "src": "n2", "body": {"msg_id": 54, "type": "read_server", "key": 0}}
DEBUG:root:received {"id":164,"src":"c8","dest":"n2","body":{"key":0,"from":3,"to":1,"type":"cas","msg_id":5}}
INFO:root:node c8 comparing and setting
DEBUG:root:sending {"dest": "n2", "src": "n2", "body": {"msg_id": 55, "type": "cas_lock", "key": 0, "from": 3, "to": 1}}
DEBUG:root:sending {"dest": "n0", "src": "n2", "body": {"msg_id": 56, "type": "cas_lock", "key": 0, "from": 3, "to": 1}}
DEBUG:root:received {"id":166,"src":"n2","dest":"n2","body":{"msg_id":54,"type":"read_server","key":0}}
DEBUG:root:received {"id":167,"src":"n2","dest":"n2","body":{"msg_id":55,"type":"cas_lock","key":0,"from":3,"to":1}}
INFO:root:server n2 reading from 0
DEBUG:root:sending {"dest": "n2", "src": "n2", "body": {"msg_id": 57, "in_reply_to": 54, "type": "error_read_lock", "text": "already_locked"}}
DEBUG:root:sending {"dest": "n2", "src": "n2", "body": {"msg_id": 58, "in_reply_to": 55, "type": "error_cas_lock", "text": "already locked"}}
DEBUG:root:received {"id":172,"src":"n1","dest":"n2","body":{"msg_id":49,"type":"unlock_cas","code":22}}
DEBUG:root:sending {"dest": "n1", "src": "n2", "body": {"msg_id": 59, "in_reply_to": 49, "type": "unlock_cas_ok", "code": 22}}
DEBUG:root:received {"id":173,"src":"n2","dest":"n2","body":{"msg_id":57,"in_reply_to":54,"type":"error_read_lock","text":"already_locked"}}
DEBUG:root:received {"id":176,"src":"n2","dest":"n2","body":{"msg_id":58,"in_reply_to":55,"type":"error_cas_lock","text":"already locked"}}
DEBUG:root:received {"id":178,"src":"n0","dest":"n2","body":{"msg_id":44,"in_reply_to":53,"type":"error_read","code":20,"text":"not found"}}
DEBUG:root:received {"id":179,"src":"n0","dest":"n2","body":{"msg_id":45,"in_reply_to":56,"type":"error_cas_lock","text":"already locked"}}
DEBUG:root:sending {"dest": "n0", "src": "n2", "body": {"msg_id": 60, "type": "unlock"}}
DEBUG:root:sending {"dest": "c6", "src": "n2", "body": {"msg_id": 61, "in_reply_to": 4, "type": "error", "code": 11, "text": "locked state"}}
DEBUG:root:sending {"dest": "n2", "src": "n2", "body": {"msg_id": 62, "type": "unlock"}}
DEBUG:root:sending {"dest": "n0", "src": "n2", "body": {"msg_id": 63, "type": "unlock"}}
DEBUG:root:sending {"dest": "c8", "src": "n2", "body": {"msg_id": 64, "in_reply_to": 5, "type": "error", "code": 11, "text": "locked state"}}
DEBUG:root:received {"id":185,"src":"n0","dest":"n2","body":{"msg_id":46,"type":"read_server","key":0}}
DEBUG:root:received {"id":195,"src":"c6","dest":"n2","body":{"key":0,"type":"read","msg_id":5}}
INFO:root:server n0 reading from 0
DEBUG:root:received {"id":196,"src":"c8","dest":"n2","body":{"key":0,"value":0,"type":"write","msg_id":6}}
DEBUG:root:sending {"dest": "n0", "src": "n2", "body": {"msg_id": 65, "in_reply_to": 46, "type": "read_server_ok", "value": {"value": 4, "timestamp": 0}}}
DEBUG:root:received {"id":188,"src":"n0","dest":"n2","body":{"msg_id":48,"type":"read_lock","key":0,"value":0}}
DEBUG:root:received {"id":192,"src":"n2","dest":"n2","body":{"msg_id":62,"type":"unlock"}}
INFO:root:node c6 reading from 0
DEBUG:root:sending {"dest": "n1", "src": "n2", "body": {"msg_id": 66, "type": "read_server", "key": 0}}
DEBUG:root:sending {"dest": "n2", "src": "n2", "body": {"msg_id": 67, "type": "read_server", "key": 0}}
INFO:root:node c8 writing to 0
DEBUG:root:sending {"dest": "n2", "src": "n2", "body": {"msg_id": 68, "type": "read_lock", "key": 0, "value": 0}}
DEBUG:root:sending {"dest": "n1", "src": "n2", "body": {"msg_id": 69, "type": "read_lock", "key": 0, "value": 0}}
DEBUG:root:sending {"dest": "n0", "src": "n2", "body": {"msg_id": 70, "in_reply_to": 48, "type": "error_write_lock", "text": "already locked"}}
DEBUG:root:received {"id":204,"src":"n2","dest":"n2","body":{"msg_id":67,"type":"read_server","key":0}}
INFO:root:server n2 reading from 0
DEBUG:root:sending {"dest": "n2", "src": "n2", "body": {"msg_id": 71, "in_reply_to": 67, "type": "read_server_ok", "value": {"value": 4, "timestamp": 0}}}
DEBUG:root:received {"id":205,"src":"n2","dest":"n2","body":{"msg_id":68,"type":"read_lock","key":0,"value":0}}
DEBUG:root:sending {"dest": "n2", "src": "n2", "body": {"msg_id": 72, "in_reply_to": 68, "type": "error_write_lock", "text": "already locked"}}
DEBUG:root:received {"id":209,"src":"n2","dest":"n2","body":{"msg_id":71,"in_reply_to":67,"type":"read_server_ok","value":{"value":4,"timestamp":0}}}
DEBUG:root:received {"id":210,"src":"n2","dest":"n2","body":{"msg_id":72,"in_reply_to":68,"type":"error_write_lock","text":"already locked"}}
DEBUG:root:received {"id":212,"src":"n0","dest":"n2","body":{"msg_id":53,"type":"unlock"}}
DEBUG:root:received {"id":214,"src":"n1","dest":"n2","body":{"msg_id":58,"type":"cas_lock","key":0,"from":4,"to":2}}
DEBUG:root:received {"id":217,"src":"n1","dest":"n2","body":{"msg_id":59,"in_reply_to":66,"type":"read_server_ok","value":{"value":4,"timestamp":0}}}
DEBUG:root:received {"id":219,"src":"n1","dest":"n2","body":{"msg_id":60,"in_reply_to":69,"type":"error_write_lock","text":"already locked"}}
DEBUG:root:sending {"dest": "n1", "src": "n2", "body": {"msg_id": 73, "in_reply_to": 58, "type": "lock_ok_cas", "value": {"value": 4, "timestamp": 0}}}
DEBUG:root:sending {"dest": "n2", "src": "n2", "body": {"msg_id": 74, "type": "unlock_read", "code": 0, "value": 4}}
DEBUG:root:sending {"dest": "n1", "src": "n2", "body": {"msg_id": 75, "type": "unlock_read", "code": 0, "value": 4}}
DEBUG:root:sending {"dest": "c8", "src": "n2", "body": {"msg_id": 76, "in_reply_to": 6, "type": "error", "code": 11, "text": "locked_state"}}
DEBUG:root:received {"id":226,"src":"n0","dest":"n2","body":{"msg_id":59,"type":"read_server","key":0}}
DEBUG:root:received {"id":234,"src":"c8","dest":"n2","body":{"key":0,"from":4,"to":1,"type":"cas","msg_id":7}}
INFO:root:server n0 reading from 0
DEBUG:root:received {"id":227,"src":"n2","dest":"n2","body":{"msg_id":74,"type":"unlock_read","code":0,"value":4}}
DEBUG:root:sending {"dest": "n0", "src": "n2", "body": {"msg_id": 77, "in_reply_to": 59, "type": "error_read_lock", "text": "already_locked"}}
DEBUG:root:received {"id":231,"src":"n0","dest":"n2","body":{"msg_id":61,"type":"cas_lock","key":0,"from":2,"to":1}}
INFO:root:node c8 comparing and setting
DEBUG:root:sending {"dest": "n1", "src": "n2", "body": {"msg_id": 78, "type": "cas_lock", "key": 0, "from": 4, "to": 1}}
DEBUG:root:sending {"dest": "n2", "src": "n2", "body": {"msg_id": 79, "type": "cas_lock", "key": 0, "from": 4, "to": 1}}
DEBUG:root:sending {"dest": "n2", "src": "n2", "body": {"msg_id": 80, "in_reply_to": 74, "type": "unlock_read_ok", "code": 0, "value": 4}}
DEBUG:root:sending {"dest": "n0", "src": "n2", "body": {"msg_id": 81, "in_reply_to": 61, "type": "noMatch"}}
DEBUG:root:received {"id":236,"src":"n1","dest":"n2","body":{"msg_id":63,"type":"read_server","key":0}}
INFO:root:server n1 reading from 0
DEBUG:root:sending {"dest": "n1", "src": "n2", "body": {"msg_id": 82, "in_reply_to": 63, "type": "error_read_lock", "text": "already_locked"}}
DEBUG:root:received {"id":240,"src":"n1","dest":"n2","body":{"msg_id":65,"type":"cas_server","key":0,"from":4,"to":2,"timestamp":1}}
DEBUG:root:received {"id":241,"src":"n2","dest":"n2","body":{"msg_id":79,"type":"cas_lock","key":0,"from":4,"to":1}}
DEBUG:root:received {"id":242,"src":"n2","dest":"n2","body":{"msg_id":80,"in_reply_to":74,"type":"unlock_read_ok","code":0,"value":4}}
DEBUG:root:sending {"dest": "n1", "src": "n2", "body": {"msg_id": 83, "in_reply_to": 65, "type": "cas_server_ok"}}
DEBUG:root:received {"id":243,"src":"n1","dest":"n2","body":{"msg_id":66,"in_reply_to":75,"type":"unlock_read_ok","code":0,"value":4}}
DEBUG:root:sending {"dest": "n2", "src": "n2", "body": {"msg_id": 84, "in_reply_to": 79, "type": "noMatch"}}
DEBUG:root:sending {"dest": "c6", "src": "n2", "body": {"msg_id": 85, "in_reply_to": 5, "type": "read_ok", "value": 4}}
DEBUG:root:received {"id":249,"src":"n1","dest":"n2","body":{"msg_id":69,"in_reply_to":78,"type":"error_cas_lock","text":"already locked"}}
DEBUG:root:received {"id":258,"src":"c6","dest":"n2","body":{"key":0,"type":"read","msg_id":6}}
INFO:root:node c6 reading from 0
DEBUG:root:sending {"dest": "n2", "src": "n2", "body": {"msg_id": 86, "type": "read_server", "key": 0}}
DEBUG:root:sending {"dest": "n1", "src": "n2", "body": {"msg_id": 87, "type": "read_server", "key": 0}}
DEBUG:root:received {"id":252,"src":"n2","dest":"n2","body":{"msg_id":84,"in_reply_to":79,"type":"noMatch"}}
DEBUG:root:sending {"dest": "n1", "src": "n2", "body": {"msg_id": 88, "type": "unlock"}}
DEBUG:root:sending {"dest": "c8", "src": "n2", "body": {"msg_id": 89, "in_reply_to": 7, "type": "error", "code": 11, "text": "locked state"}}
DEBUG:root:received {"id":267,"src":"n2","dest":"n2","body":{"msg_id":86,"type":"read_server","key":0}}
DEBUG:root:received {"id":276,"src":"c8","dest":"n2","body":{"key":0,"from":4,"to":0,"type":"cas","msg_id":8}}
INFO:root:server n2 reading from 0
DEBUG:root:sending {"dest": "n2", "src": "n2", "body": {"msg_id": 90, "in_reply_to": 86, "type": "error_read_lock", "text": "already_locked"}}
INFO:root:node c8 comparing and setting
DEBUG:root:sending {"dest": "n2", "src": "n2", "body": {"msg_id": 91, "type": "cas_lock", "key": 0, "from": 4, "to": 0}}
DEBUG:root:sending {"dest": "n1", "src": "n2", "body": {"msg_id": 92, "type": "cas_lock", "key": 0, "from": 4, "to": 0}}
DEBUG:root:received {"id":283,"src":"n2","dest":"n2","body":{"msg_id":90,"in_reply_to":86,"type":"error_read_lock","text":"already_locked"}}
DEBUG:root:received {"id":284,"src":"n1","dest":"n2","body":{"msg_id":79,"in_reply_to":87,"type":"error_read_lock","text":"already_locked"}}
DEBUG:root:received {"id":285,"src":"n2","dest":"n2","body":{"msg_id":91,"type":"cas_lock","key":0,"from":4,"to":0}}
DEBUG:root:sending {"dest": "c6", "src": "n2", "body": {"msg_id": 93, "in_reply_to": 6, "type": "error", "code": 11, "text": "locked state"}}
DEBUG:root:sending {"dest": "n2", "src": "n2", "body": {"msg_id": 94, "in_reply_to": 91, "type": "error_cas_lock", "text": "already locked"}}
DEBUG:root:received {"id":297,"src":"n1","dest":"n2","body":{"msg_id":82,"in_reply_to":92,"type":"error_cas_lock","text":"already locked"}}
DEBUG:root:received {"id":307,"src":"c6","dest":"n2","body":{"key":1,"type":"read","msg_id":7}}
DEBUG:root:received {"id":299,"src":"n2","dest":"n2","body":{"msg_id":94,"in_reply_to":91,"type":"error_cas_lock","text":"already locked"}}
INFO:root:node c6 reading from 1
DEBUG:root:sending {"dest": "n1", "src": "n2", "body": {"msg_id": 95, "type": "read_server", "key": 1}}
DEBUG:root:sending {"dest": "n0", "src": "n2", "body": {"msg_id": 96, "type": "read_server", "key": 1}}
DEBUG:root:sending {"dest": "n1", "src": "n2", "body": {"msg_id": 97, "type": "unlock"}}
DEBUG:root:sending {"dest": "n2", "src": "n2", "body": {"msg_id": 98, "type": "unlock"}}
DEBUG:root:sending {"dest": "c8", "src": "n2", "body": {"msg_id": 99, "in_reply_to": 8, "type": "error", "code": 11, "text": "locked state"}}
DEBUG:root:received {"id":313,"src":"n2","dest":"n2","body":{"msg_id":98,"type":"unlock"}}
DEBUG:root:received {"id":321,"src":"c8","dest":"n2","body":{"key":1,"from":3,"to":4,"type":"cas","msg_id":9}}
INFO:root:node c8 comparing and setting
DEBUG:root:received {"id":316,"src":"n1","dest":"n2","body":{"msg_id":88,"type":"cas_lock","key":1,"from":1,"to":1}}
DEBUG:root:sending {"dest": "n0", "src": "n2", "body": {"msg_id": 100, "type": "cas_lock", "key": 1, "from": 3, "to": 4}}
DEBUG:root:sending {"dest": "n1", "src": "n2", "body": {"msg_id": 101, "type": "cas_lock", "key": 1, "from": 3, "to": 4}}
DEBUG:root:sending {"dest": "n1", "src": "n2", "body": {"msg_id": 102, "in_reply_to": 88, "type": "noKeyCas"}}
DEBUG:root:received {"id":323,"src":"n0","dest":"n2","body":{"msg_id":88,"in_reply_to":96,"type":"error_read_lock","text":"already_locked"}}
DEBUG:root:received {"id":324,"src":"n1","dest":"n2","body":{"msg_id":91,"in_reply_to":95,"type":"error_read_lock","text":"already_locked"}}
DEBUG:root:sending {"dest": "c6", "src": "n2", "body": {"msg_id": 103, "in_reply_to": 7, "type": "error", "code": 11, "text": "locked state"}}
DEBUG:root:received {"id":339,"src":"n0","dest":"n2","body":{"msg_id":95,"in_reply_to":100,"type":"error_cas_lock","text":"already locked"}}
DEBUG:root:received {"id":343,"src":"c6","dest":"n2","body":{"key":1,"type":"read","msg_id":8}}
DEBUG:root:received {"id":342,"src":"n1","dest":"n2","body":{"msg_id":96,"in_reply_to":101,"type":"error_cas_lock","text":"already locked"}}
INFO:root:node c6 reading from 1
DEBUG:root:received {"id":346,"src":"n1","dest":"n2","body":{"msg_id":99,"type":"unlock"}}
DEBUG:root:sending {"dest": "n2", "src": "n2", "body": {"msg_id": 104, "type": "read_server", "key": 1}}
DEBUG:root:sending {"dest": "n0", "src": "n2", "body": {"msg_id": 105, "type": "read_server", "key": 1}}
DEBUG:root:sending {"dest": "n0", "src": "n2", "body": {"msg_id": 106, "type": "unlock"}}
DEBUG:root:sending {"dest": "n1", "src": "n2", "body": {"msg_id": 107, "type": "unlock"}}
DEBUG:root:sending {"dest": "c8", "src": "n2", "body": {"msg_id": 108, "in_reply_to": 9, "type": "error", "code": 11, "text": "locked state"}}
DEBUG:root:received {"id":352,"src":"n1","dest":"n2","body":{"msg_id":103,"type":"cas_lock","key":1,"from":1,"to":0}}
DEBUG:root:received {"id":362,"src":"c8","dest":"n2","body":{"key":1,"from":4,"to":3,"type":"cas","msg_id":10}}
DEBUG:root:sending {"dest": "n1", "src": "n2", "body": {"msg_id": 109, "in_reply_to": 103, "type": "noKeyCas"}}
DEBUG:root:received {"id":353,"src":"n2","dest":"n2","body":{"msg_id":104,"type":"read_server","key":1}}
INFO:root:node c8 comparing and setting
DEBUG:root:sending {"dest": "n2", "src": "n2", "body": {"msg_id": 110, "type": "cas_lock", "key": 1, "from": 4, "to": 3}}
DEBUG:root:sending {"dest": "n1", "src": "n2", "body": {"msg_id": 111, "type": "cas_lock", "key": 1, "from": 4, "to": 3}}
INFO:root:server n2 reading from 1
DEBUG:root:sending {"dest": "n2", "src": "n2", "body": {"msg_id": 112, "in_reply_to": 104, "type": "error_read_lock", "text": "already_locked"}}
DEBUG:root:received {"id":365,"src":"n0","dest":"n2","body":{"msg_id":101,"in_reply_to":105,"type":"error_read","code":20,"text":"not found"}}
DEBUG:root:received {"id":368,"src":"n0","dest":"n2","body":{"msg_id":102,"type":"read_server","key":1}}
DEBUG:root:received {"id":367,"src":"n2","dest":"n2","body":{"msg_id":110,"type":"cas_lock","key":1,"from":4,"to":3}}
DEBUG:root:received {"id":374,"src":"n2","dest":"n2","body":{"msg_id":112,"in_reply_to":104,"type":"error_read_lock","text":"already_locked"}}
INFO:root:server n0 reading from 1
DEBUG:root:sending {"dest": "n0", "src": "n2", "body": {"msg_id": 113, "in_reply_to": 102, "type": "error_read_lock", "text": "already_locked"}}
DEBUG:root:sending {"dest": "n2", "src": "n2", "body": {"msg_id": 114, "in_reply_to": 110, "type": "error_cas_lock", "text": "already locked"}}
DEBUG:root:sending {"dest": "n0", "src": "n2", "body": {"msg_id": 115, "type": "unlock"}}
DEBUG:root:sending {"dest": "c6", "src": "n2", "body": {"msg_id": 116, "in_reply_to": 8, "type": "error", "code": 11, "text": "locked state"}}
DEBUG:root:received {"id":377,"src":"n1","dest":"n2","body":{"msg_id":107,"type":"unlock_cas","code":20}}
DEBUG:root:received {"id":388,"src":"c6","dest":"n2","body":{"key":1,"type":"read","msg_id":9}}
DEBUG:root:sending {"dest": "n1", "src": "n2", "body": {"msg_id": 117, "in_reply_to": 107, "type": "unlock_cas_ok", "code": 20}}
DEBUG:root:received {"id":380,"src":"n2","dest":"n2","body":{"msg_id":114,"in_reply_to":110,"type":"error_cas_lock","text":"already locked"}}
DEBUG:root:received {"id":385,"src":"n1","dest":"n2","body":{"msg_id":110,"in_reply_to":111,"type":"noKeyCas"}}
INFO:root:node c6 reading from 1
DEBUG:root:sending {"dest": "n2", "src": "n2", "body": {"msg_id": 118, "type": "read_server", "key": 1}}
DEBUG:root:sending {"dest": "n1", "src": "n2", "body": {"msg_id": 119, "type": "read_server", "key": 1}}
DEBUG:root:sending {"dest": "n2", "src": "n2", "body": {"msg_id": 120, "type": "unlock"}}
DEBUG:root:sending {"dest": "n1", "src": "n2", "body": {"msg_id": 121, "type": "unlock"}}
DEBUG:root:sending {"dest": "c8", "src": "n2", "body": {"msg_id": 122, "in_reply_to": 10, "type": "error", "code": 11, "text": "locked state"}}
DEBUG:root:received {"id":392,"src":"n2","dest":"n2","body":{"msg_id":118,"type":"read_server","key":1}}
DEBUG:root:received {"id":403,"src":"c8","dest":"n2","body":{"key":1,"from":2,"to":3,"type":"cas","msg_id":11}}
INFO:root:server n2 reading from 1
DEBUG:root:sending {"dest": "n2", "src": "n2", "body": {"msg_id": 123, "in_reply_to": 118, "type": "error_read", "code": 20, "text": "not found"}}
DEBUG:root:received {"id":395,"src":"n2","dest":"n2","body":{"msg_id":120,"type":"unlock"}}
INFO:root:node c8 comparing and setting
DEBUG:root:sending {"dest": "n0", "src": "n2", "body": {"msg_id": 124, "type": "cas_lock", "key": 1, "from": 2, "to": 3}}
DEBUG:root:sending {"dest": "n1", "src": "n2", "body": {"msg_id": 125, "type": "cas_lock", "key": 1, "from": 2, "to": 3}}
DEBUG:root:received {"id":406,"src":"n1","dest":"n2","body":{"msg_id":116,"type":"read_server","key":1}}
DEBUG:root:received {"id":407,"src":"n2","dest":"n2","body":{"msg_id":123,"in_reply_to":118,"type":"error_read","code":20,"text":"not found"}}
INFO:root:server n1 reading from 1
DEBUG:root:sending {"dest": "n1", "src": "n2", "body": {"msg_id": 126, "in_reply_to": 116, "type": "error_read", "code": 20, "text": "not found"}}
DEBUG:root:received {"id":411,"src":"n0","dest":"n2","body":{"msg_id":113,"type":"read_lock","key":1,"value":4}}
DEBUG:root:received {"id":413,"src":"n1","dest":"n2","body":{"msg_id":118,"in_reply_to":119,"type":"error_read","code":20,"text":"not found"}}
DEBUG:root:sending {"dest": "n0", "src": "n2", "body": {"msg_id": 127, "in_reply_to": 113, "type": "error_write_lock", "text": "already locked"}}
DEBUG:root:received {"id":414,"src":"n0","dest":"n2","body":{"msg_id":114,"type":"read_server","key":1}}
DEBUG:root:sending {"dest": "n2", "src": "n2", "body": {"msg_id": 128, "type": "unlock_read", "code": 20}}
DEBUG:root:sending {"dest": "n1", "src": "n2", "body": {"msg_id": 129, "type": "unlock_read", "code": 20}}
INFO:root:server n0 reading from 1
DEBUG:root:sending {"dest": "n0", "src": "n2", "body": {"msg_id": 130, "in_reply_to": 114, "type": "error_read_lock", "text": "already_locked"}}
DEBUG:root:received {"id":420,"src":"n0","dest":"n2","body":{"msg_id":117,"in_reply_to":124,"type":"error_cas_lock","text":"already locked"}}
DEBUG:root:received {"id":423,"src":"n2","dest":"n2","body":{"msg_id":128,"type":"unlock_read","code":20}}
DEBUG:root:received {"id":427,"src":"n1","dest":"n2","body":{"msg_id":122,"in_reply_to":125,"type":"error_cas_lock","text":"already locked"}}
DEBUG:root:sending {"dest": "n2", "src": "n2", "body": {"msg_id": 131, "in_reply_to": 128, "type": "unlock_read_ok", "code": 20}}
DEBUG:root:sending {"dest": "n0", "src": "n2", "body": {"msg_id": 132, "type": "unlock"}}
DEBUG:root:sending {"dest": "n1", "src": "n2", "body": {"msg_id": 133, "type": "unlock"}}
DEBUG:root:sending {"dest": "c8", "src": "n2", "body": {"msg_id": 134, "in_reply_to": 11, "type": "error", "code": 11, "text": "locked state"}}
DEBUG:root:received {"id":430,"src":"n1","dest":"n2","body":{"msg_id":125,"type":"unlock_read","code":20}}
DEBUG:root:received {"id":442,"src":"c8","dest":"n2","body":{"key":1,"from":3,"to":3,"type":"cas","msg_id":12}}
DEBUG:root:sending {"dest": "n1", "src": "n2", "body": {"msg_id": 135, "in_reply_to": 125, "type": "unlock_read_ok", "code": 20}}
INFO:root:node c8 comparing and setting
DEBUG:root:sending {"dest": "n1", "src": "n2", "body": {"msg_id": 136, "type": "cas_lock", "key": 1, "from": 3, "to": 3}}
DEBUG:root:sending {"dest": "n2", "src": "n2", "body": {"msg_id": 137, "type": "cas_lock", "key": 1, "from": 3, "to": 3}}
DEBUG:root:received {"id":432,"src":"n2","dest":"n2","body":{"msg_id":131,"in_reply_to":128,"type":"unlock_read_ok","code":20}}
DEBUG:root:received {"id":433,"src":"n1","dest":"n2","body":{"msg_id":126,"in_reply_to":129,"type":"unlock_read_ok","code":20}}
DEBUG:root:sending {"dest": "c6", "src": "n2", "body": {"msg_id": 138, "in_reply_to": 9, "type": "error", "code": 20, "text": "not found"}}
DEBUG:root:received {"id":447,"src":"n2","dest":"n2","body":{"msg_id":137,"type":"cas_lock","key":1,"from":3,"to":3}}
DEBUG:root:received {"id":456,"src":"c6","dest":"n2","body":{"key":1,"type":"read","msg_id":10}}
DEBUG:root:received {"id":448,"src":"n0","dest":"n2","body":{"msg_id":123,"type":"read_lock","key":1,"value":1}}
DEBUG:root:sending {"dest": "n2", "src": "n2", "body": {"msg_id": 139, "in_reply_to": 137, "type": "noKeyCas"}}
INFO:root:node c6 reading from 1
DEBUG:root:sending {"dest": "n2", "src": "n2", "body": {"msg_id": 140, "type": "read_server", "key": 1}}
DEBUG:root:sending {"dest": "n0", "src": "n2", "body": {"msg_id": 141, "type": "read_server", "key": 1}}
DEBUG:root:sending {"dest": "n0", "src": "n2", "body": {"msg_id": 142, "in_reply_to": 123, "type": "error_write_lock", "text": "already locked"}}
DEBUG:root:received {"id":459,"src":"n2","dest":"n2","body":{"msg_id":139,"in_reply_to":137,"type":"noKeyCas"}}
DEBUG:root:received {"id":461,"src":"n2","dest":"n2","body":{"msg_id":140,"type":"read_server","key":1}}
INFO:root:server n2 reading from 1
DEBUG:root:sending {"dest": "n2", "src": "n2", "body": {"msg_id": 143, "in_reply_to": 140, "type": "error_read_lock", "text": "already_locked"}}
DEBUG:root:received {"id":465,"src":"n1","dest":"n2","body":{"msg_id":133,"in_reply_to":136,"type":"noKeyCas"}}
DEBUG:root:sending {"dest": "n2", "src": "n2", "body": {"msg_id": 144, "type": "unlock_cas", "code": 20}}
DEBUG:root:sending {"dest": "n1", "src": "n2", "body": {"msg_id": 145, "type": "unlock_cas", "code": 20}}
DEBUG:root:received {"id":472,"src":"n2","dest":"n2","body":{"msg_id":143,"in_reply_to":140,"type":"error_read_lock","text":"already_locked"}}
DEBUG:root:received {"id":473,"src":"n1","dest":"n2","body":{"msg_id":137,"type":"read_server","key":1}}
INFO:root:server n1 reading from 1
DEBUG:root:sending {"dest": "n1", "src": "n2", "body": {"msg_id": 146, "in_reply_to": 137, "type": "error_read_lock", "text": "already_locked"}}
DEBUG:root:received {"id":474,"src":"n2","dest":"n2","body":{"msg_id":144,"type":"unlock_cas","code":20}}
DEBUG:root:received {"id":477,"src":"n0","dest":"n2","body":{"msg_id":130,"in_reply_to":141,"type":"error_read_lock","text":"already_locked"}}
DEBUG:root:sending {"dest": "n2", "src": "n2", "body": {"msg_id": 147, "in_reply_to": 144, "type": "unlock_cas_ok", "code": 20}}
DEBUG:root:sending {"dest": "c6", "src": "n2", "body": {"msg_id": 148, "in_reply_to": 10, "type": "error", "code": 11, "text": "locked state"}}
DEBUG:root:received {"id":487,"src":"n2","dest":"n2","body":{"msg_id":147,"in_reply_to":144,"type":"unlock_cas_ok","code":20}}
DEBUG:root:received {"id":496,"src":"c6","dest":"n2","body":{"key":1,"type":"read","msg_id":11}}
DEBUG:root:received {"id":490,"src":"n1","dest":"n2","body":{"msg_id":142,"in_reply_to":145,"type":"unlock_cas_ok","code":20}}
DEBUG:root:received {"id":491,"src":"n0","dest":"n2","body":{"msg_id":135,"type":"read_lock","key":1,"value":2}}
INFO:root:node c6 reading from 1
DEBUG:root:received {"id":493,"src":"n0","dest":"n2","body":{"msg_id":137,"type":"read_server","key":1}}
DEBUG:root:sending {"dest": "n0", "src": "n2", "body": {"msg_id": 149, "type": "read_server", "key": 1}}
DEBUG:root:sending {"dest": "n1", "src": "n2", "body": {"msg_id": 150, "type": "read_server", "key": 1}}
DEBUG:root:sending {"dest": "c8", "src": "n2", "body": {"msg_id": 151, "in_reply_to": 12, "type": "error", "code": 20, "text": "not found"}}
DEBUG:root:sending {"dest": "n0", "src": "n2", "body": {"msg_id": 152, "in_reply_to": 135, "type": "noKey", "text": "not found"}}
INFO:root:server n0 reading from 1
DEBUG:root:sending {"dest": "n0", "src": "n2", "body": {"msg_id": 153, "in_reply_to": 137, "type": "error_read_lock", "text": "already_locked"}}
DEBUG:root:received {"id":497,"src":"n1","dest":"n2","body":{"msg_id":143,"type":"cas_lock","key":1,"from":1,"to":1}}
DEBUG:root:received {"id":508,"src":"c8","dest":"n2","body":{"key":1,"from":0,"to":4,"type":"cas","msg_id":13}}
DEBUG:root:sending {"dest": "n1", "src": "n2", "body": {"msg_id": 154, "in_reply_to": 143, "type": "error_cas_lock", "text": "already locked"}}
INFO:root:node c8 comparing and setting
DEBUG:root:sending {"dest": "n0", "src": "n2", "body": {"msg_id": 155, "type": "cas_lock", "key": 1, "from": 0, "to": 4}}
DEBUG:root:sending {"dest": "n1", "src": "n2", "body": {"msg_id": 156, "type": "cas_lock", "key": 1, "from": 0, "to": 4}}
DEBUG:root:received {"id":515,"src":"n0","dest":"n2","body":{"msg_id":141,"in_reply_to":149,"type":"error_read_lock","text":"already_locked"}}
DEBUG:root:received {"id":516,"src":"n1","dest":"n2","body":{"msg_id":149,"in_reply_to":150,"type":"error_read_lock","text":"already_locked"}}
DEBUG:root:sending {"dest": "c6", "src": "n2", "body": {"msg_id": 157, "in_reply_to": 11, "type": "error", "code": 11, "text": "locked state"}}
DEBUG:root:received {"id":517,"src":"n0","dest":"n2","body":{"msg_id":142,"type":"write_server","key":1,"value":2,"timestamp":0}}
DEBUG:root:sending {"dest": "n0", "src": "n2", "body": {"msg_id": 158, "in_reply_to": 142, "type": "write_server_ok"}}
DEBUG:root:received {"id":521,"src":"n1","dest":"n2","body":{"msg_id":150,"type":"unlock"}}
DEBUG:root:received {"id":534,"src":"c6","dest":"n2","body":{"key":2,"type":"read","msg_id":12}}
DEBUG:root:received {"id":522,"src":"n0","dest":"n2","body":{"msg_id":145,"in_reply_to":155,"type":"error_cas_lock","text":"already locked"}}
INFO:root:node c6 reading from 2
DEBUG:root:received {"id":526,"src":"n0","dest":"n2","body":{"msg_id":146,"type":"read_server","key":1}}
DEBUG:root:sending {"dest": "n0", "src": "n2", "body": {"msg_id": 159, "type": "read_server", "key": 2}}
DEBUG:root:received {"id":527,"src":"n1","dest":"n2","body":{"msg_id":153,"in_reply_to":156,"type":"error_cas_lock","text":"already locked"}}
DEBUG:root:sending {"dest": "n1", "src": "n2", "body": {"msg_id": 160, "type": "read_server", "key": 2}}
INFO:root:server n0 reading from 1
DEBUG:root:sending {"dest": "n0", "src": "n2", "body": {"msg_id": 161, "in_reply_to": 146, "type": "read_server_ok", "value": {"value": 2, "timestamp": 0}}}
DEBUG:root:sending {"dest": "n0", "src": "n2", "body": {"msg_id": 162, "type": "unlock"}}
DEBUG:root:sending {"dest": "n1", "src": "n2", "body": {"msg_id": 163, "type": "unlock"}}
DEBUG:root:sending {"dest": "c8", "src": "n2", "body": {"msg_id": 164, "in_reply_to": 13, "type": "error", "code": 11, "text": "locked state"}}
DEBUG:root:received {"id":548,"src":"c8","dest":"n2","body":{"key":2,"from":4,"to":2,"type":"cas","msg_id":14}}
INFO:root:node c8 comparing and setting
DEBUG:root:sending {"dest": "n2", "src": "n2", "body": {"msg_id": 165, "type": "cas_lock", "key": 2, "from": 4, "to": 2}}
DEBUG:root:sending {"dest": "n1", "src": "n2", "body": {"msg_id": 166, "type": "cas_lock", "key": 2, "from": 4, "to": 2}}
DEBUG:root:received {"id":549,"src":"n2","dest":"n2","body":{"msg_id":165,"type":"cas_lock","key":2,"from":4,"to":2}}
DEBUG:root:sending {"dest": "n2", "src": "n2", "body": {"msg_id": 167, "in_reply_to": 165, "type": "error_cas_lock", "text": "already locked"}}
DEBUG:root:received {"id":552,"src":"n2","dest":"n2","body":{"msg_id":167,"in_reply_to":165,"type":"error_cas_lock","text":"already locked"}}
DEBUG:root:received {"id":557,"src":"n1","dest":"n2","body":{"msg_id":161,"in_reply_to":160,"type":"error_read_lock","text":"already_locked"}}
DEBUG:root:received {"id":558,"src":"n1","dest":"n2","body":{"msg_id":162,"in_reply_to":166,"type":"noKeyCas"}}
DEBUG:root:received {"id":559,"src":"n0","dest":"n2","body":{"msg_id":154,"in_reply_to":159,"type":"error_read_lock","text":"already_locked"}}
DEBUG:root:sending {"dest": "n2", "src": "n2", "body": {"msg_id": 168, "type": "unlock"}}
DEBUG:root:received {"id":562,"src":"n0","dest":"n2","body":{"msg_id":157,"type":"unlock_read","code":0,"value":2}}
DEBUG:root:sending {"dest": "n1", "src": "n2", "body": {"msg_id": 169, "type": "unlock"}}
DEBUG:root:sending {"dest": "c8", "src": "n2", "body": {"msg_id": 170, "in_reply_to": 14, "type": "error", "code": 11, "text": "locked state"}}
DEBUG:root:sending {"dest": "c6", "src": "n2", "body": {"msg_id": 171, "in_reply_to": 12, "type": "error", "code": 11, "text": "locked state"}}
DEBUG:root:sending {"dest": "n0", "src": "n2", "body": {"msg_id": 172, "in_reply_to": 157, "type": "unlock_read_ok", "code": 0, "value": 2}}
DEBUG:root:received {"id":568,"src":"n2","dest":"n2","body":{"msg_id":168,"type":"unlock"}}
DEBUG:root:received {"id":576,"src":"c8","dest":"n2","body":{"key":2,"from":3,"to":1,"type":"cas","msg_id":15}}
DEBUG:root:received {"id":577,"src":"c6","dest":"n2","body":{"key":2,"type":"read","msg_id":13}}
INFO:root:node c8 comparing and setting
DEBUG:root:sending {"dest": "n2", "src": "n2", "body": {"msg_id": 173, "type": "cas_lock", "key": 2, "from": 3, "to": 1}}
DEBUG:root:sending {"dest": "n1", "src": "n2", "body": {"msg_id": 174, "type": "cas_lock", "key": 2, "from": 3, "to": 1}}
INFO:root:node c6 reading from 2
DEBUG:root:sending {"dest": "n1", "src": "n2", "body": {"msg_id": 175, "type": "read_server", "key": 2}}
DEBUG:root:sending {"dest": "n2", "src": "n2", "body": {"msg_id": 176, "type": "read_server", "key": 2}}
DEBUG:root:received {"id":581,"src":"n1","dest":"n2","body":{"msg_id":168,"type":"cas_lock","key":2,"from":2,"to":2}}
DEBUG:root:sending {"dest": "n1", "src": "n2", "body": {"msg_id": 177, "in_reply_to": 168, "type": "noKeyCas"}}
DEBUG:root:received {"id":582,"src":"n2","dest":"n2","body":{"msg_id":173,"type":"cas_lock","key":2,"from":3,"to":1}}
DEBUG:root:sending {"dest": "n2", "src": "n2", "body": {"msg_id": 178, "in_reply_to": 173, "type": "error_cas_lock", "text": "already locked"}}
DEBUG:root:received {"id":588,"src":"n2","dest":"n2","body":{"msg_id":176,"type":"read_server","key":2}}
INFO:root:server n2 reading from 2
DEBUG:root:sending {"dest": "n2", "src": "n2", "body": {"msg_id": 179, "in_reply_to": 176, "type": "error_read_lock", "text": "already_locked"}}
DEBUG:root:received {"id":593,"src":"n0","dest":"n2","body":{"msg_id":165,"type":"cas_lock","key":2,"from":3,"to":3}}
DEBUG:root:received {"id":596,"src":"n2","dest":"n2","body":{"msg_id":178,"in_reply_to":173,"type":"error_cas_lock","text":"already locked"}}
DEBUG:root:sending {"dest": "n0", "src": "n2", "body": {"msg_id": 180, "in_reply_to": 165, "type": "error_cas_lock", "text": "already locked"}}
DEBUG:root:received {"id":598,"src":"n2","dest":"n2","body":{"msg_id":179,"in_reply_to":176,"type":"error_read_lock","text":"already_locked"}}
DEBUG:root:received {"id":599,"src":"n1","dest":"n2","body":{"msg_id":170,"in_reply_to":174,"type":"noKeyCas"}}
DEBUG:root:received {"id":600,"src":"n1","dest":"n2","body":{"msg_id":171,"type":"read_server","key":2}}
DEBUG:root:received {"id":602,"src":"n1","dest":"n2","body":{"msg_id":173,"in_reply_to":175,"type":"error_read_lock","text":"already_locked"}}
DEBUG:root:sending {"dest": "n2", "src": "n2", "body": {"msg_id": 181, "type": "unlock"}}
DEBUG:root:sending {"dest": "n1", "src": "n2", "body": {"msg_id": 182, "type": "unlock"}}
DEBUG:root:sending {"dest": "c8", "src": "n2", "body": {"msg_id": 183, "in_reply_to": 15, "type": "error", "code": 11, "text": "locked state"}}
INFO:root:server n1 reading from 2
DEBUG:root:sending {"dest": "n1", "src": "n2", "body": {"msg_id": 184, "in_reply_to": 171, "type": "error_read_lock", "text": "already_locked"}}
DEBUG:root:sending {"dest": "c6", "src": "n2", "body": {"msg_id": 185, "in_reply_to": 13, "type": "error", "code": 11, "text": "locked state"}}
DEBUG:root:received {"id":607,"src":"n1","dest":"n2","body":{"msg_id":176,"type":"unlock_cas","code":20}}
DEBUG:root:received {"id":615,"src":"c8","dest":"n2","body":{"key":2,"value":1,"type":"write","msg_id":16}}
DEBUG:root:sending {"dest": "n1", "src": "n2", "body": {"msg_id": 186, "in_reply_to": 176, "type": "unlock_cas_ok", "code": 20}}
INFO:root:node c8 writing to 2
DEBUG:root:sending {"dest": "n1", "src": "n2", "body": {"msg_id": 187, "type": "read_lock", "key": 2, "value": 1}}
DEBUG:root:sending {"dest": "n2", "src": "n2", "body": {"msg_id": 188, "type": "read_lock", "key": 2, "value": 1}}
DEBUG:root:received {"id":616,"src":"c6","dest":"n2","body":{"key":2,"type":"read","msg_id":14}}
DEBUG:root:received {"id":609,"src":"n2","dest":"n2","body":{"msg_id":181,"type":"unlock"}}
INFO:root:node c6 reading from 2
DEBUG:root:sending {"dest": "n2", "src": "n2", "body": {"msg_id": 189, "type": "read_server", "key": 2}}
DEBUG:root:sending {"dest": "n0", "src": "n2", "body": {"msg_id": 190, "type": "read_server", "key": 2}}
DEBUG:root:received {"id":618,"src":"n0","dest":"n2","body":{"msg_id":171,"type":"unlock"}}
DEBUG:root:received {"id":624,"src":"n2","dest":"n2","body":{"msg_id":188,"type":"read_lock","key":2,"value":1}}
DEBUG:root:sending {"dest": "n2", "src": "n2", "body": {"msg_id": 191, "in_reply_to": 188, "type": "noKey", "text": "not found"}}
DEBUG:root:received {"id":628,"src":"n2","dest":"n2","body":{"msg_id":189,"type":"read_server","key":2}}
INFO:root:server n2 reading from 2
DEBUG:root:sending {"dest": "n2", "src": "n2", "body": {"msg_id": 192, "in_reply_to": 189, "type": "error_read_lock", "text": "already_locked"}}
DEBUG:root:received {"id":636,"src":"n1","dest":"n2","body":{"msg_id":181,"type":"read_server","key":2}}
INFO:root:server n1 reading from 2
DEBUG:root:sending {"dest": "n1", "src": "n2", "body": {"msg_id": 193, "in_reply_to": 181, "type": "error_read_lock", "text": "already_locked"}}
DEBUG:root:received {"id":637,"src":"n2","dest":"n2","body":{"msg_id":191,"in_reply_to":188,"type":"noKey","text":"not found"}}
DEBUG:root:received {"id":639,"src":"n0","dest":"n2","body":{"msg_id":179,"in_reply_to":190,"type":"error_read","code":20,"text":"not found"}}
DEBUG:root:received {"id":640,"src":"n2","dest":"n2","body":{"msg_id":192,"in_reply_to":189,"type":"error_read_lock","text":"already_locked"}}
DEBUG:root:received {"id":641,"src":"n1","dest":"n2","body":{"msg_id":183,"in_reply_to":187,"type":"noKey","text":"not found"}}
DEBUG:root:sending {"dest": "n0", "src": "n2", "body": {"msg_id": 194, "type": "unlock"}}
DEBUG:root:sending {"dest": "c6", "src": "n2", "body": {"msg_id": 195, "in_reply_to": 14, "type": "error", "code": 11, "text": "locked state"}}
DEBUG:root:sending {"dest": "n1", "src": "n2", "body": {"msg_id": 196, "type": "write_server", "key": 2, "value": 1, "timestamp": 0}}
DEBUG:root:sending {"dest": "n2", "src": "n2", "body": {"msg_id": 197, "type": "write_server", "key": 2, "value": 1, "timestamp": 0}}
DEBUG:root:received {"id":654,"src":"n2","dest":"n2","body":{"msg_id":197,"type":"write_server","key":2,"value":1,"timestamp":0}}
DEBUG:root:received {"id":659,"src":"c6","dest":"n2","body":{"key":2,"type":"read","msg_id":15}}
DEBUG:root:sending {"dest": "n2", "src": "n2", "body": {"msg_id": 198, "in_reply_to": 197, "type": "write_server_ok"}}
INFO:root:node c6 reading from 2
DEBUG:root:sending {"dest": "n2", "src": "n2", "body": {"msg_id": 199, "type": "read_server", "key": 2}}
DEBUG:root:sending {"dest": "n0", "src": "n2", "body": {"msg_id": 200, "type": "read_server", "key": 2}}
DEBUG:root:received {"id":666,"src":"n0","dest":"n2","body":{"msg_id":188,"type":"read_server","key":2}}
INFO:root:server n0 reading from 2
DEBUG:root:sending {"dest": "n0", "src": "n2", "body": {"msg_id": 201, "in_reply_to": 188, "type": "read_server_ok", "value": {"value": 1, "timestamp": 0}}}
DEBUG:root:received {"id":668,"src":"n0","dest":"n2","body":{"msg_id":190,"type":"cas_lock","key":2,"from":2,"to":1}}
DEBUG:root:sending {"dest": "n0", "src": "n2", "body": {"msg_id": 202, "in_reply_to": 190, "type": "error_cas_lock", "text": "already locked"}}
DEBUG:root:received {"id":670,"src":"n1","dest":"n2","body":{"msg_id":191,"in_reply_to":196,"type":"write_server_ok"}}
DEBUG:root:received {"id":671,"src":"n2","dest":"n2","body":{"msg_id":198,"in_reply_to":197,"type":"write_server_ok"}}
DEBUG:root:received {"id":672,"src":"n2","dest":"n2","body":{"msg_id":199,"type":"read_server","key":2}}
DEBUG:root:sending {"dest": "c8", "src": "n2", "body": {"msg_id": 203, "in_reply_to": 16, "type": "write_ok"}}
INFO:root:server n2 reading from 2
DEBUG:root:sending {"dest": "n2", "src": "n2", "body": {"msg_id": 204, "in_reply_to": 199, "type": "error_read_lock", "text": "already_locked"}}
DEBUG:root:received {"id":683,"src":"n0","dest":"n2","body":{"msg_id":191,"in_reply_to":200,"type":"error_read","code":20,"text":"not found"}}
DEBUG:root:received {"id":687,"src":"c8","dest":"n2","body":{"key":2,"value":4,"type":"write","msg_id":17}}
INFO:root:node c8 writing to 2
DEBUG:root:sending {"dest": "n0", "src": "n2", "body": {"msg_id": 205, "type": "read_lock", "key": 2, "value": 4}}
DEBUG:root:received {"id":685,"src":"n2","dest":"n2","body":{"msg_id":204,"in_reply_to":199,"type":"error_read_lock","text":"already_locked"}}
DEBUG:root:sending {"dest": "n1", "src": "n2", "body": {"msg_id": 206, "type": "read_lock", "key": 2, "value": 4}}
DEBUG:root:sending {"dest": "n0", "src": "n2", "body": {"msg_id": 207, "type": "unlock"}}
DEBUG:root:sending {"dest": "c6", "src": "n2", "body": {"msg_id": 208, "in_reply_to": 15, "type": "error", "code": 11, "text": "locked state"}}
DEBUG:root:received {"id":690,"src":"n1","dest":"n2","body":{"msg_id":200,"type":"read_lock","key":2,"value":3}}
DEBUG:root:received {"id":702,"src":"c6","dest":"n2","body":{"key":2,"type":"read","msg_id":16}}
DEBUG:root:received {"id":692,"src":"n0","dest":"n2","body":{"msg_id":193,"type":"unlock_read","code":0,"value":1}}
DEBUG:root:sending {"dest": "n1", "src": "n2", "body": {"msg_id": 209, "in_reply_to": 200, "type": "error_write_lock", "text": "already locked"}}
DEBUG:root:received {"id":695,"src":"n0","dest":"n2","body":{"msg_id":195,"type":"unlock"}}
INFO:root:node c6 reading from 2
DEBUG:root:sending {"dest": "n1", "src": "n2", "body": {"msg_id": 210, "type": "read_server", "key": 2}}
DEBUG:root:sending {"dest": "n0", "src": "n2", "body": {"msg_id": 211, "type": "read_server", "key": 2}}
DEBUG:root:sending {"dest": "n0", "src": "n2", "body": {"msg_id": 212, "in_reply_to": 193, "type": "unlock_read_ok", "code": 0, "value": 1}}
DEBUG:root:received {"id":707,"src":"n0","dest":"n2","body":{"msg_id":198,"in_reply_to":205,"type":"noKey","text":"not found"}}
DEBUG:root:received {"id":711,"src":"n1","dest":"n2","body":{"msg_id":205,"in_reply_to":206,"type":"lock_ok","value":{"value":1,"timestamp":0}}}
DEBUG:root:received {"id":712,"src":"n0","dest":"n2","body":{"msg_id":200,"type":"cas_lock","key":2,"from":1,"to":2}}
DEBUG:root:sending {"dest": "n0", "src": "n2", "body": {"msg_id": 213, "type": "write_server", "key": 2, "value": 4, "timestamp": 1}}
DEBUG:root:sending {"dest": "n1", "src": "n2", "body": {"msg_id": 214, "type": "write_server", "key": 2, "value": 4, "timestamp": 1}}
DEBUG:root:sending {"dest": "n0", "src": "n2", "body": {"msg_id": 215, "in_reply_to": 200, "type": "lock_ok_cas", "value": {"value": 1, "timestamp": 0}}}
DEBUG:root:received {"id":719,"src":"n1","dest":"n2","body":{"msg_id":210,"in_reply_to":210,"type":"error_read_lock","text":"already_locked"}}
DEBUG:root:received {"id":720,"src":"n0","dest":"n2","body":{"msg_id":201,"in_reply_to":211,"type":"error_read","code":20,"text":"not found"}}
DEBUG:root:sending {"dest": "n0", "src": "n2", "body": {"msg_id": 216, "type": "unlock"}}
DEBUG:root:sending {"dest": "c6", "src": "n2", "body": {"msg_id": 217, "in_reply_to": 16, "type": "error", "code": 11, "text": "locked state"}}
DEBUG:root:received {"id":734,"src":"n0","dest":"n2","body":{"msg_id":205,"type":"read_server","key":2}}
DEBUG:root:received {"id":741,"src":"c6","dest":"n2","body":{"key":2,"type":"read","msg_id":17}}
INFO:root:server n0 reading from 2
DEBUG:root:sending {"dest": "n0", "src": "n2", "body": {"msg_id": 218, "in_reply_to": 205, "type": "error_read_lock", "text": "already_locked"}}
DEBUG:root:received {"id":736,"src":"n0","dest":"n2","body":{"msg_id":206,"in_reply_to":213,"type":"write_server_ok"}}
INFO:root:node c6 reading from 2
DEBUG:root:sending {"dest": "n2", "src": "n2", "body": {"msg_id": 219, "type": "read_server", "key": 2}}
DEBUG:root:sending {"dest": "n0", "src": "n2", "body": {"msg_id": 220, "type": "read_server", "key": 2}}
DEBUG:root:received {"id":737,"src":"n1","dest":"n2","body":{"msg_id":215,"in_reply_to":214,"type":"write_server_ok"}}
DEBUG:root:sending {"dest": "c8", "src": "n2", "body": {"msg_id": 221, "in_reply_to": 17, "type": "write_ok"}}
DEBUG:root:received {"id":739,"src":"n0","dest":"n2","body":{"msg_id":208,"type":"unlock"}}
DEBUG:root:received {"id":747,"src":"n0","dest":"n2","body":{"msg_id":211,"type":"read_lock","key":2,"value":4}}
DEBUG:root:received {"id":754,"src":"c8","dest":"n2","body":{"key":2,"from":1,"to":1,"type":"cas","msg_id":18}}
DEBUG:root:sending {"dest": "n0", "src": "n2", "body": {"msg_id": 222, "in_reply_to": 211, "type": "lock_ok", "value": {"value": 1, "timestamp": 0}}}
DEBUG:root:received {"id":748,"src":"n2","dest":"n2","body":{"msg_id":219,"type":"read_server","key":2}}
INFO:root:node c8 comparing and setting
DEBUG:root:sending {"dest": "n1", "src": "n2", "body": {"msg_id": 223, "type": "cas_lock", "key": 2, "from": 1, "to": 1}}
DEBUG:root:sending {"dest": "n0", "src": "n2", "body": {"msg_id": 224, "type": "cas_lock", "key": 2, "from": 1, "to": 1}}
INFO:root:server n2 reading from 2
DEBUG:root:sending {"dest": "n2", "src": "n2", "body": {"msg_id": 225, "in_reply_to": 219, "type": "error_read_lock", "text": "already_locked"}}
DEBUG:root:received {"id":758,"src":"n1","dest":"n2","body":{"msg_id":218,"type":"read_server","key":2}}
INFO:root:server n1 reading from 2
DEBUG:root:sending {"dest": "n1", "src": "n2", "body": {"msg_id": 226, "in_reply_to": 218, "type": "error_read_lock", "text": "already_locked"}}
DEBUG:root:received {"id":759,"src":"n0","dest":"n2","body":{"msg_id":216,"in_reply_to":220,"type":"error_read_lock","text":"already_locked"}}
DEBUG:root:received {"id":766,"src":"n2","dest":"n2","body":{"msg_id":225,"in_reply_to":219,"type":"error_read_lock","text":"already_locked"}}
DEBUG:root:sending {"dest": "c6", "src": "n2", "body": {"msg_id": 227, "in_reply_to": 17, "type": "error", "code": 11, "text": "locked state"}}
DEBUG:root:received {"id":769,"src":"n1","dest":"n2","body":{"msg_id":223,"in_reply_to":223,"type":"error_cas_lock","text":"already locked"}}
DEBUG:root:received {"id":779,"src":"c6","dest":"n2","body":{"key":2,"type":"read","msg_id":18}}
INFO:root:node c6 reading from 2
DEBUG:root:sending {"dest": "n2", "src": "n2", "body": {"msg_id": 228, "type": "read_server", "key": 2}}
DEBUG:root:sending {"dest": "n0", "src": "n2", "body": {"msg_id": 229, "type": "read_server", "key": 2}}
DEBUG:root:received {"id":774,"src":"n0","dest":"n2","body":{"msg_id":218,"type":"read_server","key":2}}
INFO:root:server n0 reading from 2
DEBUG:root:sending {"dest": "n0", "src": "n2", "body": {"msg_id": 230, "in_reply_to": 218, "type": "error_read_lock", "text": "already_locked"}}
DEBUG:root:received {"id":775,"src":"n0","dest":"n2","body":{"msg_id":219,"type":"write_server","key":2,"value":4,"timestamp":2}}
DEBUG:root:sending {"dest": "n0", "src": "n2", "body": {"msg_id": 231, "in_reply_to": 219, "type": "write_server_ok"}}
DEBUG:root:received {"id":777,"src":"n0","dest":"n2","body":{"msg_id":221,"in_reply_to":224,"type":"noMatch"}}
DEBUG:root:sending {"dest": "n1", "src": "n2", "body": {"msg_id": 232, "type": "unlock"}}
DEBUG:root:sending {"dest": "c8", "src": "n2", "body": {"msg_id": 233, "in_reply_to": 18, "type": "error", "code": 11, "text": "locked state"}}
DEBUG:root:received {"id":780,"src":"n2","dest":"n2","body":{"msg_id":228,"type":"read_server","key":2}}
DEBUG:root:received {"id":793,"src":"c8","dest":"n2","body":{"key":2,"value":4,"type":"write","msg_id":19}}
INFO:root:server n2 reading from 2
DEBUG:root:sending {"dest": "n2", "src": "n2", "body": {"msg_id": 234, "in_reply_to": 228, "type": "read_server_ok", "value": {"value": 4, "timestamp": 2}}}
INFO:root:node c8 writing to 2
DEBUG:root:sending {"dest": "n0", "src": "n2", "body": {"msg_id": 235, "type": "read_lock", "key": 2, "value": 4}}
DEBUG:root:sending {"dest": "n2", "src": "n2", "body": {"msg_id": 236, "type": "read_lock", "key": 2, "value": 4}}
DEBUG:root:received {"id":792,"src":"n1","dest":"n2","body":{"msg_id":230,"type":"read_server","key":2}}
INFO:root:server n1 reading from 2
DEBUG:root:sending {"dest": "n1", "src": "n2", "body": {"msg_id": 237, "in_reply_to": 230, "type": "error_read_lock", "text": "already_locked"}}
DEBUG:root:received {"id":795,"src":"n2","dest":"n2","body":{"msg_id":234,"in_reply_to":228,"type":"read_server_ok","value":{"value":4,"timestamp":2}}}
DEBUG:root:received {"id":796,"src":"n0","dest":"n2","body":{"msg_id":224,"in_reply_to":229,"type":"error_read_lock","text":"already_locked"}}
DEBUG:root:sending {"dest": "n2", "src": "n2", "body": {"msg_id": 238, "type": "unlock"}}
DEBUG:root:received {"id":798,"src":"n2","dest":"n2","body":{"msg_id":236,"type":"read_lock","key":2,"value":4}}
DEBUG:root:sending {"dest": "c6", "src": "n2", "body": {"msg_id": 239, "in_reply_to": 18, "type": "error", "code": 11, "text": "locked state"}}
DEBUG:root:sending {"dest": "n2", "src": "n2", "body": {"msg_id": 240, "in_reply_to": 236, "type": "error_write_lock", "text": "already locked"}}
DEBUG:root:received {"id":804,"src":"n1","dest":"n2","body":{"msg_id":232,"type":"cas_lock","key":2,"from":4,"to":3}}
DEBUG:root:sending {"dest": "n1", "src": "n2", "body": {"msg_id": 241, "in_reply_to": 232, "type": "error_cas_lock", "text": "already locked"}}
DEBUG:root:received {"id":808,"src":"n2","dest":"n2","body":{"msg_id":238,"type":"unlock"}}
DEBUG:root:received {"id":810,"src":"n0","dest":"n2","body":{"msg_id":228,"in_reply_to":235,"type":"error_write_lock","text":"already locked"}}
DEBUG:root:received {"id":811,"src":"n2","dest":"n2","body":{"msg_id":240,"in_reply_to":236,"type":"error_write_lock","text":"already locked"}}
DEBUG:root:sending {"dest": "c8", "src": "n2", "body": {"msg_id": 242, "in_reply_to": 19, "type": "error", "code": 11, "text": "locked_state"}}
DEBUG:root:received {"id":813,"src":"n0","dest":"n2","body":{"msg_id":230,"type":"read_lock","key":2,"value":4}}
DEBUG:root:received {"id":814,"src":"n0","dest":"n2","body":{"msg_id":231,"type":"read_server","key":2}}
DEBUG:root:sending {"dest": "n0", "src": "n2", "body": {"msg_id": 243, "in_reply_to": 230, "type": "lock_ok", "value": {"value": 4, "timestamp": 2}}}
INFO:root:server n0 reading from 2
DEBUG:root:sending {"dest": "n0", "src": "n2", "body": {"msg_id": 244, "in_reply_to": 231, "type": "error_read_lock", "text": "already_locked"}}
DEBUG:root:received {"id":826,"src":"n1","dest":"n2","body":{"msg_id":239,"type":"unlock"}}
DEBUG:root:received {"id":829,"src":"n0","dest":"n2","body":{"msg_id":235,"type":"write_server","key":2,"value":4,"timestamp":3}}
DEBUG:root:sending {"dest": "n0", "src": "n2", "body": {"msg_id": 245, "in_reply_to": 235, "type": "write_server_ok"}}
