/home/clock/Mestrado/2Sem/TF/TP/TP1/lin-kv.py:9: DeprecationWarning: the imp module is deprecated in favour of importlib; see the module's documentation for alternative uses
  import imp
DEBUG:root:received {"id":2,"src":"c2","dest":"n0","body":{"type":"init","node_id":"n0","node_ids":["n0","n1","n2"],"msg_id":1}}
INFO:root:node n0 initialized
DEBUG:root:sending {"dest": "c2", "src": "n0", "body": {"msg_id": 1, "in_reply_to": 1, "type": "init_ok"}}
DEBUG:root:received {"id":7,"src":"n1","dest":"n0","body":{"msg_id":2,"type":"read_server","key":0}}
INFO:root:server n1 reading from 0
DEBUG:root:sending {"dest": "n1", "src": "n0", "body": {"msg_id": 2, "in_reply_to": 2, "type": "error_read", "code": 20, "text": "not found"}}
DEBUG:root:received {"id":11,"src":"n1","dest":"n0","body":{"msg_id":5,"type":"unlock_read","code":20}}
DEBUG:root:sending {"dest": "n1", "src": "n0", "body": {"msg_id": 3, "in_reply_to": 5, "type": "unlock_read_ok", "code": 20}}
DEBUG:root:received {"id":16,"src":"c7","dest":"n0","body":{"key":0,"type":"read","msg_id":1}}
INFO:root:node c7 reading from 0
DEBUG:root:sending {"dest": "n2", "src": "n0", "body": {"msg_id": 4, "type": "read_server", "key": 0}}
DEBUG:root:sending {"dest": "n1", "src": "n0", "body": {"msg_id": 5, "type": "read_server", "key": 0}}
DEBUG:root:received {"id":19,"src":"n2","dest":"n0","body":{"msg_id":2,"in_reply_to":4,"type":"error_read","code":20,"text":"not found"}}
DEBUG:root:received {"id":20,"src":"n1","dest":"n0","body":{"msg_id":9,"in_reply_to":5,"type":"error_read","code":20,"text":"not found"}}
DEBUG:root:sending {"dest": "n2", "src": "n0", "body": {"msg_id": 6, "type": "unlock_read", "code": 20}}
DEBUG:root:sending {"dest": "n1", "src": "n0", "body": {"msg_id": 7, "type": "unlock_read", "code": 20}}
DEBUG:root:received {"id":23,"src":"n2","dest":"n0","body":{"msg_id":3,"in_reply_to":6,"type":"unlock_read_ok","code":20}}
DEBUG:root:received {"id":24,"src":"n1","dest":"n0","body":{"msg_id":10,"in_reply_to":7,"type":"unlock_read_ok","code":20}}
DEBUG:root:sending {"dest": "c7", "src": "n0", "body": {"msg_id": 8, "in_reply_to": 1, "type": "error", "code": 20, "text": "not found"}}
DEBUG:root:received {"id":26,"src":"c8","dest":"n0","body":{"key":0,"value":4,"type":"write","msg_id":1}}
INFO:root:node c8 writing to 0
DEBUG:root:sending {"dest": "n0", "src": "n0", "body": {"msg_id": 9, "type": "read_lock", "key": 0, "value": 4}}
DEBUG:root:sending {"dest": "n1", "src": "n0", "body": {"msg_id": 10, "type": "read_lock", "key": 0, "value": 4}}
DEBUG:root:received {"id":27,"src":"n0","dest":"n0","body":{"msg_id":9,"type":"read_lock","key":0,"value":4}}
DEBUG:root:sending {"dest": "n0", "src": "n0", "body": {"msg_id": 11, "in_reply_to": 9, "type": "noKey", "text": "not found"}}
DEBUG:root:received {"id":29,"src":"n0","dest":"n0","body":{"msg_id":11,"in_reply_to":9,"type":"noKey","text":"not found"}}
DEBUG:root:received {"id":30,"src":"n1","dest":"n0","body":{"msg_id":11,"in_reply_to":10,"type":"noKey","text":"not found"}}
DEBUG:root:sending {"dest": "n0", "src": "n0", "body": {"msg_id": 12, "type": "write_server", "key": 0, "value": 4, "timestamp": 0}}
DEBUG:root:sending {"dest": "n1", "src": "n0", "body": {"msg_id": 13, "type": "write_server", "key": 0, "value": 4, "timestamp": 0}}
DEBUG:root:received {"id":31,"src":"n0","dest":"n0","body":{"msg_id":12,"type":"write_server","key":0,"value":4,"timestamp":0}}
DEBUG:root:sending {"dest": "n0", "src": "n0", "body": {"msg_id": 14, "in_reply_to": 12, "type": "write_server_ok"}}
DEBUG:root:received {"id":33,"src":"n0","dest":"n0","body":{"msg_id":14,"in_reply_to":12,"type":"write_server_ok"}}
DEBUG:root:received {"id":34,"src":"n1","dest":"n0","body":{"msg_id":12,"in_reply_to":13,"type":"write_server_ok"}}
DEBUG:root:sending {"dest": "c8", "src": "n0", "body": {"msg_id": 15, "in_reply_to": 1, "type": "write_ok"}}
DEBUG:root:received {"id":36,"src":"c7","dest":"n0","body":{"key":0,"type":"read","msg_id":2}}
INFO:root:node c7 reading from 0
DEBUG:root:sending {"dest": "n1", "src": "n0", "body": {"msg_id": 16, "type": "read_server", "key": 0}}
DEBUG:root:sending {"dest": "n0", "src": "n0", "body": {"msg_id": 17, "type": "read_server", "key": 0}}
DEBUG:root:received {"id":38,"src":"n0","dest":"n0","body":{"msg_id":17,"type":"read_server","key":0}}
INFO:root:server n0 reading from 0
DEBUG:root:sending {"dest": "n0", "src": "n0", "body": {"msg_id": 18, "in_reply_to": 17, "type": "read_server_ok", "value": {"value": 4, "timestamp": 0}}}
DEBUG:root:received {"id":40,"src":"n0","dest":"n0","body":{"msg_id":18,"in_reply_to":17,"type":"read_server_ok","value":{"value":4,"timestamp":0}}}
DEBUG:root:received {"id":39,"src":"n1","dest":"n0","body":{"msg_id":13,"in_reply_to":16,"type":"read_server_ok","value":{"value":4,"timestamp":0}}}
DEBUG:root:sending {"dest": "n0", "src": "n0", "body": {"msg_id": 19, "type": "unlock_read", "code": 0, "value": 4}}
DEBUG:root:sending {"dest": "n1", "src": "n0", "body": {"msg_id": 20, "type": "unlock_read", "code": 0, "value": 4}}
DEBUG:root:received {"id":41,"src":"n0","dest":"n0","body":{"msg_id":19,"type":"unlock_read","code":0,"value":4}}
DEBUG:root:sending {"dest": "n0", "src": "n0", "body": {"msg_id": 21, "in_reply_to": 19, "type": "unlock_read_ok", "code": 0, "value": 4}}
DEBUG:root:received {"id":43,"src":"n0","dest":"n0","body":{"msg_id":21,"in_reply_to":19,"type":"unlock_read_ok","code":0,"value":4}}
DEBUG:root:received {"id":44,"src":"n1","dest":"n0","body":{"msg_id":14,"in_reply_to":20,"type":"unlock_read_ok","code":0,"value":4}}
DEBUG:root:sending {"dest": "c7", "src": "n0", "body": {"msg_id": 22, "in_reply_to": 2, "type": "read_ok", "value": 4}}
DEBUG:root:received {"id":46,"src":"c7","dest":"n0","body":{"key":0,"type":"read","msg_id":3}}
INFO:root:node c7 reading from 0
DEBUG:root:sending {"dest": "n0", "src": "n0", "body": {"msg_id": 23, "type": "read_server", "key": 0}}
DEBUG:root:sending {"dest": "n2", "src": "n0", "body": {"msg_id": 24, "type": "read_server", "key": 0}}
DEBUG:root:received {"id":47,"src":"n0","dest":"n0","body":{"msg_id":23,"type":"read_server","key":0}}
INFO:root:server n0 reading from 0
DEBUG:root:sending {"dest": "n0", "src": "n0", "body": {"msg_id": 25, "in_reply_to": 23, "type": "read_server_ok", "value": {"value": 4, "timestamp": 0}}}
DEBUG:root:received {"id":49,"src":"n0","dest":"n0","body":{"msg_id":25,"in_reply_to":23,"type":"read_server_ok","value":{"value":4,"timestamp":0}}}
DEBUG:root:received {"id":50,"src":"n2","dest":"n0","body":{"msg_id":4,"in_reply_to":24,"type":"error_read","code":20,"text":"not found"}}
DEBUG:root:sending {"dest": "n0", "src": "n0", "body": {"msg_id": 26, "type": "unlock_read", "code": 0, "value": 4}}
DEBUG:root:sending {"dest": "n2", "src": "n0", "body": {"msg_id": 27, "type": "unlock_read", "code": 0, "value": 4}}
DEBUG:root:received {"id":51,"src":"n0","dest":"n0","body":{"msg_id":26,"type":"unlock_read","code":0,"value":4}}
DEBUG:root:sending {"dest": "n0", "src": "n0", "body": {"msg_id": 28, "in_reply_to": 26, "type": "unlock_read_ok", "code": 0, "value": 4}}
DEBUG:root:received {"id":53,"src":"n0","dest":"n0","body":{"msg_id":28,"in_reply_to":26,"type":"unlock_read_ok","code":0,"value":4}}
DEBUG:root:received {"id":54,"src":"n2","dest":"n0","body":{"msg_id":5,"in_reply_to":27,"type":"unlock_read_ok","code":0,"value":4}}
DEBUG:root:sending {"dest": "c7", "src": "n0", "body": {"msg_id": 29, "in_reply_to": 3, "type": "read_ok", "value": 4}}
DEBUG:root:received {"id":56,"src":"c8","dest":"n0","body":{"key":0,"value":0,"type":"write","msg_id":2}}
INFO:root:node c8 writing to 0
DEBUG:root:sending {"dest": "n0", "src": "n0", "body": {"msg_id": 30, "type": "read_lock", "key": 0, "value": 0}}
DEBUG:root:sending {"dest": "n1", "src": "n0", "body": {"msg_id": 31, "type": "read_lock", "key": 0, "value": 0}}
DEBUG:root:received {"id":57,"src":"n0","dest":"n0","body":{"msg_id":30,"type":"read_lock","key":0,"value":0}}
DEBUG:root:sending {"dest": "n0", "src": "n0", "body": {"msg_id": 32, "in_reply_to": 30, "type": "lock_ok", "value": {"value": 4, "timestamp": 0}}}
DEBUG:root:received {"id":59,"src":"n0","dest":"n0","body":{"msg_id":32,"in_reply_to":30,"type":"lock_ok","value":{"value":4,"timestamp":0}}}
DEBUG:root:received {"id":60,"src":"n1","dest":"n0","body":{"msg_id":15,"in_reply_to":31,"type":"lock_ok","value":{"value":4,"timestamp":0}}}
DEBUG:root:sending {"dest": "n0", "src": "n0", "body": {"msg_id": 33, "type": "write_server", "key": 0, "value": 0, "timestamp": 1}}
DEBUG:root:sending {"dest": "n1", "src": "n0", "body": {"msg_id": 34, "type": "write_server", "key": 0, "value": 0, "timestamp": 1}}
DEBUG:root:received {"id":61,"src":"n0","dest":"n0","body":{"msg_id":33,"type":"write_server","key":0,"value":0,"timestamp":1}}
DEBUG:root:sending {"dest": "n0", "src": "n0", "body": {"msg_id": 35, "in_reply_to": 33, "type": "write_server_ok"}}
DEBUG:root:received {"id":63,"src":"n0","dest":"n0","body":{"msg_id":35,"in_reply_to":33,"type":"write_server_ok"}}
DEBUG:root:received {"id":64,"src":"n1","dest":"n0","body":{"msg_id":16,"in_reply_to":34,"type":"write_server_ok"}}
DEBUG:root:sending {"dest": "c8", "src": "n0", "body": {"msg_id": 36, "in_reply_to": 2, "type": "write_ok"}}
DEBUG:root:received {"id":67,"src":"n2","dest":"n0","body":{"msg_id":6,"type":"cas_lock","key":0,"from":1,"to":4}}
DEBUG:root:sending {"dest": "n2", "src": "n0", "body": {"msg_id": 37, "in_reply_to": 6, "type": "noMatch"}}
DEBUG:root:received {"id":71,"src":"n2","dest":"n0","body":{"msg_id":8,"type":"unlock_cas","code":22}}
DEBUG:root:sending {"dest": "n2", "src": "n0", "body": {"msg_id": 38, "in_reply_to": 8, "type": "unlock_cas_ok", "code": 22}}
DEBUG:root:received {"id":76,"src":"c7","dest":"n0","body":{"key":0,"type":"read","msg_id":4}}
INFO:root:node c7 reading from 0
DEBUG:root:sending {"dest": "n0", "src": "n0", "body": {"msg_id": 39, "type": "read_server", "key": 0}}
DEBUG:root:sending {"dest": "n1", "src": "n0", "body": {"msg_id": 40, "type": "read_server", "key": 0}}
DEBUG:root:received {"id":77,"src":"n0","dest":"n0","body":{"msg_id":39,"type":"read_server","key":0}}
INFO:root:server n0 reading from 0
DEBUG:root:sending {"dest": "n0", "src": "n0", "body": {"msg_id": 41, "in_reply_to": 39, "type": "read_server_ok", "value": {"value": 0, "timestamp": 1}}}
DEBUG:root:received {"id":79,"src":"n0","dest":"n0","body":{"msg_id":41,"in_reply_to":39,"type":"read_server_ok","value":{"value":0,"timestamp":1}}}
DEBUG:root:received {"id":80,"src":"n1","dest":"n0","body":{"msg_id":19,"in_reply_to":40,"type":"read_server_ok","value":{"value":0,"timestamp":1}}}
DEBUG:root:sending {"dest": "n0", "src": "n0", "body": {"msg_id": 42, "type": "unlock_read", "code": 0, "value": 0}}
DEBUG:root:sending {"dest": "n1", "src": "n0", "body": {"msg_id": 43, "type": "unlock_read", "code": 0, "value": 0}}
DEBUG:root:received {"id":81,"src":"n0","dest":"n0","body":{"msg_id":42,"type":"unlock_read","code":0,"value":0}}
DEBUG:root:sending {"dest": "n0", "src": "n0", "body": {"msg_id": 44, "in_reply_to": 42, "type": "unlock_read_ok", "code": 0, "value": 0}}
DEBUG:root:received {"id":83,"src":"n0","dest":"n0","body":{"msg_id":44,"in_reply_to":42,"type":"unlock_read_ok","code":0,"value":0}}
DEBUG:root:received {"id":84,"src":"n1","dest":"n0","body":{"msg_id":20,"in_reply_to":43,"type":"unlock_read_ok","code":0,"value":0}}
DEBUG:root:sending {"dest": "c7", "src": "n0", "body": {"msg_id": 45, "in_reply_to": 4, "type": "read_ok", "value": 0}}
DEBUG:root:received {"id":86,"src":"c8","dest":"n0","body":{"key":0,"from":0,"to":0,"type":"cas","msg_id":3}}
INFO:root:node c8 comparing and setting
DEBUG:root:sending {"dest": "n0", "src": "n0", "body": {"msg_id": 46, "type": "cas_lock", "key": 0, "from": 0, "to": 0}}
DEBUG:root:sending {"dest": "n2", "src": "n0", "body": {"msg_id": 47, "type": "cas_lock", "key": 0, "from": 0, "to": 0}}
DEBUG:root:received {"id":87,"src":"n0","dest":"n0","body":{"msg_id":46,"type":"cas_lock","key":0,"from":0,"to":0}}
DEBUG:root:sending {"dest": "n0", "src": "n0", "body": {"msg_id": 48, "in_reply_to": 46, "type": "lock_ok_cas", "value": {"value": 0, "timestamp": 1}}}
DEBUG:root:received {"id":89,"src":"n0","dest":"n0","body":{"msg_id":48,"in_reply_to":46,"type":"lock_ok_cas","value":{"value":0,"timestamp":1}}}
DEBUG:root:received {"id":90,"src":"n2","dest":"n0","body":{"msg_id":11,"in_reply_to":47,"type":"noKeyCas"}}
DEBUG:root:sending {"dest": "n0", "src": "n0", "body": {"msg_id": 49, "type": "cas_server", "key": 0, "from": 0, "to": 0, "timestamp": 2}}
DEBUG:root:sending {"dest": "n2", "src": "n0", "body": {"msg_id": 50, "type": "cas_server", "key": 0, "from": 0, "to": 0, "timestamp": 2}}
DEBUG:root:received {"id":91,"src":"n0","dest":"n0","body":{"msg_id":49,"type":"cas_server","key":0,"from":0,"to":0,"timestamp":2}}
DEBUG:root:sending {"dest": "n0", "src": "n0", "body": {"msg_id": 51, "in_reply_to": 49, "type": "cas_server_ok"}}
DEBUG:root:received {"id":93,"src":"n0","dest":"n0","body":{"msg_id":51,"in_reply_to":49,"type":"cas_server_ok"}}
DEBUG:root:received {"id":94,"src":"n2","dest":"n0","body":{"msg_id":12,"in_reply_to":50,"type":"cas_server_ok"}}
DEBUG:root:sending {"dest": "c8", "src": "n0", "body": {"msg_id": 52, "in_reply_to": 3, "type": "cas_ok"}}
DEBUG:root:received {"id":98,"src":"n2","dest":"n0","body":{"msg_id":14,"type":"cas_lock","key":0,"from":3,"to":1}}
DEBUG:root:sending {"dest": "n2", "src": "n0", "body": {"msg_id": 53, "in_reply_to": 14, "type": "noMatch"}}
DEBUG:root:received {"id":102,"src":"n2","dest":"n0","body":{"msg_id":16,"type":"unlock_cas","code":22}}
DEBUG:root:sending {"dest": "n2", "src": "n0", "body": {"msg_id": 54, "in_reply_to": 16, "type": "unlock_cas_ok", "code": 22}}
DEBUG:root:received {"id":107,"src":"n1","dest":"n0","body":{"msg_id":23,"type":"read_server","key":0}}
INFO:root:server n1 reading from 0
DEBUG:root:sending {"dest": "n1", "src": "n0", "body": {"msg_id": 55, "in_reply_to": 23, "type": "read_server_ok", "value": {"value": 0, "timestamp": 2}}}
DEBUG:root:received {"id":111,"src":"n1","dest":"n0","body":{"msg_id":25,"type":"unlock_read","code":0,"value":0}}
DEBUG:root:sending {"dest": "n1", "src": "n0", "body": {"msg_id": 56, "in_reply_to": 25, "type": "unlock_read_ok", "code": 0, "value": 0}}
DEBUG:root:received {"id":116,"src":"c8","dest":"n0","body":{"key":0,"from":4,"to":0,"type":"cas","msg_id":4}}
INFO:root:node c8 comparing and setting
DEBUG:root:sending {"dest": "n1", "src": "n0", "body": {"msg_id": 57, "type": "cas_lock", "key": 0, "from": 4, "to": 0}}
DEBUG:root:sending {"dest": "n0", "src": "n0", "body": {"msg_id": 58, "type": "cas_lock", "key": 0, "from": 4, "to": 0}}
DEBUG:root:received {"id":118,"src":"n0","dest":"n0","body":{"msg_id":58,"type":"cas_lock","key":0,"from":4,"to":0}}
DEBUG:root:sending {"dest": "n0", "src": "n0", "body": {"msg_id": 59, "in_reply_to": 58, "type": "noMatch"}}
DEBUG:root:received {"id":119,"src":"n1","dest":"n0","body":{"msg_id":28,"in_reply_to":57,"type":"noMatch"}}
DEBUG:root:received {"id":120,"src":"n0","dest":"n0","body":{"msg_id":59,"in_reply_to":58,"type":"noMatch"}}
DEBUG:root:sending {"dest": "n1", "src": "n0", "body": {"msg_id": 60, "type": "unlock_cas", "code": 22}}
DEBUG:root:sending {"dest": "n0", "src": "n0", "body": {"msg_id": 61, "type": "unlock_cas", "code": 22}}
DEBUG:root:received {"id":122,"src":"n0","dest":"n0","body":{"msg_id":61,"type":"unlock_cas","code":22}}
DEBUG:root:sending {"dest": "n0", "src": "n0", "body": {"msg_id": 62, "in_reply_to": 61, "type": "unlock_cas_ok", "code": 22}}
DEBUG:root:received {"id":123,"src":"n1","dest":"n0","body":{"msg_id":29,"in_reply_to":60,"type":"unlock_cas_ok","code":22}}
DEBUG:root:received {"id":124,"src":"n0","dest":"n0","body":{"msg_id":62,"in_reply_to":61,"type":"unlock_cas_ok","code":22}}
DEBUG:root:sending {"dest": "c8", "src": "n0", "body": {"msg_id": 63, "in_reply_to": 4, "type": "error", "code": 22, "text": "does not match"}}
DEBUG:root:received {"id":126,"src":"c7","dest":"n0","body":{"key":0,"type":"read","msg_id":5}}
INFO:root:node c7 reading from 0
DEBUG:root:sending {"dest": "n1", "src": "n0", "body": {"msg_id": 64, "type": "read_server", "key": 0}}
DEBUG:root:sending {"dest": "n2", "src": "n0", "body": {"msg_id": 65, "type": "read_server", "key": 0}}
DEBUG:root:received {"id":129,"src":"n1","dest":"n0","body":{"msg_id":30,"in_reply_to":64,"type":"read_server_ok","value":{"value":0,"timestamp":1}}}
DEBUG:root:received {"id":130,"src":"n2","dest":"n0","body":{"msg_id":20,"in_reply_to":65,"type":"read_server_ok","value":{"value":0,"timestamp":2}}}
DEBUG:root:sending {"dest": "n1", "src": "n0", "body": {"msg_id": 66, "type": "unlock_read", "code": 0, "value": 0}}
DEBUG:root:sending {"dest": "n2", "src": "n0", "body": {"msg_id": 67, "type": "unlock_read", "code": 0, "value": 0}}
DEBUG:root:received {"id":133,"src":"n1","dest":"n0","body":{"msg_id":31,"in_reply_to":66,"type":"unlock_read_ok","code":0,"value":0}}
DEBUG:root:received {"id":134,"src":"n2","dest":"n0","body":{"msg_id":21,"in_reply_to":67,"type":"unlock_read_ok","code":0,"value":0}}
DEBUG:root:sending {"dest": "c7", "src": "n0", "body": {"msg_id": 68, "in_reply_to": 5, "type": "read_ok", "value": 0}}
DEBUG:root:received {"id":156,"src":"c7","dest":"n0","body":{"key":0,"type":"read","msg_id":6}}
INFO:root:node c7 reading from 0
DEBUG:root:sending {"dest": "n1", "src": "n0", "body": {"msg_id": 69, "type": "read_server", "key": 0}}
DEBUG:root:sending {"dest": "n0", "src": "n0", "body": {"msg_id": 70, "type": "read_server", "key": 0}}
DEBUG:root:received {"id":158,"src":"n0","dest":"n0","body":{"msg_id":70,"type":"read_server","key":0}}
INFO:root:server n0 reading from 0
DEBUG:root:sending {"dest": "n0", "src": "n0", "body": {"msg_id": 71, "in_reply_to": 70, "type": "read_server_ok", "value": {"value": 0, "timestamp": 2}}}
DEBUG:root:received {"id":159,"src":"n1","dest":"n0","body":{"msg_id":36,"in_reply_to":69,"type":"read_server_ok","value":{"value":0,"timestamp":1}}}
DEBUG:root:received {"id":160,"src":"n0","dest":"n0","body":{"msg_id":71,"in_reply_to":70,"type":"read_server_ok","value":{"value":0,"timestamp":2}}}
DEBUG:root:sending {"dest": "n1", "src": "n0", "body": {"msg_id": 72, "type": "unlock_read", "code": 0, "value": 0}}
DEBUG:root:sending {"dest": "n0", "src": "n0", "body": {"msg_id": 73, "type": "unlock_read", "code": 0, "value": 0}}
DEBUG:root:received {"id":162,"src":"n0","dest":"n0","body":{"msg_id":73,"type":"unlock_read","code":0,"value":0}}
DEBUG:root:sending {"dest": "n0", "src": "n0", "body": {"msg_id": 74, "in_reply_to": 73, "type": "unlock_read_ok", "code": 0, "value": 0}}
DEBUG:root:received {"id":163,"src":"n1","dest":"n0","body":{"msg_id":37,"in_reply_to":72,"type":"unlock_read_ok","code":0,"value":0}}
DEBUG:root:received {"id":164,"src":"n0","dest":"n0","body":{"msg_id":74,"in_reply_to":73,"type":"unlock_read_ok","code":0,"value":0}}
DEBUG:root:sending {"dest": "c7", "src": "n0", "body": {"msg_id": 75, "in_reply_to": 6, "type": "read_ok", "value": 0}}
DEBUG:root:received {"id":187,"src":"n2","dest":"n0","body":{"msg_id":50,"type":"read_server","key":0}}
INFO:root:server n2 reading from 0
DEBUG:root:sending {"dest": "n2", "src": "n0", "body": {"msg_id": 76, "in_reply_to": 50, "type": "read_server_ok", "value": {"value": 0, "timestamp": 2}}}
DEBUG:root:received {"id":191,"src":"n2","dest":"n0","body":{"msg_id":52,"type":"unlock_read","code":0,"value":3}}
DEBUG:root:sending {"dest": "n2", "src": "n0", "body": {"msg_id": 77, "in_reply_to": 52, "type": "unlock_read_ok", "code": 0, "value": 3}}
DEBUG:root:received {"id":206,"src":"c8","dest":"n0","body":{"key":0,"from":2,"to":4,"type":"cas","msg_id":5}}
INFO:root:node c8 comparing and setting
DEBUG:root:sending {"dest": "n0", "src": "n0", "body": {"msg_id": 78, "type": "cas_lock", "key": 0, "from": 2, "to": 4}}
DEBUG:root:sending {"dest": "n2", "src": "n0", "body": {"msg_id": 79, "type": "cas_lock", "key": 0, "from": 2, "to": 4}}
DEBUG:root:received {"id":207,"src":"n0","dest":"n0","body":{"msg_id":78,"type":"cas_lock","key":0,"from":2,"to":4}}
DEBUG:root:sending {"dest": "n0", "src": "n0", "body": {"msg_id": 80, "in_reply_to": 78, "type": "noMatch"}}
DEBUG:root:received {"id":209,"src":"n0","dest":"n0","body":{"msg_id":80,"in_reply_to":78,"type":"noMatch"}}
DEBUG:root:received {"id":210,"src":"n2","dest":"n0","body":{"msg_id":62,"in_reply_to":79,"type":"noMatch"}}
DEBUG:root:sending {"dest": "n0", "src": "n0", "body": {"msg_id": 81, "type": "unlock_cas", "code": 22}}
DEBUG:root:sending {"dest": "n2", "src": "n0", "body": {"msg_id": 82, "type": "unlock_cas", "code": 22}}
DEBUG:root:received {"id":211,"src":"n0","dest":"n0","body":{"msg_id":81,"type":"unlock_cas","code":22}}
DEBUG:root:sending {"dest": "n0", "src": "n0", "body": {"msg_id": 83, "in_reply_to": 81, "type": "unlock_cas_ok", "code": 22}}
DEBUG:root:received {"id":213,"src":"n0","dest":"n0","body":{"msg_id":83,"in_reply_to":81,"type":"unlock_cas_ok","code":22}}
DEBUG:root:received {"id":214,"src":"n2","dest":"n0","body":{"msg_id":63,"in_reply_to":82,"type":"unlock_cas_ok","code":22}}
DEBUG:root:sending {"dest": "c8", "src": "n0", "body": {"msg_id": 84, "in_reply_to": 5, "type": "error", "code": 22, "text": "does not match"}}
DEBUG:root:received {"id":216,"src":"c7","dest":"n0","body":{"key":0,"type":"read","msg_id":7}}
INFO:root:node c7 reading from 0
DEBUG:root:sending {"dest": "n2", "src": "n0", "body": {"msg_id": 85, "type": "read_server", "key": 0}}
DEBUG:root:sending {"dest": "n1", "src": "n0", "body": {"msg_id": 86, "type": "read_server", "key": 0}}
DEBUG:root:received {"id":219,"src":"n2","dest":"n0","body":{"msg_id":64,"in_reply_to":85,"type":"read_server_ok","value":{"value":3,"timestamp":3}}}
DEBUG:root:received {"id":220,"src":"n1","dest":"n0","body":{"msg_id":46,"in_reply_to":86,"type":"read_server_ok","value":{"value":3,"timestamp":3}}}
DEBUG:root:sending {"dest": "n2", "src": "n0", "body": {"msg_id": 87, "type": "unlock_read", "code": 0, "value": 3}}
DEBUG:root:sending {"dest": "n1", "src": "n0", "body": {"msg_id": 88, "type": "unlock_read", "code": 0, "value": 3}}
DEBUG:root:received {"id":223,"src":"n2","dest":"n0","body":{"msg_id":65,"in_reply_to":87,"type":"unlock_read_ok","code":0,"value":3}}
DEBUG:root:received {"id":224,"src":"n1","dest":"n0","body":{"msg_id":47,"in_reply_to":88,"type":"unlock_read_ok","code":0,"value":3}}
DEBUG:root:sending {"dest": "c7", "src": "n0", "body": {"msg_id": 89, "in_reply_to": 7, "type": "read_ok", "value": 3}}
DEBUG:root:received {"id":226,"src":"c7","dest":"n0","body":{"key":0,"type":"read","msg_id":8}}
INFO:root:node c7 reading from 0
DEBUG:root:sending {"dest": "n0", "src": "n0", "body": {"msg_id": 90, "type": "read_server", "key": 0}}
DEBUG:root:sending {"dest": "n2", "src": "n0", "body": {"msg_id": 91, "type": "read_server", "key": 0}}
DEBUG:root:received {"id":227,"src":"n0","dest":"n0","body":{"msg_id":90,"type":"read_server","key":0}}
INFO:root:server n0 reading from 0
DEBUG:root:sending {"dest": "n0", "src": "n0", "body": {"msg_id": 92, "in_reply_to": 90, "type": "read_server_ok", "value": {"value": 0, "timestamp": 2}}}
DEBUG:root:received {"id":229,"src":"n0","dest":"n0","body":{"msg_id":92,"in_reply_to":90,"type":"read_server_ok","value":{"value":0,"timestamp":2}}}
DEBUG:root:received {"id":230,"src":"n2","dest":"n0","body":{"msg_id":66,"in_reply_to":91,"type":"read_server_ok","value":{"value":3,"timestamp":3}}}
DEBUG:root:sending {"dest": "n0", "src": "n0", "body": {"msg_id": 93, "type": "unlock_read", "code": 0, "value": 3}}
DEBUG:root:sending {"dest": "n2", "src": "n0", "body": {"msg_id": 94, "type": "unlock_read", "code": 0, "value": 3}}
DEBUG:root:received {"id":231,"src":"n0","dest":"n0","body":{"msg_id":93,"type":"unlock_read","code":0,"value":3}}
DEBUG:root:sending {"dest": "n0", "src": "n0", "body": {"msg_id": 95, "in_reply_to": 93, "type": "unlock_read_ok", "code": 0, "value": 3}}
DEBUG:root:received {"id":234,"src":"n2","dest":"n0","body":{"msg_id":67,"in_reply_to":94,"type":"unlock_read_ok","code":0,"value":3}}
DEBUG:root:received {"id":233,"src":"n0","dest":"n0","body":{"msg_id":95,"in_reply_to":93,"type":"unlock_read_ok","code":0,"value":3}}
DEBUG:root:sending {"dest": "c7", "src": "n0", "body": {"msg_id": 96, "in_reply_to": 8, "type": "read_ok", "value": 3}}
DEBUG:root:received {"id":248,"src":"n2","dest":"n0","body":{"msg_id":76,"type":"read_lock","key":0,"value":3}}
DEBUG:root:sending {"dest": "n2", "src": "n0", "body": {"msg_id": 97, "in_reply_to": 76, "type": "lock_ok", "value": {"value": 0, "timestamp": 2}}}
DEBUG:root:received {"id":252,"src":"n2","dest":"n0","body":{"msg_id":79,"type":"write_server","key":0,"value":3,"timestamp":4}}
DEBUG:root:sending {"dest": "n2", "src": "n0", "body": {"msg_id": 98, "in_reply_to": 79, "type": "write_server_ok"}}
DEBUG:root:received {"id":257,"src":"n1","dest":"n0","body":{"msg_id":50,"type":"cas_lock","key":0,"from":0,"to":3}}
DEBUG:root:sending {"dest": "n1", "src": "n0", "body": {"msg_id": 99, "in_reply_to": 50, "type": "noMatch"}}
DEBUG:root:received {"id":262,"src":"n1","dest":"n0","body":{"msg_id":54,"type":"unlock_cas","code":22}}
DEBUG:root:sending {"dest": "n1", "src": "n0", "body": {"msg_id": 100, "in_reply_to": 54, "type": "unlock_cas_ok", "code": 22}}
DEBUG:root:received {"id":266,"src":"c7","dest":"n0","body":{"key":0,"type":"read","msg_id":9}}
INFO:root:node c7 reading from 0
DEBUG:root:sending {"dest": "n2", "src": "n0", "body": {"msg_id": 101, "type": "read_server", "key": 0}}
DEBUG:root:sending {"dest": "n1", "src": "n0", "body": {"msg_id": 102, "type": "read_server", "key": 0}}
DEBUG:root:received {"id":269,"src":"n2","dest":"n0","body":{"msg_id":82,"in_reply_to":101,"type":"read_server_ok","value":{"value":3,"timestamp":4}}}
DEBUG:root:received {"id":270,"src":"n1","dest":"n0","body":{"msg_id":57,"in_reply_to":102,"type":"read_server_ok","value":{"value":3,"timestamp":3}}}
DEBUG:root:sending {"dest": "n2", "src": "n0", "body": {"msg_id": 103, "type": "unlock_read", "code": 0, "value": 3}}
DEBUG:root:sending {"dest": "n1", "src": "n0", "body": {"msg_id": 104, "type": "unlock_read", "code": 0, "value": 3}}
DEBUG:root:received {"id":273,"src":"n2","dest":"n0","body":{"msg_id":83,"in_reply_to":103,"type":"unlock_read_ok","code":0,"value":3}}
DEBUG:root:received {"id":274,"src":"n1","dest":"n0","body":{"msg_id":58,"in_reply_to":104,"type":"unlock_read_ok","code":0,"value":3}}
DEBUG:root:sending {"dest": "c7", "src": "n0", "body": {"msg_id": 105, "in_reply_to": 9, "type": "read_ok", "value": 3}}
DEBUG:root:received {"id":276,"src":"c7","dest":"n0","body":{"key":0,"type":"read","msg_id":10}}
INFO:root:node c7 reading from 0
DEBUG:root:sending {"dest": "n2", "src": "n0", "body": {"msg_id": 106, "type": "read_server", "key": 0}}
DEBUG:root:sending {"dest": "n1", "src": "n0", "body": {"msg_id": 107, "type": "read_server", "key": 0}}
DEBUG:root:received {"id":279,"src":"n2","dest":"n0","body":{"msg_id":84,"in_reply_to":106,"type":"read_server_ok","value":{"value":3,"timestamp":4}}}
DEBUG:root:received {"id":280,"src":"n1","dest":"n0","body":{"msg_id":59,"in_reply_to":107,"type":"read_server_ok","value":{"value":3,"timestamp":3}}}
DEBUG:root:sending {"dest": "n2", "src": "n0", "body": {"msg_id": 108, "type": "unlock_read", "code": 0, "value": 3}}
DEBUG:root:sending {"dest": "n1", "src": "n0", "body": {"msg_id": 109, "type": "unlock_read", "code": 0, "value": 3}}
DEBUG:root:received {"id":283,"src":"n2","dest":"n0","body":{"msg_id":85,"in_reply_to":108,"type":"unlock_read_ok","code":0,"value":3}}
DEBUG:root:received {"id":284,"src":"n1","dest":"n0","body":{"msg_id":60,"in_reply_to":109,"type":"unlock_read_ok","code":0,"value":3}}
DEBUG:root:sending {"dest": "c7", "src": "n0", "body": {"msg_id": 110, "in_reply_to": 10, "type": "read_ok", "value": 3}}
DEBUG:root:received {"id":288,"src":"n1","dest":"n0","body":{"msg_id":62,"type":"cas_lock","key":0,"from":0,"to":4}}
DEBUG:root:sending {"dest": "n1", "src": "n0", "body": {"msg_id": 111, "in_reply_to": 62, "type": "noMatch"}}
DEBUG:root:received {"id":292,"src":"n1","dest":"n0","body":{"msg_id":65,"type":"unlock_cas","code":22}}
DEBUG:root:sending {"dest": "n1", "src": "n0", "body": {"msg_id": 112, "in_reply_to": 65, "type": "unlock_cas_ok", "code": 22}}
DEBUG:root:received {"id":297,"src":"n1","dest":"n0","body":{"msg_id":68,"type":"read_server","key":0}}
INFO:root:server n1 reading from 0
DEBUG:root:sending {"dest": "n1", "src": "n0", "body": {"msg_id": 113, "in_reply_to": 68, "type": "read_server_ok", "value": {"value": 3, "timestamp": 4}}}
DEBUG:root:received {"id":301,"src":"n1","dest":"n0","body":{"msg_id":70,"type":"unlock_read","code":0,"value":3}}
DEBUG:root:sending {"dest": "n1", "src": "n0", "body": {"msg_id": 114, "in_reply_to": 70, "type": "unlock_read_ok", "code": 0, "value": 3}}
DEBUG:root:received {"id":306,"src":"c8","dest":"n0","body":{"key":0,"from":2,"to":3,"type":"cas","msg_id":6}}
INFO:root:node c8 comparing and setting
DEBUG:root:sending {"dest": "n0", "src": "n0", "body": {"msg_id": 115, "type": "cas_lock", "key": 0, "from": 2, "to": 3}}
DEBUG:root:sending {"dest": "n2", "src": "n0", "body": {"msg_id": 116, "type": "cas_lock", "key": 0, "from": 2, "to": 3}}
DEBUG:root:received {"id":307,"src":"n0","dest":"n0","body":{"msg_id":115,"type":"cas_lock","key":0,"from":2,"to":3}}
DEBUG:root:sending {"dest": "n0", "src": "n0", "body": {"msg_id": 117, "in_reply_to": 115, "type": "noMatch"}}
DEBUG:root:received {"id":309,"src":"n0","dest":"n0","body":{"msg_id":117,"in_reply_to":115,"type":"noMatch"}}
DEBUG:root:received {"id":310,"src":"n2","dest":"n0","body":{"msg_id":88,"in_reply_to":116,"type":"noMatch"}}
DEBUG:root:sending {"dest": "n0", "src": "n0", "body": {"msg_id": 118, "type": "unlock_cas", "code": 22}}
DEBUG:root:sending {"dest": "n2", "src": "n0", "body": {"msg_id": 119, "type": "unlock_cas", "code": 22}}
DEBUG:root:received {"id":311,"src":"n0","dest":"n0","body":{"msg_id":118,"type":"unlock_cas","code":22}}
DEBUG:root:sending {"dest": "n0", "src": "n0", "body": {"msg_id": 120, "in_reply_to": 118, "type": "unlock_cas_ok", "code": 22}}
DEBUG:root:received {"id":313,"src":"n0","dest":"n0","body":{"msg_id":120,"in_reply_to":118,"type":"unlock_cas_ok","code":22}}
DEBUG:root:received {"id":314,"src":"n2","dest":"n0","body":{"msg_id":89,"in_reply_to":119,"type":"unlock_cas_ok","code":22}}
DEBUG:root:sending {"dest": "c8", "src": "n0", "body": {"msg_id": 121, "in_reply_to": 6, "type": "error", "code": 22, "text": "does not match"}}
DEBUG:root:received {"id":327,"src":"n1","dest":"n0","body":{"msg_id":80,"type":"read_server","key":0}}
INFO:root:server n1 reading from 0
DEBUG:root:sending {"dest": "n1", "src": "n0", "body": {"msg_id": 122, "in_reply_to": 80, "type": "read_server_ok", "value": {"value": 3, "timestamp": 4}}}
DEBUG:root:received {"id":331,"src":"n1","dest":"n0","body":{"msg_id":82,"type":"unlock_read","code":0,"value":3}}
DEBUG:root:sending {"dest": "n1", "src": "n0", "body": {"msg_id": 123, "in_reply_to": 82, "type": "unlock_read_ok", "code": 0, "value": 3}}
DEBUG:root:received {"id":336,"src":"c7","dest":"n0","body":{"key":0,"type":"read","msg_id":11}}
INFO:root:node c7 reading from 0
DEBUG:root:sending {"dest": "n1", "src": "n0", "body": {"msg_id": 124, "type": "read_server", "key": 0}}
DEBUG:root:sending {"dest": "n0", "src": "n0", "body": {"msg_id": 125, "type": "read_server", "key": 0}}
DEBUG:root:received {"id":338,"src":"n0","dest":"n0","body":{"msg_id":125,"type":"read_server","key":0}}
INFO:root:server n0 reading from 0
DEBUG:root:sending {"dest": "n0", "src": "n0", "body": {"msg_id": 126, "in_reply_to": 125, "type": "read_server_ok", "value": {"value": 3, "timestamp": 4}}}
DEBUG:root:received {"id":339,"src":"n1","dest":"n0","body":{"msg_id":85,"in_reply_to":124,"type":"read_server_ok","value":{"value":3,"timestamp":3}}}
DEBUG:root:received {"id":340,"src":"n0","dest":"n0","body":{"msg_id":126,"in_reply_to":125,"type":"read_server_ok","value":{"value":3,"timestamp":4}}}
DEBUG:root:sending {"dest": "n1", "src": "n0", "body": {"msg_id": 127, "type": "unlock_read", "code": 0, "value": 3}}
DEBUG:root:sending {"dest": "n0", "src": "n0", "body": {"msg_id": 128, "type": "unlock_read", "code": 0, "value": 3}}
DEBUG:root:received {"id":342,"src":"n0","dest":"n0","body":{"msg_id":128,"type":"unlock_read","code":0,"value":3}}
DEBUG:root:sending {"dest": "n0", "src": "n0", "body": {"msg_id": 129, "in_reply_to": 128, "type": "unlock_read_ok", "code": 0, "value": 3}}
DEBUG:root:received {"id":343,"src":"n0","dest":"n0","body":{"msg_id":129,"in_reply_to":128,"type":"unlock_read_ok","code":0,"value":3}}
DEBUG:root:received {"id":344,"src":"n1","dest":"n0","body":{"msg_id":86,"in_reply_to":127,"type":"unlock_read_ok","code":0,"value":3}}
DEBUG:root:sending {"dest": "c7", "src": "n0", "body": {"msg_id": 130, "in_reply_to": 11, "type": "read_ok", "value": 3}}
DEBUG:root:received {"id":348,"src":"n1","dest":"n0","body":{"msg_id":88,"type":"cas_lock","key":0,"from":0,"to":2}}
DEBUG:root:sending {"dest": "n1", "src": "n0", "body": {"msg_id": 131, "in_reply_to": 88, "type": "noMatch"}}
DEBUG:root:received {"id":352,"src":"n1","dest":"n0","body":{"msg_id":91,"type":"unlock_cas","code":22}}
DEBUG:root:sending {"dest": "n1", "src": "n0", "body": {"msg_id": 132, "in_reply_to": 91, "type": "unlock_cas_ok", "code": 22}}
DEBUG:root:received {"id":387,"src":"n1","dest":"n0","body":{"msg_id":100,"type":"read_server","key":0}}
INFO:root:server n1 reading from 0
DEBUG:root:sending {"dest": "n1", "src": "n0", "body": {"msg_id": 133, "in_reply_to": 100, "type": "read_server_ok", "value": {"value": 3, "timestamp": 4}}}
DEBUG:root:received {"id":391,"src":"n1","dest":"n0","body":{"msg_id":102,"type":"unlock_read","code":0,"value":3}}
DEBUG:root:sending {"dest": "n1", "src": "n0", "body": {"msg_id": 134, "in_reply_to": 102, "type": "unlock_read_ok", "code": 0, "value": 3}}
DEBUG:root:received {"id":397,"src":"n1","dest":"n0","body":{"msg_id":105,"type":"read_server","key":0}}
INFO:root:server n1 reading from 0
DEBUG:root:sending {"dest": "n1", "src": "n0", "body": {"msg_id": 135, "in_reply_to": 105, "type": "read_server_ok", "value": {"value": 3, "timestamp": 4}}}
DEBUG:root:received {"id":401,"src":"n1","dest":"n0","body":{"msg_id":108,"type":"unlock_read","code":0,"value":3}}
DEBUG:root:sending {"dest": "n1", "src": "n0", "body": {"msg_id": 136, "in_reply_to": 108, "type": "unlock_read_ok", "code": 0, "value": 3}}
DEBUG:root:received {"id":408,"src":"n2","dest":"n0","body":{"msg_id":118,"type":"read_lock","key":0,"value":2}}
DEBUG:root:sending {"dest": "n2", "src": "n0", "body": {"msg_id": 137, "in_reply_to": 118, "type": "lock_ok", "value": {"value": 3, "timestamp": 4}}}
DEBUG:root:received {"id":412,"src":"n2","dest":"n0","body":{"msg_id":120,"type":"write_server","key":0,"value":2,"timestamp":5}}
DEBUG:root:sending {"dest": "n2", "src": "n0", "body": {"msg_id": 138, "in_reply_to": 120, "type": "write_server_ok"}}
DEBUG:root:received {"id":426,"src":"c7","dest":"n0","body":{"key":0,"type":"read","msg_id":12}}
INFO:root:node c7 reading from 0
DEBUG:root:sending {"dest": "n1", "src": "n0", "body": {"msg_id": 139, "type": "read_server", "key": 0}}
DEBUG:root:sending {"dest": "n0", "src": "n0", "body": {"msg_id": 140, "type": "read_server", "key": 0}}
DEBUG:root:received {"id":428,"src":"n0","dest":"n0","body":{"msg_id":140,"type":"read_server","key":0}}
INFO:root:server n0 reading from 0
DEBUG:root:sending {"dest": "n0", "src": "n0", "body": {"msg_id": 141, "in_reply_to": 140, "type": "read_server_ok", "value": {"value": 2, "timestamp": 5}}}
DEBUG:root:received {"id":429,"src":"n1","dest":"n0","body":{"msg_id":121,"in_reply_to":139,"type":"read_server_ok","value":{"value":2,"timestamp":6}}}
DEBUG:root:received {"id":430,"src":"n0","dest":"n0","body":{"msg_id":141,"in_reply_to":140,"type":"read_server_ok","value":{"value":2,"timestamp":5}}}
DEBUG:root:sending {"dest": "n1", "src": "n0", "body": {"msg_id": 142, "type": "unlock_read", "code": 0, "value": 2}}
DEBUG:root:sending {"dest": "n0", "src": "n0", "body": {"msg_id": 143, "type": "unlock_read", "code": 0, "value": 2}}
DEBUG:root:received {"id":432,"src":"n0","dest":"n0","body":{"msg_id":143,"type":"unlock_read","code":0,"value":2}}
DEBUG:root:sending {"dest": "n0", "src": "n0", "body": {"msg_id": 144, "in_reply_to": 143, "type": "unlock_read_ok", "code": 0, "value": 2}}
DEBUG:root:received {"id":433,"src":"n1","dest":"n0","body":{"msg_id":122,"in_reply_to":142,"type":"unlock_read_ok","code":0,"value":2}}
DEBUG:root:received {"id":434,"src":"n0","dest":"n0","body":{"msg_id":144,"in_reply_to":143,"type":"unlock_read_ok","code":0,"value":2}}
DEBUG:root:sending {"dest": "c7", "src": "n0", "body": {"msg_id": 145, "in_reply_to": 12, "type": "read_ok", "value": 2}}
DEBUG:root:received {"id":438,"src":"n2","dest":"n0","body":{"msg_id":125,"type":"read_server","key":0}}
INFO:root:server n2 reading from 0
DEBUG:root:sending {"dest": "n2", "src": "n0", "body": {"msg_id": 146, "in_reply_to": 125, "type": "read_server_ok", "value": {"value": 2, "timestamp": 5}}}
DEBUG:root:received {"id":442,"src":"n2","dest":"n0","body":{"msg_id":128,"type":"unlock_read","code":0,"value":2}}
DEBUG:root:sending {"dest": "n2", "src": "n0", "body": {"msg_id": 147, "in_reply_to": 128, "type": "unlock_read_ok", "code": 0, "value": 2}}
DEBUG:root:received {"id":468,"src":"n2","dest":"n0","body":{"msg_id":141,"type":"read_lock","key":0,"value":0}}
DEBUG:root:sending {"dest": "n2", "src": "n0", "body": {"msg_id": 148, "in_reply_to": 141, "type": "lock_ok", "value": {"value": 2, "timestamp": 5}}}
DEBUG:root:received {"id":472,"src":"n2","dest":"n0","body":{"msg_id":143,"type":"write_server","key":0,"value":0,"timestamp":8}}
DEBUG:root:sending {"dest": "n2", "src": "n0", "body": {"msg_id": 149, "in_reply_to": 143, "type": "write_server_ok"}}
DEBUG:root:received {"id":486,"src":"c8","dest":"n0","body":{"key":0,"from":0,"to":0,"type":"cas","msg_id":7}}
INFO:root:node c8 comparing and setting
DEBUG:root:sending {"dest": "n0", "src": "n0", "body": {"msg_id": 150, "type": "cas_lock", "key": 0, "from": 0, "to": 0}}
DEBUG:root:sending {"dest": "n2", "src": "n0", "body": {"msg_id": 151, "type": "cas_lock", "key": 0, "from": 0, "to": 0}}
DEBUG:root:received {"id":487,"src":"n0","dest":"n0","body":{"msg_id":150,"type":"cas_lock","key":0,"from":0,"to":0}}
DEBUG:root:sending {"dest": "n0", "src": "n0", "body": {"msg_id": 152, "in_reply_to": 150, "type": "lock_ok_cas", "value": {"value": 0, "timestamp": 8}}}
DEBUG:root:received {"id":489,"src":"n0","dest":"n0","body":{"msg_id":152,"in_reply_to":150,"type":"lock_ok_cas","value":{"value":0,"timestamp":8}}}
DEBUG:root:received {"id":490,"src":"n2","dest":"n0","body":{"msg_id":147,"in_reply_to":151,"type":"noMatch"}}
DEBUG:root:sending {"dest": "n0", "src": "n0", "body": {"msg_id": 153, "type": "cas_server", "key": 0, "from": 0, "to": 0, "timestamp": 9}}
DEBUG:root:sending {"dest": "n2", "src": "n0", "body": {"msg_id": 154, "type": "cas_server", "key": 0, "from": 0, "to": 0, "timestamp": 9}}
DEBUG:root:received {"id":491,"src":"n0","dest":"n0","body":{"msg_id":153,"type":"cas_server","key":0,"from":0,"to":0,"timestamp":9}}
DEBUG:root:sending {"dest": "n0", "src": "n0", "body": {"msg_id": 155, "in_reply_to": 153, "type": "cas_server_ok"}}
DEBUG:root:received {"id":493,"src":"n0","dest":"n0","body":{"msg_id":155,"in_reply_to":153,"type":"cas_server_ok"}}
DEBUG:root:received {"id":494,"src":"n2","dest":"n0","body":{"msg_id":148,"in_reply_to":154,"type":"cas_server_ok"}}
DEBUG:root:sending {"dest": "c8", "src": "n0", "body": {"msg_id": 156, "in_reply_to": 7, "type": "cas_ok"}}
DEBUG:root:received {"id":496,"src":"c8","dest":"n0","body":{"key":0,"from":1,"to":4,"type":"cas","msg_id":8}}
INFO:root:node c8 comparing and setting
DEBUG:root:sending {"dest": "n1", "src": "n0", "body": {"msg_id": 157, "type": "cas_lock", "key": 0, "from": 1, "to": 4}}
DEBUG:root:sending {"dest": "n2", "src": "n0", "body": {"msg_id": 158, "type": "cas_lock", "key": 0, "from": 1, "to": 4}}
DEBUG:root:received {"id":499,"src":"n1","dest":"n0","body":{"msg_id":141,"in_reply_to":157,"type":"noMatch"}}
DEBUG:root:received {"id":500,"src":"n2","dest":"n0","body":{"msg_id":149,"in_reply_to":158,"type":"noMatch"}}
DEBUG:root:sending {"dest": "n1", "src": "n0", "body": {"msg_id": 159, "type": "unlock_cas", "code": 22}}
DEBUG:root:sending {"dest": "n2", "src": "n0", "body": {"msg_id": 160, "type": "unlock_cas", "code": 22}}
DEBUG:root:received {"id":503,"src":"n1","dest":"n0","body":{"msg_id":142,"in_reply_to":159,"type":"unlock_cas_ok","code":22}}
DEBUG:root:received {"id":504,"src":"n2","dest":"n0","body":{"msg_id":150,"in_reply_to":160,"type":"unlock_cas_ok","code":22}}
DEBUG:root:sending {"dest": "c8", "src": "n0", "body": {"msg_id": 161, "in_reply_to": 8, "type": "error", "code": 22, "text": "does not match"}}
