/home/clock/Mestrado/2Sem/TF/TP/TP1/lin-kv.py:9: DeprecationWarning: the imp module is deprecated in favour of importlib; see the module's documentation for alternative uses
  import imp
DEBUG:root:received {"id":1,"src":"c1","dest":"n1","body":{"type":"init","node_id":"n1","node_ids":["n0","n1","n2"],"msg_id":1}}
INFO:root:node n1 initialized
DEBUG:root:sending {"dest": "c1", "src": "n1", "body": {"msg_id": 1, "in_reply_to": 1, "type": "init_ok"}}
DEBUG:root:received {"id":6,"src":"c6","dest":"n1","body":{"key":0,"type":"read","msg_id":1}}
INFO:root:node c6 reading from 0
DEBUG:root:sending {"dest": "n0", "src": "n1", "body": {"msg_id": 2, "type": "read_server", "key": 0}}
DEBUG:root:sending {"dest": "n1", "src": "n1", "body": {"msg_id": 3, "type": "read_server", "key": 0}}
DEBUG:root:received {"id":8,"src":"n1","dest":"n1","body":{"msg_id":3,"type":"read_server","key":0}}
INFO:root:server n1 reading from 0
DEBUG:root:sending {"dest": "n1", "src": "n1", "body": {"msg_id": 4, "in_reply_to": 3, "type": "error_read", "code": 20, "text": "not found"}}
DEBUG:root:received {"id":9,"src":"n0","dest":"n1","body":{"msg_id":2,"in_reply_to":2,"type":"error_read","code":20,"text":"not found"}}
DEBUG:root:received {"id":10,"src":"n1","dest":"n1","body":{"msg_id":4,"in_reply_to":3,"type":"error_read","code":20,"text":"not found"}}
DEBUG:root:sending {"dest": "n0", "src": "n1", "body": {"msg_id": 5, "type": "unlock_read", "code": 20}}
DEBUG:root:sending {"dest": "n1", "src": "n1", "body": {"msg_id": 6, "type": "unlock_read", "code": 20}}
DEBUG:root:received {"id":12,"src":"n1","dest":"n1","body":{"msg_id":6,"type":"unlock_read","code":20}}
DEBUG:root:sending {"dest": "n1", "src": "n1", "body": {"msg_id": 7, "in_reply_to": 6, "type": "unlock_read_ok", "code": 20}}
DEBUG:root:received {"id":13,"src":"n0","dest":"n1","body":{"msg_id":3,"in_reply_to":5,"type":"unlock_read_ok","code":20}}
DEBUG:root:received {"id":14,"src":"n1","dest":"n1","body":{"msg_id":7,"in_reply_to":6,"type":"unlock_read_ok","code":20}}
DEBUG:root:sending {"dest": "c6", "src": "n1", "body": {"msg_id": 8, "in_reply_to": 1, "type": "error", "code": 20, "text": "not found"}}
DEBUG:root:received {"id":18,"src":"n0","dest":"n1","body":{"msg_id":5,"type":"read_server","key":0}}
INFO:root:server n0 reading from 0
DEBUG:root:sending {"dest": "n0", "src": "n1", "body": {"msg_id": 9, "in_reply_to": 5, "type": "error_read", "code": 20, "text": "not found"}}
DEBUG:root:received {"id":22,"src":"n0","dest":"n1","body":{"msg_id":7,"type":"unlock_read","code":20}}
DEBUG:root:sending {"dest": "n0", "src": "n1", "body": {"msg_id": 10, "in_reply_to": 7, "type": "unlock_read_ok", "code": 20}}
DEBUG:root:received {"id":28,"src":"n0","dest":"n1","body":{"msg_id":10,"type":"read_lock","key":0,"value":4}}
DEBUG:root:sending {"dest": "n0", "src": "n1", "body": {"msg_id": 11, "in_reply_to": 10, "type": "noKey", "text": "not found"}}
DEBUG:root:received {"id":32,"src":"n0","dest":"n1","body":{"msg_id":13,"type":"write_server","key":0,"value":4,"timestamp":0}}
DEBUG:root:sending {"dest": "n0", "src": "n1", "body": {"msg_id": 12, "in_reply_to": 13, "type": "write_server_ok"}}
DEBUG:root:received {"id":37,"src":"n0","dest":"n1","body":{"msg_id":16,"type":"read_server","key":0}}
INFO:root:server n0 reading from 0
DEBUG:root:sending {"dest": "n0", "src": "n1", "body": {"msg_id": 13, "in_reply_to": 16, "type": "read_server_ok", "value": {"value": 4, "timestamp": 0}}}
DEBUG:root:received {"id":42,"src":"n0","dest":"n1","body":{"msg_id":20,"type":"unlock_read","code":0,"value":4}}
DEBUG:root:sending {"dest": "n0", "src": "n1", "body": {"msg_id": 14, "in_reply_to": 20, "type": "unlock_read_ok", "code": 0, "value": 4}}
DEBUG:root:received {"id":58,"src":"n0","dest":"n1","body":{"msg_id":31,"type":"read_lock","key":0,"value":0}}
DEBUG:root:sending {"dest": "n0", "src": "n1", "body": {"msg_id": 15, "in_reply_to": 31, "type": "lock_ok", "value": {"value": 4, "timestamp": 0}}}
DEBUG:root:received {"id":62,"src":"n0","dest":"n1","body":{"msg_id":34,"type":"write_server","key":0,"value":0,"timestamp":1}}
DEBUG:root:sending {"dest": "n0", "src": "n1", "body": {"msg_id": 16, "in_reply_to": 34, "type": "write_server_ok"}}
DEBUG:root:received {"id":68,"src":"n2","dest":"n1","body":{"msg_id":7,"type":"cas_lock","key":0,"from":1,"to":4}}
DEBUG:root:sending {"dest": "n2", "src": "n1", "body": {"msg_id": 17, "in_reply_to": 7, "type": "noMatch"}}
DEBUG:root:received {"id":72,"src":"n2","dest":"n1","body":{"msg_id":9,"type":"unlock_cas","code":22}}
DEBUG:root:sending {"dest": "n2", "src": "n1", "body": {"msg_id": 18, "in_reply_to": 9, "type": "unlock_cas_ok", "code": 22}}
DEBUG:root:received {"id":78,"src":"n0","dest":"n1","body":{"msg_id":40,"type":"read_server","key":0}}
INFO:root:server n0 reading from 0
DEBUG:root:sending {"dest": "n0", "src": "n1", "body": {"msg_id": 19, "in_reply_to": 40, "type": "read_server_ok", "value": {"value": 0, "timestamp": 1}}}
DEBUG:root:received {"id":82,"src":"n0","dest":"n1","body":{"msg_id":43,"type":"unlock_read","code":0,"value":0}}
DEBUG:root:sending {"dest": "n0", "src": "n1", "body": {"msg_id": 20, "in_reply_to": 43, "type": "unlock_read_ok", "code": 0, "value": 0}}
DEBUG:root:received {"id":97,"src":"n2","dest":"n1","body":{"msg_id":13,"type":"cas_lock","key":0,"from":3,"to":1}}
DEBUG:root:sending {"dest": "n2", "src": "n1", "body": {"msg_id": 21, "in_reply_to": 13, "type": "noMatch"}}
DEBUG:root:received {"id":101,"src":"n2","dest":"n1","body":{"msg_id":15,"type":"unlock_cas","code":22}}
DEBUG:root:sending {"dest": "n2", "src": "n1", "body": {"msg_id": 22, "in_reply_to": 15, "type": "unlock_cas_ok", "code": 22}}
DEBUG:root:received {"id":106,"src":"c6","dest":"n1","body":{"key":0,"type":"read","msg_id":2}}
INFO:root:node c6 reading from 0
DEBUG:root:sending {"dest": "n0", "src": "n1", "body": {"msg_id": 23, "type": "read_server", "key": 0}}
DEBUG:root:sending {"dest": "n2", "src": "n1", "body": {"msg_id": 24, "type": "read_server", "key": 0}}
DEBUG:root:received {"id":109,"src":"n0","dest":"n1","body":{"msg_id":55,"in_reply_to":23,"type":"read_server_ok","value":{"value":0,"timestamp":2}}}
DEBUG:root:received {"id":110,"src":"n2","dest":"n1","body":{"msg_id":18,"in_reply_to":24,"type":"read_server_ok","value":{"value":0,"timestamp":2}}}
DEBUG:root:sending {"dest": "n0", "src": "n1", "body": {"msg_id": 25, "type": "unlock_read", "code": 0, "value": 0}}
DEBUG:root:sending {"dest": "n2", "src": "n1", "body": {"msg_id": 26, "type": "unlock_read", "code": 0, "value": 0}}
DEBUG:root:received {"id":113,"src":"n0","dest":"n1","body":{"msg_id":56,"in_reply_to":25,"type":"unlock_read_ok","code":0,"value":0}}
DEBUG:root:received {"id":114,"src":"n2","dest":"n1","body":{"msg_id":19,"in_reply_to":26,"type":"unlock_read_ok","code":0,"value":0}}
DEBUG:root:sending {"dest": "c6", "src": "n1", "body": {"msg_id": 27, "in_reply_to": 2, "type": "read_ok", "value": 0}}
DEBUG:root:received {"id":117,"src":"n0","dest":"n1","body":{"msg_id":57,"type":"cas_lock","key":0,"from":4,"to":0}}
DEBUG:root:sending {"dest": "n0", "src": "n1", "body": {"msg_id": 28, "in_reply_to": 57, "type": "noMatch"}}
DEBUG:root:received {"id":121,"src":"n0","dest":"n1","body":{"msg_id":60,"type":"unlock_cas","code":22}}
DEBUG:root:sending {"dest": "n0", "src": "n1", "body": {"msg_id": 29, "in_reply_to": 60, "type": "unlock_cas_ok", "code": 22}}
DEBUG:root:received {"id":127,"src":"n0","dest":"n1","body":{"msg_id":64,"type":"read_server","key":0}}
INFO:root:server n0 reading from 0
DEBUG:root:sending {"dest": "n0", "src": "n1", "body": {"msg_id": 30, "in_reply_to": 64, "type": "read_server_ok", "value": {"value": 0, "timestamp": 1}}}
DEBUG:root:received {"id":131,"src":"n0","dest":"n1","body":{"msg_id":66,"type":"unlock_read","code":0,"value":0}}
DEBUG:root:sending {"dest": "n0", "src": "n1", "body": {"msg_id": 31, "in_reply_to": 66, "type": "unlock_read_ok", "code": 0, "value": 0}}
DEBUG:root:received {"id":138,"src":"n2","dest":"n1","body":{"msg_id":23,"type":"read_server","key":0}}
INFO:root:server n2 reading from 0
DEBUG:root:sending {"dest": "n2", "src": "n1", "body": {"msg_id": 32, "in_reply_to": 23, "type": "read_server_ok", "value": {"value": 0, "timestamp": 1}}}
DEBUG:root:received {"id":142,"src":"n2","dest":"n1","body":{"msg_id":26,"type":"unlock_read","code":0,"value":0}}
DEBUG:root:sending {"dest": "n2", "src": "n1", "body": {"msg_id": 33, "in_reply_to": 26, "type": "unlock_read_ok", "code": 0, "value": 0}}
DEBUG:root:received {"id":148,"src":"n2","dest":"n1","body":{"msg_id":30,"type":"read_server","key":0}}
INFO:root:server n2 reading from 0
DEBUG:root:sending {"dest": "n2", "src": "n1", "body": {"msg_id": 34, "in_reply_to": 30, "type": "read_server_ok", "value": {"value": 0, "timestamp": 1}}}
DEBUG:root:received {"id":152,"src":"n2","dest":"n1","body":{"msg_id":33,"type":"unlock_read","code":0,"value":0}}
DEBUG:root:sending {"dest": "n2", "src": "n1", "body": {"msg_id": 35, "in_reply_to": 33, "type": "unlock_read_ok", "code": 0, "value": 0}}
DEBUG:root:received {"id":157,"src":"n0","dest":"n1","body":{"msg_id":69,"type":"read_server","key":0}}
INFO:root:server n0 reading from 0
DEBUG:root:sending {"dest": "n0", "src": "n1", "body": {"msg_id": 36, "in_reply_to": 69, "type": "read_server_ok", "value": {"value": 0, "timestamp": 1}}}
DEBUG:root:received {"id":161,"src":"n0","dest":"n1","body":{"msg_id":72,"type":"unlock_read","code":0,"value":0}}
DEBUG:root:sending {"dest": "n0", "src": "n1", "body": {"msg_id": 37, "in_reply_to": 72, "type": "unlock_read_ok", "code": 0, "value": 0}}
DEBUG:root:received {"id":167,"src":"n2","dest":"n1","body":{"msg_id":36,"type":"read_server","key":0}}
INFO:root:server n2 reading from 0
DEBUG:root:sending {"dest": "n2", "src": "n1", "body": {"msg_id": 38, "in_reply_to": 36, "type": "read_server_ok", "value": {"value": 0, "timestamp": 1}}}
DEBUG:root:received {"id":171,"src":"n2","dest":"n1","body":{"msg_id":39,"type":"unlock_read","code":0,"value":0}}
DEBUG:root:sending {"dest": "n2", "src": "n1", "body": {"msg_id": 39, "in_reply_to": 39, "type": "unlock_read_ok", "code": 0, "value": 0}}
DEBUG:root:received {"id":178,"src":"n2","dest":"n1","body":{"msg_id":44,"type":"read_lock","key":0,"value":3}}
DEBUG:root:sending {"dest": "n2", "src": "n1", "body": {"msg_id": 40, "in_reply_to": 44, "type": "lock_ok", "value": {"value": 0, "timestamp": 1}}}
DEBUG:root:received {"id":182,"src":"n2","dest":"n1","body":{"msg_id":47,"type":"write_server","key":0,"value":3,"timestamp":3}}
DEBUG:root:sending {"dest": "n2", "src": "n1", "body": {"msg_id": 41, "in_reply_to": 47, "type": "write_server_ok"}}
DEBUG:root:received {"id":188,"src":"n2","dest":"n1","body":{"msg_id":51,"type":"read_server","key":0}}
INFO:root:server n2 reading from 0
DEBUG:root:sending {"dest": "n2", "src": "n1", "body": {"msg_id": 42, "in_reply_to": 51, "type": "read_server_ok", "value": {"value": 3, "timestamp": 3}}}
DEBUG:root:received {"id":192,"src":"n2","dest":"n1","body":{"msg_id":53,"type":"unlock_read","code":0,"value":3}}
DEBUG:root:sending {"dest": "n2", "src": "n1", "body": {"msg_id": 43, "in_reply_to": 53, "type": "unlock_read_ok", "code": 0, "value": 3}}
DEBUG:root:received {"id":198,"src":"n2","dest":"n1","body":{"msg_id":56,"type":"cas_lock","key":0,"from":1,"to":3}}
DEBUG:root:sending {"dest": "n2", "src": "n1", "body": {"msg_id": 44, "in_reply_to": 56, "type": "noMatch"}}
DEBUG:root:received {"id":202,"src":"n2","dest":"n1","body":{"msg_id":59,"type":"unlock_cas","code":22}}
DEBUG:root:sending {"dest": "n2", "src": "n1", "body": {"msg_id": 45, "in_reply_to": 59, "type": "unlock_cas_ok", "code": 22}}
DEBUG:root:received {"id":218,"src":"n0","dest":"n1","body":{"msg_id":86,"type":"read_server","key":0}}
INFO:root:server n0 reading from 0
DEBUG:root:sending {"dest": "n0", "src": "n1", "body": {"msg_id": 46, "in_reply_to": 86, "type": "read_server_ok", "value": {"value": 3, "timestamp": 3}}}
DEBUG:root:received {"id":222,"src":"n0","dest":"n1","body":{"msg_id":88,"type":"unlock_read","code":0,"value":3}}
DEBUG:root:sending {"dest": "n0", "src": "n1", "body": {"msg_id": 47, "in_reply_to": 88, "type": "unlock_read_ok", "code": 0, "value": 3}}
DEBUG:root:received {"id":237,"src":"n2","dest":"n1","body":{"msg_id":68,"type":"read_server","key":0}}
INFO:root:server n2 reading from 0
DEBUG:root:sending {"dest": "n2", "src": "n1", "body": {"msg_id": 48, "in_reply_to": 68, "type": "read_server_ok", "value": {"value": 3, "timestamp": 3}}}
DEBUG:root:received {"id":241,"src":"n2","dest":"n1","body":{"msg_id":71,"type":"unlock_read","code":0,"value":3}}
DEBUG:root:sending {"dest": "n2", "src": "n1", "body": {"msg_id": 49, "in_reply_to": 71, "type": "unlock_read_ok", "code": 0, "value": 3}}
DEBUG:root:received {"id":256,"src":"c11","dest":"n1","body":{"key":0,"from":0,"to":3,"type":"cas","msg_id":1}}
INFO:root:node c11 comparing and setting
DEBUG:root:sending {"dest": "n0", "src": "n1", "body": {"msg_id": 50, "type": "cas_lock", "key": 0, "from": 0, "to": 3}}
DEBUG:root:sending {"dest": "n1", "src": "n1", "body": {"msg_id": 51, "type": "cas_lock", "key": 0, "from": 0, "to": 3}}
DEBUG:root:received {"id":258,"src":"n1","dest":"n1","body":{"msg_id":51,"type":"cas_lock","key":0,"from":0,"to":3}}
DEBUG:root:sending {"dest": "n1", "src": "n1", "body": {"msg_id": 52, "in_reply_to": 51, "type": "noMatch"}}
DEBUG:root:received {"id":259,"src":"n1","dest":"n1","body":{"msg_id":52,"in_reply_to":51,"type":"noMatch"}}
DEBUG:root:received {"id":260,"src":"n0","dest":"n1","body":{"msg_id":99,"in_reply_to":50,"type":"noMatch"}}
DEBUG:root:sending {"dest": "n1", "src": "n1", "body": {"msg_id": 53, "type": "unlock_cas", "code": 22}}
DEBUG:root:sending {"dest": "n0", "src": "n1", "body": {"msg_id": 54, "type": "unlock_cas", "code": 22}}
DEBUG:root:received {"id":261,"src":"n1","dest":"n1","body":{"msg_id":53,"type":"unlock_cas","code":22}}
DEBUG:root:sending {"dest": "n1", "src": "n1", "body": {"msg_id": 55, "in_reply_to": 53, "type": "unlock_cas_ok", "code": 22}}
DEBUG:root:received {"id":263,"src":"n1","dest":"n1","body":{"msg_id":55,"in_reply_to":53,"type":"unlock_cas_ok","code":22}}
DEBUG:root:received {"id":264,"src":"n0","dest":"n1","body":{"msg_id":100,"in_reply_to":54,"type":"unlock_cas_ok","code":22}}
DEBUG:root:sending {"dest": "c11", "src": "n1", "body": {"msg_id": 56, "in_reply_to": 1, "type": "error", "code": 22, "text": "does not match"}}
DEBUG:root:received {"id":268,"src":"n0","dest":"n1","body":{"msg_id":102,"type":"read_server","key":0}}
INFO:root:server n0 reading from 0
DEBUG:root:sending {"dest": "n0", "src": "n1", "body": {"msg_id": 57, "in_reply_to": 102, "type": "read_server_ok", "value": {"value": 3, "timestamp": 3}}}
DEBUG:root:received {"id":272,"src":"n0","dest":"n1","body":{"msg_id":104,"type":"unlock_read","code":0,"value":3}}
DEBUG:root:sending {"dest": "n0", "src": "n1", "body": {"msg_id": 58, "in_reply_to": 104, "type": "unlock_read_ok", "code": 0, "value": 3}}
DEBUG:root:received {"id":278,"src":"n0","dest":"n1","body":{"msg_id":107,"type":"read_server","key":0}}
INFO:root:server n0 reading from 0
DEBUG:root:sending {"dest": "n0", "src": "n1", "body": {"msg_id": 59, "in_reply_to": 107, "type": "read_server_ok", "value": {"value": 3, "timestamp": 3}}}
DEBUG:root:received {"id":282,"src":"n0","dest":"n1","body":{"msg_id":109,"type":"unlock_read","code":0,"value":3}}
DEBUG:root:sending {"dest": "n0", "src": "n1", "body": {"msg_id": 60, "in_reply_to": 109, "type": "unlock_read_ok", "code": 0, "value": 3}}
DEBUG:root:received {"id":286,"src":"c11","dest":"n1","body":{"key":0,"from":0,"to":4,"type":"cas","msg_id":2}}
INFO:root:node c11 comparing and setting
DEBUG:root:sending {"dest": "n1", "src": "n1", "body": {"msg_id": 61, "type": "cas_lock", "key": 0, "from": 0, "to": 4}}
DEBUG:root:sending {"dest": "n0", "src": "n1", "body": {"msg_id": 62, "type": "cas_lock", "key": 0, "from": 0, "to": 4}}
DEBUG:root:received {"id":287,"src":"n1","dest":"n1","body":{"msg_id":61,"type":"cas_lock","key":0,"from":0,"to":4}}
DEBUG:root:sending {"dest": "n1", "src": "n1", "body": {"msg_id": 63, "in_reply_to": 61, "type": "noMatch"}}
DEBUG:root:received {"id":289,"src":"n1","dest":"n1","body":{"msg_id":63,"in_reply_to":61,"type":"noMatch"}}
DEBUG:root:received {"id":290,"src":"n0","dest":"n1","body":{"msg_id":111,"in_reply_to":62,"type":"noMatch"}}
DEBUG:root:sending {"dest": "n1", "src": "n1", "body": {"msg_id": 64, "type": "unlock_cas", "code": 22}}
DEBUG:root:sending {"dest": "n0", "src": "n1", "body": {"msg_id": 65, "type": "unlock_cas", "code": 22}}
DEBUG:root:received {"id":291,"src":"n1","dest":"n1","body":{"msg_id":64,"type":"unlock_cas","code":22}}
DEBUG:root:sending {"dest": "n1", "src": "n1", "body": {"msg_id": 66, "in_reply_to": 64, "type": "unlock_cas_ok", "code": 22}}
DEBUG:root:received {"id":293,"src":"n1","dest":"n1","body":{"msg_id":66,"in_reply_to":64,"type":"unlock_cas_ok","code":22}}
DEBUG:root:received {"id":294,"src":"n0","dest":"n1","body":{"msg_id":112,"in_reply_to":65,"type":"unlock_cas_ok","code":22}}
DEBUG:root:sending {"dest": "c11", "src": "n1", "body": {"msg_id": 67, "in_reply_to": 2, "type": "error", "code": 22, "text": "does not match"}}
DEBUG:root:received {"id":296,"src":"c6","dest":"n1","body":{"key":0,"type":"read","msg_id":3}}
INFO:root:node c6 reading from 0
DEBUG:root:sending {"dest": "n0", "src": "n1", "body": {"msg_id": 68, "type": "read_server", "key": 0}}
DEBUG:root:sending {"dest": "n2", "src": "n1", "body": {"msg_id": 69, "type": "read_server", "key": 0}}
DEBUG:root:received {"id":299,"src":"n0","dest":"n1","body":{"msg_id":113,"in_reply_to":68,"type":"read_server_ok","value":{"value":3,"timestamp":4}}}
DEBUG:root:received {"id":300,"src":"n2","dest":"n1","body":{"msg_id":86,"in_reply_to":69,"type":"read_server_ok","value":{"value":3,"timestamp":4}}}
DEBUG:root:sending {"dest": "n0", "src": "n1", "body": {"msg_id": 70, "type": "unlock_read", "code": 0, "value": 3}}
DEBUG:root:sending {"dest": "n2", "src": "n1", "body": {"msg_id": 71, "type": "unlock_read", "code": 0, "value": 3}}
DEBUG:root:received {"id":303,"src":"n0","dest":"n1","body":{"msg_id":114,"in_reply_to":70,"type":"unlock_read_ok","code":0,"value":3}}
DEBUG:root:received {"id":304,"src":"n2","dest":"n1","body":{"msg_id":87,"in_reply_to":71,"type":"unlock_read_ok","code":0,"value":3}}
DEBUG:root:sending {"dest": "c6", "src": "n1", "body": {"msg_id": 72, "in_reply_to": 3, "type": "read_ok", "value": 3}}
DEBUG:root:received {"id":316,"src":"c6","dest":"n1","body":{"key":0,"type":"read","msg_id":4}}
INFO:root:node c6 reading from 0
DEBUG:root:sending {"dest": "n1", "src": "n1", "body": {"msg_id": 73, "type": "read_server", "key": 0}}
DEBUG:root:sending {"dest": "n2", "src": "n1", "body": {"msg_id": 74, "type": "read_server", "key": 0}}
DEBUG:root:received {"id":317,"src":"n1","dest":"n1","body":{"msg_id":73,"type":"read_server","key":0}}
INFO:root:server n1 reading from 0
DEBUG:root:sending {"dest": "n1", "src": "n1", "body": {"msg_id": 75, "in_reply_to": 73, "type": "read_server_ok", "value": {"value": 3, "timestamp": 3}}}
DEBUG:root:received {"id":319,"src":"n1","dest":"n1","body":{"msg_id":75,"in_reply_to":73,"type":"read_server_ok","value":{"value":3,"timestamp":3}}}
DEBUG:root:received {"id":320,"src":"n2","dest":"n1","body":{"msg_id":90,"in_reply_to":74,"type":"read_server_ok","value":{"value":3,"timestamp":4}}}
DEBUG:root:sending {"dest": "n1", "src": "n1", "body": {"msg_id": 76, "type": "unlock_read", "code": 0, "value": 3}}
DEBUG:root:sending {"dest": "n2", "src": "n1", "body": {"msg_id": 77, "type": "unlock_read", "code": 0, "value": 3}}
DEBUG:root:received {"id":321,"src":"n1","dest":"n1","body":{"msg_id":76,"type":"unlock_read","code":0,"value":3}}
DEBUG:root:sending {"dest": "n1", "src": "n1", "body": {"msg_id": 78, "in_reply_to": 76, "type": "unlock_read_ok", "code": 0, "value": 3}}
DEBUG:root:received {"id":323,"src":"n1","dest":"n1","body":{"msg_id":78,"in_reply_to":76,"type":"unlock_read_ok","code":0,"value":3}}
DEBUG:root:received {"id":324,"src":"n2","dest":"n1","body":{"msg_id":91,"in_reply_to":77,"type":"unlock_read_ok","code":0,"value":3}}
DEBUG:root:sending {"dest": "c6", "src": "n1", "body": {"msg_id": 79, "in_reply_to": 4, "type": "read_ok", "value": 3}}
DEBUG:root:received {"id":326,"src":"c6","dest":"n1","body":{"key":0,"type":"read","msg_id":5}}
INFO:root:node c6 reading from 0
DEBUG:root:sending {"dest": "n0", "src": "n1", "body": {"msg_id": 80, "type": "read_server", "key": 0}}
DEBUG:root:sending {"dest": "n2", "src": "n1", "body": {"msg_id": 81, "type": "read_server", "key": 0}}
DEBUG:root:received {"id":329,"src":"n0","dest":"n1","body":{"msg_id":122,"in_reply_to":80,"type":"read_server_ok","value":{"value":3,"timestamp":4}}}
DEBUG:root:received {"id":330,"src":"n2","dest":"n1","body":{"msg_id":92,"in_reply_to":81,"type":"read_server_ok","value":{"value":3,"timestamp":4}}}
DEBUG:root:sending {"dest": "n0", "src": "n1", "body": {"msg_id": 82, "type": "unlock_read", "code": 0, "value": 3}}
DEBUG:root:sending {"dest": "n2", "src": "n1", "body": {"msg_id": 83, "type": "unlock_read", "code": 0, "value": 3}}
DEBUG:root:received {"id":333,"src":"n0","dest":"n1","body":{"msg_id":123,"in_reply_to":82,"type":"unlock_read_ok","code":0,"value":3}}
DEBUG:root:received {"id":334,"src":"n2","dest":"n1","body":{"msg_id":93,"in_reply_to":83,"type":"unlock_read_ok","code":0,"value":3}}
DEBUG:root:sending {"dest": "c6", "src": "n1", "body": {"msg_id": 84, "in_reply_to": 5, "type": "read_ok", "value": 3}}
DEBUG:root:received {"id":337,"src":"n0","dest":"n1","body":{"msg_id":124,"type":"read_server","key":0}}
INFO:root:server n0 reading from 0
DEBUG:root:sending {"dest": "n0", "src": "n1", "body": {"msg_id": 85, "in_reply_to": 124, "type": "read_server_ok", "value": {"value": 3, "timestamp": 3}}}
DEBUG:root:received {"id":341,"src":"n0","dest":"n1","body":{"msg_id":127,"type":"unlock_read","code":0,"value":3}}
DEBUG:root:sending {"dest": "n0", "src": "n1", "body": {"msg_id": 86, "in_reply_to": 127, "type": "unlock_read_ok", "code": 0, "value": 3}}
DEBUG:root:received {"id":346,"src":"c11","dest":"n1","body":{"key":0,"from":0,"to":2,"type":"cas","msg_id":3}}
INFO:root:node c11 comparing and setting
DEBUG:root:sending {"dest": "n1", "src": "n1", "body": {"msg_id": 87, "type": "cas_lock", "key": 0, "from": 0, "to": 2}}
DEBUG:root:sending {"dest": "n0", "src": "n1", "body": {"msg_id": 88, "type": "cas_lock", "key": 0, "from": 0, "to": 2}}
DEBUG:root:received {"id":347,"src":"n1","dest":"n1","body":{"msg_id":87,"type":"cas_lock","key":0,"from":0,"to":2}}
DEBUG:root:sending {"dest": "n1", "src": "n1", "body": {"msg_id": 89, "in_reply_to": 87, "type": "noMatch"}}
DEBUG:root:received {"id":349,"src":"n1","dest":"n1","body":{"msg_id":89,"in_reply_to":87,"type":"noMatch"}}
DEBUG:root:received {"id":350,"src":"n0","dest":"n1","body":{"msg_id":131,"in_reply_to":88,"type":"noMatch"}}
DEBUG:root:sending {"dest": "n1", "src": "n1", "body": {"msg_id": 90, "type": "unlock_cas", "code": 22}}
DEBUG:root:sending {"dest": "n0", "src": "n1", "body": {"msg_id": 91, "type": "unlock_cas", "code": 22}}
DEBUG:root:received {"id":351,"src":"n1","dest":"n1","body":{"msg_id":90,"type":"unlock_cas","code":22}}
DEBUG:root:sending {"dest": "n1", "src": "n1", "body": {"msg_id": 92, "in_reply_to": 90, "type": "unlock_cas_ok", "code": 22}}
DEBUG:root:received {"id":353,"src":"n1","dest":"n1","body":{"msg_id":92,"in_reply_to":90,"type":"unlock_cas_ok","code":22}}
DEBUG:root:received {"id":354,"src":"n0","dest":"n1","body":{"msg_id":132,"in_reply_to":91,"type":"unlock_cas_ok","code":22}}
DEBUG:root:sending {"dest": "c11", "src": "n1", "body": {"msg_id": 93, "in_reply_to": 3, "type": "error", "code": 22, "text": "does not match"}}
DEBUG:root:received {"id":358,"src":"n2","dest":"n1","body":{"msg_id":95,"type":"cas_lock","key":0,"from":1,"to":3}}
DEBUG:root:sending {"dest": "n2", "src": "n1", "body": {"msg_id": 94, "in_reply_to": 95, "type": "noMatch"}}
DEBUG:root:received {"id":362,"src":"n2","dest":"n1","body":{"msg_id":98,"type":"unlock_cas","code":22}}
DEBUG:root:sending {"dest": "n2", "src": "n1", "body": {"msg_id": 95, "in_reply_to": 98, "type": "unlock_cas_ok", "code": 22}}
DEBUG:root:received {"id":367,"src":"n2","dest":"n1","body":{"msg_id":101,"type":"cas_lock","key":0,"from":1,"to":1}}
DEBUG:root:sending {"dest": "n2", "src": "n1", "body": {"msg_id": 96, "in_reply_to": 101, "type": "noMatch"}}
DEBUG:root:received {"id":372,"src":"n2","dest":"n1","body":{"msg_id":105,"type":"unlock_cas","code":22}}
DEBUG:root:sending {"dest": "n2", "src": "n1", "body": {"msg_id": 97, "in_reply_to": 105, "type": "unlock_cas_ok", "code": 22}}
DEBUG:root:received {"id":378,"src":"n2","dest":"n1","body":{"msg_id":109,"type":"cas_lock","key":0,"from":2,"to":3}}
DEBUG:root:sending {"dest": "n2", "src": "n1", "body": {"msg_id": 98, "in_reply_to": 109, "type": "noMatch"}}
DEBUG:root:received {"id":382,"src":"n2","dest":"n1","body":{"msg_id":112,"type":"unlock_cas","code":22}}
DEBUG:root:sending {"dest": "n2", "src": "n1", "body": {"msg_id": 99, "in_reply_to": 112, "type": "unlock_cas_ok", "code": 22}}
DEBUG:root:received {"id":386,"src":"c6","dest":"n1","body":{"key":0,"type":"read","msg_id":6}}
INFO:root:node c6 reading from 0
DEBUG:root:sending {"dest": "n0", "src": "n1", "body": {"msg_id": 100, "type": "read_server", "key": 0}}
DEBUG:root:sending {"dest": "n2", "src": "n1", "body": {"msg_id": 101, "type": "read_server", "key": 0}}
DEBUG:root:received {"id":389,"src":"n0","dest":"n1","body":{"msg_id":133,"in_reply_to":100,"type":"read_server_ok","value":{"value":3,"timestamp":4}}}
DEBUG:root:received {"id":390,"src":"n2","dest":"n1","body":{"msg_id":115,"in_reply_to":101,"type":"read_server_ok","value":{"value":3,"timestamp":4}}}
DEBUG:root:sending {"dest": "n0", "src": "n1", "body": {"msg_id": 102, "type": "unlock_read", "code": 0, "value": 3}}
DEBUG:root:sending {"dest": "n2", "src": "n1", "body": {"msg_id": 103, "type": "unlock_read", "code": 0, "value": 3}}
DEBUG:root:received {"id":393,"src":"n0","dest":"n1","body":{"msg_id":134,"in_reply_to":102,"type":"unlock_read_ok","code":0,"value":3}}
DEBUG:root:received {"id":394,"src":"n2","dest":"n1","body":{"msg_id":116,"in_reply_to":103,"type":"unlock_read_ok","code":0,"value":3}}
DEBUG:root:sending {"dest": "c6", "src": "n1", "body": {"msg_id": 104, "in_reply_to": 6, "type": "read_ok", "value": 3}}
DEBUG:root:received {"id":396,"src":"c6","dest":"n1","body":{"key":0,"type":"read","msg_id":7}}
INFO:root:node c6 reading from 0
DEBUG:root:sending {"dest": "n0", "src": "n1", "body": {"msg_id": 105, "type": "read_server", "key": 0}}
DEBUG:root:sending {"dest": "n1", "src": "n1", "body": {"msg_id": 106, "type": "read_server", "key": 0}}
DEBUG:root:received {"id":398,"src":"n1","dest":"n1","body":{"msg_id":106,"type":"read_server","key":0}}
INFO:root:server n1 reading from 0
DEBUG:root:sending {"dest": "n1", "src": "n1", "body": {"msg_id": 107, "in_reply_to": 106, "type": "read_server_ok", "value": {"value": 3, "timestamp": 3}}}
DEBUG:root:received {"id":399,"src":"n0","dest":"n1","body":{"msg_id":135,"in_reply_to":105,"type":"read_server_ok","value":{"value":3,"timestamp":4}}}
DEBUG:root:received {"id":400,"src":"n1","dest":"n1","body":{"msg_id":107,"in_reply_to":106,"type":"read_server_ok","value":{"value":3,"timestamp":3}}}
DEBUG:root:sending {"dest": "n0", "src": "n1", "body": {"msg_id": 108, "type": "unlock_read", "code": 0, "value": 3}}
DEBUG:root:sending {"dest": "n1", "src": "n1", "body": {"msg_id": 109, "type": "unlock_read", "code": 0, "value": 3}}
DEBUG:root:received {"id":402,"src":"n1","dest":"n1","body":{"msg_id":109,"type":"unlock_read","code":0,"value":3}}
DEBUG:root:sending {"dest": "n1", "src": "n1", "body": {"msg_id": 110, "in_reply_to": 109, "type": "unlock_read_ok", "code": 0, "value": 3}}
DEBUG:root:received {"id":403,"src":"n0","dest":"n1","body":{"msg_id":136,"in_reply_to":108,"type":"unlock_read_ok","code":0,"value":3}}
DEBUG:root:received {"id":404,"src":"n1","dest":"n1","body":{"msg_id":110,"in_reply_to":109,"type":"unlock_read_ok","code":0,"value":3}}
DEBUG:root:sending {"dest": "c6", "src": "n1", "body": {"msg_id": 111, "in_reply_to": 7, "type": "read_ok", "value": 3}}
DEBUG:root:received {"id":407,"src":"n2","dest":"n1","body":{"msg_id":117,"type":"read_lock","key":0,"value":2}}
DEBUG:root:sending {"dest": "n2", "src": "n1", "body": {"msg_id": 112, "in_reply_to": 117, "type": "lock_ok", "value": {"value": 3, "timestamp": 3}}}
DEBUG:root:received {"id":411,"src":"n2","dest":"n1","body":{"msg_id":119,"type":"write_server","key":0,"value":2,"timestamp":5}}
DEBUG:root:sending {"dest": "n2", "src": "n1", "body": {"msg_id": 113, "in_reply_to": 119, "type": "write_server_ok"}}
DEBUG:root:received {"id":416,"src":"c11","dest":"n1","body":{"key":0,"value":2,"type":"write","msg_id":4}}
INFO:root:node c11 writing to 0
DEBUG:root:sending {"dest": "n2", "src": "n1", "body": {"msg_id": 114, "type": "read_lock", "key": 0, "value": 2}}
DEBUG:root:sending {"dest": "n1", "src": "n1", "body": {"msg_id": 115, "type": "read_lock", "key": 0, "value": 2}}
DEBUG:root:received {"id":418,"src":"n1","dest":"n1","body":{"msg_id":115,"type":"read_lock","key":0,"value":2}}
DEBUG:root:sending {"dest": "n1", "src": "n1", "body": {"msg_id": 116, "in_reply_to": 115, "type": "lock_ok", "value": {"value": 2, "timestamp": 5}}}
DEBUG:root:received {"id":419,"src":"n2","dest":"n1","body":{"msg_id":122,"in_reply_to":114,"type":"lock_ok","value":{"value":3,"timestamp":4}}}
DEBUG:root:received {"id":420,"src":"n1","dest":"n1","body":{"msg_id":116,"in_reply_to":115,"type":"lock_ok","value":{"value":2,"timestamp":5}}}
DEBUG:root:sending {"dest": "n2", "src": "n1", "body": {"msg_id": 117, "type": "write_server", "key": 0, "value": 2, "timestamp": 6}}
DEBUG:root:sending {"dest": "n1", "src": "n1", "body": {"msg_id": 118, "type": "write_server", "key": 0, "value": 2, "timestamp": 6}}
DEBUG:root:received {"id":422,"src":"n1","dest":"n1","body":{"msg_id":118,"type":"write_server","key":0,"value":2,"timestamp":6}}
DEBUG:root:sending {"dest": "n1", "src": "n1", "body": {"msg_id": 119, "in_reply_to": 118, "type": "write_server_ok"}}
DEBUG:root:received {"id":423,"src":"n2","dest":"n1","body":{"msg_id":123,"in_reply_to":117,"type":"write_server_ok"}}
DEBUG:root:received {"id":424,"src":"n1","dest":"n1","body":{"msg_id":119,"in_reply_to":118,"type":"write_server_ok"}}
DEBUG:root:sending {"dest": "c11", "src": "n1", "body": {"msg_id": 120, "in_reply_to": 4, "type": "write_ok"}}
DEBUG:root:received {"id":427,"src":"n0","dest":"n1","body":{"msg_id":139,"type":"read_server","key":0}}
INFO:root:server n0 reading from 0
DEBUG:root:sending {"dest": "n0", "src": "n1", "body": {"msg_id": 121, "in_reply_to": 139, "type": "read_server_ok", "value": {"value": 2, "timestamp": 6}}}
DEBUG:root:received {"id":431,"src":"n0","dest":"n1","body":{"msg_id":142,"type":"unlock_read","code":0,"value":2}}
DEBUG:root:sending {"dest": "n0", "src": "n1", "body": {"msg_id": 122, "in_reply_to": 142, "type": "unlock_read_ok", "code": 0, "value": 2}}
DEBUG:root:received {"id":448,"src":"n2","dest":"n1","body":{"msg_id":132,"type":"read_lock","key":0,"value":3}}
DEBUG:root:sending {"dest": "n2", "src": "n1", "body": {"msg_id": 123, "in_reply_to": 132, "type": "lock_ok", "value": {"value": 2, "timestamp": 6}}}
DEBUG:root:received {"id":452,"src":"n2","dest":"n1","body":{"msg_id":135,"type":"write_server","key":0,"value":3,"timestamp":7}}
DEBUG:root:sending {"dest": "n2", "src": "n1", "body": {"msg_id": 124, "in_reply_to": 135, "type": "write_server_ok"}}
DEBUG:root:received {"id":456,"src":"c11","dest":"n1","body":{"key":0,"from":4,"to":3,"type":"cas","msg_id":5}}
INFO:root:node c11 comparing and setting
DEBUG:root:sending {"dest": "n2", "src": "n1", "body": {"msg_id": 125, "type": "cas_lock", "key": 0, "from": 4, "to": 3}}
DEBUG:root:sending {"dest": "n1", "src": "n1", "body": {"msg_id": 126, "type": "cas_lock", "key": 0, "from": 4, "to": 3}}
DEBUG:root:received {"id":458,"src":"n1","dest":"n1","body":{"msg_id":126,"type":"cas_lock","key":0,"from":4,"to":3}}
DEBUG:root:sending {"dest": "n1", "src": "n1", "body": {"msg_id": 127, "in_reply_to": 126, "type": "noMatch"}}
DEBUG:root:received {"id":459,"src":"n2","dest":"n1","body":{"msg_id":138,"in_reply_to":125,"type":"noMatch"}}
DEBUG:root:received {"id":460,"src":"n1","dest":"n1","body":{"msg_id":127,"in_reply_to":126,"type":"noMatch"}}
DEBUG:root:sending {"dest": "n2", "src": "n1", "body": {"msg_id": 128, "type": "unlock_cas", "code": 22}}
DEBUG:root:sending {"dest": "n1", "src": "n1", "body": {"msg_id": 129, "type": "unlock_cas", "code": 22}}
DEBUG:root:received {"id":462,"src":"n1","dest":"n1","body":{"msg_id":129,"type":"unlock_cas","code":22}}
DEBUG:root:sending {"dest": "n1", "src": "n1", "body": {"msg_id": 130, "in_reply_to": 129, "type": "unlock_cas_ok", "code": 22}}
DEBUG:root:received {"id":463,"src":"n2","dest":"n1","body":{"msg_id":139,"in_reply_to":128,"type":"unlock_cas_ok","code":22}}
DEBUG:root:received {"id":464,"src":"n1","dest":"n1","body":{"msg_id":130,"in_reply_to":129,"type":"unlock_cas_ok","code":22}}
DEBUG:root:sending {"dest": "c11", "src": "n1", "body": {"msg_id": 131, "in_reply_to": 5, "type": "error", "code": 22, "text": "does not match"}}
DEBUG:root:received {"id":467,"src":"n2","dest":"n1","body":{"msg_id":140,"type":"read_lock","key":0,"value":0}}
DEBUG:root:sending {"dest": "n2", "src": "n1", "body": {"msg_id": 132, "in_reply_to": 140, "type": "lock_ok", "value": {"value": 3, "timestamp": 7}}}
DEBUG:root:received {"id":471,"src":"n2","dest":"n1","body":{"msg_id":142,"type":"write_server","key":0,"value":0,"timestamp":8}}
DEBUG:root:sending {"dest": "n2", "src": "n1", "body": {"msg_id": 133, "in_reply_to": 142, "type": "write_server_ok"}}
DEBUG:root:received {"id":476,"src":"c6","dest":"n1","body":{"key":0,"type":"read","msg_id":8}}
INFO:root:node c6 reading from 0
DEBUG:root:sending {"dest": "n2", "src": "n1", "body": {"msg_id": 134, "type": "read_server", "key": 0}}
DEBUG:root:sending {"dest": "n1", "src": "n1", "body": {"msg_id": 135, "type": "read_server", "key": 0}}
DEBUG:root:received {"id":478,"src":"n1","dest":"n1","body":{"msg_id":135,"type":"read_server","key":0}}
INFO:root:server n1 reading from 0
DEBUG:root:sending {"dest": "n1", "src": "n1", "body": {"msg_id": 136, "in_reply_to": 135, "type": "read_server_ok", "value": {"value": 0, "timestamp": 8}}}
DEBUG:root:received {"id":479,"src":"n2","dest":"n1","body":{"msg_id":145,"in_reply_to":134,"type":"read_server_ok","value":{"value":3,"timestamp":7}}}
DEBUG:root:received {"id":480,"src":"n1","dest":"n1","body":{"msg_id":136,"in_reply_to":135,"type":"read_server_ok","value":{"value":0,"timestamp":8}}}
DEBUG:root:sending {"dest": "n2", "src": "n1", "body": {"msg_id": 137, "type": "unlock_read", "code": 0, "value": 0}}
DEBUG:root:sending {"dest": "n1", "src": "n1", "body": {"msg_id": 138, "type": "unlock_read", "code": 0, "value": 0}}
DEBUG:root:received {"id":482,"src":"n1","dest":"n1","body":{"msg_id":138,"type":"unlock_read","code":0,"value":0}}
DEBUG:root:sending {"dest": "n1", "src": "n1", "body": {"msg_id": 139, "in_reply_to": 138, "type": "unlock_read_ok", "code": 0, "value": 0}}
DEBUG:root:received {"id":483,"src":"n2","dest":"n1","body":{"msg_id":146,"in_reply_to":137,"type":"unlock_read_ok","code":0,"value":0}}
DEBUG:root:received {"id":484,"src":"n1","dest":"n1","body":{"msg_id":139,"in_reply_to":138,"type":"unlock_read_ok","code":0,"value":0}}
DEBUG:root:sending {"dest": "c6", "src": "n1", "body": {"msg_id": 140, "in_reply_to": 8, "type": "read_ok", "value": 0}}
DEBUG:root:received {"id":497,"src":"n0","dest":"n1","body":{"msg_id":157,"type":"cas_lock","key":0,"from":1,"to":4}}
DEBUG:root:sending {"dest": "n0", "src": "n1", "body": {"msg_id": 141, "in_reply_to": 157, "type": "noMatch"}}
DEBUG:root:received {"id":501,"src":"n0","dest":"n1","body":{"msg_id":159,"type":"unlock_cas","code":22}}
DEBUG:root:sending {"dest": "n0", "src": "n1", "body": {"msg_id": 142, "in_reply_to": 159, "type": "unlock_cas_ok", "code": 22}}
