/home/clock/Mestrado/2Sem/TF/TP/TP1/lin-kv.py:9: DeprecationWarning: the imp module is deprecated in favour of importlib; see the module's documentation for alternative uses
  import imp
DEBUG:root:received {"id":0,"src":"c0","dest":"n2","body":{"type":"init","node_id":"n2","node_ids":["n0","n1","n2"],"msg_id":1}}
INFO:root:node n2 initialized
DEBUG:root:sending {"dest": "c0", "src": "n2", "body": {"msg_id": 1, "in_reply_to": 1, "type": "init_ok"}}
DEBUG:root:received {"id":17,"src":"n0","dest":"n2","body":{"msg_id":4,"type":"read_server","key":0}}
INFO:root:server n0 reading from 0
DEBUG:root:sending {"dest": "n0", "src": "n2", "body": {"msg_id": 2, "in_reply_to": 4, "type": "error_read", "code": 20, "text": "not found"}}
DEBUG:root:received {"id":21,"src":"n0","dest":"n2","body":{"msg_id":6,"type":"unlock_read","code":20}}
DEBUG:root:sending {"dest": "n0", "src": "n2", "body": {"msg_id": 3, "in_reply_to": 6, "type": "unlock_read_ok", "code": 20}}
DEBUG:root:received {"id":48,"src":"n0","dest":"n2","body":{"msg_id":24,"type":"read_server","key":0}}
INFO:root:server n0 reading from 0
DEBUG:root:sending {"dest": "n0", "src": "n2", "body": {"msg_id": 4, "in_reply_to": 24, "type": "error_read", "code": 20, "text": "not found"}}
DEBUG:root:received {"id":52,"src":"n0","dest":"n2","body":{"msg_id":27,"type":"unlock_read","code":0,"value":4}}
DEBUG:root:sending {"dest": "n0", "src": "n2", "body": {"msg_id": 5, "in_reply_to": 27, "type": "unlock_read_ok", "code": 0, "value": 4}}
DEBUG:root:received {"id":66,"src":"c9","dest":"n2","body":{"key":0,"from":1,"to":4,"type":"cas","msg_id":1}}
INFO:root:node c9 comparing and setting
DEBUG:root:sending {"dest": "n0", "src": "n2", "body": {"msg_id": 6, "type": "cas_lock", "key": 0, "from": 1, "to": 4}}
DEBUG:root:sending {"dest": "n1", "src": "n2", "body": {"msg_id": 7, "type": "cas_lock", "key": 0, "from": 1, "to": 4}}
DEBUG:root:received {"id":69,"src":"n0","dest":"n2","body":{"msg_id":37,"in_reply_to":6,"type":"noMatch"}}
DEBUG:root:received {"id":70,"src":"n1","dest":"n2","body":{"msg_id":17,"in_reply_to":7,"type":"noMatch"}}
DEBUG:root:sending {"dest": "n0", "src": "n2", "body": {"msg_id": 8, "type": "unlock_cas", "code": 22}}
DEBUG:root:sending {"dest": "n1", "src": "n2", "body": {"msg_id": 9, "type": "unlock_cas", "code": 22}}
DEBUG:root:received {"id":73,"src":"n0","dest":"n2","body":{"msg_id":38,"in_reply_to":8,"type":"unlock_cas_ok","code":22}}
DEBUG:root:received {"id":74,"src":"n1","dest":"n2","body":{"msg_id":18,"in_reply_to":9,"type":"unlock_cas_ok","code":22}}
DEBUG:root:sending {"dest": "c9", "src": "n2", "body": {"msg_id": 10, "in_reply_to": 1, "type": "error", "code": 22, "text": "does not match"}}
DEBUG:root:received {"id":88,"src":"n0","dest":"n2","body":{"msg_id":47,"type":"cas_lock","key":0,"from":0,"to":0}}
DEBUG:root:sending {"dest": "n0", "src": "n2", "body": {"msg_id": 11, "in_reply_to": 47, "type": "noKeyCas"}}
DEBUG:root:received {"id":92,"src":"n0","dest":"n2","body":{"msg_id":50,"type":"cas_server","key":0,"from":0,"to":0,"timestamp":2}}
DEBUG:root:sending {"dest": "n0", "src": "n2", "body": {"msg_id": 12, "in_reply_to": 50, "type": "cas_server_ok"}}
DEBUG:root:received {"id":96,"src":"c9","dest":"n2","body":{"key":0,"from":3,"to":1,"type":"cas","msg_id":2}}
INFO:root:node c9 comparing and setting
DEBUG:root:sending {"dest": "n1", "src": "n2", "body": {"msg_id": 13, "type": "cas_lock", "key": 0, "from": 3, "to": 1}}
DEBUG:root:sending {"dest": "n0", "src": "n2", "body": {"msg_id": 14, "type": "cas_lock", "key": 0, "from": 3, "to": 1}}
DEBUG:root:received {"id":99,"src":"n1","dest":"n2","body":{"msg_id":21,"in_reply_to":13,"type":"noMatch"}}
DEBUG:root:received {"id":100,"src":"n0","dest":"n2","body":{"msg_id":53,"in_reply_to":14,"type":"noMatch"}}
DEBUG:root:sending {"dest": "n1", "src": "n2", "body": {"msg_id": 15, "type": "unlock_cas", "code": 22}}
DEBUG:root:sending {"dest": "n0", "src": "n2", "body": {"msg_id": 16, "type": "unlock_cas", "code": 22}}
DEBUG:root:received {"id":103,"src":"n0","dest":"n2","body":{"msg_id":54,"in_reply_to":16,"type":"unlock_cas_ok","code":22}}
DEBUG:root:received {"id":104,"src":"n1","dest":"n2","body":{"msg_id":22,"in_reply_to":15,"type":"unlock_cas_ok","code":22}}
DEBUG:root:sending {"dest": "c9", "src": "n2", "body": {"msg_id": 17, "in_reply_to": 2, "type": "error", "code": 22, "text": "does not match"}}
DEBUG:root:received {"id":108,"src":"n1","dest":"n2","body":{"msg_id":24,"type":"read_server","key":0}}
INFO:root:server n1 reading from 0
DEBUG:root:sending {"dest": "n1", "src": "n2", "body": {"msg_id": 18, "in_reply_to": 24, "type": "read_server_ok", "value": {"value": 0, "timestamp": 2}}}
DEBUG:root:received {"id":112,"src":"n1","dest":"n2","body":{"msg_id":26,"type":"unlock_read","code":0,"value":0}}
DEBUG:root:sending {"dest": "n1", "src": "n2", "body": {"msg_id": 19, "in_reply_to": 26, "type": "unlock_read_ok", "code": 0, "value": 0}}
DEBUG:root:received {"id":128,"src":"n0","dest":"n2","body":{"msg_id":65,"type":"read_server","key":0}}
INFO:root:server n0 reading from 0
DEBUG:root:sending {"dest": "n0", "src": "n2", "body": {"msg_id": 20, "in_reply_to": 65, "type": "read_server_ok", "value": {"value": 0, "timestamp": 2}}}
DEBUG:root:received {"id":132,"src":"n0","dest":"n2","body":{"msg_id":67,"type":"unlock_read","code":0,"value":0}}
DEBUG:root:sending {"dest": "n0", "src": "n2", "body": {"msg_id": 21, "in_reply_to": 67, "type": "unlock_read_ok", "code": 0, "value": 0}}
DEBUG:root:received {"id":136,"src":"c10","dest":"n2","body":{"key":0,"type":"read","msg_id":1}}
INFO:root:node c10 reading from 0
DEBUG:root:sending {"dest": "n2", "src": "n2", "body": {"msg_id": 22, "type": "read_server", "key": 0}}
DEBUG:root:sending {"dest": "n1", "src": "n2", "body": {"msg_id": 23, "type": "read_server", "key": 0}}
DEBUG:root:received {"id":137,"src":"n2","dest":"n2","body":{"msg_id":22,"type":"read_server","key":0}}
INFO:root:server n2 reading from 0
DEBUG:root:sending {"dest": "n2", "src": "n2", "body": {"msg_id": 24, "in_reply_to": 22, "type": "read_server_ok", "value": {"value": 0, "timestamp": 2}}}
DEBUG:root:received {"id":139,"src":"n2","dest":"n2","body":{"msg_id":24,"in_reply_to":22,"type":"read_server_ok","value":{"value":0,"timestamp":2}}}
DEBUG:root:received {"id":140,"src":"n1","dest":"n2","body":{"msg_id":32,"in_reply_to":23,"type":"read_server_ok","value":{"value":0,"timestamp":1}}}
DEBUG:root:sending {"dest": "n2", "src": "n2", "body": {"msg_id": 25, "type": "unlock_read", "code": 0, "value": 0}}
DEBUG:root:sending {"dest": "n1", "src": "n2", "body": {"msg_id": 26, "type": "unlock_read", "code": 0, "value": 0}}
DEBUG:root:received {"id":141,"src":"n2","dest":"n2","body":{"msg_id":25,"type":"unlock_read","code":0,"value":0}}
DEBUG:root:sending {"dest": "n2", "src": "n2", "body": {"msg_id": 27, "in_reply_to": 25, "type": "unlock_read_ok", "code": 0, "value": 0}}
DEBUG:root:received {"id":143,"src":"n2","dest":"n2","body":{"msg_id":27,"in_reply_to":25,"type":"unlock_read_ok","code":0,"value":0}}
DEBUG:root:received {"id":144,"src":"n1","dest":"n2","body":{"msg_id":33,"in_reply_to":26,"type":"unlock_read_ok","code":0,"value":0}}
DEBUG:root:sending {"dest": "c10", "src": "n2", "body": {"msg_id": 28, "in_reply_to": 1, "type": "read_ok", "value": 0}}
DEBUG:root:received {"id":146,"src":"c10","dest":"n2","body":{"key":0,"type":"read","msg_id":2}}
INFO:root:node c10 reading from 0
DEBUG:root:sending {"dest": "n2", "src": "n2", "body": {"msg_id": 29, "type": "read_server", "key": 0}}
DEBUG:root:sending {"dest": "n1", "src": "n2", "body": {"msg_id": 30, "type": "read_server", "key": 0}}
DEBUG:root:received {"id":147,"src":"n2","dest":"n2","body":{"msg_id":29,"type":"read_server","key":0}}
INFO:root:server n2 reading from 0
DEBUG:root:sending {"dest": "n2", "src": "n2", "body": {"msg_id": 31, "in_reply_to": 29, "type": "read_server_ok", "value": {"value": 0, "timestamp": 2}}}
DEBUG:root:received {"id":149,"src":"n2","dest":"n2","body":{"msg_id":31,"in_reply_to":29,"type":"read_server_ok","value":{"value":0,"timestamp":2}}}
DEBUG:root:received {"id":150,"src":"n1","dest":"n2","body":{"msg_id":34,"in_reply_to":30,"type":"read_server_ok","value":{"value":0,"timestamp":1}}}
DEBUG:root:sending {"dest": "n2", "src": "n2", "body": {"msg_id": 32, "type": "unlock_read", "code": 0, "value": 0}}
DEBUG:root:sending {"dest": "n1", "src": "n2", "body": {"msg_id": 33, "type": "unlock_read", "code": 0, "value": 0}}
DEBUG:root:received {"id":151,"src":"n2","dest":"n2","body":{"msg_id":32,"type":"unlock_read","code":0,"value":0}}
DEBUG:root:sending {"dest": "n2", "src": "n2", "body": {"msg_id": 34, "in_reply_to": 32, "type": "unlock_read_ok", "code": 0, "value": 0}}
DEBUG:root:received {"id":153,"src":"n2","dest":"n2","body":{"msg_id":34,"in_reply_to":32,"type":"unlock_read_ok","code":0,"value":0}}
DEBUG:root:received {"id":154,"src":"n1","dest":"n2","body":{"msg_id":35,"in_reply_to":33,"type":"unlock_read_ok","code":0,"value":0}}
DEBUG:root:sending {"dest": "c10", "src": "n2", "body": {"msg_id": 35, "in_reply_to": 2, "type": "read_ok", "value": 0}}
DEBUG:root:received {"id":166,"src":"c10","dest":"n2","body":{"key":0,"type":"read","msg_id":3}}
INFO:root:node c10 reading from 0
DEBUG:root:sending {"dest": "n1", "src": "n2", "body": {"msg_id": 36, "type": "read_server", "key": 0}}
DEBUG:root:sending {"dest": "n2", "src": "n2", "body": {"msg_id": 37, "type": "read_server", "key": 0}}
DEBUG:root:received {"id":168,"src":"n2","dest":"n2","body":{"msg_id":37,"type":"read_server","key":0}}
INFO:root:server n2 reading from 0
DEBUG:root:sending {"dest": "n2", "src": "n2", "body": {"msg_id": 38, "in_reply_to": 37, "type": "read_server_ok", "value": {"value": 0, "timestamp": 2}}}
DEBUG:root:received {"id":169,"src":"n1","dest":"n2","body":{"msg_id":38,"in_reply_to":36,"type":"read_server_ok","value":{"value":0,"timestamp":1}}}
DEBUG:root:received {"id":170,"src":"n2","dest":"n2","body":{"msg_id":38,"in_reply_to":37,"type":"read_server_ok","value":{"value":0,"timestamp":2}}}
DEBUG:root:sending {"dest": "n1", "src": "n2", "body": {"msg_id": 39, "type": "unlock_read", "code": 0, "value": 0}}
DEBUG:root:sending {"dest": "n2", "src": "n2", "body": {"msg_id": 40, "type": "unlock_read", "code": 0, "value": 0}}
DEBUG:root:received {"id":172,"src":"n2","dest":"n2","body":{"msg_id":40,"type":"unlock_read","code":0,"value":0}}
DEBUG:root:sending {"dest": "n2", "src": "n2", "body": {"msg_id": 41, "in_reply_to": 40, "type": "unlock_read_ok", "code": 0, "value": 0}}
DEBUG:root:received {"id":173,"src":"n1","dest":"n2","body":{"msg_id":39,"in_reply_to":39,"type":"unlock_read_ok","code":0,"value":0}}
DEBUG:root:received {"id":174,"src":"n2","dest":"n2","body":{"msg_id":41,"in_reply_to":40,"type":"unlock_read_ok","code":0,"value":0}}
DEBUG:root:sending {"dest": "c10", "src": "n2", "body": {"msg_id": 42, "in_reply_to": 3, "type": "read_ok", "value": 0}}
DEBUG:root:received {"id":176,"src":"c9","dest":"n2","body":{"key":0,"value":3,"type":"write","msg_id":3}}
INFO:root:node c9 writing to 0
DEBUG:root:sending {"dest": "n2", "src": "n2", "body": {"msg_id": 43, "type": "read_lock", "key": 0, "value": 3}}
DEBUG:root:sending {"dest": "n1", "src": "n2", "body": {"msg_id": 44, "type": "read_lock", "key": 0, "value": 3}}
DEBUG:root:received {"id":177,"src":"n2","dest":"n2","body":{"msg_id":43,"type":"read_lock","key":0,"value":3}}
DEBUG:root:sending {"dest": "n2", "src": "n2", "body": {"msg_id": 45, "in_reply_to": 43, "type": "lock_ok", "value": {"value": 0, "timestamp": 2}}}
DEBUG:root:received {"id":179,"src":"n2","dest":"n2","body":{"msg_id":45,"in_reply_to":43,"type":"lock_ok","value":{"value":0,"timestamp":2}}}
DEBUG:root:received {"id":180,"src":"n1","dest":"n2","body":{"msg_id":40,"in_reply_to":44,"type":"lock_ok","value":{"value":0,"timestamp":1}}}
DEBUG:root:sending {"dest": "n2", "src": "n2", "body": {"msg_id": 46, "type": "write_server", "key": 0, "value": 3, "timestamp": 3}}
DEBUG:root:sending {"dest": "n1", "src": "n2", "body": {"msg_id": 47, "type": "write_server", "key": 0, "value": 3, "timestamp": 3}}
DEBUG:root:received {"id":181,"src":"n2","dest":"n2","body":{"msg_id":46,"type":"write_server","key":0,"value":3,"timestamp":3}}
DEBUG:root:sending {"dest": "n2", "src": "n2", "body": {"msg_id": 48, "in_reply_to": 46, "type": "write_server_ok"}}
DEBUG:root:received {"id":183,"src":"n2","dest":"n2","body":{"msg_id":48,"in_reply_to":46,"type":"write_server_ok"}}
DEBUG:root:received {"id":184,"src":"n1","dest":"n2","body":{"msg_id":41,"in_reply_to":47,"type":"write_server_ok"}}
DEBUG:root:sending {"dest": "c9", "src": "n2", "body": {"msg_id": 49, "in_reply_to": 3, "type": "write_ok"}}
DEBUG:root:received {"id":186,"src":"c10","dest":"n2","body":{"key":0,"type":"read","msg_id":4}}
INFO:root:node c10 reading from 0
DEBUG:root:sending {"dest": "n0", "src": "n2", "body": {"msg_id": 50, "type": "read_server", "key": 0}}
DEBUG:root:sending {"dest": "n1", "src": "n2", "body": {"msg_id": 51, "type": "read_server", "key": 0}}
DEBUG:root:received {"id":189,"src":"n0","dest":"n2","body":{"msg_id":76,"in_reply_to":50,"type":"read_server_ok","value":{"value":0,"timestamp":2}}}
DEBUG:root:received {"id":190,"src":"n1","dest":"n2","body":{"msg_id":42,"in_reply_to":51,"type":"read_server_ok","value":{"value":3,"timestamp":3}}}
DEBUG:root:sending {"dest": "n0", "src": "n2", "body": {"msg_id": 52, "type": "unlock_read", "code": 0, "value": 3}}
DEBUG:root:sending {"dest": "n1", "src": "n2", "body": {"msg_id": 53, "type": "unlock_read", "code": 0, "value": 3}}
DEBUG:root:received {"id":193,"src":"n0","dest":"n2","body":{"msg_id":77,"in_reply_to":52,"type":"unlock_read_ok","code":0,"value":3}}
DEBUG:root:received {"id":194,"src":"n1","dest":"n2","body":{"msg_id":43,"in_reply_to":53,"type":"unlock_read_ok","code":0,"value":3}}
DEBUG:root:sending {"dest": "c10", "src": "n2", "body": {"msg_id": 54, "in_reply_to": 4, "type": "read_ok", "value": 3}}
DEBUG:root:received {"id":196,"src":"c9","dest":"n2","body":{"key":0,"from":1,"to":3,"type":"cas","msg_id":4}}
INFO:root:node c9 comparing and setting
DEBUG:root:sending {"dest": "n2", "src": "n2", "body": {"msg_id": 55, "type": "cas_lock", "key": 0, "from": 1, "to": 3}}
DEBUG:root:sending {"dest": "n1", "src": "n2", "body": {"msg_id": 56, "type": "cas_lock", "key": 0, "from": 1, "to": 3}}
DEBUG:root:received {"id":197,"src":"n2","dest":"n2","body":{"msg_id":55,"type":"cas_lock","key":0,"from":1,"to":3}}
DEBUG:root:sending {"dest": "n2", "src": "n2", "body": {"msg_id": 57, "in_reply_to": 55, "type": "noMatch"}}
DEBUG:root:received {"id":199,"src":"n2","dest":"n2","body":{"msg_id":57,"in_reply_to":55,"type":"noMatch"}}
DEBUG:root:received {"id":200,"src":"n1","dest":"n2","body":{"msg_id":44,"in_reply_to":56,"type":"noMatch"}}
DEBUG:root:sending {"dest": "n2", "src": "n2", "body": {"msg_id": 58, "type": "unlock_cas", "code": 22}}
DEBUG:root:sending {"dest": "n1", "src": "n2", "body": {"msg_id": 59, "type": "unlock_cas", "code": 22}}
DEBUG:root:received {"id":201,"src":"n2","dest":"n2","body":{"msg_id":58,"type":"unlock_cas","code":22}}
DEBUG:root:sending {"dest": "n2", "src": "n2", "body": {"msg_id": 60, "in_reply_to": 58, "type": "unlock_cas_ok", "code": 22}}
DEBUG:root:received {"id":203,"src":"n2","dest":"n2","body":{"msg_id":60,"in_reply_to":58,"type":"unlock_cas_ok","code":22}}
DEBUG:root:received {"id":204,"src":"n1","dest":"n2","body":{"msg_id":45,"in_reply_to":59,"type":"unlock_cas_ok","code":22}}
DEBUG:root:sending {"dest": "c9", "src": "n2", "body": {"msg_id": 61, "in_reply_to": 4, "type": "error", "code": 22, "text": "does not match"}}
DEBUG:root:received {"id":208,"src":"n0","dest":"n2","body":{"msg_id":79,"type":"cas_lock","key":0,"from":2,"to":4}}
DEBUG:root:sending {"dest": "n0", "src": "n2", "body": {"msg_id": 62, "in_reply_to": 79, "type": "noMatch"}}
DEBUG:root:received {"id":212,"src":"n0","dest":"n2","body":{"msg_id":82,"type":"unlock_cas","code":22}}
DEBUG:root:sending {"dest": "n0", "src": "n2", "body": {"msg_id": 63, "in_reply_to": 82, "type": "unlock_cas_ok", "code": 22}}
DEBUG:root:received {"id":217,"src":"n0","dest":"n2","body":{"msg_id":85,"type":"read_server","key":0}}
INFO:root:server n0 reading from 0
DEBUG:root:sending {"dest": "n0", "src": "n2", "body": {"msg_id": 64, "in_reply_to": 85, "type": "read_server_ok", "value": {"value": 3, "timestamp": 3}}}
DEBUG:root:received {"id":221,"src":"n0","dest":"n2","body":{"msg_id":87,"type":"unlock_read","code":0,"value":3}}
DEBUG:root:sending {"dest": "n0", "src": "n2", "body": {"msg_id": 65, "in_reply_to": 87, "type": "unlock_read_ok", "code": 0, "value": 3}}
DEBUG:root:received {"id":228,"src":"n0","dest":"n2","body":{"msg_id":91,"type":"read_server","key":0}}
INFO:root:server n0 reading from 0
DEBUG:root:sending {"dest": "n0", "src": "n2", "body": {"msg_id": 66, "in_reply_to": 91, "type": "read_server_ok", "value": {"value": 3, "timestamp": 3}}}
DEBUG:root:received {"id":232,"src":"n0","dest":"n2","body":{"msg_id":94,"type":"unlock_read","code":0,"value":3}}
DEBUG:root:sending {"dest": "n0", "src": "n2", "body": {"msg_id": 67, "in_reply_to": 94, "type": "unlock_read_ok", "code": 0, "value": 3}}
DEBUG:root:received {"id":236,"src":"c10","dest":"n2","body":{"key":0,"type":"read","msg_id":5}}
INFO:root:node c10 reading from 0
DEBUG:root:sending {"dest": "n1", "src": "n2", "body": {"msg_id": 68, "type": "read_server", "key": 0}}
DEBUG:root:sending {"dest": "n2", "src": "n2", "body": {"msg_id": 69, "type": "read_server", "key": 0}}
DEBUG:root:received {"id":238,"src":"n2","dest":"n2","body":{"msg_id":69,"type":"read_server","key":0}}
INFO:root:server n2 reading from 0
DEBUG:root:sending {"dest": "n2", "src": "n2", "body": {"msg_id": 70, "in_reply_to": 69, "type": "read_server_ok", "value": {"value": 3, "timestamp": 3}}}
DEBUG:root:received {"id":240,"src":"n1","dest":"n2","body":{"msg_id":48,"in_reply_to":68,"type":"read_server_ok","value":{"value":3,"timestamp":3}}}
DEBUG:root:received {"id":239,"src":"n2","dest":"n2","body":{"msg_id":70,"in_reply_to":69,"type":"read_server_ok","value":{"value":3,"timestamp":3}}}
DEBUG:root:sending {"dest": "n1", "src": "n2", "body": {"msg_id": 71, "type": "unlock_read", "code": 0, "value": 3}}
DEBUG:root:sending {"dest": "n2", "src": "n2", "body": {"msg_id": 72, "type": "unlock_read", "code": 0, "value": 3}}
DEBUG:root:received {"id":242,"src":"n2","dest":"n2","body":{"msg_id":72,"type":"unlock_read","code":0,"value":3}}
DEBUG:root:sending {"dest": "n2", "src": "n2", "body": {"msg_id": 73, "in_reply_to": 72, "type": "unlock_read_ok", "code": 0, "value": 3}}
DEBUG:root:received {"id":243,"src":"n1","dest":"n2","body":{"msg_id":49,"in_reply_to":71,"type":"unlock_read_ok","code":0,"value":3}}
DEBUG:root:received {"id":244,"src":"n2","dest":"n2","body":{"msg_id":73,"in_reply_to":72,"type":"unlock_read_ok","code":0,"value":3}}
DEBUG:root:sending {"dest": "c10", "src": "n2", "body": {"msg_id": 74, "in_reply_to": 5, "type": "read_ok", "value": 3}}
DEBUG:root:received {"id":246,"src":"c9","dest":"n2","body":{"key":0,"value":3,"type":"write","msg_id":5}}
INFO:root:node c9 writing to 0
DEBUG:root:sending {"dest": "n2", "src": "n2", "body": {"msg_id": 75, "type": "read_lock", "key": 0, "value": 3}}
DEBUG:root:sending {"dest": "n0", "src": "n2", "body": {"msg_id": 76, "type": "read_lock", "key": 0, "value": 3}}
DEBUG:root:received {"id":247,"src":"n2","dest":"n2","body":{"msg_id":75,"type":"read_lock","key":0,"value":3}}
DEBUG:root:sending {"dest": "n2", "src": "n2", "body": {"msg_id": 77, "in_reply_to": 75, "type": "lock_ok", "value": {"value": 3, "timestamp": 3}}}
DEBUG:root:received {"id":249,"src":"n2","dest":"n2","body":{"msg_id":77,"in_reply_to":75,"type":"lock_ok","value":{"value":3,"timestamp":3}}}
DEBUG:root:received {"id":250,"src":"n0","dest":"n2","body":{"msg_id":97,"in_reply_to":76,"type":"lock_ok","value":{"value":0,"timestamp":2}}}
DEBUG:root:sending {"dest": "n2", "src": "n2", "body": {"msg_id": 78, "type": "write_server", "key": 0, "value": 3, "timestamp": 4}}
DEBUG:root:sending {"dest": "n0", "src": "n2", "body": {"msg_id": 79, "type": "write_server", "key": 0, "value": 3, "timestamp": 4}}
DEBUG:root:received {"id":251,"src":"n2","dest":"n2","body":{"msg_id":78,"type":"write_server","key":0,"value":3,"timestamp":4}}
DEBUG:root:sending {"dest": "n2", "src": "n2", "body": {"msg_id": 80, "in_reply_to": 78, "type": "write_server_ok"}}
DEBUG:root:received {"id":253,"src":"n2","dest":"n2","body":{"msg_id":80,"in_reply_to":78,"type":"write_server_ok"}}
DEBUG:root:received {"id":254,"src":"n0","dest":"n2","body":{"msg_id":98,"in_reply_to":79,"type":"write_server_ok"}}
DEBUG:root:sending {"dest": "c9", "src": "n2", "body": {"msg_id": 81, "in_reply_to": 5, "type": "write_ok"}}
DEBUG:root:received {"id":267,"src":"n0","dest":"n2","body":{"msg_id":101,"type":"read_server","key":0}}
INFO:root:server n0 reading from 0
DEBUG:root:sending {"dest": "n0", "src": "n2", "body": {"msg_id": 82, "in_reply_to": 101, "type": "read_server_ok", "value": {"value": 3, "timestamp": 4}}}
DEBUG:root:received {"id":271,"src":"n0","dest":"n2","body":{"msg_id":103,"type":"unlock_read","code":0,"value":3}}
DEBUG:root:sending {"dest": "n0", "src": "n2", "body": {"msg_id": 83, "in_reply_to": 103, "type": "unlock_read_ok", "code": 0, "value": 3}}
DEBUG:root:received {"id":277,"src":"n0","dest":"n2","body":{"msg_id":106,"type":"read_server","key":0}}
INFO:root:server n0 reading from 0
DEBUG:root:sending {"dest": "n0", "src": "n2", "body": {"msg_id": 84, "in_reply_to": 106, "type": "read_server_ok", "value": {"value": 3, "timestamp": 4}}}
DEBUG:root:received {"id":281,"src":"n0","dest":"n2","body":{"msg_id":108,"type":"unlock_read","code":0,"value":3}}
DEBUG:root:sending {"dest": "n0", "src": "n2", "body": {"msg_id": 85, "in_reply_to": 108, "type": "unlock_read_ok", "code": 0, "value": 3}}
DEBUG:root:received {"id":298,"src":"n1","dest":"n2","body":{"msg_id":69,"type":"read_server","key":0}}
INFO:root:server n1 reading from 0
DEBUG:root:sending {"dest": "n1", "src": "n2", "body": {"msg_id": 86, "in_reply_to": 69, "type": "read_server_ok", "value": {"value": 3, "timestamp": 4}}}
DEBUG:root:received {"id":302,"src":"n1","dest":"n2","body":{"msg_id":71,"type":"unlock_read","code":0,"value":3}}
DEBUG:root:sending {"dest": "n1", "src": "n2", "body": {"msg_id": 87, "in_reply_to": 71, "type": "unlock_read_ok", "code": 0, "value": 3}}
DEBUG:root:received {"id":308,"src":"n0","dest":"n2","body":{"msg_id":116,"type":"cas_lock","key":0,"from":2,"to":3}}
DEBUG:root:sending {"dest": "n0", "src": "n2", "body": {"msg_id": 88, "in_reply_to": 116, "type": "noMatch"}}
DEBUG:root:received {"id":312,"src":"n0","dest":"n2","body":{"msg_id":119,"type":"unlock_cas","code":22}}
DEBUG:root:sending {"dest": "n0", "src": "n2", "body": {"msg_id": 89, "in_reply_to": 119, "type": "unlock_cas_ok", "code": 22}}
DEBUG:root:received {"id":318,"src":"n1","dest":"n2","body":{"msg_id":74,"type":"read_server","key":0}}
INFO:root:server n1 reading from 0
DEBUG:root:sending {"dest": "n1", "src": "n2", "body": {"msg_id": 90, "in_reply_to": 74, "type": "read_server_ok", "value": {"value": 3, "timestamp": 4}}}
DEBUG:root:received {"id":322,"src":"n1","dest":"n2","body":{"msg_id":77,"type":"unlock_read","code":0,"value":3}}
DEBUG:root:sending {"dest": "n1", "src": "n2", "body": {"msg_id": 91, "in_reply_to": 77, "type": "unlock_read_ok", "code": 0, "value": 3}}
DEBUG:root:received {"id":328,"src":"n1","dest":"n2","body":{"msg_id":81,"type":"read_server","key":0}}
INFO:root:server n1 reading from 0
DEBUG:root:sending {"dest": "n1", "src": "n2", "body": {"msg_id": 92, "in_reply_to": 81, "type": "read_server_ok", "value": {"value": 3, "timestamp": 4}}}
DEBUG:root:received {"id":332,"src":"n1","dest":"n2","body":{"msg_id":83,"type":"unlock_read","code":0,"value":3}}
DEBUG:root:sending {"dest": "n1", "src": "n2", "body": {"msg_id": 93, "in_reply_to": 83, "type": "unlock_read_ok", "code": 0, "value": 3}}
DEBUG:root:received {"id":356,"src":"c9","dest":"n2","body":{"key":0,"from":1,"to":3,"type":"cas","msg_id":6}}
INFO:root:node c9 comparing and setting
DEBUG:root:sending {"dest": "n2", "src": "n2", "body": {"msg_id": 94, "type": "cas_lock", "key": 0, "from": 1, "to": 3}}
DEBUG:root:sending {"dest": "n1", "src": "n2", "body": {"msg_id": 95, "type": "cas_lock", "key": 0, "from": 1, "to": 3}}
DEBUG:root:received {"id":357,"src":"n2","dest":"n2","body":{"msg_id":94,"type":"cas_lock","key":0,"from":1,"to":3}}
DEBUG:root:sending {"dest": "n2", "src": "n2", "body": {"msg_id": 96, "in_reply_to": 94, "type": "noMatch"}}
DEBUG:root:received {"id":359,"src":"n2","dest":"n2","body":{"msg_id":96,"in_reply_to":94,"type":"noMatch"}}
DEBUG:root:received {"id":360,"src":"n1","dest":"n2","body":{"msg_id":94,"in_reply_to":95,"type":"noMatch"}}
DEBUG:root:sending {"dest": "n2", "src": "n2", "body": {"msg_id": 97, "type": "unlock_cas", "code": 22}}
DEBUG:root:sending {"dest": "n1", "src": "n2", "body": {"msg_id": 98, "type": "unlock_cas", "code": 22}}
DEBUG:root:received {"id":361,"src":"n2","dest":"n2","body":{"msg_id":97,"type":"unlock_cas","code":22}}
DEBUG:root:sending {"dest": "n2", "src": "n2", "body": {"msg_id": 99, "in_reply_to": 97, "type": "unlock_cas_ok", "code": 22}}
DEBUG:root:received {"id":363,"src":"n2","dest":"n2","body":{"msg_id":99,"in_reply_to":97,"type":"unlock_cas_ok","code":22}}
DEBUG:root:received {"id":364,"src":"n1","dest":"n2","body":{"msg_id":95,"in_reply_to":98,"type":"unlock_cas_ok","code":22}}
DEBUG:root:sending {"dest": "c9", "src": "n2", "body": {"msg_id": 100, "in_reply_to": 6, "type": "error", "code": 22, "text": "does not match"}}
DEBUG:root:received {"id":366,"src":"c9","dest":"n2","body":{"key":0,"from":1,"to":1,"type":"cas","msg_id":7}}
INFO:root:node c9 comparing and setting
DEBUG:root:sending {"dest": "n1", "src": "n2", "body": {"msg_id": 101, "type": "cas_lock", "key": 0, "from": 1, "to": 1}}
DEBUG:root:sending {"dest": "n2", "src": "n2", "body": {"msg_id": 102, "type": "cas_lock", "key": 0, "from": 1, "to": 1}}
DEBUG:root:received {"id":368,"src":"n2","dest":"n2","body":{"msg_id":102,"type":"cas_lock","key":0,"from":1,"to":1}}
DEBUG:root:sending {"dest": "n2", "src": "n2", "body": {"msg_id": 103, "in_reply_to": 102, "type": "noMatch"}}
DEBUG:root:received {"id":369,"src":"n2","dest":"n2","body":{"msg_id":103,"in_reply_to":102,"type":"noMatch"}}
DEBUG:root:received {"id":370,"src":"n1","dest":"n2","body":{"msg_id":96,"in_reply_to":101,"type":"noMatch"}}
DEBUG:root:sending {"dest": "n2", "src": "n2", "body": {"msg_id": 104, "type": "unlock_cas", "code": 22}}
DEBUG:root:sending {"dest": "n1", "src": "n2", "body": {"msg_id": 105, "type": "unlock_cas", "code": 22}}
DEBUG:root:received {"id":371,"src":"n2","dest":"n2","body":{"msg_id":104,"type":"unlock_cas","code":22}}
DEBUG:root:sending {"dest": "n2", "src": "n2", "body": {"msg_id": 106, "in_reply_to": 104, "type": "unlock_cas_ok", "code": 22}}
DEBUG:root:received {"id":373,"src":"n2","dest":"n2","body":{"msg_id":106,"in_reply_to":104,"type":"unlock_cas_ok","code":22}}
DEBUG:root:received {"id":374,"src":"n1","dest":"n2","body":{"msg_id":97,"in_reply_to":105,"type":"unlock_cas_ok","code":22}}
DEBUG:root:sending {"dest": "c9", "src": "n2", "body": {"msg_id": 107, "in_reply_to": 7, "type": "error", "code": 22, "text": "does not match"}}
DEBUG:root:received {"id":376,"src":"c9","dest":"n2","body":{"key":0,"from":2,"to":3,"type":"cas","msg_id":8}}
INFO:root:node c9 comparing and setting
DEBUG:root:sending {"dest": "n2", "src": "n2", "body": {"msg_id": 108, "type": "cas_lock", "key": 0, "from": 2, "to": 3}}
DEBUG:root:sending {"dest": "n1", "src": "n2", "body": {"msg_id": 109, "type": "cas_lock", "key": 0, "from": 2, "to": 3}}
DEBUG:root:received {"id":377,"src":"n2","dest":"n2","body":{"msg_id":108,"type":"cas_lock","key":0,"from":2,"to":3}}
DEBUG:root:sending {"dest": "n2", "src": "n2", "body": {"msg_id": 110, "in_reply_to": 108, "type": "noMatch"}}
DEBUG:root:received {"id":379,"src":"n2","dest":"n2","body":{"msg_id":110,"in_reply_to":108,"type":"noMatch"}}
DEBUG:root:received {"id":380,"src":"n1","dest":"n2","body":{"msg_id":98,"in_reply_to":109,"type":"noMatch"}}
DEBUG:root:sending {"dest": "n2", "src": "n2", "body": {"msg_id": 111, "type": "unlock_cas", "code": 22}}
DEBUG:root:sending {"dest": "n1", "src": "n2", "body": {"msg_id": 112, "type": "unlock_cas", "code": 22}}
DEBUG:root:received {"id":381,"src":"n2","dest":"n2","body":{"msg_id":111,"type":"unlock_cas","code":22}}
DEBUG:root:sending {"dest": "n2", "src": "n2", "body": {"msg_id": 113, "in_reply_to": 111, "type": "unlock_cas_ok", "code": 22}}
DEBUG:root:received {"id":383,"src":"n2","dest":"n2","body":{"msg_id":113,"in_reply_to":111,"type":"unlock_cas_ok","code":22}}
DEBUG:root:received {"id":384,"src":"n1","dest":"n2","body":{"msg_id":99,"in_reply_to":112,"type":"unlock_cas_ok","code":22}}
DEBUG:root:sending {"dest": "c9", "src": "n2", "body": {"msg_id": 114, "in_reply_to": 8, "type": "error", "code": 22, "text": "does not match"}}
DEBUG:root:received {"id":388,"src":"n1","dest":"n2","body":{"msg_id":101,"type":"read_server","key":0}}
INFO:root:server n1 reading from 0
DEBUG:root:sending {"dest": "n1", "src": "n2", "body": {"msg_id": 115, "in_reply_to": 101, "type": "read_server_ok", "value": {"value": 3, "timestamp": 4}}}
DEBUG:root:received {"id":392,"src":"n1","dest":"n2","body":{"msg_id":103,"type":"unlock_read","code":0,"value":3}}
DEBUG:root:sending {"dest": "n1", "src": "n2", "body": {"msg_id": 116, "in_reply_to": 103, "type": "unlock_read_ok", "code": 0, "value": 3}}
DEBUG:root:received {"id":406,"src":"c9","dest":"n2","body":{"key":0,"value":2,"type":"write","msg_id":9}}
INFO:root:node c9 writing to 0
DEBUG:root:sending {"dest": "n1", "src": "n2", "body": {"msg_id": 117, "type": "read_lock", "key": 0, "value": 2}}
DEBUG:root:sending {"dest": "n0", "src": "n2", "body": {"msg_id": 118, "type": "read_lock", "key": 0, "value": 2}}
DEBUG:root:received {"id":409,"src":"n1","dest":"n2","body":{"msg_id":112,"in_reply_to":117,"type":"lock_ok","value":{"value":3,"timestamp":3}}}
DEBUG:root:received {"id":410,"src":"n0","dest":"n2","body":{"msg_id":137,"in_reply_to":118,"type":"lock_ok","value":{"value":3,"timestamp":4}}}
DEBUG:root:sending {"dest": "n1", "src": "n2", "body": {"msg_id": 119, "type": "write_server", "key": 0, "value": 2, "timestamp": 5}}
DEBUG:root:sending {"dest": "n0", "src": "n2", "body": {"msg_id": 120, "type": "write_server", "key": 0, "value": 2, "timestamp": 5}}
DEBUG:root:received {"id":413,"src":"n1","dest":"n2","body":{"msg_id":113,"in_reply_to":119,"type":"write_server_ok"}}
DEBUG:root:received {"id":414,"src":"n0","dest":"n2","body":{"msg_id":138,"in_reply_to":120,"type":"write_server_ok"}}
DEBUG:root:sending {"dest": "c9", "src": "n2", "body": {"msg_id": 121, "in_reply_to": 9, "type": "write_ok"}}
DEBUG:root:received {"id":417,"src":"n1","dest":"n2","body":{"msg_id":114,"type":"read_lock","key":0,"value":2}}
DEBUG:root:sending {"dest": "n1", "src": "n2", "body": {"msg_id": 122, "in_reply_to": 114, "type": "lock_ok", "value": {"value": 3, "timestamp": 4}}}
DEBUG:root:received {"id":421,"src":"n1","dest":"n2","body":{"msg_id":117,"type":"write_server","key":0,"value":2,"timestamp":6}}
DEBUG:root:sending {"dest": "n1", "src": "n2", "body": {"msg_id": 123, "in_reply_to": 117, "type": "write_server_ok"}}
DEBUG:root:received {"id":436,"src":"c10","dest":"n2","body":{"key":0,"type":"read","msg_id":6}}
INFO:root:node c10 reading from 0
DEBUG:root:sending {"dest": "n2", "src": "n2", "body": {"msg_id": 124, "type": "read_server", "key": 0}}
DEBUG:root:sending {"dest": "n0", "src": "n2", "body": {"msg_id": 125, "type": "read_server", "key": 0}}
DEBUG:root:received {"id":437,"src":"n2","dest":"n2","body":{"msg_id":124,"type":"read_server","key":0}}
INFO:root:server n2 reading from 0
DEBUG:root:sending {"dest": "n2", "src": "n2", "body": {"msg_id": 126, "in_reply_to": 124, "type": "read_server_ok", "value": {"value": 2, "timestamp": 6}}}
DEBUG:root:received {"id":439,"src":"n2","dest":"n2","body":{"msg_id":126,"in_reply_to":124,"type":"read_server_ok","value":{"value":2,"timestamp":6}}}
DEBUG:root:received {"id":440,"src":"n0","dest":"n2","body":{"msg_id":146,"in_reply_to":125,"type":"read_server_ok","value":{"value":2,"timestamp":5}}}
DEBUG:root:sending {"dest": "n2", "src": "n2", "body": {"msg_id": 127, "type": "unlock_read", "code": 0, "value": 2}}
DEBUG:root:sending {"dest": "n0", "src": "n2", "body": {"msg_id": 128, "type": "unlock_read", "code": 0, "value": 2}}
DEBUG:root:received {"id":441,"src":"n2","dest":"n2","body":{"msg_id":127,"type":"unlock_read","code":0,"value":2}}
DEBUG:root:sending {"dest": "n2", "src": "n2", "body": {"msg_id": 129, "in_reply_to": 127, "type": "unlock_read_ok", "code": 0, "value": 2}}
DEBUG:root:received {"id":443,"src":"n2","dest":"n2","body":{"msg_id":129,"in_reply_to":127,"type":"unlock_read_ok","code":0,"value":2}}
DEBUG:root:received {"id":444,"src":"n0","dest":"n2","body":{"msg_id":147,"in_reply_to":128,"type":"unlock_read_ok","code":0,"value":2}}
DEBUG:root:sending {"dest": "c10", "src": "n2", "body": {"msg_id": 130, "in_reply_to": 6, "type": "read_ok", "value": 2}}
DEBUG:root:received {"id":446,"src":"c9","dest":"n2","body":{"key":0,"value":3,"type":"write","msg_id":10}}
INFO:root:node c9 writing to 0
DEBUG:root:sending {"dest": "n2", "src": "n2", "body": {"msg_id": 131, "type": "read_lock", "key": 0, "value": 3}}
DEBUG:root:sending {"dest": "n1", "src": "n2", "body": {"msg_id": 132, "type": "read_lock", "key": 0, "value": 3}}
DEBUG:root:received {"id":447,"src":"n2","dest":"n2","body":{"msg_id":131,"type":"read_lock","key":0,"value":3}}
DEBUG:root:sending {"dest": "n2", "src": "n2", "body": {"msg_id": 133, "in_reply_to": 131, "type": "lock_ok", "value": {"value": 2, "timestamp": 6}}}
DEBUG:root:received {"id":449,"src":"n2","dest":"n2","body":{"msg_id":133,"in_reply_to":131,"type":"lock_ok","value":{"value":2,"timestamp":6}}}
DEBUG:root:received {"id":450,"src":"n1","dest":"n2","body":{"msg_id":123,"in_reply_to":132,"type":"lock_ok","value":{"value":2,"timestamp":6}}}
DEBUG:root:sending {"dest": "n2", "src": "n2", "body": {"msg_id": 134, "type": "write_server", "key": 0, "value": 3, "timestamp": 7}}
DEBUG:root:sending {"dest": "n1", "src": "n2", "body": {"msg_id": 135, "type": "write_server", "key": 0, "value": 3, "timestamp": 7}}
DEBUG:root:received {"id":451,"src":"n2","dest":"n2","body":{"msg_id":134,"type":"write_server","key":0,"value":3,"timestamp":7}}
DEBUG:root:sending {"dest": "n2", "src": "n2", "body": {"msg_id": 136, "in_reply_to": 134, "type": "write_server_ok"}}
DEBUG:root:received {"id":453,"src":"n1","dest":"n2","body":{"msg_id":124,"in_reply_to":135,"type":"write_server_ok"}}
DEBUG:root:received {"id":454,"src":"n2","dest":"n2","body":{"msg_id":136,"in_reply_to":134,"type":"write_server_ok"}}
DEBUG:root:sending {"dest": "c9", "src": "n2", "body": {"msg_id": 137, "in_reply_to": 10, "type": "write_ok"}}
DEBUG:root:received {"id":457,"src":"n1","dest":"n2","body":{"msg_id":125,"type":"cas_lock","key":0,"from":4,"to":3}}
DEBUG:root:sending {"dest": "n1", "src": "n2", "body": {"msg_id": 138, "in_reply_to": 125, "type": "noMatch"}}
DEBUG:root:received {"id":461,"src":"n1","dest":"n2","body":{"msg_id":128,"type":"unlock_cas","code":22}}
DEBUG:root:sending {"dest": "n1", "src": "n2", "body": {"msg_id": 139, "in_reply_to": 128, "type": "unlock_cas_ok", "code": 22}}
DEBUG:root:received {"id":466,"src":"c9","dest":"n2","body":{"key":0,"value":0,"type":"write","msg_id":11}}
INFO:root:node c9 writing to 0
DEBUG:root:sending {"dest": "n1", "src": "n2", "body": {"msg_id": 140, "type": "read_lock", "key": 0, "value": 0}}
DEBUG:root:sending {"dest": "n0", "src": "n2", "body": {"msg_id": 141, "type": "read_lock", "key": 0, "value": 0}}
DEBUG:root:received {"id":469,"src":"n1","dest":"n2","body":{"msg_id":132,"in_reply_to":140,"type":"lock_ok","value":{"value":3,"timestamp":7}}}
DEBUG:root:received {"id":470,"src":"n0","dest":"n2","body":{"msg_id":148,"in_reply_to":141,"type":"lock_ok","value":{"value":2,"timestamp":5}}}
DEBUG:root:sending {"dest": "n1", "src": "n2", "body": {"msg_id": 142, "type": "write_server", "key": 0, "value": 0, "timestamp": 8}}
DEBUG:root:sending {"dest": "n0", "src": "n2", "body": {"msg_id": 143, "type": "write_server", "key": 0, "value": 0, "timestamp": 8}}
DEBUG:root:received {"id":473,"src":"n1","dest":"n2","body":{"msg_id":133,"in_reply_to":142,"type":"write_server_ok"}}
DEBUG:root:received {"id":474,"src":"n0","dest":"n2","body":{"msg_id":149,"in_reply_to":143,"type":"write_server_ok"}}
DEBUG:root:sending {"dest": "c9", "src": "n2", "body": {"msg_id": 144, "in_reply_to": 11, "type": "write_ok"}}
DEBUG:root:received {"id":477,"src":"n1","dest":"n2","body":{"msg_id":134,"type":"read_server","key":0}}
INFO:root:server n1 reading from 0
DEBUG:root:sending {"dest": "n1", "src": "n2", "body": {"msg_id": 145, "in_reply_to": 134, "type": "read_server_ok", "value": {"value": 3, "timestamp": 7}}}
DEBUG:root:received {"id":481,"src":"n1","dest":"n2","body":{"msg_id":137,"type":"unlock_read","code":0,"value":0}}
DEBUG:root:sending {"dest": "n1", "src": "n2", "body": {"msg_id": 146, "in_reply_to": 137, "type": "unlock_read_ok", "code": 0, "value": 0}}
DEBUG:root:received {"id":488,"src":"n0","dest":"n2","body":{"msg_id":151,"type":"cas_lock","key":0,"from":0,"to":0}}
DEBUG:root:sending {"dest": "n0", "src": "n2", "body": {"msg_id": 147, "in_reply_to": 151, "type": "noMatch"}}
DEBUG:root:received {"id":492,"src":"n0","dest":"n2","body":{"msg_id":154,"type":"cas_server","key":0,"from":0,"to":0,"timestamp":9}}
DEBUG:root:sending {"dest": "n0", "src": "n2", "body": {"msg_id": 148, "in_reply_to": 154, "type": "cas_server_ok"}}
DEBUG:root:received {"id":498,"src":"n0","dest":"n2","body":{"msg_id":158,"type":"cas_lock","key":0,"from":1,"to":4}}
DEBUG:root:sending {"dest": "n0", "src": "n2", "body": {"msg_id": 149, "in_reply_to": 158, "type": "noMatch"}}
DEBUG:root:received {"id":502,"src":"n0","dest":"n2","body":{"msg_id":160,"type":"unlock_cas","code":22}}
DEBUG:root:sending {"dest": "n0", "src": "n2", "body": {"msg_id": 150, "in_reply_to": 160, "type": "unlock_cas_ok", "code": 22}}
