/home/clock/Mestrado/2Sem/TF/TP/TP1/lin-kv.py:9: DeprecationWarning: the imp module is deprecated in favour of importlib; see the module's documentation for alternative uses
  import imp
DEBUG:root:received {"id":0,"src":"c0","dest":"n1","body":{"type":"init","node_id":"n1","node_ids":["n0","n1","n2"],"msg_id":1}}
INFO:root:node n1 initialized
DEBUG:root:sending {"dest": "c0", "src": "n1", "body": {"msg_id": 1, "in_reply_to": 1, "type": "init_ok"}}
DEBUG:root:received {"id":6,"src":"c6","dest":"n1","body":{"key":0,"from":0,"to":3,"type":"cas","msg_id":1}}
INFO:root:node c6 comparing and setting
DEBUG:root:sending {"dest": "n2", "src": "n1", "body": {"msg_id": 2, "type": "cas_lock", "key": 0, "from": 0, "to": 3}}
DEBUG:root:sending {"dest": "n0", "src": "n1", "body": {"msg_id": 3, "type": "cas_lock", "key": 0, "from": 0, "to": 3}}
DEBUG:root:received {"id":12,"src":"n2","dest":"n1","body":{"msg_id":4,"in_reply_to":2,"type":"noKeyCas"}}
DEBUG:root:received {"id":15,"src":"n0","dest":"n1","body":{"msg_id":3,"in_reply_to":3,"type":"noKeyCas"}}
DEBUG:root:sending {"dest": "n2", "src": "n1", "body": {"msg_id": 4, "type": "unlock_cas", "code": 20}}
DEBUG:root:sending {"dest": "n0", "src": "n1", "body": {"msg_id": 5, "type": "unlock_cas", "code": 20}}
DEBUG:root:received {"id":21,"src":"n2","dest":"n1","body":{"msg_id":8,"in_reply_to":4,"type":"unlock_cas_ok","code":20}}
DEBUG:root:received {"id":22,"src":"n0","dest":"n1","body":{"msg_id":5,"in_reply_to":5,"type":"unlock_cas_ok","code":20}}
DEBUG:root:sending {"dest": "c6", "src": "n1", "body": {"msg_id": 6, "in_reply_to": 1, "type": "error", "code": 20, "text": "not found"}}
DEBUG:root:received {"id":26,"src":"c8","dest":"n1","body":{"key":0,"type":"read","msg_id":1}}
INFO:root:node c8 reading from 0
DEBUG:root:sending {"dest": "n2", "src": "n1", "body": {"msg_id": 7, "type": "read_server", "key": 0}}
DEBUG:root:sending {"dest": "n1", "src": "n1", "body": {"msg_id": 8, "type": "read_server", "key": 0}}
DEBUG:root:received {"id":28,"src":"n1","dest":"n1","body":{"msg_id":8,"type":"read_server","key":0}}
INFO:root:server n1 reading from 0
DEBUG:root:sending {"dest": "n1", "src": "n1", "body": {"msg_id": 9, "in_reply_to": 8, "type": "error_read", "code": 20, "text": "not found"}}
DEBUG:root:received {"id":30,"src":"n1","dest":"n1","body":{"msg_id":9,"in_reply_to":8,"type":"error_read","code":20,"text":"not found"}}
DEBUG:root:received {"id":29,"src":"n2","dest":"n1","body":{"msg_id":11,"in_reply_to":7,"type":"read_server_ok","value":{"value":3,"timestamp":0}}}
DEBUG:root:sending {"dest": "n1", "src": "n1", "body": {"msg_id": 10, "type": "unlock_read", "code": 0, "value": 3}}
DEBUG:root:sending {"dest": "n2", "src": "n1", "body": {"msg_id": 11, "type": "unlock_read", "code": 0, "value": 3}}
DEBUG:root:received {"id":31,"src":"n1","dest":"n1","body":{"msg_id":10,"type":"unlock_read","code":0,"value":3}}
DEBUG:root:sending {"dest": "n1", "src": "n1", "body": {"msg_id": 12, "in_reply_to": 10, "type": "unlock_read_ok", "code": 0, "value": 3}}
DEBUG:root:received {"id":33,"src":"n2","dest":"n1","body":{"msg_id":12,"in_reply_to":11,"type":"unlock_read_ok","code":0,"value":3}}
DEBUG:root:received {"id":34,"src":"n1","dest":"n1","body":{"msg_id":12,"in_reply_to":10,"type":"unlock_read_ok","code":0,"value":3}}
DEBUG:root:sending {"dest": "c8", "src": "n1", "body": {"msg_id": 13, "in_reply_to": 1, "type": "read_ok", "value": 3}}
DEBUG:root:received {"id":36,"src":"c8","dest":"n1","body":{"key":0,"type":"read","msg_id":2}}
INFO:root:node c8 reading from 0
DEBUG:root:sending {"dest": "n2", "src": "n1", "body": {"msg_id": 14, "type": "read_server", "key": 0}}
DEBUG:root:sending {"dest": "n1", "src": "n1", "body": {"msg_id": 15, "type": "read_server", "key": 0}}
DEBUG:root:received {"id":38,"src":"n1","dest":"n1","body":{"msg_id":15,"type":"read_server","key":0}}
INFO:root:server n1 reading from 0
DEBUG:root:sending {"dest": "n1", "src": "n1", "body": {"msg_id": 16, "in_reply_to": 15, "type": "error_read", "code": 20, "text": "not found"}}
DEBUG:root:received {"id":39,"src":"n1","dest":"n1","body":{"msg_id":16,"in_reply_to":15,"type":"error_read","code":20,"text":"not found"}}
DEBUG:root:received {"id":40,"src":"n2","dest":"n1","body":{"msg_id":13,"in_reply_to":14,"type":"read_server_ok","value":{"value":3,"timestamp":0}}}
DEBUG:root:sending {"dest": "n1", "src": "n1", "body": {"msg_id": 17, "type": "unlock_read", "code": 0, "value": 3}}
DEBUG:root:sending {"dest": "n2", "src": "n1", "body": {"msg_id": 18, "type": "unlock_read", "code": 0, "value": 3}}
DEBUG:root:received {"id":41,"src":"n1","dest":"n1","body":{"msg_id":17,"type":"unlock_read","code":0,"value":3}}
DEBUG:root:sending {"dest": "n1", "src": "n1", "body": {"msg_id": 19, "in_reply_to": 17, "type": "unlock_read_ok", "code": 0, "value": 3}}
DEBUG:root:received {"id":43,"src":"n1","dest":"n1","body":{"msg_id":19,"in_reply_to":17,"type":"unlock_read_ok","code":0,"value":3}}
DEBUG:root:received {"id":44,"src":"n2","dest":"n1","body":{"msg_id":14,"in_reply_to":18,"type":"unlock_read_ok","code":0,"value":3}}
DEBUG:root:sending {"dest": "c8", "src": "n1", "body": {"msg_id": 20, "in_reply_to": 2, "type": "read_ok", "value": 3}}
DEBUG:root:received {"id":48,"src":"n0","dest":"n1","body":{"msg_id":7,"type":"read_server","key":0}}
INFO:root:server n0 reading from 0
DEBUG:root:sending {"dest": "n0", "src": "n1", "body": {"msg_id": 21, "in_reply_to": 7, "type": "error_read", "code": 20, "text": "not found"}}
DEBUG:root:received {"id":52,"src":"n0","dest":"n1","body":{"msg_id":10,"type":"unlock_read","code":0,"value":3}}
DEBUG:root:sending {"dest": "n0", "src": "n1", "body": {"msg_id": 22, "in_reply_to": 10, "type": "unlock_read_ok", "code": 0, "value": 3}}
DEBUG:root:received {"id":57,"src":"n2","dest":"n1","body":{"msg_id":15,"type":"read_lock","key":0,"value":4}}
DEBUG:root:sending {"dest": "n2", "src": "n1", "body": {"msg_id": 23, "in_reply_to": 15, "type": "noKey", "text": "not found"}}
DEBUG:root:received {"id":61,"src":"n2","dest":"n1","body":{"msg_id":17,"type":"write_server","key":0,"value":4,"timestamp":1}}
DEBUG:root:sending {"dest": "n2", "src": "n1", "body": {"msg_id": 24, "in_reply_to": 17, "type": "write_server_ok"}}
DEBUG:root:received {"id":78,"src":"n2","dest":"n1","body":{"msg_id":28,"type":"read_server","key":0}}
INFO:root:server n2 reading from 0
DEBUG:root:sending {"dest": "n2", "src": "n1", "body": {"msg_id": 25, "in_reply_to": 28, "type": "read_server_ok", "value": {"value": 4, "timestamp": 1}}}
DEBUG:root:received {"id":82,"src":"n2","dest":"n1","body":{"msg_id":30,"type":"unlock_read","code":0,"value":4}}
DEBUG:root:sending {"dest": "n2", "src": "n1", "body": {"msg_id": 26, "in_reply_to": 30, "type": "unlock_read_ok", "code": 0, "value": 4}}
DEBUG:root:received {"id":87,"src":"n2","dest":"n1","body":{"msg_id":32,"type":"read_server","key":0}}
INFO:root:server n2 reading from 0
DEBUG:root:sending {"dest": "n2", "src": "n1", "body": {"msg_id": 27, "in_reply_to": 32, "type": "read_server_ok", "value": {"value": 4, "timestamp": 1}}}
DEBUG:root:received {"id":91,"src":"n2","dest":"n1","body":{"msg_id":35,"type":"unlock_read","code":0,"value":4}}
DEBUG:root:sending {"dest": "n2", "src": "n1", "body": {"msg_id": 28, "in_reply_to": 35, "type": "unlock_read_ok", "code": 0, "value": 4}}
DEBUG:root:received {"id":98,"src":"n2","dest":"n1","body":{"msg_id":40,"type":"read_server","key":0}}
INFO:root:server n2 reading from 0
DEBUG:root:sending {"dest": "n2", "src": "n1", "body": {"msg_id": 29, "in_reply_to": 40, "type": "read_server_ok", "value": {"value": 4, "timestamp": 1}}}
DEBUG:root:received {"id":102,"src":"n2","dest":"n1","body":{"msg_id":42,"type":"unlock_read","code":0,"value":4}}
DEBUG:root:sending {"dest": "n2", "src": "n1", "body": {"msg_id": 30, "in_reply_to": 42, "type": "unlock_read_ok", "code": 0, "value": 4}}
DEBUG:root:received {"id":107,"src":"n0","dest":"n1","body":{"msg_id":21,"type":"read_server","key":0}}
INFO:root:server n0 reading from 0
DEBUG:root:sending {"dest": "n0", "src": "n1", "body": {"msg_id": 31, "in_reply_to": 21, "type": "read_server_ok", "value": {"value": 4, "timestamp": 1}}}
DEBUG:root:received {"id":111,"src":"n0","dest":"n1","body":{"msg_id":23,"type":"unlock_read","code":0,"value":4}}
DEBUG:root:sending {"dest": "n0", "src": "n1", "body": {"msg_id": 32, "in_reply_to": 23, "type": "unlock_read_ok", "code": 0, "value": 4}}
DEBUG:root:received {"id":136,"src":"c8","dest":"n1","body":{"key":0,"type":"read","msg_id":3}}
INFO:root:node c8 reading from 0
DEBUG:root:sending {"dest": "n2", "src": "n1", "body": {"msg_id": 33, "type": "read_server", "key": 0}}
DEBUG:root:sending {"dest": "n0", "src": "n1", "body": {"msg_id": 34, "type": "read_server", "key": 0}}
DEBUG:root:received {"id":139,"src":"n2","dest":"n1","body":{"msg_id":55,"in_reply_to":33,"type":"read_server_ok","value":{"value":1,"timestamp":3}}}
DEBUG:root:received {"id":140,"src":"n0","dest":"n1","body":{"msg_id":35,"in_reply_to":34,"type":"read_server_ok","value":{"value":1,"timestamp":3}}}
DEBUG:root:sending {"dest": "n2", "src": "n1", "body": {"msg_id": 35, "type": "unlock_read", "code": 0, "value": 1}}
DEBUG:root:sending {"dest": "n0", "src": "n1", "body": {"msg_id": 36, "type": "unlock_read", "code": 0, "value": 1}}
DEBUG:root:received {"id":143,"src":"n2","dest":"n1","body":{"msg_id":56,"in_reply_to":35,"type":"unlock_read_ok","code":0,"value":1}}
DEBUG:root:received {"id":144,"src":"n0","dest":"n1","body":{"msg_id":36,"in_reply_to":36,"type":"unlock_read_ok","code":0,"value":1}}
DEBUG:root:sending {"dest": "c8", "src": "n1", "body": {"msg_id": 37, "in_reply_to": 3, "type": "read_ok", "value": 1}}
DEBUG:root:received {"id":147,"src":"n0","dest":"n1","body":{"msg_id":37,"type":"read_server","key":0}}
INFO:root:server n0 reading from 0
DEBUG:root:sending {"dest": "n0", "src": "n1", "body": {"msg_id": 38, "in_reply_to": 37, "type": "read_server_ok", "value": {"value": 4, "timestamp": 1}}}
DEBUG:root:received {"id":151,"src":"n0","dest":"n1","body":{"msg_id":40,"type":"unlock_read","code":0,"value":1}}
DEBUG:root:sending {"dest": "n0", "src": "n1", "body": {"msg_id": 39, "in_reply_to": 40, "type": "unlock_read_ok", "code": 0, "value": 1}}
DEBUG:root:received {"id":156,"src":"c6","dest":"n1","body":{"key":0,"from":4,"to":1,"type":"cas","msg_id":2}}
INFO:root:node c6 comparing and setting
DEBUG:root:sending {"dest": "n0", "src": "n1", "body": {"msg_id": 40, "type": "cas_lock", "key": 0, "from": 4, "to": 1}}
DEBUG:root:sending {"dest": "n1", "src": "n1", "body": {"msg_id": 41, "type": "cas_lock", "key": 0, "from": 4, "to": 1}}
DEBUG:root:received {"id":158,"src":"n1","dest":"n1","body":{"msg_id":41,"type":"cas_lock","key":0,"from":4,"to":1}}
DEBUG:root:sending {"dest": "n1", "src": "n1", "body": {"msg_id": 42, "in_reply_to": 41, "type": "lock_ok_cas", "value": {"value": 4, "timestamp": 1}}}
DEBUG:root:received {"id":159,"src":"n0","dest":"n1","body":{"msg_id":44,"in_reply_to":40,"type":"noMatch"}}
DEBUG:root:received {"id":160,"src":"n1","dest":"n1","body":{"msg_id":42,"in_reply_to":41,"type":"lock_ok_cas","value":{"value":4,"timestamp":1}}}
DEBUG:root:sending {"dest": "n0", "src": "n1", "body": {"msg_id": 43, "type": "cas_server", "key": 0, "from": 4, "to": 1, "timestamp": 2}}
DEBUG:root:sending {"dest": "n1", "src": "n1", "body": {"msg_id": 44, "type": "cas_server", "key": 0, "from": 4, "to": 1, "timestamp": 2}}
DEBUG:root:received {"id":162,"src":"n1","dest":"n1","body":{"msg_id":44,"type":"cas_server","key":0,"from":4,"to":1,"timestamp":2}}
DEBUG:root:sending {"dest": "n1", "src": "n1", "body": {"msg_id": 45, "in_reply_to": 44, "type": "cas_server_ok"}}
DEBUG:root:received {"id":163,"src":"n0","dest":"n1","body":{"msg_id":45,"in_reply_to":43,"type":"cas_server_ok"}}
DEBUG:root:received {"id":164,"src":"n1","dest":"n1","body":{"msg_id":45,"in_reply_to":44,"type":"cas_server_ok"}}
DEBUG:root:sending {"dest": "c6", "src": "n1", "body": {"msg_id": 46, "in_reply_to": 2, "type": "cas_ok"}}
DEBUG:root:received {"id":176,"src":"c6","dest":"n1","body":{"key":0,"from":0,"to":0,"type":"cas","msg_id":3}}
INFO:root:node c6 comparing and setting
DEBUG:root:sending {"dest": "n0", "src": "n1", "body": {"msg_id": 47, "type": "cas_lock", "key": 0, "from": 0, "to": 0}}
DEBUG:root:sending {"dest": "n1", "src": "n1", "body": {"msg_id": 48, "type": "cas_lock", "key": 0, "from": 0, "to": 0}}
DEBUG:root:received {"id":178,"src":"n1","dest":"n1","body":{"msg_id":48,"type":"cas_lock","key":0,"from":0,"to":0}}
DEBUG:root:sending {"dest": "n1", "src": "n1", "body": {"msg_id": 49, "in_reply_to": 48, "type": "noMatch"}}
DEBUG:root:received {"id":179,"src":"n0","dest":"n1","body":{"msg_id":48,"in_reply_to":47,"type":"noMatch"}}
DEBUG:root:received {"id":180,"src":"n1","dest":"n1","body":{"msg_id":49,"in_reply_to":48,"type":"noMatch"}}
DEBUG:root:sending {"dest": "n0", "src": "n1", "body": {"msg_id": 50, "type": "unlock_cas", "code": 22}}
DEBUG:root:sending {"dest": "n1", "src": "n1", "body": {"msg_id": 51, "type": "unlock_cas", "code": 22}}
DEBUG:root:received {"id":182,"src":"n1","dest":"n1","body":{"msg_id":51,"type":"unlock_cas","code":22}}
DEBUG:root:sending {"dest": "n1", "src": "n1", "body": {"msg_id": 52, "in_reply_to": 51, "type": "unlock_cas_ok", "code": 22}}
DEBUG:root:received {"id":184,"src":"n0","dest":"n1","body":{"msg_id":49,"in_reply_to":50,"type":"unlock_cas_ok","code":22}}
DEBUG:root:received {"id":183,"src":"n1","dest":"n1","body":{"msg_id":52,"in_reply_to":51,"type":"unlock_cas_ok","code":22}}
DEBUG:root:sending {"dest": "c6", "src": "n1", "body": {"msg_id": 53, "in_reply_to": 3, "type": "error", "code": 22, "text": "does not match"}}
DEBUG:root:received {"id":186,"src":"c8","dest":"n1","body":{"key":0,"type":"read","msg_id":4}}
INFO:root:node c8 reading from 0
DEBUG:root:sending {"dest": "n0", "src": "n1", "body": {"msg_id": 54, "type": "read_server", "key": 0}}
DEBUG:root:sending {"dest": "n1", "src": "n1", "body": {"msg_id": 55, "type": "read_server", "key": 0}}
DEBUG:root:received {"id":188,"src":"n1","dest":"n1","body":{"msg_id":55,"type":"read_server","key":0}}
INFO:root:server n1 reading from 0
DEBUG:root:sending {"dest": "n1", "src": "n1", "body": {"msg_id": 56, "in_reply_to": 55, "type": "read_server_ok", "value": {"value": 1, "timestamp": 2}}}
DEBUG:root:received {"id":189,"src":"n0","dest":"n1","body":{"msg_id":50,"in_reply_to":54,"type":"read_server_ok","value":{"value":1,"timestamp":2}}}
DEBUG:root:received {"id":190,"src":"n1","dest":"n1","body":{"msg_id":56,"in_reply_to":55,"type":"read_server_ok","value":{"value":1,"timestamp":2}}}
DEBUG:root:sending {"dest": "n0", "src": "n1", "body": {"msg_id": 57, "type": "unlock_read", "code": 0, "value": 1}}
DEBUG:root:sending {"dest": "n1", "src": "n1", "body": {"msg_id": 58, "type": "unlock_read", "code": 0, "value": 1}}
DEBUG:root:received {"id":192,"src":"n1","dest":"n1","body":{"msg_id":58,"type":"unlock_read","code":0,"value":1}}
DEBUG:root:sending {"dest": "n1", "src": "n1", "body": {"msg_id": 59, "in_reply_to": 58, "type": "unlock_read_ok", "code": 0, "value": 1}}
DEBUG:root:received {"id":193,"src":"n0","dest":"n1","body":{"msg_id":51,"in_reply_to":57,"type":"unlock_read_ok","code":0,"value":1}}
DEBUG:root:received {"id":194,"src":"n1","dest":"n1","body":{"msg_id":59,"in_reply_to":58,"type":"unlock_read_ok","code":0,"value":1}}
DEBUG:root:sending {"dest": "c8", "src": "n1", "body": {"msg_id": 60, "in_reply_to": 4, "type": "read_ok", "value": 1}}
DEBUG:root:received {"id":198,"src":"n0","dest":"n1","body":{"msg_id":53,"type":"cas_lock","key":0,"from":0,"to":1}}
DEBUG:root:sending {"dest": "n0", "src": "n1", "body": {"msg_id": 61, "in_reply_to": 53, "type": "noMatch"}}
DEBUG:root:received {"id":202,"src":"n0","dest":"n1","body":{"msg_id":56,"type":"unlock_cas","code":22}}
DEBUG:root:sending {"dest": "n0", "src": "n1", "body": {"msg_id": 62, "in_reply_to": 56, "type": "unlock_cas_ok", "code": 22}}
DEBUG:root:received {"id":208,"src":"n0","dest":"n1","body":{"msg_id":60,"type":"cas_lock","key":0,"from":3,"to":3}}
DEBUG:root:sending {"dest": "n0", "src": "n1", "body": {"msg_id": 63, "in_reply_to": 60, "type": "noMatch"}}
DEBUG:root:received {"id":212,"src":"n0","dest":"n1","body":{"msg_id":62,"type":"unlock_cas","code":22}}
DEBUG:root:sending {"dest": "n0", "src": "n1", "body": {"msg_id": 64, "in_reply_to": 62, "type": "unlock_cas_ok", "code": 22}}
DEBUG:root:received {"id":218,"src":"n0","dest":"n1","body":{"msg_id":65,"type":"read_server","key":0}}
INFO:root:server n0 reading from 0
DEBUG:root:sending {"dest": "n0", "src": "n1", "body": {"msg_id": 65, "in_reply_to": 65, "type": "read_server_ok", "value": {"value": 1, "timestamp": 2}}}
DEBUG:root:received {"id":222,"src":"n0","dest":"n1","body":{"msg_id":67,"type":"unlock_read","code":0,"value":1}}
DEBUG:root:sending {"dest": "n0", "src": "n1", "body": {"msg_id": 66, "in_reply_to": 67, "type": "unlock_read_ok", "code": 0, "value": 1}}
DEBUG:root:received {"id":227,"src":"n2","dest":"n1","body":{"msg_id":68,"type":"read_lock","key":0,"value":3}}
DEBUG:root:sending {"dest": "n2", "src": "n1", "body": {"msg_id": 67, "in_reply_to": 68, "type": "lock_ok", "value": {"value": 1, "timestamp": 2}}}
DEBUG:root:received {"id":231,"src":"n2","dest":"n1","body":{"msg_id":71,"type":"write_server","key":0,"value":3,"timestamp":4}}
DEBUG:root:sending {"dest": "n2", "src": "n1", "body": {"msg_id": 68, "in_reply_to": 71, "type": "write_server_ok"}}
DEBUG:root:received {"id":238,"src":"n2","dest":"n1","body":{"msg_id":76,"type":"read_server","key":0}}
INFO:root:server n2 reading from 0
DEBUG:root:sending {"dest": "n2", "src": "n1", "body": {"msg_id": 69, "in_reply_to": 76, "type": "read_server_ok", "value": {"value": 3, "timestamp": 4}}}
DEBUG:root:received {"id":242,"src":"n2","dest":"n1","body":{"msg_id":78,"type":"unlock_read","code":0,"value":3}}
DEBUG:root:sending {"dest": "n2", "src": "n1", "body": {"msg_id": 70, "in_reply_to": 78, "type": "unlock_read_ok", "code": 0, "value": 3}}
DEBUG:root:received {"id":246,"src":"c6","dest":"n1","body":{"key":0,"from":1,"to":0,"type":"cas","msg_id":4}}
INFO:root:node c6 comparing and setting
DEBUG:root:sending {"dest": "n1", "src": "n1", "body": {"msg_id": 71, "type": "cas_lock", "key": 0, "from": 1, "to": 0}}
DEBUG:root:sending {"dest": "n2", "src": "n1", "body": {"msg_id": 72, "type": "cas_lock", "key": 0, "from": 1, "to": 0}}
DEBUG:root:received {"id":247,"src":"n1","dest":"n1","body":{"msg_id":71,"type":"cas_lock","key":0,"from":1,"to":0}}
DEBUG:root:sending {"dest": "n1", "src": "n1", "body": {"msg_id": 73, "in_reply_to": 71, "type": "noMatch"}}
DEBUG:root:received {"id":249,"src":"n1","dest":"n1","body":{"msg_id":73,"in_reply_to":71,"type":"noMatch"}}
DEBUG:root:received {"id":250,"src":"n2","dest":"n1","body":{"msg_id":80,"in_reply_to":72,"type":"noMatch"}}
DEBUG:root:sending {"dest": "n1", "src": "n1", "body": {"msg_id": 74, "type": "unlock_cas", "code": 22}}
DEBUG:root:sending {"dest": "n2", "src": "n1", "body": {"msg_id": 75, "type": "unlock_cas", "code": 22}}
DEBUG:root:received {"id":251,"src":"n1","dest":"n1","body":{"msg_id":74,"type":"unlock_cas","code":22}}
DEBUG:root:sending {"dest": "n1", "src": "n1", "body": {"msg_id": 76, "in_reply_to": 74, "type": "unlock_cas_ok", "code": 22}}
DEBUG:root:received {"id":253,"src":"n1","dest":"n1","body":{"msg_id":76,"in_reply_to":74,"type":"unlock_cas_ok","code":22}}
DEBUG:root:received {"id":254,"src":"n2","dest":"n1","body":{"msg_id":81,"in_reply_to":75,"type":"unlock_cas_ok","code":22}}
DEBUG:root:sending {"dest": "c6", "src": "n1", "body": {"msg_id": 77, "in_reply_to": 4, "type": "error", "code": 22, "text": "does not match"}}
DEBUG:root:received {"id":258,"src":"n2","dest":"n1","body":{"msg_id":83,"type":"cas_lock","key":0,"from":4,"to":1}}
DEBUG:root:sending {"dest": "n2", "src": "n1", "body": {"msg_id": 78, "in_reply_to": 83, "type": "noMatch"}}
DEBUG:root:received {"id":262,"src":"n2","dest":"n1","body":{"msg_id":85,"type":"unlock_cas","code":22}}
DEBUG:root:sending {"dest": "n2", "src": "n1", "body": {"msg_id": 79, "in_reply_to": 85, "type": "unlock_cas_ok", "code": 22}}
DEBUG:root:received {"id":268,"src":"n2","dest":"n1","body":{"msg_id":88,"type":"cas_lock","key":0,"from":4,"to":0}}
DEBUG:root:sending {"dest": "n2", "src": "n1", "body": {"msg_id": 80, "in_reply_to": 88, "type": "noMatch"}}
DEBUG:root:received {"id":272,"src":"n2","dest":"n1","body":{"msg_id":91,"type":"unlock_cas","code":22}}
DEBUG:root:sending {"dest": "n2", "src": "n1", "body": {"msg_id": 81, "in_reply_to": 91, "type": "unlock_cas_ok", "code": 22}}
DEBUG:root:received {"id":276,"src":"c8","dest":"n1","body":{"key":0,"type":"read","msg_id":5}}
INFO:root:node c8 reading from 0
DEBUG:root:sending {"dest": "n1", "src": "n1", "body": {"msg_id": 82, "type": "read_server", "key": 0}}
DEBUG:root:sending {"dest": "n0", "src": "n1", "body": {"msg_id": 83, "type": "read_server", "key": 0}}
DEBUG:root:received {"id":277,"src":"n1","dest":"n1","body":{"msg_id":82,"type":"read_server","key":0}}
INFO:root:server n1 reading from 0
DEBUG:root:sending {"dest": "n1", "src": "n1", "body": {"msg_id": 84, "in_reply_to": 82, "type": "read_server_ok", "value": {"value": 3, "timestamp": 4}}}
DEBUG:root:received {"id":279,"src":"n1","dest":"n1","body":{"msg_id":84,"in_reply_to":82,"type":"read_server_ok","value":{"value":3,"timestamp":4}}}
DEBUG:root:received {"id":280,"src":"n0","dest":"n1","body":{"msg_id":73,"in_reply_to":83,"type":"read_server_ok","value":{"value":1,"timestamp":2}}}
DEBUG:root:sending {"dest": "n1", "src": "n1", "body": {"msg_id": 85, "type": "unlock_read", "code": 0, "value": 3}}
DEBUG:root:sending {"dest": "n0", "src": "n1", "body": {"msg_id": 86, "type": "unlock_read", "code": 0, "value": 3}}
DEBUG:root:received {"id":281,"src":"n1","dest":"n1","body":{"msg_id":85,"type":"unlock_read","code":0,"value":3}}
DEBUG:root:sending {"dest": "n1", "src": "n1", "body": {"msg_id": 87, "in_reply_to": 85, "type": "unlock_read_ok", "code": 0, "value": 3}}
DEBUG:root:received {"id":283,"src":"n1","dest":"n1","body":{"msg_id":87,"in_reply_to":85,"type":"unlock_read_ok","code":0,"value":3}}
DEBUG:root:received {"id":284,"src":"n0","dest":"n1","body":{"msg_id":74,"in_reply_to":86,"type":"unlock_read_ok","code":0,"value":3}}
DEBUG:root:sending {"dest": "c8", "src": "n1", "body": {"msg_id": 88, "in_reply_to": 5, "type": "read_ok", "value": 3}}
DEBUG:root:received {"id":286,"src":"c6","dest":"n1","body":{"key":0,"value":0,"type":"write","msg_id":5}}
INFO:root:node c6 writing to 0
DEBUG:root:sending {"dest": "n1", "src": "n1", "body": {"msg_id": 89, "type": "read_lock", "key": 0, "value": 0}}
DEBUG:root:sending {"dest": "n2", "src": "n1", "body": {"msg_id": 90, "type": "read_lock", "key": 0, "value": 0}}
DEBUG:root:received {"id":287,"src":"n1","dest":"n1","body":{"msg_id":89,"type":"read_lock","key":0,"value":0}}
DEBUG:root:sending {"dest": "n1", "src": "n1", "body": {"msg_id": 91, "in_reply_to": 89, "type": "lock_ok", "value": {"value": 3, "timestamp": 4}}}
DEBUG:root:received {"id":289,"src":"n1","dest":"n1","body":{"msg_id":91,"in_reply_to":89,"type":"lock_ok","value":{"value":3,"timestamp":4}}}
DEBUG:root:received {"id":290,"src":"n2","dest":"n1","body":{"msg_id":94,"in_reply_to":90,"type":"lock_ok","value":{"value":3,"timestamp":4}}}
DEBUG:root:sending {"dest": "n1", "src": "n1", "body": {"msg_id": 92, "type": "write_server", "key": 0, "value": 0, "timestamp": 5}}
DEBUG:root:sending {"dest": "n2", "src": "n1", "body": {"msg_id": 93, "type": "write_server", "key": 0, "value": 0, "timestamp": 5}}
DEBUG:root:received {"id":291,"src":"n1","dest":"n1","body":{"msg_id":92,"type":"write_server","key":0,"value":0,"timestamp":5}}
DEBUG:root:sending {"dest": "n1", "src": "n1", "body": {"msg_id": 94, "in_reply_to": 92, "type": "write_server_ok"}}
DEBUG:root:received {"id":293,"src":"n1","dest":"n1","body":{"msg_id":94,"in_reply_to":92,"type":"write_server_ok"}}
DEBUG:root:received {"id":294,"src":"n2","dest":"n1","body":{"msg_id":95,"in_reply_to":93,"type":"write_server_ok"}}
DEBUG:root:sending {"dest": "c6", "src": "n1", "body": {"msg_id": 95, "in_reply_to": 5, "type": "write_ok"}}
DEBUG:root:received {"id":298,"src":"n0","dest":"n1","body":{"msg_id":76,"type":"read_lock","key":0,"value":0}}
DEBUG:root:sending {"dest": "n0", "src": "n1", "body": {"msg_id": 96, "in_reply_to": 76, "type": "lock_ok", "value": {"value": 0, "timestamp": 5}}}
DEBUG:root:received {"id":302,"src":"n0","dest":"n1","body":{"msg_id":78,"type":"write_server","key":0,"value":0,"timestamp":6}}
DEBUG:root:sending {"dest": "n0", "src": "n1", "body": {"msg_id": 97, "in_reply_to": 78, "type": "write_server_ok"}}
DEBUG:root:received {"id":307,"src":"n2","dest":"n1","body":{"msg_id":98,"type":"cas_lock","key":0,"from":1,"to":0}}
DEBUG:root:sending {"dest": "n2", "src": "n1", "body": {"msg_id": 98, "in_reply_to": 98, "type": "noMatch"}}
DEBUG:root:received {"id":311,"src":"n2","dest":"n1","body":{"msg_id":101,"type":"unlock_cas","code":22}}
DEBUG:root:sending {"dest": "n2", "src": "n1", "body": {"msg_id": 99, "in_reply_to": 101, "type": "unlock_cas_ok", "code": 22}}
DEBUG:root:received {"id":316,"src":"c6","dest":"n1","body":{"key":0,"from":2,"to":3,"type":"cas","msg_id":6}}
INFO:root:node c6 comparing and setting
DEBUG:root:sending {"dest": "n2", "src": "n1", "body": {"msg_id": 100, "type": "cas_lock", "key": 0, "from": 2, "to": 3}}
DEBUG:root:sending {"dest": "n0", "src": "n1", "body": {"msg_id": 101, "type": "cas_lock", "key": 0, "from": 2, "to": 3}}
DEBUG:root:received {"id":319,"src":"n2","dest":"n1","body":{"msg_id":105,"in_reply_to":100,"type":"noMatch"}}
DEBUG:root:received {"id":320,"src":"n0","dest":"n1","body":{"msg_id":80,"in_reply_to":101,"type":"noMatch"}}
DEBUG:root:sending {"dest": "n2", "src": "n1", "body": {"msg_id": 102, "type": "unlock_cas", "code": 22}}
DEBUG:root:sending {"dest": "n0", "src": "n1", "body": {"msg_id": 103, "type": "unlock_cas", "code": 22}}
DEBUG:root:received {"id":323,"src":"n2","dest":"n1","body":{"msg_id":106,"in_reply_to":102,"type":"unlock_cas_ok","code":22}}
DEBUG:root:received {"id":324,"src":"n0","dest":"n1","body":{"msg_id":81,"in_reply_to":103,"type":"unlock_cas_ok","code":22}}
DEBUG:root:sending {"dest": "c6", "src": "n1", "body": {"msg_id": 104, "in_reply_to": 6, "type": "error", "code": 22, "text": "does not match"}}
DEBUG:root:received {"id":328,"src":"n2","dest":"n1","body":{"msg_id":108,"type":"read_lock","key":0,"value":1}}
DEBUG:root:sending {"dest": "n2", "src": "n1", "body": {"msg_id": 105, "in_reply_to": 108, "type": "lock_ok", "value": {"value": 0, "timestamp": 6}}}
DEBUG:root:received {"id":332,"src":"n2","dest":"n1","body":{"msg_id":111,"type":"write_server","key":0,"value":1,"timestamp":7}}
DEBUG:root:sending {"dest": "n2", "src": "n1", "body": {"msg_id": 106, "in_reply_to": 111, "type": "write_server_ok"}}
DEBUG:root:received {"id":337,"src":"n0","dest":"n1","body":{"msg_id":82,"type":"read_server","key":0}}
INFO:root:server n0 reading from 0
DEBUG:root:sending {"dest": "n0", "src": "n1", "body": {"msg_id": 107, "in_reply_to": 82, "type": "read_server_ok", "value": {"value": 1, "timestamp": 7}}}
DEBUG:root:received {"id":339,"src":"c8","dest":"n1","body":{"key":0,"type":"read","msg_id":6}}
INFO:root:node c8 reading from 0
DEBUG:root:sending {"dest": "n2", "src": "n1", "body": {"msg_id": 108, "type": "read_server", "key": 0}}
DEBUG:root:sending {"dest": "n1", "src": "n1", "body": {"msg_id": 109, "type": "read_server", "key": 0}}
DEBUG:root:received {"id":343,"src":"n1","dest":"n1","body":{"msg_id":109,"type":"read_server","key":0}}
INFO:root:server n1 reading from 0
DEBUG:root:sending {"dest": "n1", "src": "n1", "body": {"msg_id": 110, "in_reply_to": 109, "type": "error_read_lock", "text": "already_locked"}}
DEBUG:root:received {"id":344,"src":"n0","dest":"n1","body":{"msg_id":84,"type":"unlock_read","code":0,"value":1}}
DEBUG:root:sending {"dest": "n0", "src": "n1", "body": {"msg_id": 111, "in_reply_to": 84, "type": "unlock_read_ok", "code": 0, "value": 1}}
DEBUG:root:received {"id":346,"src":"n2","dest":"n1","body":{"msg_id":115,"in_reply_to":108,"type":"error_read_lock","text":"already_locked"}}
DEBUG:root:received {"id":347,"src":"n1","dest":"n1","body":{"msg_id":110,"in_reply_to":109,"type":"error_read_lock","text":"already_locked"}}
DEBUG:root:sending {"dest": "c8", "src": "n1", "body": {"msg_id": 112, "in_reply_to": 6, "type": "error", "code": 11, "text": "locked state"}}
DEBUG:root:received {"id":354,"src":"n2","dest":"n1","body":{"msg_id":118,"type":"cas_lock","key":0,"from":0,"to":2}}
DEBUG:root:sending {"dest": "n2", "src": "n1", "body": {"msg_id": 113, "in_reply_to": 118, "type": "noMatch"}}
DEBUG:root:received {"id":358,"src":"n2","dest":"n1","body":{"msg_id":121,"type":"unlock_cas","code":22}}
DEBUG:root:sending {"dest": "n2", "src": "n1", "body": {"msg_id": 114, "in_reply_to": 121, "type": "unlock_cas_ok", "code": 22}}
DEBUG:root:received {"id":362,"src":"c8","dest":"n1","body":{"key":0,"type":"read","msg_id":7}}
INFO:root:node c8 reading from 0
DEBUG:root:sending {"dest": "n1", "src": "n1", "body": {"msg_id": 115, "type": "read_server", "key": 0}}
DEBUG:root:sending {"dest": "n0", "src": "n1", "body": {"msg_id": 116, "type": "read_server", "key": 0}}
DEBUG:root:received {"id":363,"src":"n1","dest":"n1","body":{"msg_id":115,"type":"read_server","key":0}}
INFO:root:server n1 reading from 0
DEBUG:root:sending {"dest": "n1", "src": "n1", "body": {"msg_id": 117, "in_reply_to": 115, "type": "read_server_ok", "value": {"value": 1, "timestamp": 7}}}
DEBUG:root:received {"id":365,"src":"n1","dest":"n1","body":{"msg_id":117,"in_reply_to":115,"type":"read_server_ok","value":{"value":1,"timestamp":7}}}
DEBUG:root:received {"id":366,"src":"n0","dest":"n1","body":{"msg_id":87,"in_reply_to":116,"type":"read_server_ok","value":{"value":1,"timestamp":2}}}
DEBUG:root:sending {"dest": "n1", "src": "n1", "body": {"msg_id": 118, "type": "unlock_read", "code": 0, "value": 1}}
DEBUG:root:sending {"dest": "n0", "src": "n1", "body": {"msg_id": 119, "type": "unlock_read", "code": 0, "value": 1}}
DEBUG:root:received {"id":367,"src":"n1","dest":"n1","body":{"msg_id":118,"type":"unlock_read","code":0,"value":1}}
DEBUG:root:sending {"dest": "n1", "src": "n1", "body": {"msg_id": 120, "in_reply_to": 118, "type": "unlock_read_ok", "code": 0, "value": 1}}
DEBUG:root:received {"id":369,"src":"n1","dest":"n1","body":{"msg_id":120,"in_reply_to":118,"type":"unlock_read_ok","code":0,"value":1}}
DEBUG:root:received {"id":370,"src":"n0","dest":"n1","body":{"msg_id":88,"in_reply_to":119,"type":"unlock_read_ok","code":0,"value":1}}
DEBUG:root:sending {"dest": "c8", "src": "n1", "body": {"msg_id": 121, "in_reply_to": 7, "type": "read_ok", "value": 1}}
DEBUG:root:received {"id":372,"src":"c6","dest":"n1","body":{"key":0,"from":0,"to":4,"type":"cas","msg_id":7}}
INFO:root:node c6 comparing and setting
DEBUG:root:sending {"dest": "n2", "src": "n1", "body": {"msg_id": 122, "type": "cas_lock", "key": 0, "from": 0, "to": 4}}
DEBUG:root:sending {"dest": "n0", "src": "n1", "body": {"msg_id": 123, "type": "cas_lock", "key": 0, "from": 0, "to": 4}}
DEBUG:root:received {"id":375,"src":"n2","dest":"n1","body":{"msg_id":124,"in_reply_to":122,"type":"noMatch"}}
DEBUG:root:received {"id":376,"src":"n0","dest":"n1","body":{"msg_id":89,"in_reply_to":123,"type":"noMatch"}}
DEBUG:root:sending {"dest": "n2", "src": "n1", "body": {"msg_id": 124, "type": "unlock_cas", "code": 22}}
DEBUG:root:sending {"dest": "n0", "src": "n1", "body": {"msg_id": 125, "type": "unlock_cas", "code": 22}}
DEBUG:root:received {"id":379,"src":"n2","dest":"n1","body":{"msg_id":125,"in_reply_to":124,"type":"unlock_cas_ok","code":22}}
DEBUG:root:received {"id":380,"src":"n0","dest":"n1","body":{"msg_id":90,"in_reply_to":125,"type":"unlock_cas_ok","code":22}}
DEBUG:root:sending {"dest": "c6", "src": "n1", "body": {"msg_id": 126, "in_reply_to": 7, "type": "error", "code": 22, "text": "does not match"}}
DEBUG:root:received {"id":382,"src":"c8","dest":"n1","body":{"key":0,"type":"read","msg_id":8}}
INFO:root:node c8 reading from 0
DEBUG:root:sending {"dest": "n0", "src": "n1", "body": {"msg_id": 127, "type": "read_server", "key": 0}}
DEBUG:root:sending {"dest": "n2", "src": "n1", "body": {"msg_id": 128, "type": "read_server", "key": 0}}
DEBUG:root:received {"id":385,"src":"n0","dest":"n1","body":{"msg_id":91,"in_reply_to":127,"type":"read_server_ok","value":{"value":1,"timestamp":2}}}
DEBUG:root:received {"id":386,"src":"n2","dest":"n1","body":{"msg_id":126,"in_reply_to":128,"type":"read_server_ok","value":{"value":1,"timestamp":7}}}
DEBUG:root:sending {"dest": "n0", "src": "n1", "body": {"msg_id": 129, "type": "unlock_read", "code": 0, "value": 1}}
DEBUG:root:sending {"dest": "n2", "src": "n1", "body": {"msg_id": 130, "type": "unlock_read", "code": 0, "value": 1}}
DEBUG:root:received {"id":389,"src":"n2","dest":"n1","body":{"msg_id":127,"in_reply_to":130,"type":"unlock_read_ok","code":0,"value":1}}
DEBUG:root:received {"id":390,"src":"n0","dest":"n1","body":{"msg_id":92,"in_reply_to":129,"type":"unlock_read_ok","code":0,"value":1}}
DEBUG:root:sending {"dest": "c8", "src": "n1", "body": {"msg_id": 131, "in_reply_to": 8, "type": "read_ok", "value": 1}}
DEBUG:root:received {"id":392,"src":"c8","dest":"n1","body":{"key":0,"type":"read","msg_id":9}}
INFO:root:node c8 reading from 0
DEBUG:root:sending {"dest": "n0", "src": "n1", "body": {"msg_id": 132, "type": "read_server", "key": 0}}
DEBUG:root:sending {"dest": "n1", "src": "n1", "body": {"msg_id": 133, "type": "read_server", "key": 0}}
DEBUG:root:received {"id":394,"src":"n1","dest":"n1","body":{"msg_id":133,"type":"read_server","key":0}}
INFO:root:server n1 reading from 0
DEBUG:root:sending {"dest": "n1", "src": "n1", "body": {"msg_id": 134, "in_reply_to": 133, "type": "read_server_ok", "value": {"value": 1, "timestamp": 7}}}
DEBUG:root:received {"id":395,"src":"n0","dest":"n1","body":{"msg_id":93,"in_reply_to":132,"type":"read_server_ok","value":{"value":1,"timestamp":2}}}
DEBUG:root:received {"id":396,"src":"n1","dest":"n1","body":{"msg_id":134,"in_reply_to":133,"type":"read_server_ok","value":{"value":1,"timestamp":7}}}
DEBUG:root:sending {"dest": "n0", "src": "n1", "body": {"msg_id": 135, "type": "unlock_read", "code": 0, "value": 1}}
DEBUG:root:sending {"dest": "n1", "src": "n1", "body": {"msg_id": 136, "type": "unlock_read", "code": 0, "value": 1}}
DEBUG:root:received {"id":398,"src":"n1","dest":"n1","body":{"msg_id":136,"type":"unlock_read","code":0,"value":1}}
DEBUG:root:sending {"dest": "n1", "src": "n1", "body": {"msg_id": 137, "in_reply_to": 136, "type": "unlock_read_ok", "code": 0, "value": 1}}
DEBUG:root:received {"id":399,"src":"n0","dest":"n1","body":{"msg_id":94,"in_reply_to":135,"type":"unlock_read_ok","code":0,"value":1}}
DEBUG:root:received {"id":400,"src":"n1","dest":"n1","body":{"msg_id":137,"in_reply_to":136,"type":"unlock_read_ok","code":0,"value":1}}
DEBUG:root:sending {"dest": "c8", "src": "n1", "body": {"msg_id": 138, "in_reply_to": 9, "type": "read_ok", "value": 1}}
DEBUG:root:received {"id":403,"src":"n2","dest":"n1","body":{"msg_id":128,"type":"cas_lock","key":0,"from":2,"to":0}}
DEBUG:root:sending {"dest": "n2", "src": "n1", "body": {"msg_id": 139, "in_reply_to": 128, "type": "noMatch"}}
DEBUG:root:received {"id":407,"src":"n2","dest":"n1","body":{"msg_id":130,"type":"unlock_cas","code":22}}
DEBUG:root:sending {"dest": "n2", "src": "n1", "body": {"msg_id": 140, "in_reply_to": 130, "type": "unlock_cas_ok", "code": 22}}
DEBUG:root:received {"id":413,"src":"n2","dest":"n1","body":{"msg_id":133,"type":"read_lock","key":0,"value":4}}
DEBUG:root:sending {"dest": "n2", "src": "n1", "body": {"msg_id": 141, "in_reply_to": 133, "type": "lock_ok", "value": {"value": 1, "timestamp": 7}}}
DEBUG:root:received {"id":418,"src":"n0","dest":"n1","body":{"msg_id":98,"type":"cas_lock","key":0,"from":4,"to":0}}
DEBUG:root:sending {"dest": "n0", "src": "n1", "body": {"msg_id": 142, "in_reply_to": 98, "type": "noMatch"}}
DEBUG:root:received {"id":422,"src":"n2","dest":"n1","body":{"msg_id":136,"type":"write_server","key":0,"value":4,"timestamp":8}}
DEBUG:root:received {"id":423,"src":"n0","dest":"n1","body":{"msg_id":100,"type":"unlock_cas","code":22}}
DEBUG:root:sending {"dest": "n2", "src": "n1", "body": {"msg_id": 143, "in_reply_to": 136, "type": "write_server_ok"}}
DEBUG:root:sending {"dest": "n0", "src": "n1", "body": {"msg_id": 144, "in_reply_to": 100, "type": "unlock_cas_ok", "code": 22}}
DEBUG:root:received {"id":432,"src":"c8","dest":"n1","body":{"key":1,"type":"read","msg_id":10}}
INFO:root:node c8 reading from 1
DEBUG:root:sending {"dest": "n0", "src": "n1", "body": {"msg_id": 145, "type": "read_server", "key": 1}}
DEBUG:root:sending {"dest": "n2", "src": "n1", "body": {"msg_id": 146, "type": "read_server", "key": 1}}
DEBUG:root:received {"id":435,"src":"n0","dest":"n1","body":{"msg_id":104,"in_reply_to":145,"type":"error_read","code":20,"text":"not found"}}
DEBUG:root:received {"id":436,"src":"n2","dest":"n1","body":{"msg_id":140,"in_reply_to":146,"type":"error_read","code":20,"text":"not found"}}
DEBUG:root:sending {"dest": "n0", "src": "n1", "body": {"msg_id": 147, "type": "unlock_read", "code": 20}}
DEBUG:root:sending {"dest": "n2", "src": "n1", "body": {"msg_id": 148, "type": "unlock_read", "code": 20}}
DEBUG:root:received {"id":439,"src":"n0","dest":"n1","body":{"msg_id":105,"in_reply_to":147,"type":"unlock_read_ok","code":20}}
DEBUG:root:received {"id":440,"src":"n2","dest":"n1","body":{"msg_id":141,"in_reply_to":148,"type":"unlock_read_ok","code":20}}
DEBUG:root:sending {"dest": "c8", "src": "n1", "body": {"msg_id": 149, "in_reply_to": 10, "type": "error", "code": 20, "text": "not found"}}
DEBUG:root:received {"id":452,"src":"c6","dest":"n1","body":{"key":1,"from":1,"to":4,"type":"cas","msg_id":8}}
INFO:root:node c6 comparing and setting
DEBUG:root:sending {"dest": "n1", "src": "n1", "body": {"msg_id": 150, "type": "cas_lock", "key": 1, "from": 1, "to": 4}}
DEBUG:root:sending {"dest": "n0", "src": "n1", "body": {"msg_id": 151, "type": "cas_lock", "key": 1, "from": 1, "to": 4}}
DEBUG:root:received {"id":453,"src":"n1","dest":"n1","body":{"msg_id":150,"type":"cas_lock","key":1,"from":1,"to":4}}
DEBUG:root:sending {"dest": "n1", "src": "n1", "body": {"msg_id": 152, "in_reply_to": 150, "type": "noKeyCas"}}
DEBUG:root:received {"id":455,"src":"n1","dest":"n1","body":{"msg_id":152,"in_reply_to":150,"type":"noKeyCas"}}
DEBUG:root:received {"id":456,"src":"n0","dest":"n1","body":{"msg_id":113,"in_reply_to":151,"type":"noKeyCas"}}
DEBUG:root:sending {"dest": "n1", "src": "n1", "body": {"msg_id": 153, "type": "unlock_cas", "code": 20}}
DEBUG:root:sending {"dest": "n0", "src": "n1", "body": {"msg_id": 154, "type": "unlock_cas", "code": 20}}
DEBUG:root:received {"id":457,"src":"n1","dest":"n1","body":{"msg_id":153,"type":"unlock_cas","code":20}}
DEBUG:root:sending {"dest": "n1", "src": "n1", "body": {"msg_id": 155, "in_reply_to": 153, "type": "unlock_cas_ok", "code": 20}}
DEBUG:root:received {"id":459,"src":"n1","dest":"n1","body":{"msg_id":155,"in_reply_to":153,"type":"unlock_cas_ok","code":20}}
DEBUG:root:received {"id":460,"src":"n0","dest":"n1","body":{"msg_id":114,"in_reply_to":154,"type":"unlock_cas_ok","code":20}}
DEBUG:root:sending {"dest": "c6", "src": "n1", "body": {"msg_id": 156, "in_reply_to": 8, "type": "error", "code": 20, "text": "not found"}}
DEBUG:root:received {"id":462,"src":"c6","dest":"n1","body":{"key":1,"from":0,"to":0,"type":"cas","msg_id":9}}
INFO:root:node c6 comparing and setting
DEBUG:root:sending {"dest": "n0", "src": "n1", "body": {"msg_id": 157, "type": "cas_lock", "key": 1, "from": 0, "to": 0}}
DEBUG:root:sending {"dest": "n2", "src": "n1", "body": {"msg_id": 158, "type": "cas_lock", "key": 1, "from": 0, "to": 0}}
DEBUG:root:received {"id":465,"src":"n0","dest":"n1","body":{"msg_id":115,"in_reply_to":157,"type":"noKeyCas"}}
DEBUG:root:received {"id":466,"src":"n2","dest":"n1","body":{"msg_id":144,"in_reply_to":158,"type":"noKeyCas"}}
DEBUG:root:sending {"dest": "n0", "src": "n1", "body": {"msg_id": 159, "type": "unlock_cas", "code": 20}}
DEBUG:root:sending {"dest": "n2", "src": "n1", "body": {"msg_id": 160, "type": "unlock_cas", "code": 20}}
DEBUG:root:received {"id":469,"src":"n0","dest":"n1","body":{"msg_id":116,"in_reply_to":159,"type":"unlock_cas_ok","code":20}}
DEBUG:root:received {"id":470,"src":"n2","dest":"n1","body":{"msg_id":145,"in_reply_to":160,"type":"unlock_cas_ok","code":20}}
DEBUG:root:sending {"dest": "c6", "src": "n1", "body": {"msg_id": 161, "in_reply_to": 9, "type": "error", "code": 20, "text": "not found"}}
DEBUG:root:received {"id":472,"src":"c8","dest":"n1","body":{"key":1,"type":"read","msg_id":11}}
INFO:root:node c8 reading from 1
DEBUG:root:sending {"dest": "n1", "src": "n1", "body": {"msg_id": 162, "type": "read_server", "key": 1}}
DEBUG:root:sending {"dest": "n0", "src": "n1", "body": {"msg_id": 163, "type": "read_server", "key": 1}}
DEBUG:root:received {"id":473,"src":"n1","dest":"n1","body":{"msg_id":162,"type":"read_server","key":1}}
INFO:root:server n1 reading from 1
DEBUG:root:sending {"dest": "n1", "src": "n1", "body": {"msg_id": 164, "in_reply_to": 162, "type": "error_read", "code": 20, "text": "not found"}}
DEBUG:root:received {"id":475,"src":"n1","dest":"n1","body":{"msg_id":164,"in_reply_to":162,"type":"error_read","code":20,"text":"not found"}}
DEBUG:root:received {"id":476,"src":"n0","dest":"n1","body":{"msg_id":117,"in_reply_to":163,"type":"error_read","code":20,"text":"not found"}}
DEBUG:root:sending {"dest": "n1", "src": "n1", "body": {"msg_id": 165, "type": "unlock_read", "code": 20}}
DEBUG:root:sending {"dest": "n0", "src": "n1", "body": {"msg_id": 166, "type": "unlock_read", "code": 20}}
DEBUG:root:received {"id":477,"src":"n1","dest":"n1","body":{"msg_id":165,"type":"unlock_read","code":20}}
DEBUG:root:sending {"dest": "n1", "src": "n1", "body": {"msg_id": 167, "in_reply_to": 165, "type": "unlock_read_ok", "code": 20}}
DEBUG:root:received {"id":479,"src":"n1","dest":"n1","body":{"msg_id":167,"in_reply_to":165,"type":"unlock_read_ok","code":20}}
DEBUG:root:received {"id":480,"src":"n0","dest":"n1","body":{"msg_id":118,"in_reply_to":166,"type":"unlock_read_ok","code":20}}
DEBUG:root:sending {"dest": "c8", "src": "n1", "body": {"msg_id": 168, "in_reply_to": 11, "type": "error", "code": 20, "text": "not found"}}
