/home/clock/Mestrado/2Sem/TF/TP/TP1/lin-kv.py:9: DeprecationWarning: the imp module is deprecated in favour of importlib; see the module's documentation for alternative uses
  import imp
DEBUG:root:received {"id":1,"src":"c1","dest":"n2","body":{"type":"init","node_id":"n2","node_ids":["n0","n1","n2"],"msg_id":1}}
INFO:root:node n2 initialized
DEBUG:root:sending {"dest": "c1", "src": "n2", "body": {"msg_id": 1, "in_reply_to": 1, "type": "init_ok"}}
DEBUG:root:received {"id":7,"src":"c7","dest":"n2","body":{"key":0,"value":3,"type":"write","msg_id":1}}
INFO:root:node c7 writing to 0
DEBUG:root:sending {"dest": "n0", "src": "n2", "body": {"msg_id": 2, "type": "read_lock", "key": 0, "value": 3}}
DEBUG:root:sending {"dest": "n2", "src": "n2", "body": {"msg_id": 3, "type": "read_lock", "key": 0, "value": 3}}
DEBUG:root:received {"id":9,"src":"n1","dest":"n2","body":{"msg_id":2,"type":"cas_lock","key":0,"from":0,"to":3}}
DEBUG:root:received {"id":11,"src":"n2","dest":"n2","body":{"msg_id":3,"type":"read_lock","key":0,"value":3}}
DEBUG:root:sending {"dest": "n1", "src": "n2", "body": {"msg_id": 4, "in_reply_to": 2, "type": "noKeyCas"}}
DEBUG:root:sending {"dest": "n2", "src": "n2", "body": {"msg_id": 5, "in_reply_to": 3, "type": "noKey", "text": "not found"}}
DEBUG:root:received {"id":13,"src":"n2","dest":"n2","body":{"msg_id":5,"in_reply_to":3,"type":"noKey","text":"not found"}}
DEBUG:root:received {"id":14,"src":"n0","dest":"n2","body":{"msg_id":2,"in_reply_to":2,"type":"noKey","text":"not found"}}
DEBUG:root:sending {"dest": "n0", "src": "n2", "body": {"msg_id": 6, "type": "write_server", "key": 0, "value": 3, "timestamp": 0}}
DEBUG:root:sending {"dest": "n2", "src": "n2", "body": {"msg_id": 7, "type": "write_server", "key": 0, "value": 3, "timestamp": 0}}
DEBUG:root:received {"id":17,"src":"n1","dest":"n2","body":{"msg_id":4,"type":"unlock_cas","code":20}}
DEBUG:root:received {"id":18,"src":"n2","dest":"n2","body":{"msg_id":7,"type":"write_server","key":0,"value":3,"timestamp":0}}
DEBUG:root:sending {"dest": "n1", "src": "n2", "body": {"msg_id": 8, "in_reply_to": 4, "type": "unlock_cas_ok", "code": 20}}
DEBUG:root:sending {"dest": "n2", "src": "n2", "body": {"msg_id": 9, "in_reply_to": 7, "type": "write_server_ok"}}
DEBUG:root:received {"id":20,"src":"n0","dest":"n2","body":{"msg_id":4,"in_reply_to":6,"type":"write_server_ok"}}
DEBUG:root:received {"id":23,"src":"n2","dest":"n2","body":{"msg_id":9,"in_reply_to":7,"type":"write_server_ok"}}
DEBUG:root:sending {"dest": "c7", "src": "n2", "body": {"msg_id": 10, "in_reply_to": 1, "type": "write_ok"}}
DEBUG:root:received {"id":27,"src":"n1","dest":"n2","body":{"msg_id":7,"type":"read_server","key":0}}
INFO:root:server n1 reading from 0
DEBUG:root:sending {"dest": "n1", "src": "n2", "body": {"msg_id": 11, "in_reply_to": 7, "type": "read_server_ok", "value": {"value": 3, "timestamp": 0}}}
DEBUG:root:received {"id":32,"src":"n1","dest":"n2","body":{"msg_id":11,"type":"unlock_read","code":0,"value":3}}
DEBUG:root:sending {"dest": "n1", "src": "n2", "body": {"msg_id": 12, "in_reply_to": 11, "type": "unlock_read_ok", "code": 0, "value": 3}}
DEBUG:root:received {"id":37,"src":"n1","dest":"n2","body":{"msg_id":14,"type":"read_server","key":0}}
INFO:root:server n1 reading from 0
DEBUG:root:sending {"dest": "n1", "src": "n2", "body": {"msg_id": 13, "in_reply_to": 14, "type": "read_server_ok", "value": {"value": 3, "timestamp": 0}}}
DEBUG:root:received {"id":42,"src":"n1","dest":"n2","body":{"msg_id":18,"type":"unlock_read","code":0,"value":3}}
DEBUG:root:sending {"dest": "n1", "src": "n2", "body": {"msg_id": 14, "in_reply_to": 18, "type": "unlock_read_ok", "code": 0, "value": 3}}
DEBUG:root:received {"id":56,"src":"c7","dest":"n2","body":{"key":0,"value":4,"type":"write","msg_id":2}}
INFO:root:node c7 writing to 0
DEBUG:root:sending {"dest": "n1", "src": "n2", "body": {"msg_id": 15, "type": "read_lock", "key": 0, "value": 4}}
DEBUG:root:sending {"dest": "n0", "src": "n2", "body": {"msg_id": 16, "type": "read_lock", "key": 0, "value": 4}}
DEBUG:root:received {"id":59,"src":"n1","dest":"n2","body":{"msg_id":23,"in_reply_to":15,"type":"noKey","text":"not found"}}
DEBUG:root:received {"id":60,"src":"n0","dest":"n2","body":{"msg_id":13,"in_reply_to":16,"type":"lock_ok","value":{"value":3,"timestamp":0}}}
DEBUG:root:sending {"dest": "n1", "src": "n2", "body": {"msg_id": 17, "type": "write_server", "key": 0, "value": 4, "timestamp": 1}}
DEBUG:root:sending {"dest": "n0", "src": "n2", "body": {"msg_id": 18, "type": "write_server", "key": 0, "value": 4, "timestamp": 1}}
DEBUG:root:received {"id":63,"src":"n1","dest":"n2","body":{"msg_id":24,"in_reply_to":17,"type":"write_server_ok"}}
DEBUG:root:received {"id":64,"src":"n0","dest":"n2","body":{"msg_id":14,"in_reply_to":18,"type":"write_server_ok"}}
DEBUG:root:sending {"dest": "c7", "src": "n2", "body": {"msg_id": 19, "in_reply_to": 2, "type": "write_ok"}}
DEBUG:root:received {"id":66,"src":"c7","dest":"n2","body":{"key":0,"from":1,"to":0,"type":"cas","msg_id":3}}
INFO:root:node c7 comparing and setting
DEBUG:root:sending {"dest": "n0", "src": "n2", "body": {"msg_id": 20, "type": "cas_lock", "key": 0, "from": 1, "to": 0}}
DEBUG:root:sending {"dest": "n2", "src": "n2", "body": {"msg_id": 21, "type": "cas_lock", "key": 0, "from": 1, "to": 0}}
DEBUG:root:received {"id":68,"src":"n2","dest":"n2","body":{"msg_id":21,"type":"cas_lock","key":0,"from":1,"to":0}}
DEBUG:root:sending {"dest": "n2", "src": "n2", "body": {"msg_id": 22, "in_reply_to": 21, "type": "noMatch"}}
DEBUG:root:received {"id":69,"src":"n2","dest":"n2","body":{"msg_id":22,"in_reply_to":21,"type":"noMatch"}}
DEBUG:root:received {"id":70,"src":"n0","dest":"n2","body":{"msg_id":15,"in_reply_to":20,"type":"noMatch"}}
DEBUG:root:sending {"dest": "n2", "src": "n2", "body": {"msg_id": 23, "type": "unlock_cas", "code": 22}}
DEBUG:root:sending {"dest": "n0", "src": "n2", "body": {"msg_id": 24, "type": "unlock_cas", "code": 22}}
DEBUG:root:received {"id":71,"src":"n2","dest":"n2","body":{"msg_id":23,"type":"unlock_cas","code":22}}
DEBUG:root:sending {"dest": "n2", "src": "n2", "body": {"msg_id": 25, "in_reply_to": 23, "type": "unlock_cas_ok", "code": 22}}
DEBUG:root:received {"id":73,"src":"n2","dest":"n2","body":{"msg_id":25,"in_reply_to":23,"type":"unlock_cas_ok","code":22}}
DEBUG:root:received {"id":74,"src":"n0","dest":"n2","body":{"msg_id":16,"in_reply_to":24,"type":"unlock_cas_ok","code":22}}
DEBUG:root:sending {"dest": "c7", "src": "n2", "body": {"msg_id": 26, "in_reply_to": 3, "type": "error", "code": 22, "text": "does not match"}}
DEBUG:root:received {"id":76,"src":"c10","dest":"n2","body":{"key":0,"type":"read","msg_id":1}}
INFO:root:node c10 reading from 0
DEBUG:root:sending {"dest": "n0", "src": "n2", "body": {"msg_id": 27, "type": "read_server", "key": 0}}
DEBUG:root:sending {"dest": "n1", "src": "n2", "body": {"msg_id": 28, "type": "read_server", "key": 0}}
DEBUG:root:received {"id":79,"src":"n0","dest":"n2","body":{"msg_id":17,"in_reply_to":27,"type":"read_server_ok","value":{"value":4,"timestamp":1}}}
DEBUG:root:received {"id":80,"src":"n1","dest":"n2","body":{"msg_id":25,"in_reply_to":28,"type":"read_server_ok","value":{"value":4,"timestamp":1}}}
DEBUG:root:sending {"dest": "n0", "src": "n2", "body": {"msg_id": 29, "type": "unlock_read", "code": 0, "value": 4}}
DEBUG:root:sending {"dest": "n1", "src": "n2", "body": {"msg_id": 30, "type": "unlock_read", "code": 0, "value": 4}}
DEBUG:root:received {"id":83,"src":"n0","dest":"n2","body":{"msg_id":18,"in_reply_to":29,"type":"unlock_read_ok","code":0,"value":4}}
DEBUG:root:received {"id":84,"src":"n1","dest":"n2","body":{"msg_id":26,"in_reply_to":30,"type":"unlock_read_ok","code":0,"value":4}}
DEBUG:root:sending {"dest": "c10", "src": "n2", "body": {"msg_id": 31, "in_reply_to": 1, "type": "read_ok", "value": 4}}
DEBUG:root:received {"id":86,"src":"c10","dest":"n2","body":{"key":0,"type":"read","msg_id":2}}
INFO:root:node c10 reading from 0
DEBUG:root:sending {"dest": "n1", "src": "n2", "body": {"msg_id": 32, "type": "read_server", "key": 0}}
DEBUG:root:sending {"dest": "n2", "src": "n2", "body": {"msg_id": 33, "type": "read_server", "key": 0}}
DEBUG:root:received {"id":88,"src":"n2","dest":"n2","body":{"msg_id":33,"type":"read_server","key":0}}
INFO:root:server n2 reading from 0
DEBUG:root:sending {"dest": "n2", "src": "n2", "body": {"msg_id": 34, "in_reply_to": 33, "type": "read_server_ok", "value": {"value": 3, "timestamp": 0}}}
DEBUG:root:received {"id":89,"src":"n1","dest":"n2","body":{"msg_id":27,"in_reply_to":32,"type":"read_server_ok","value":{"value":4,"timestamp":1}}}
DEBUG:root:received {"id":90,"src":"n2","dest":"n2","body":{"msg_id":34,"in_reply_to":33,"type":"read_server_ok","value":{"value":3,"timestamp":0}}}
DEBUG:root:sending {"dest": "n1", "src": "n2", "body": {"msg_id": 35, "type": "unlock_read", "code": 0, "value": 4}}
DEBUG:root:sending {"dest": "n2", "src": "n2", "body": {"msg_id": 36, "type": "unlock_read", "code": 0, "value": 4}}
DEBUG:root:received {"id":92,"src":"n2","dest":"n2","body":{"msg_id":36,"type":"unlock_read","code":0,"value":4}}
DEBUG:root:sending {"dest": "n2", "src": "n2", "body": {"msg_id": 37, "in_reply_to": 36, "type": "unlock_read_ok", "code": 0, "value": 4}}
DEBUG:root:received {"id":93,"src":"n1","dest":"n2","body":{"msg_id":28,"in_reply_to":35,"type":"unlock_read_ok","code":0,"value":4}}
DEBUG:root:received {"id":94,"src":"n2","dest":"n2","body":{"msg_id":37,"in_reply_to":36,"type":"unlock_read_ok","code":0,"value":4}}
DEBUG:root:sending {"dest": "c10", "src": "n2", "body": {"msg_id": 38, "in_reply_to": 2, "type": "read_ok", "value": 4}}
DEBUG:root:received {"id":96,"src":"c10","dest":"n2","body":{"key":0,"type":"read","msg_id":3}}
INFO:root:node c10 reading from 0
DEBUG:root:sending {"dest": "n0", "src": "n2", "body": {"msg_id": 39, "type": "read_server", "key": 0}}
DEBUG:root:sending {"dest": "n1", "src": "n2", "body": {"msg_id": 40, "type": "read_server", "key": 0}}
DEBUG:root:received {"id":99,"src":"n0","dest":"n2","body":{"msg_id":19,"in_reply_to":39,"type":"read_server_ok","value":{"value":4,"timestamp":1}}}
DEBUG:root:received {"id":100,"src":"n1","dest":"n2","body":{"msg_id":29,"in_reply_to":40,"type":"read_server_ok","value":{"value":4,"timestamp":1}}}
DEBUG:root:sending {"dest": "n0", "src": "n2", "body": {"msg_id": 41, "type": "unlock_read", "code": 0, "value": 4}}
DEBUG:root:sending {"dest": "n1", "src": "n2", "body": {"msg_id": 42, "type": "unlock_read", "code": 0, "value": 4}}
DEBUG:root:received {"id":103,"src":"n0","dest":"n2","body":{"msg_id":20,"in_reply_to":41,"type":"unlock_read_ok","code":0,"value":4}}
DEBUG:root:received {"id":104,"src":"n1","dest":"n2","body":{"msg_id":30,"in_reply_to":42,"type":"unlock_read_ok","code":0,"value":4}}
DEBUG:root:sending {"dest": "c10", "src": "n2", "body": {"msg_id": 43, "in_reply_to": 3, "type": "read_ok", "value": 4}}
DEBUG:root:received {"id":108,"src":"n0","dest":"n2","body":{"msg_id":22,"type":"read_server","key":0}}
INFO:root:server n0 reading from 0
DEBUG:root:sending {"dest": "n0", "src": "n2", "body": {"msg_id": 44, "in_reply_to": 22, "type": "read_server_ok", "value": {"value": 3, "timestamp": 0}}}
DEBUG:root:received {"id":112,"src":"n0","dest":"n2","body":{"msg_id":24,"type":"unlock_read","code":0,"value":4}}
DEBUG:root:sending {"dest": "n0", "src": "n2", "body": {"msg_id": 45, "in_reply_to": 24, "type": "unlock_read_ok", "code": 0, "value": 4}}
DEBUG:root:received {"id":116,"src":"c7","dest":"n2","body":{"key":0,"value":0,"type":"write","msg_id":4}}
INFO:root:node c7 writing to 0
DEBUG:root:sending {"dest": "n0", "src": "n2", "body": {"msg_id": 46, "type": "read_lock", "key": 0, "value": 0}}
DEBUG:root:sending {"dest": "n2", "src": "n2", "body": {"msg_id": 47, "type": "read_lock", "key": 0, "value": 0}}
DEBUG:root:received {"id":118,"src":"n2","dest":"n2","body":{"msg_id":47,"type":"read_lock","key":0,"value":0}}
DEBUG:root:sending {"dest": "n2", "src": "n2", "body": {"msg_id": 48, "in_reply_to": 47, "type": "lock_ok", "value": {"value": 3, "timestamp": 0}}}
DEBUG:root:received {"id":119,"src":"n0","dest":"n2","body":{"msg_id":26,"in_reply_to":46,"type":"lock_ok","value":{"value":4,"timestamp":1}}}
DEBUG:root:received {"id":120,"src":"n2","dest":"n2","body":{"msg_id":48,"in_reply_to":47,"type":"lock_ok","value":{"value":3,"timestamp":0}}}
DEBUG:root:sending {"dest": "n0", "src": "n2", "body": {"msg_id": 49, "type": "write_server", "key": 0, "value": 0, "timestamp": 2}}
DEBUG:root:sending {"dest": "n2", "src": "n2", "body": {"msg_id": 50, "type": "write_server", "key": 0, "value": 0, "timestamp": 2}}
DEBUG:root:received {"id":122,"src":"n2","dest":"n2","body":{"msg_id":50,"type":"write_server","key":0,"value":0,"timestamp":2}}
DEBUG:root:sending {"dest": "n2", "src": "n2", "body": {"msg_id": 51, "in_reply_to": 50, "type": "write_server_ok"}}
DEBUG:root:received {"id":123,"src":"n0","dest":"n2","body":{"msg_id":27,"in_reply_to":49,"type":"write_server_ok"}}
DEBUG:root:received {"id":124,"src":"n2","dest":"n2","body":{"msg_id":51,"in_reply_to":50,"type":"write_server_ok"}}
DEBUG:root:sending {"dest": "c7", "src": "n2", "body": {"msg_id": 52, "in_reply_to": 4, "type": "write_ok"}}
DEBUG:root:received {"id":128,"src":"n0","dest":"n2","body":{"msg_id":29,"type":"cas_lock","key":0,"from":0,"to":1}}
DEBUG:root:sending {"dest": "n0", "src": "n2", "body": {"msg_id": 53, "in_reply_to": 29, "type": "lock_ok_cas", "value": {"value": 0, "timestamp": 2}}}
DEBUG:root:received {"id":132,"src":"n0","dest":"n2","body":{"msg_id":32,"type":"cas_server","key":0,"from":0,"to":1,"timestamp":3}}
DEBUG:root:sending {"dest": "n0", "src": "n2", "body": {"msg_id": 54, "in_reply_to": 32, "type": "cas_server_ok"}}
DEBUG:root:received {"id":137,"src":"n1","dest":"n2","body":{"msg_id":33,"type":"read_server","key":0}}
INFO:root:server n1 reading from 0
DEBUG:root:sending {"dest": "n1", "src": "n2", "body": {"msg_id": 55, "in_reply_to": 33, "type": "read_server_ok", "value": {"value": 1, "timestamp": 3}}}
DEBUG:root:received {"id":141,"src":"n1","dest":"n2","body":{"msg_id":35,"type":"unlock_read","code":0,"value":1}}
DEBUG:root:sending {"dest": "n1", "src": "n2", "body": {"msg_id": 56, "in_reply_to": 35, "type": "unlock_read_ok", "code": 0, "value": 1}}
DEBUG:root:received {"id":166,"src":"c7","dest":"n2","body":{"key":0,"from":3,"to":3,"type":"cas","msg_id":5}}
INFO:root:node c7 comparing and setting
DEBUG:root:sending {"dest": "n2", "src": "n2", "body": {"msg_id": 57, "type": "cas_lock", "key": 0, "from": 3, "to": 3}}
DEBUG:root:sending {"dest": "n0", "src": "n2", "body": {"msg_id": 58, "type": "cas_lock", "key": 0, "from": 3, "to": 3}}
DEBUG:root:received {"id":167,"src":"n2","dest":"n2","body":{"msg_id":57,"type":"cas_lock","key":0,"from":3,"to":3}}
DEBUG:root:sending {"dest": "n2", "src": "n2", "body": {"msg_id": 59, "in_reply_to": 57, "type": "noMatch"}}
DEBUG:root:received {"id":169,"src":"n2","dest":"n2","body":{"msg_id":59,"in_reply_to":57,"type":"noMatch"}}
DEBUG:root:received {"id":170,"src":"n0","dest":"n2","body":{"msg_id":46,"in_reply_to":58,"type":"noMatch"}}
DEBUG:root:sending {"dest": "n2", "src": "n2", "body": {"msg_id": 60, "type": "unlock_cas", "code": 22}}
DEBUG:root:sending {"dest": "n0", "src": "n2", "body": {"msg_id": 61, "type": "unlock_cas", "code": 22}}
DEBUG:root:received {"id":171,"src":"n2","dest":"n2","body":{"msg_id":60,"type":"unlock_cas","code":22}}
DEBUG:root:sending {"dest": "n2", "src": "n2", "body": {"msg_id": 62, "in_reply_to": 60, "type": "unlock_cas_ok", "code": 22}}
DEBUG:root:received {"id":173,"src":"n2","dest":"n2","body":{"msg_id":62,"in_reply_to":60,"type":"unlock_cas_ok","code":22}}
DEBUG:root:received {"id":174,"src":"n0","dest":"n2","body":{"msg_id":47,"in_reply_to":61,"type":"unlock_cas_ok","code":22}}
DEBUG:root:sending {"dest": "c7", "src": "n2", "body": {"msg_id": 63, "in_reply_to": 5, "type": "error", "code": 22, "text": "does not match"}}
DEBUG:root:received {"id":207,"src":"n0","dest":"n2","body":{"msg_id":59,"type":"cas_lock","key":0,"from":3,"to":3}}
DEBUG:root:sending {"dest": "n0", "src": "n2", "body": {"msg_id": 64, "in_reply_to": 59, "type": "noMatch"}}
DEBUG:root:received {"id":211,"src":"n0","dest":"n2","body":{"msg_id":61,"type":"unlock_cas","code":22}}
DEBUG:root:sending {"dest": "n0", "src": "n2", "body": {"msg_id": 65, "in_reply_to": 61, "type": "unlock_cas_ok", "code": 22}}
DEBUG:root:received {"id":217,"src":"n0","dest":"n2","body":{"msg_id":64,"type":"read_server","key":0}}
INFO:root:server n0 reading from 0
DEBUG:root:sending {"dest": "n0", "src": "n2", "body": {"msg_id": 66, "in_reply_to": 64, "type": "read_server_ok", "value": {"value": 1, "timestamp": 3}}}
DEBUG:root:received {"id":221,"src":"n0","dest":"n2","body":{"msg_id":66,"type":"unlock_read","code":0,"value":1}}
DEBUG:root:sending {"dest": "n0", "src": "n2", "body": {"msg_id": 67, "in_reply_to": 66, "type": "unlock_read_ok", "code": 0, "value": 1}}
DEBUG:root:received {"id":226,"src":"c7","dest":"n2","body":{"key":0,"value":3,"type":"write","msg_id":6}}
INFO:root:node c7 writing to 0
DEBUG:root:sending {"dest": "n1", "src": "n2", "body": {"msg_id": 68, "type": "read_lock", "key": 0, "value": 3}}
DEBUG:root:sending {"dest": "n2", "src": "n2", "body": {"msg_id": 69, "type": "read_lock", "key": 0, "value": 3}}
DEBUG:root:received {"id":228,"src":"n2","dest":"n2","body":{"msg_id":69,"type":"read_lock","key":0,"value":3}}
DEBUG:root:sending {"dest": "n2", "src": "n2", "body": {"msg_id": 70, "in_reply_to": 69, "type": "lock_ok", "value": {"value": 1, "timestamp": 3}}}
DEBUG:root:received {"id":229,"src":"n1","dest":"n2","body":{"msg_id":67,"in_reply_to":68,"type":"lock_ok","value":{"value":1,"timestamp":2}}}
DEBUG:root:received {"id":230,"src":"n2","dest":"n2","body":{"msg_id":70,"in_reply_to":69,"type":"lock_ok","value":{"value":1,"timestamp":3}}}
DEBUG:root:sending {"dest": "n1", "src": "n2", "body": {"msg_id": 71, "type": "write_server", "key": 0, "value": 3, "timestamp": 4}}
DEBUG:root:sending {"dest": "n2", "src": "n2", "body": {"msg_id": 72, "type": "write_server", "key": 0, "value": 3, "timestamp": 4}}
DEBUG:root:received {"id":232,"src":"n2","dest":"n2","body":{"msg_id":72,"type":"write_server","key":0,"value":3,"timestamp":4}}
DEBUG:root:sending {"dest": "n2", "src": "n2", "body": {"msg_id": 73, "in_reply_to": 72, "type": "write_server_ok"}}
DEBUG:root:received {"id":233,"src":"n1","dest":"n2","body":{"msg_id":68,"in_reply_to":71,"type":"write_server_ok"}}
DEBUG:root:received {"id":234,"src":"n2","dest":"n2","body":{"msg_id":73,"in_reply_to":72,"type":"write_server_ok"}}
DEBUG:root:sending {"dest": "c7", "src": "n2", "body": {"msg_id": 74, "in_reply_to": 6, "type": "write_ok"}}
DEBUG:root:received {"id":236,"src":"c10","dest":"n2","body":{"key":0,"type":"read","msg_id":4}}
INFO:root:node c10 reading from 0
DEBUG:root:sending {"dest": "n0", "src": "n2", "body": {"msg_id": 75, "type": "read_server", "key": 0}}
DEBUG:root:sending {"dest": "n1", "src": "n2", "body": {"msg_id": 76, "type": "read_server", "key": 0}}
DEBUG:root:received {"id":239,"src":"n0","dest":"n2","body":{"msg_id":69,"in_reply_to":75,"type":"read_server_ok","value":{"value":1,"timestamp":2}}}
DEBUG:root:received {"id":240,"src":"n1","dest":"n2","body":{"msg_id":69,"in_reply_to":76,"type":"read_server_ok","value":{"value":3,"timestamp":4}}}
DEBUG:root:sending {"dest": "n0", "src": "n2", "body": {"msg_id": 77, "type": "unlock_read", "code": 0, "value": 3}}
DEBUG:root:sending {"dest": "n1", "src": "n2", "body": {"msg_id": 78, "type": "unlock_read", "code": 0, "value": 3}}
DEBUG:root:received {"id":243,"src":"n0","dest":"n2","body":{"msg_id":70,"in_reply_to":77,"type":"unlock_read_ok","code":0,"value":3}}
DEBUG:root:received {"id":244,"src":"n1","dest":"n2","body":{"msg_id":70,"in_reply_to":78,"type":"unlock_read_ok","code":0,"value":3}}
DEBUG:root:sending {"dest": "c10", "src": "n2", "body": {"msg_id": 79, "in_reply_to": 4, "type": "read_ok", "value": 3}}
DEBUG:root:received {"id":248,"src":"n1","dest":"n2","body":{"msg_id":72,"type":"cas_lock","key":0,"from":1,"to":0}}
DEBUG:root:sending {"dest": "n1", "src": "n2", "body": {"msg_id": 80, "in_reply_to": 72, "type": "noMatch"}}
DEBUG:root:received {"id":252,"src":"n1","dest":"n2","body":{"msg_id":75,"type":"unlock_cas","code":22}}
DEBUG:root:sending {"dest": "n1", "src": "n2", "body": {"msg_id": 81, "in_reply_to": 75, "type": "unlock_cas_ok", "code": 22}}
DEBUG:root:received {"id":256,"src":"c7","dest":"n2","body":{"key":0,"from":4,"to":1,"type":"cas","msg_id":7}}
INFO:root:node c7 comparing and setting
DEBUG:root:sending {"dest": "n0", "src": "n2", "body": {"msg_id": 82, "type": "cas_lock", "key": 0, "from": 4, "to": 1}}
DEBUG:root:sending {"dest": "n1", "src": "n2", "body": {"msg_id": 83, "type": "cas_lock", "key": 0, "from": 4, "to": 1}}
DEBUG:root:received {"id":259,"src":"n0","dest":"n2","body":{"msg_id":71,"in_reply_to":82,"type":"noMatch"}}
DEBUG:root:received {"id":260,"src":"n1","dest":"n2","body":{"msg_id":78,"in_reply_to":83,"type":"noMatch"}}
DEBUG:root:sending {"dest": "n0", "src": "n2", "body": {"msg_id": 84, "type": "unlock_cas", "code": 22}}
DEBUG:root:sending {"dest": "n1", "src": "n2", "body": {"msg_id": 85, "type": "unlock_cas", "code": 22}}
DEBUG:root:received {"id":263,"src":"n0","dest":"n2","body":{"msg_id":72,"in_reply_to":84,"type":"unlock_cas_ok","code":22}}
DEBUG:root:received {"id":264,"src":"n1","dest":"n2","body":{"msg_id":79,"in_reply_to":85,"type":"unlock_cas_ok","code":22}}
DEBUG:root:sending {"dest": "c7", "src": "n2", "body": {"msg_id": 86, "in_reply_to": 7, "type": "error", "code": 22, "text": "does not match"}}
DEBUG:root:received {"id":266,"src":"c7","dest":"n2","body":{"key":0,"from":4,"to":0,"type":"cas","msg_id":8}}
INFO:root:node c7 comparing and setting
DEBUG:root:sending {"dest": "n2", "src": "n2", "body": {"msg_id": 87, "type": "cas_lock", "key": 0, "from": 4, "to": 0}}
DEBUG:root:sending {"dest": "n1", "src": "n2", "body": {"msg_id": 88, "type": "cas_lock", "key": 0, "from": 4, "to": 0}}
DEBUG:root:received {"id":267,"src":"n2","dest":"n2","body":{"msg_id":87,"type":"cas_lock","key":0,"from":4,"to":0}}
DEBUG:root:sending {"dest": "n2", "src": "n2", "body": {"msg_id": 89, "in_reply_to": 87, "type": "noMatch"}}
DEBUG:root:received {"id":269,"src":"n2","dest":"n2","body":{"msg_id":89,"in_reply_to":87,"type":"noMatch"}}
DEBUG:root:received {"id":270,"src":"n1","dest":"n2","body":{"msg_id":80,"in_reply_to":88,"type":"noMatch"}}
DEBUG:root:sending {"dest": "n2", "src": "n2", "body": {"msg_id": 90, "type": "unlock_cas", "code": 22}}
DEBUG:root:sending {"dest": "n1", "src": "n2", "body": {"msg_id": 91, "type": "unlock_cas", "code": 22}}
DEBUG:root:received {"id":271,"src":"n2","dest":"n2","body":{"msg_id":90,"type":"unlock_cas","code":22}}
DEBUG:root:sending {"dest": "n2", "src": "n2", "body": {"msg_id": 92, "in_reply_to": 90, "type": "unlock_cas_ok", "code": 22}}
DEBUG:root:received {"id":273,"src":"n2","dest":"n2","body":{"msg_id":92,"in_reply_to":90,"type":"unlock_cas_ok","code":22}}
DEBUG:root:received {"id":274,"src":"n1","dest":"n2","body":{"msg_id":81,"in_reply_to":91,"type":"unlock_cas_ok","code":22}}
DEBUG:root:sending {"dest": "c7", "src": "n2", "body": {"msg_id": 93, "in_reply_to": 8, "type": "error", "code": 22, "text": "does not match"}}
DEBUG:root:received {"id":288,"src":"n1","dest":"n2","body":{"msg_id":90,"type":"read_lock","key":0,"value":0}}
DEBUG:root:sending {"dest": "n1", "src": "n2", "body": {"msg_id": 94, "in_reply_to": 90, "type": "lock_ok", "value": {"value": 3, "timestamp": 4}}}
DEBUG:root:received {"id":292,"src":"n1","dest":"n2","body":{"msg_id":93,"type":"write_server","key":0,"value":0,"timestamp":5}}
DEBUG:root:sending {"dest": "n1", "src": "n2", "body": {"msg_id": 95, "in_reply_to": 93, "type": "write_server_ok"}}
DEBUG:root:received {"id":297,"src":"n0","dest":"n2","body":{"msg_id":75,"type":"read_lock","key":0,"value":0}}
DEBUG:root:sending {"dest": "n0", "src": "n2", "body": {"msg_id": 96, "in_reply_to": 75, "type": "lock_ok", "value": {"value": 0, "timestamp": 5}}}
DEBUG:root:received {"id":301,"src":"n0","dest":"n2","body":{"msg_id":77,"type":"write_server","key":0,"value":0,"timestamp":6}}
DEBUG:root:sending {"dest": "n0", "src": "n2", "body": {"msg_id": 97, "in_reply_to": 77, "type": "write_server_ok"}}
DEBUG:root:received {"id":306,"src":"c7","dest":"n2","body":{"key":0,"from":1,"to":0,"type":"cas","msg_id":9}}
INFO:root:node c7 comparing and setting
DEBUG:root:sending {"dest": "n1", "src": "n2", "body": {"msg_id": 98, "type": "cas_lock", "key": 0, "from": 1, "to": 0}}
DEBUG:root:sending {"dest": "n2", "src": "n2", "body": {"msg_id": 99, "type": "cas_lock", "key": 0, "from": 1, "to": 0}}
DEBUG:root:received {"id":308,"src":"n2","dest":"n2","body":{"msg_id":99,"type":"cas_lock","key":0,"from":1,"to":0}}
DEBUG:root:sending {"dest": "n2", "src": "n2", "body": {"msg_id": 100, "in_reply_to": 99, "type": "noMatch"}}
DEBUG:root:received {"id":309,"src":"n1","dest":"n2","body":{"msg_id":98,"in_reply_to":98,"type":"noMatch"}}
DEBUG:root:received {"id":310,"src":"n2","dest":"n2","body":{"msg_id":100,"in_reply_to":99,"type":"noMatch"}}
DEBUG:root:sending {"dest": "n1", "src": "n2", "body": {"msg_id": 101, "type": "unlock_cas", "code": 22}}
DEBUG:root:sending {"dest": "n2", "src": "n2", "body": {"msg_id": 102, "type": "unlock_cas", "code": 22}}
DEBUG:root:received {"id":312,"src":"n2","dest":"n2","body":{"msg_id":102,"type":"unlock_cas","code":22}}
DEBUG:root:sending {"dest": "n2", "src": "n2", "body": {"msg_id": 103, "in_reply_to": 102, "type": "unlock_cas_ok", "code": 22}}
DEBUG:root:received {"id":313,"src":"n1","dest":"n2","body":{"msg_id":99,"in_reply_to":101,"type":"unlock_cas_ok","code":22}}
DEBUG:root:received {"id":314,"src":"n2","dest":"n2","body":{"msg_id":103,"in_reply_to":102,"type":"unlock_cas_ok","code":22}}
DEBUG:root:sending {"dest": "c7", "src": "n2", "body": {"msg_id": 104, "in_reply_to": 9, "type": "error", "code": 22, "text": "does not match"}}
DEBUG:root:received {"id":317,"src":"n1","dest":"n2","body":{"msg_id":100,"type":"cas_lock","key":0,"from":2,"to":3}}
DEBUG:root:sending {"dest": "n1", "src": "n2", "body": {"msg_id": 105, "in_reply_to": 100, "type": "noMatch"}}
DEBUG:root:received {"id":321,"src":"n1","dest":"n2","body":{"msg_id":102,"type":"unlock_cas","code":22}}
DEBUG:root:sending {"dest": "n1", "src": "n2", "body": {"msg_id": 106, "in_reply_to": 102, "type": "unlock_cas_ok", "code": 22}}
DEBUG:root:received {"id":326,"src":"c7","dest":"n2","body":{"key":0,"value":1,"type":"write","msg_id":10}}
INFO:root:node c7 writing to 0
DEBUG:root:sending {"dest": "n2", "src": "n2", "body": {"msg_id": 107, "type": "read_lock", "key": 0, "value": 1}}
DEBUG:root:sending {"dest": "n1", "src": "n2", "body": {"msg_id": 108, "type": "read_lock", "key": 0, "value": 1}}
DEBUG:root:received {"id":327,"src":"n2","dest":"n2","body":{"msg_id":107,"type":"read_lock","key":0,"value":1}}
DEBUG:root:sending {"dest": "n2", "src": "n2", "body": {"msg_id": 109, "in_reply_to": 107, "type": "lock_ok", "value": {"value": 0, "timestamp": 6}}}
DEBUG:root:received {"id":329,"src":"n2","dest":"n2","body":{"msg_id":109,"in_reply_to":107,"type":"lock_ok","value":{"value":0,"timestamp":6}}}
DEBUG:root:received {"id":330,"src":"n1","dest":"n2","body":{"msg_id":105,"in_reply_to":108,"type":"lock_ok","value":{"value":0,"timestamp":6}}}
DEBUG:root:sending {"dest": "n2", "src": "n2", "body": {"msg_id": 110, "type": "write_server", "key": 0, "value": 1, "timestamp": 7}}
DEBUG:root:sending {"dest": "n1", "src": "n2", "body": {"msg_id": 111, "type": "write_server", "key": 0, "value": 1, "timestamp": 7}}
DEBUG:root:received {"id":331,"src":"n2","dest":"n2","body":{"msg_id":110,"type":"write_server","key":0,"value":1,"timestamp":7}}
DEBUG:root:sending {"dest": "n2", "src": "n2", "body": {"msg_id": 112, "in_reply_to": 110, "type": "write_server_ok"}}
DEBUG:root:received {"id":333,"src":"n2","dest":"n2","body":{"msg_id":112,"in_reply_to":110,"type":"write_server_ok"}}
DEBUG:root:received {"id":334,"src":"n1","dest":"n2","body":{"msg_id":106,"in_reply_to":111,"type":"write_server_ok"}}
DEBUG:root:sending {"dest": "c7", "src": "n2", "body": {"msg_id": 113, "in_reply_to": 10, "type": "write_ok"}}
DEBUG:root:received {"id":338,"src":"n0","dest":"n2","body":{"msg_id":83,"type":"read_server","key":0}}
INFO:root:server n0 reading from 0
DEBUG:root:sending {"dest": "n0", "src": "n2", "body": {"msg_id": 114, "in_reply_to": 83, "type": "read_server_ok", "value": {"value": 1, "timestamp": 7}}}
DEBUG:root:received {"id":342,"src":"n1","dest":"n2","body":{"msg_id":108,"type":"read_server","key":0}}
INFO:root:server n1 reading from 0
DEBUG:root:sending {"dest": "n1", "src": "n2", "body": {"msg_id": 115, "in_reply_to": 108, "type": "error_read_lock", "text": "already_locked"}}
DEBUG:root:received {"id":345,"src":"n0","dest":"n2","body":{"msg_id":85,"type":"unlock_read","code":0,"value":1}}
DEBUG:root:sending {"dest": "n0", "src": "n2", "body": {"msg_id": 116, "in_reply_to": 85, "type": "unlock_read_ok", "code": 0, "value": 1}}
DEBUG:root:received {"id":352,"src":"c7","dest":"n2","body":{"key":0,"from":0,"to":2,"type":"cas","msg_id":11}}
INFO:root:node c7 comparing and setting
DEBUG:root:sending {"dest": "n2", "src": "n2", "body": {"msg_id": 117, "type": "cas_lock", "key": 0, "from": 0, "to": 2}}
DEBUG:root:sending {"dest": "n1", "src": "n2", "body": {"msg_id": 118, "type": "cas_lock", "key": 0, "from": 0, "to": 2}}
DEBUG:root:received {"id":353,"src":"n2","dest":"n2","body":{"msg_id":117,"type":"cas_lock","key":0,"from":0,"to":2}}
DEBUG:root:sending {"dest": "n2", "src": "n2", "body": {"msg_id": 119, "in_reply_to": 117, "type": "noMatch"}}
DEBUG:root:received {"id":355,"src":"n2","dest":"n2","body":{"msg_id":119,"in_reply_to":117,"type":"noMatch"}}
DEBUG:root:received {"id":356,"src":"n1","dest":"n2","body":{"msg_id":113,"in_reply_to":118,"type":"noMatch"}}
DEBUG:root:sending {"dest": "n2", "src": "n2", "body": {"msg_id": 120, "type": "unlock_cas", "code": 22}}
DEBUG:root:sending {"dest": "n1", "src": "n2", "body": {"msg_id": 121, "type": "unlock_cas", "code": 22}}
DEBUG:root:received {"id":357,"src":"n2","dest":"n2","body":{"msg_id":120,"type":"unlock_cas","code":22}}
DEBUG:root:sending {"dest": "n2", "src": "n2", "body": {"msg_id": 122, "in_reply_to": 120, "type": "unlock_cas_ok", "code": 22}}
DEBUG:root:received {"id":359,"src":"n2","dest":"n2","body":{"msg_id":122,"in_reply_to":120,"type":"unlock_cas_ok","code":22}}
DEBUG:root:received {"id":360,"src":"n1","dest":"n2","body":{"msg_id":114,"in_reply_to":121,"type":"unlock_cas_ok","code":22}}
DEBUG:root:sending {"dest": "c7", "src": "n2", "body": {"msg_id": 123, "in_reply_to": 11, "type": "error", "code": 22, "text": "does not match"}}
DEBUG:root:received {"id":373,"src":"n1","dest":"n2","body":{"msg_id":122,"type":"cas_lock","key":0,"from":0,"to":4}}
DEBUG:root:sending {"dest": "n1", "src": "n2", "body": {"msg_id": 124, "in_reply_to": 122, "type": "noMatch"}}
DEBUG:root:received {"id":377,"src":"n1","dest":"n2","body":{"msg_id":124,"type":"unlock_cas","code":22}}
DEBUG:root:sending {"dest": "n1", "src": "n2", "body": {"msg_id": 125, "in_reply_to": 124, "type": "unlock_cas_ok", "code": 22}}
DEBUG:root:received {"id":384,"src":"n1","dest":"n2","body":{"msg_id":128,"type":"read_server","key":0}}
INFO:root:server n1 reading from 0
DEBUG:root:sending {"dest": "n1", "src": "n2", "body": {"msg_id": 126, "in_reply_to": 128, "type": "read_server_ok", "value": {"value": 1, "timestamp": 7}}}
DEBUG:root:received {"id":388,"src":"n1","dest":"n2","body":{"msg_id":130,"type":"unlock_read","code":0,"value":1}}
DEBUG:root:sending {"dest": "n1", "src": "n2", "body": {"msg_id": 127, "in_reply_to": 130, "type": "unlock_read_ok", "code": 0, "value": 1}}
DEBUG:root:received {"id":402,"src":"c7","dest":"n2","body":{"key":0,"from":2,"to":0,"type":"cas","msg_id":12}}
INFO:root:node c7 comparing and setting
DEBUG:root:sending {"dest": "n1", "src": "n2", "body": {"msg_id": 128, "type": "cas_lock", "key": 0, "from": 2, "to": 0}}
DEBUG:root:sending {"dest": "n0", "src": "n2", "body": {"msg_id": 129, "type": "cas_lock", "key": 0, "from": 2, "to": 0}}
DEBUG:root:received {"id":405,"src":"n1","dest":"n2","body":{"msg_id":139,"in_reply_to":128,"type":"noMatch"}}
DEBUG:root:received {"id":406,"src":"n0","dest":"n2","body":{"msg_id":95,"in_reply_to":129,"type":"noMatch"}}
DEBUG:root:sending {"dest": "n1", "src": "n2", "body": {"msg_id": 130, "type": "unlock_cas", "code": 22}}
DEBUG:root:sending {"dest": "n0", "src": "n2", "body": {"msg_id": 131, "type": "unlock_cas", "code": 22}}
DEBUG:root:received {"id":409,"src":"n1","dest":"n2","body":{"msg_id":140,"in_reply_to":130,"type":"unlock_cas_ok","code":22}}
DEBUG:root:received {"id":410,"src":"n0","dest":"n2","body":{"msg_id":96,"in_reply_to":131,"type":"unlock_cas_ok","code":22}}
DEBUG:root:sending {"dest": "c7", "src": "n2", "body": {"msg_id": 132, "in_reply_to": 12, "type": "error", "code": 22, "text": "does not match"}}
DEBUG:root:received {"id":412,"src":"c7","dest":"n2","body":{"key":0,"value":4,"type":"write","msg_id":13}}
INFO:root:node c7 writing to 0
DEBUG:root:sending {"dest": "n1", "src": "n2", "body": {"msg_id": 133, "type": "read_lock", "key": 0, "value": 4}}
DEBUG:root:sending {"dest": "n0", "src": "n2", "body": {"msg_id": 134, "type": "read_lock", "key": 0, "value": 4}}
DEBUG:root:received {"id":416,"src":"n1","dest":"n2","body":{"msg_id":141,"in_reply_to":133,"type":"lock_ok","value":{"value":1,"timestamp":7}}}
DEBUG:root:received {"id":417,"src":"n0","dest":"n2","body":{"msg_id":97,"type":"cas_lock","key":0,"from":4,"to":0}}
DEBUG:root:sending {"dest": "n0", "src": "n2", "body": {"msg_id": 135, "in_reply_to": 97, "type": "noMatch"}}
DEBUG:root:received {"id":420,"src":"n0","dest":"n2","body":{"msg_id":99,"in_reply_to":134,"type":"lock_ok","value":{"value":1,"timestamp":2}}}
DEBUG:root:sending {"dest": "n1", "src": "n2", "body": {"msg_id": 136, "type": "write_server", "key": 0, "value": 4, "timestamp": 8}}
DEBUG:root:sending {"dest": "n0", "src": "n2", "body": {"msg_id": 137, "type": "write_server", "key": 0, "value": 4, "timestamp": 8}}
DEBUG:root:received {"id":425,"src":"n0","dest":"n2","body":{"msg_id":101,"type":"unlock_cas","code":22}}
DEBUG:root:sending {"dest": "n0", "src": "n2", "body": {"msg_id": 138, "in_reply_to": 101, "type": "unlock_cas_ok", "code": 22}}
DEBUG:root:received {"id":426,"src":"n0","dest":"n2","body":{"msg_id":102,"in_reply_to":137,"type":"write_server_ok"}}
DEBUG:root:received {"id":427,"src":"n1","dest":"n2","body":{"msg_id":143,"in_reply_to":136,"type":"write_server_ok"}}
DEBUG:root:sending {"dest": "c7", "src": "n2", "body": {"msg_id": 139, "in_reply_to": 13, "type": "write_ok"}}
DEBUG:root:received {"id":434,"src":"n1","dest":"n2","body":{"msg_id":146,"type":"read_server","key":1}}
INFO:root:server n1 reading from 1
DEBUG:root:sending {"dest": "n1", "src": "n2", "body": {"msg_id": 140, "in_reply_to": 146, "type": "error_read", "code": 20, "text": "not found"}}
DEBUG:root:received {"id":438,"src":"n1","dest":"n2","body":{"msg_id":148,"type":"unlock_read","code":20}}
DEBUG:root:sending {"dest": "n1", "src": "n2", "body": {"msg_id": 141, "in_reply_to": 148, "type": "unlock_read_ok", "code": 20}}
DEBUG:root:received {"id":444,"src":"n0","dest":"n2","body":{"msg_id":107,"type":"read_server","key":1}}
INFO:root:server n0 reading from 1
DEBUG:root:sending {"dest": "n0", "src": "n2", "body": {"msg_id": 142, "in_reply_to": 107, "type": "error_read", "code": 20, "text": "not found"}}
DEBUG:root:received {"id":448,"src":"n0","dest":"n2","body":{"msg_id":110,"type":"unlock_read","code":20}}
DEBUG:root:sending {"dest": "n0", "src": "n2", "body": {"msg_id": 143, "in_reply_to": 110, "type": "unlock_read_ok", "code": 20}}
DEBUG:root:received {"id":464,"src":"n1","dest":"n2","body":{"msg_id":158,"type":"cas_lock","key":1,"from":0,"to":0}}
DEBUG:root:sending {"dest": "n1", "src": "n2", "body": {"msg_id": 144, "in_reply_to": 158, "type": "noKeyCas"}}
DEBUG:root:received {"id":468,"src":"n1","dest":"n2","body":{"msg_id":160,"type":"unlock_cas","code":20}}
DEBUG:root:sending {"dest": "n1", "src": "n2", "body": {"msg_id": 145, "in_reply_to": 160, "type": "unlock_cas_ok", "code": 20}}
