INFO:root:node n0 initialized
INFO:root:{}
INFO:root:{}
INFO:root:{}
INFO:root:{}
INFO:root:{}
INFO:root:{}
INFO:root:{3: 0}
INFO:root:{3: 0}
INFO:root:{3: 0}
INFO:root:TIMEOUT
INFO:root:IM THE LEADER
INFO:root:**********
INFO:root:key=>6
INFO:root:from=>1
INFO:root:to=>1
INFO:root:type=>cas
INFO:root:msg_id=>14
INFO:root:**********
INFO:root:RECEIVED
INFO:root:{3: 0}
INFO:root:**********
INFO:root:key=>7
INFO:root:type=>read
INFO:root:msg_id=>20
INFO:root:**********
INFO:root:RECEIVED
INFO:root:{3: 0}
INFO:root:**********
INFO:root:key=>8
INFO:root:from=>0
INFO:root:to=>3
INFO:root:type=>cas
INFO:root:msg_id=>15
INFO:root:**********
INFO:root:RECEIVED
INFO:root:{3: 0}
INFO:root:**********
INFO:root:key=>10
INFO:root:type=>read
INFO:root:msg_id=>21
INFO:root:**********
INFO:root:RECEIVED
INFO:root:{3: 0}
INFO:root:**********
INFO:root:key=>10
INFO:root:from=>1
INFO:root:to=>0
INFO:root:type=>cas
INFO:root:msg_id=>16
INFO:root:**********
INFO:root:RECEIVED
INFO:root:{3: 0}
INFO:root:**********
INFO:root:key=>12
INFO:root:type=>read
INFO:root:msg_id=>22
INFO:root:**********
INFO:root:RECEIVED
INFO:root:**********
INFO:root:key=>12
INFO:root:from=>0
INFO:root:to=>4
INFO:root:type=>cas
INFO:root:msg_id=>17
INFO:root:**********
INFO:root:RECEIVED
INFO:root:{3: 0}
INFO:root:{3: 0}
INFO:root:FALSE 2
INFO:root:FALSE 2
INFO:root:{3: 0}
