INFO:root:node n4 initialized
INFO:root:{}
INFO:root:{}
INFO:root:{}
INFO:root:{}
INFO:root:{}
INFO:root:{}
INFO:root:{3: 0}
INFO:root:{3: 0}
INFO:root:{3: 0}
INFO:root:TIMEOUT
INFO:root:{3: 0}
INFO:root:{3: 0}
INFO:root:{3: 0}
INFO:root:{3: 0}
INFO:root:{3: 0}
INFO:root:TIMEOUT
INFO:root:IM THE LEADER
INFO:root:**********
INFO:root:key=>14
INFO:root:from=>4
INFO:root:to=>3
INFO:root:type=>cas
INFO:root:msg_id=>51
INFO:root:**********
INFO:root:RECEIVED
INFO:root:**********
INFO:root:key=>15
INFO:root:type=>read
INFO:root:msg_id=>44
INFO:root:**********
INFO:root:RECEIVED
INFO:root:{3: 0}
INFO:root:{3: 0}
INFO:root:**********
INFO:root:key=>17
INFO:root:value=>3
INFO:root:type=>write
INFO:root:msg_id=>52
INFO:root:**********
INFO:root:RECEIVED
INFO:root:**********
INFO:root:key=>17
INFO:root:type=>read
INFO:root:msg_id=>45
INFO:root:**********
INFO:root:RECEIVED
INFO:root:{3: 0}
